[0.066s] Invoking command in '/home/mr-cheng/Desktop/Car/Car_Control/extra_packages/build/car_interfaces': CMAKE_PREFIX_PATH=${CMAKE_PREFIX_PATH}:/opt/ros/iron /usr/bin/cmake /home/mr-cheng/Desktop/Car/Car_Control/extra_packages/car_interfaces -DCMAKE_INSTALL_PREFIX=/home/mr-cheng/Desktop/Car/Car_Control/extra_packages/install/car_interfaces
[0.208s] -- The C compiler identification is GNU 11.4.0
[0.335s] -- The CXX compiler identification is GNU 11.4.0
[0.344s] -- Detecting C compiler ABI info
[0.491s] -- Detecting C compiler ABI info - done
[0.503s] -- Check for working C compiler: /usr/bin/cc - skipped
[0.505s] -- Detecting C compile features
[0.506s] -- Detecting C compile features - done
[0.512s] -- Detecting CXX compiler ABI info
[0.589s] -- Detecting CXX compiler ABI info - done
[0.597s] -- Check for working CXX compiler: /usr/bin/c++ - skipped
[0.597s] -- Detecting CXX compile features
[0.598s] -- Detecting CXX compile features - done
[0.603s] -- Found ament_cmake: 2.0.3 (/opt/ros/iron/share/ament_cmake/cmake)
[0.750s] -- Found Python3: /usr/bin/python3.10 (found version "3.10.12") found components: Interpreter 
[0.840s] -- Found ament_lint_auto: 0.14.2 (/opt/ros/iron/share/ament_lint_auto/cmake)
[0.906s] -- Found rosidl_default_generators: 1.5.0 (/opt/ros/iron/share/rosidl_default_generators/cmake)
[0.912s] -- Using all available rosidl_typesupport_c: rosidl_typesupport_fastrtps_c;rosidl_typesupport_introspection_c
[0.964s] -- Using all available rosidl_typesupport_cpp: rosidl_typesupport_fastrtps_cpp;rosidl_typesupport_introspection_cpp
[1.010s] -- Found rosidl_adapter: 4.0.1 (/opt/ros/iron/share/rosidl_adapter/cmake)
[1.160s] [31mCMake Error at /opt/ros/iron/share/rosidl_adapter/cmake/rosidl_adapt_interfaces.cmake:57 (message):
[1.160s]   execute_process(/usr/bin/python3.10 -m rosidl_adapter --package-name
[1.160s]   car_interfaces --arguments-file
[1.160s]   /home/mr-cheng/Desktop/Car/Car_Control/extra_packages/build/car_interfaces/rosidl_adapter__arguments__car_interfaces.json
[1.160s]   --output-dir
[1.160s]   /home/mr-cheng/Desktop/Car/Car_Control/extra_packages/build/car_interfaces/rosidl_adapter/car_interfaces
[1.160s]   --output-file
[1.160s]   /home/mr-cheng/Desktop/Car/Car_Control/extra_packages/build/car_interfaces/rosidl_adapter/car_interfaces.idls)
[1.160s]   returned error code 1:
[1.160s] 
[1.161s]   Error processing 'float speed' of 'car_interfaces/car': ''float' is an
[1.161s]   invalid message name.  It should have the pattern '^[A-Z][A-Za-z0-9]*$''
[1.161s] 
[1.161s]   Traceback (most recent call last):
[1.161s] 
[1.161s]     File "/usr/lib/python3.10/runpy.py", line 196, in _run_module_as_main
[1.161s]       return _run_code(code, main_globals, None,
[1.161s]     File "/usr/lib/python3.10/runpy.py", line 86, in _run_code
[1.161s]       exec(code, run_globals)
[1.161s]     File "/opt/ros/iron/lib/python3.10/site-packages/rosidl_adapter/__main__.py", line 19, in <module>
[1.161s]       sys.exit(main())
[1.161s]     File "/opt/ros/iron/lib/python3.10/site-packages/rosidl_adapter/main.py", line 53, in main
[1.161s]       abs_idl_file = convert_to_idl(
[1.161s]     File "/opt/ros/iron/lib/python3.10/site-packages/rosidl_adapter/__init__.py", line 19, in convert_to_idl
[1.161s]       return convert_msg_to_idl(
[1.161s]     File "/opt/ros/iron/lib/python3.10/site-packages/rosidl_adapter/msg/__init__.py", line 28, in convert_msg_to_idl
[1.162s]       msg = parse_message_string(package_name, input_file.stem, content)
[1.162s]     File "/opt/ros/iron/lib/python3.10/site-packages/rosidl_adapter/parser.py", line 521, in parse_message_string
[1.162s]       Type(type_string, context_package_name=pkg_name),
[1.162s]     File "/opt/ros/iron/lib/python3.10/site-packages/rosidl_adapter/parser.py", line 278, in __init__
[1.162s]       super(Type, self).__init__(
[1.162s]     File "/opt/ros/iron/lib/python3.10/site-packages/rosidl_adapter/parser.py", line 206, in __init__
[1.162s]       raise InvalidResourceName(
[1.162s] 
[1.162s]   rosidl_adapter.parser.InvalidResourceName: 'float' is an invalid message
[1.162s]   name.  It should have the pattern '^[A-Z][A-Za-z0-9]*$'
[1.162s] 
[1.162s] Call Stack (most recent call first):
[1.162s]   /opt/ros/iron/share/rosidl_cmake/cmake/rosidl_generate_interfaces.cmake:132 (rosidl_adapt_interfaces)
[1.162s]   CMakeLists.txt:28 (rosidl_generate_interfaces)
[1.162s] 
[1.162s] [0m
[1.162s] -- Configuring incomplete, errors occurred!
[1.163s] See also "/home/mr-cheng/Desktop/Car/Car_Control/extra_packages/build/car_interfaces/CMakeFiles/CMakeOutput.log".
[1.167s] Invoked command in '/home/mr-cheng/Desktop/Car/Car_Control/extra_packages/build/car_interfaces' returned '1': CMAKE_PREFIX_PATH=${CMAKE_PREFIX_PATH}:/opt/ros/iron /usr/bin/cmake /home/mr-cheng/Desktop/Car/Car_Control/extra_packages/car_interfaces -DCMAKE_INSTALL_PREFIX=/home/mr-cheng/Desktop/Car/Car_Control/extra_packages/install/car_interfaces
