[1.203s] Invoking command in '/home/mr-cheng/Desktop/Car/Car_Sim2Real/src/robot_description': PYTHONPATH=/home/mr-cheng/Desktop/Car/Car_Sim2Real/build/robot_description/prefix_override:/home/mr-cheng/Desktop/Car/Car_Sim2Real/install/robot_description/lib/python3.10/site-packages:${PYTHONPATH} /usr/bin/python3 -W ignore:setup.py install is deprecated setup.py egg_info --egg-base ../../build/robot_description build --build-base /home/mr-cheng/Desktop/Car/Car_Sim2Real/build/robot_description/build install --record /home/mr-cheng/Desktop/Car/Car_Sim2Real/build/robot_description/install.log --single-version-externally-managed install_data
[1.452s] running egg_info
[1.470s] writing ../../build/robot_description/robot_description.egg-info/PKG-INFO
[1.471s] writing dependency_links to ../../build/robot_description/robot_description.egg-info/dependency_links.txt
[1.471s] writing requirements to ../../build/robot_description/robot_description.egg-info/requires.txt
[1.471s] writing top-level names to ../../build/robot_description/robot_description.egg-info/top_level.txt
[1.507s] reading manifest file '../../build/robot_description/robot_description.egg-info/SOURCES.txt'
[1.508s] writing manifest file '../../build/robot_description/robot_description.egg-info/SOURCES.txt'
[1.508s] running build
[1.509s] running build_py
[1.509s] copying robot_description/__init__.py -> /home/mr-cheng/Desktop/Car/Car_Sim2Real/build/robot_description/build/lib/robot_description
[1.509s] running install
[1.515s] running install_lib
[1.534s] running install_data
[1.534s] copying resource/robot_description -> /home/mr-cheng/Desktop/Car/Car_Sim2Real/install/robot_description/share/ament_index/resource_index/packages
[1.534s] copying package.xml -> /home/mr-cheng/Desktop/Car/Car_Sim2Real/install/robot_description/share/robot_description
[1.534s] copying launch/robot_description.launch.py -> /home/mr-cheng/Desktop/Car/Car_Sim2Real/install/robot_description/share/robot_description/launch
[1.534s] copying urdf/装配体2.SLDASM.csv -> /home/mr-cheng/Desktop/Car/Car_Sim2Real/install/robot_description/share/robot_description/urdf
[1.534s] copying urdf/装配体2.SLDASM.urdf -> /home/mr-cheng/Desktop/Car/Car_Sim2Real/install/robot_description/share/robot_description/urdf
[1.534s] copying meshes/Laser_Link.STL -> /home/mr-cheng/Desktop/Car/Car_Sim2Real/install/robot_description/share/robot_description/meshes
[1.535s] copying meshes/Imu_Link.STL -> /home/mr-cheng/Desktop/Car/Car_Sim2Real/install/robot_description/share/robot_description/meshes
[1.536s] copying meshes/base_link.STL -> /home/mr-cheng/Desktop/Car/Car_Sim2Real/install/robot_description/share/robot_description/meshes
[1.537s] running install_egg_info
[1.556s] removing '/home/mr-cheng/Desktop/Car/Car_Sim2Real/install/robot_description/lib/python3.10/site-packages/robot_description-0.0.0-py3.10.egg-info' (and everything under it)
[1.556s] Copying ../../build/robot_description/robot_description.egg-info to /home/mr-cheng/Desktop/Car/Car_Sim2Real/install/robot_description/lib/python3.10/site-packages/robot_description-0.0.0-py3.10.egg-info
[1.557s] running install_scripts
[1.716s] writing list of installed files to '/home/mr-cheng/Desktop/Car/Car_Sim2Real/build/robot_description/install.log'
[1.736s] Invoked command in '/home/mr-cheng/Desktop/Car/Car_Sim2Real/src/robot_description' returned '0': PYTHONPATH=/home/mr-cheng/Desktop/Car/Car_Sim2Real/build/robot_description/prefix_override:/home/mr-cheng/Desktop/Car/Car_Sim2Real/install/robot_description/lib/python3.10/site-packages:${PYTHONPATH} /usr/bin/python3 -W ignore:setup.py install is deprecated setup.py egg_info --egg-base ../../build/robot_description build --build-base /home/mr-cheng/Desktop/Car/Car_Sim2Real/build/robot_description/build install --record /home/mr-cheng/Desktop/Car/Car_Sim2Real/build/robot_description/install.log --single-version-externally-managed install_data
