[0.866s] Invoking command in '/home/mr-cheng/Documents/ROS2/Car/src/robot_description': PYTHONPATH=/home/mr-cheng/Documents/ROS2/Car/build/robot_description/prefix_override:/home/mr-cheng/Documents/ROS2/Car/install/robot_description/lib/python3.10/site-packages:${PYTHONPATH} /usr/bin/python3 setup.py egg_info --egg-base ../../build/robot_description build --build-base /home/mr-cheng/Documents/ROS2/Car/build/robot_description/build install --record /home/mr-cheng/Documents/ROS2/Car/build/robot_description/install.log --single-version-externally-managed
[1.112s] running egg_info
[1.112s] creating ../../build/robot_description/robot_description.egg-info
[1.113s] writing ../../build/robot_description/robot_description.egg-info/PKG-INFO
[1.113s] writing dependency_links to ../../build/robot_description/robot_description.egg-info/dependency_links.txt
[1.113s] writing entry points to ../../build/robot_description/robot_description.egg-info/entry_points.txt
[1.113s] writing requirements to ../../build/robot_description/robot_description.egg-info/requires.txt
[1.113s] writing top-level names to ../../build/robot_description/robot_description.egg-info/top_level.txt
[1.114s] writing manifest file '../../build/robot_description/robot_description.egg-info/SOURCES.txt'
[1.115s] reading manifest file '../../build/robot_description/robot_description.egg-info/SOURCES.txt'
[1.116s] writing manifest file '../../build/robot_description/robot_description.egg-info/SOURCES.txt'
[1.116s] running build
[1.116s] running build_py
[1.116s] creating /home/mr-cheng/Documents/ROS2/Car/build/robot_description/build
[1.116s] creating /home/mr-cheng/Documents/ROS2/Car/build/robot_description/build/lib
[1.116s] creating /home/mr-cheng/Documents/ROS2/Car/build/robot_description/build/lib/robot_description
[1.116s] copying robot_description/__init__.py -> /home/mr-cheng/Documents/ROS2/Car/build/robot_description/build/lib/robot_description
[1.116s] running install
[1.117s] /usr/lib/python3/dist-packages/setuptools/command/install.py:34: SetuptoolsDeprecationWarning: setup.py install is deprecated. Use build and pip and other standards-based tools.
[1.117s]   warnings.warn(
[1.117s] running install_lib
[1.118s] creating /home/mr-cheng/Documents/ROS2/Car/install/robot_description/lib/python3.10/site-packages/robot_description
[1.118s] copying /home/mr-cheng/Documents/ROS2/Car/build/robot_description/build/lib/robot_description/__init__.py -> /home/mr-cheng/Documents/ROS2/Car/install/robot_description/lib/python3.10/site-packages/robot_description
[1.118s] byte-compiling /home/mr-cheng/Documents/ROS2/Car/install/robot_description/lib/python3.10/site-packages/robot_description/__init__.py to __init__.cpython-310.pyc
[1.118s] running install_data
[1.119s] creating /home/mr-cheng/Documents/ROS2/Car/install/robot_description/share/ament_index
[1.119s] creating /home/mr-cheng/Documents/ROS2/Car/install/robot_description/share/ament_index/resource_index
[1.119s] creating /home/mr-cheng/Documents/ROS2/Car/install/robot_description/share/ament_index/resource_index/packages
[1.119s] copying resource/robot_description -> /home/mr-cheng/Documents/ROS2/Car/install/robot_description/share/ament_index/resource_index/packages
[1.120s] copying package.xml -> /home/mr-cheng/Documents/ROS2/Car/install/robot_description/share/robot_description
[1.120s] creating /home/mr-cheng/Documents/ROS2/Car/install/robot_description/share/robot_description/launch
[1.120s] copying launch/gazebo.launch.py -> /home/mr-cheng/Documents/ROS2/Car/install/robot_description/share/robot_description/launch
[1.120s] copying launch/display_rviz2.launch.py -> /home/mr-cheng/Documents/ROS2/Car/install/robot_description/share/robot_description/launch
[1.120s] creating /home/mr-cheng/Documents/ROS2/Car/install/robot_description/share/robot_description/urdf
[1.120s] copying urdf/robot_gazebo.urdf -> /home/mr-cheng/Documents/ROS2/Car/install/robot_description/share/robot_description/urdf
[1.120s] copying urdf/robot_base.urdf -> /home/mr-cheng/Documents/ROS2/Car/install/robot_description/share/robot_description/urdf
[1.120s] creating /home/mr-cheng/Documents/ROS2/Car/install/robot_description/share/robot_description/world
[1.121s] running install_egg_info
[1.122s] Copying ../../build/robot_description/robot_description.egg-info to /home/mr-cheng/Documents/ROS2/Car/install/robot_description/lib/python3.10/site-packages/robot_description-0.0.0-py3.10.egg-info
[1.123s] running install_scripts
[1.141s] writing list of installed files to '/home/mr-cheng/Documents/ROS2/Car/build/robot_description/install.log'
[1.159s] Invoked command in '/home/mr-cheng/Documents/ROS2/Car/src/robot_description' returned '0': PYTHONPATH=/home/mr-cheng/Documents/ROS2/Car/build/robot_description/prefix_override:/home/mr-cheng/Documents/ROS2/Car/install/robot_description/lib/python3.10/site-packages:${PYTHONPATH} /usr/bin/python3 setup.py egg_info --egg-base ../../build/robot_description build --build-base /home/mr-cheng/Documents/ROS2/Car/build/robot_description/build install --record /home/mr-cheng/Documents/ROS2/Car/build/robot_description/install.log --single-version-externally-managed
