[0.068s] Invoking command in '/home/mr-cheng/Desktop/Car/Wireless_Lidar/extra_packages/build/wireless_lidar': CMAKE_PREFIX_PATH=${CMAKE_PREFIX_PATH}:/opt/ros/iron /usr/bin/cmake --build /home/mr-cheng/Desktop/Car/Wireless_Lidar/extra_packages/build/wireless_lidar -- -j16 -l16
[0.086s] -- Found ament_cmake: 2.0.3 (/opt/ros/iron/share/ament_cmake/cmake)
[0.207s] -- Found ament_lint_auto: 0.14.2 (/opt/ros/iron/share/ament_lint_auto/cmake)
[0.280s] -- Found rosidl_default_generators: 1.5.0 (/opt/ros/iron/share/rosidl_default_generators/cmake)
[0.282s] -- Using all available rosidl_typesupport_c: rosidl_typesupport_fastrtps_c;rosidl_typesupport_introspection_c
[0.311s] -- Using all available rosidl_typesupport_cpp: rosidl_typesupport_fastrtps_cpp;rosidl_typesupport_introspection_cpp
[0.337s] -- Found rosidl_adapter: 4.0.1 (/opt/ros/iron/share/rosidl_adapter/cmake)
[0.543s] -- Found ament_cmake_ros: 0.11.2 (/opt/ros/iron/share/ament_cmake_ros/cmake)
[0.692s] -- Using all available rosidl_typesupport_c: rosidl_typesupport_fastrtps_c;rosidl_typesupport_introspection_c
[0.887s] -- Using all available rosidl_typesupport_cpp: rosidl_typesupport_fastrtps_cpp;rosidl_typesupport_introspection_cpp
[0.905s] -- Found python_cmake_module: 0.10.2 (/opt/ros/iron/share/python_cmake_module/cmake)
[0.924s] -- Using PYTHON_EXECUTABLE: /usr/bin/python3
[0.924s] -- Using PYTHON_INCLUDE_DIRS: /usr/include/python3.10
[0.924s] -- Using PYTHON_LIBRARIES: /usr/lib/x86_64-linux-gnu/libpython3.10.so
[0.934s] -- Added test 'lint_cmake' to check CMake code style
[0.935s] -- Added test 'xmllint' to check XML markup files
[0.938s] -- Configuring done
[0.964s] -- Generating done
[0.967s] -- Build files have been written to: /home/mr-cheng/Desktop/Car/Wireless_Lidar/extra_packages/build/wireless_lidar
[0.991s] [  2%] Built target wireless_lidar__rosidl_generator_type_description
[0.998s] [  2%] Built target ament_cmake_python_copy_wireless_lidar
[0.999s] [35m[1mConsolidate compiler generated dependencies of target wireless_lidar__rosidl_generator_c[0m
[1.006s] [  4%] Built target wireless_lidar__cpp
[1.009s] [ 22%] Built target wireless_lidar__rosidl_generator_c
[1.017s] [35m[1mConsolidate compiler generated dependencies of target wireless_lidar__rosidl_typesupport_c[0m
[1.017s] [35m[1mConsolidate compiler generated dependencies of target wireless_lidar__rosidl_typesupport_introspection_c[0m
[1.017s] [35m[1mConsolidate compiler generated dependencies of target wireless_lidar__rosidl_typesupport_cpp[0m
[1.017s] [35m[1mConsolidate compiler generated dependencies of target wireless_lidar__rosidl_typesupport_fastrtps_c[0m
[1.018s] [35m[1mConsolidate compiler generated dependencies of target wireless_lidar__rosidl_typesupport_introspection_cpp[0m
[1.018s] [35m[1mConsolidate compiler generated dependencies of target wireless_lidar__rosidl_typesupport_fastrtps_cpp[0m
[1.027s] [ 31%] Built target wireless_lidar__rosidl_typesupport_c
[1.027s] [ 40%] Built target wireless_lidar__rosidl_typesupport_introspection_c
[1.028s] [ 50%] Built target wireless_lidar__rosidl_typesupport_cpp
[1.029s] [ 59%] Built target wireless_lidar__rosidl_typesupport_introspection_cpp
[1.029s] [ 68%] Built target wireless_lidar__rosidl_typesupport_fastrtps_cpp
[1.030s] [ 77%] Built target wireless_lidar__rosidl_typesupport_fastrtps_c
[1.047s] [ 77%] Built target wireless_lidar
[1.062s] [ 79%] Built target wireless_lidar__py
[1.070s] [35m[1mConsolidate compiler generated dependencies of target wireless_lidar__rosidl_generator_py[0m
[1.082s] [ 86%] Built target wireless_lidar__rosidl_generator_py
[1.091s] [35m[1mConsolidate compiler generated dependencies of target wireless_lidar__rosidl_typesupport_fastrtps_c__pyext[0m
[1.091s] [35m[1mConsolidate compiler generated dependencies of target wireless_lidar__rosidl_typesupport_introspection_c__pyext[0m
[1.091s] [35m[1mConsolidate compiler generated dependencies of target wireless_lidar__rosidl_typesupport_c__pyext[0m
[1.101s] [ 95%] Built target wireless_lidar__rosidl_typesupport_introspection_c__pyext
[1.102s] [ 95%] Built target wireless_lidar__rosidl_typesupport_fastrtps_c__pyext
[1.102s] [100%] Built target wireless_lidar__rosidl_typesupport_c__pyext
[1.237s] running egg_info
[1.238s] writing wireless_lidar.egg-info/PKG-INFO
[1.238s] writing dependency_links to wireless_lidar.egg-info/dependency_links.txt
[1.238s] writing top-level names to wireless_lidar.egg-info/top_level.txt
[1.240s] reading manifest file 'wireless_lidar.egg-info/SOURCES.txt'
[1.241s] writing manifest file 'wireless_lidar.egg-info/SOURCES.txt'
[1.264s] [100%] Built target ament_cmake_python_build_wireless_lidar_egg
[1.273s] Invoked command in '/home/mr-cheng/Desktop/Car/Wireless_Lidar/extra_packages/build/wireless_lidar' returned '0': CMAKE_PREFIX_PATH=${CMAKE_PREFIX_PATH}:/opt/ros/iron /usr/bin/cmake --build /home/mr-cheng/Desktop/Car/Wireless_Lidar/extra_packages/build/wireless_lidar -- -j16 -l16
[1.338s] Invoking command in '/home/mr-cheng/Desktop/Car/Wireless_Lidar/extra_packages/build/wireless_lidar': CMAKE_PREFIX_PATH=${CMAKE_PREFIX_PATH}:/opt/ros/iron /usr/bin/cmake --install /home/mr-cheng/Desktop/Car/Wireless_Lidar/extra_packages/build/wireless_lidar
[1.345s] -- Install configuration: ""
[1.345s] -- Up-to-date: /home/mr-cheng/Desktop/Car/Wireless_Lidar/extra_packages/install/wireless_lidar/share/ament_index/resource_index/rosidl_interfaces/wireless_lidar
[1.345s] -- Up-to-date: /home/mr-cheng/Desktop/Car/Wireless_Lidar/extra_packages/install/wireless_lidar/share/wireless_lidar/msg/PointData.json
[1.345s] -- Up-to-date: /home/mr-cheng/Desktop/Car/Wireless_Lidar/extra_packages/install/wireless_lidar/share/wireless_lidar/msg/LidarData.json
[1.345s] -- Up-to-date: /home/mr-cheng/Desktop/Car/Wireless_Lidar/extra_packages/install/wireless_lidar/include/wireless_lidar/wireless_lidar
[1.346s] -- Up-to-date: /home/mr-cheng/Desktop/Car/Wireless_Lidar/extra_packages/install/wireless_lidar/include/wireless_lidar/wireless_lidar/msg
[1.346s] -- Up-to-date: /home/mr-cheng/Desktop/Car/Wireless_Lidar/extra_packages/install/wireless_lidar/include/wireless_lidar/wireless_lidar/msg/point_data.h
[1.346s] -- Up-to-date: /home/mr-cheng/Desktop/Car/Wireless_Lidar/extra_packages/install/wireless_lidar/include/wireless_lidar/wireless_lidar/msg/lidar_data.h
[1.346s] -- Up-to-date: /home/mr-cheng/Desktop/Car/Wireless_Lidar/extra_packages/install/wireless_lidar/include/wireless_lidar/wireless_lidar/msg/detail
[1.346s] -- Up-to-date: /home/mr-cheng/Desktop/Car/Wireless_Lidar/extra_packages/install/wireless_lidar/include/wireless_lidar/wireless_lidar/msg/detail/point_data__functions.h
[1.346s] -- Up-to-date: /home/mr-cheng/Desktop/Car/Wireless_Lidar/extra_packages/install/wireless_lidar/include/wireless_lidar/wireless_lidar/msg/detail/point_data__description.c
[1.346s] -- Up-to-date: /home/mr-cheng/Desktop/Car/Wireless_Lidar/extra_packages/install/wireless_lidar/include/wireless_lidar/wireless_lidar/msg/detail/point_data__struct.h
[1.346s] -- Up-to-date: /home/mr-cheng/Desktop/Car/Wireless_Lidar/extra_packages/install/wireless_lidar/include/wireless_lidar/wireless_lidar/msg/detail/lidar_data__type_support.h
[1.346s] -- Up-to-date: /home/mr-cheng/Desktop/Car/Wireless_Lidar/extra_packages/install/wireless_lidar/include/wireless_lidar/wireless_lidar/msg/detail/lidar_data__functions.c
[1.346s] -- Up-to-date: /home/mr-cheng/Desktop/Car/Wireless_Lidar/extra_packages/install/wireless_lidar/include/wireless_lidar/wireless_lidar/msg/detail/lidar_data__type_support.c
[1.346s] -- Up-to-date: /home/mr-cheng/Desktop/Car/Wireless_Lidar/extra_packages/install/wireless_lidar/include/wireless_lidar/wireless_lidar/msg/detail/point_data__type_support.h
[1.346s] -- Up-to-date: /home/mr-cheng/Desktop/Car/Wireless_Lidar/extra_packages/install/wireless_lidar/include/wireless_lidar/wireless_lidar/msg/detail/point_data__functions.c
[1.346s] -- Up-to-date: /home/mr-cheng/Desktop/Car/Wireless_Lidar/extra_packages/install/wireless_lidar/include/wireless_lidar/wireless_lidar/msg/detail/point_data__type_support.c
[1.347s] -- Up-to-date: /home/mr-cheng/Desktop/Car/Wireless_Lidar/extra_packages/install/wireless_lidar/include/wireless_lidar/wireless_lidar/msg/detail/lidar_data__description.c
[1.347s] -- Up-to-date: /home/mr-cheng/Desktop/Car/Wireless_Lidar/extra_packages/install/wireless_lidar/include/wireless_lidar/wireless_lidar/msg/detail/lidar_data__struct.h
[1.347s] -- Up-to-date: /home/mr-cheng/Desktop/Car/Wireless_Lidar/extra_packages/install/wireless_lidar/include/wireless_lidar/wireless_lidar/msg/detail/lidar_data__functions.h
[1.347s] -- Up-to-date: /home/mr-cheng/Desktop/Car/Wireless_Lidar/extra_packages/install/wireless_lidar/include/wireless_lidar/wireless_lidar/msg/rosidl_generator_c__visibility_control.h
[1.347s] -- Up-to-date: /home/mr-cheng/Desktop/Car/Wireless_Lidar/extra_packages/install/wireless_lidar/share/wireless_lidar/environment/library_path.sh
[1.347s] -- Up-to-date: /home/mr-cheng/Desktop/Car/Wireless_Lidar/extra_packages/install/wireless_lidar/share/wireless_lidar/environment/library_path.dsv
[1.347s] -- Up-to-date: /home/mr-cheng/Desktop/Car/Wireless_Lidar/extra_packages/install/wireless_lidar/lib/libwireless_lidar__rosidl_generator_c.so
[1.347s] -- Up-to-date: /home/mr-cheng/Desktop/Car/Wireless_Lidar/extra_packages/install/wireless_lidar/include/wireless_lidar/wireless_lidar
[1.347s] -- Up-to-date: /home/mr-cheng/Desktop/Car/Wireless_Lidar/extra_packages/install/wireless_lidar/include/wireless_lidar/wireless_lidar/msg
[1.347s] -- Up-to-date: /home/mr-cheng/Desktop/Car/Wireless_Lidar/extra_packages/install/wireless_lidar/include/wireless_lidar/wireless_lidar/msg/rosidl_typesupport_fastrtps_c__visibility_control.h
[1.347s] -- Up-to-date: /home/mr-cheng/Desktop/Car/Wireless_Lidar/extra_packages/install/wireless_lidar/include/wireless_lidar/wireless_lidar/msg/detail
[1.348s] -- Up-to-date: /home/mr-cheng/Desktop/Car/Wireless_Lidar/extra_packages/install/wireless_lidar/include/wireless_lidar/wireless_lidar/msg/detail/lidar_data__rosidl_typesupport_fastrtps_c.h
[1.348s] -- Up-to-date: /home/mr-cheng/Desktop/Car/Wireless_Lidar/extra_packages/install/wireless_lidar/include/wireless_lidar/wireless_lidar/msg/detail/point_data__rosidl_typesupport_fastrtps_c.h
[1.348s] -- Up-to-date: /home/mr-cheng/Desktop/Car/Wireless_Lidar/extra_packages/install/wireless_lidar/lib/libwireless_lidar__rosidl_typesupport_fastrtps_c.so
[1.348s] -- Up-to-date: /home/mr-cheng/Desktop/Car/Wireless_Lidar/extra_packages/install/wireless_lidar/include/wireless_lidar/wireless_lidar
[1.348s] -- Up-to-date: /home/mr-cheng/Desktop/Car/Wireless_Lidar/extra_packages/install/wireless_lidar/include/wireless_lidar/wireless_lidar/msg
[1.348s] -- Up-to-date: /home/mr-cheng/Desktop/Car/Wireless_Lidar/extra_packages/install/wireless_lidar/include/wireless_lidar/wireless_lidar/msg/rosidl_typesupport_introspection_c__visibility_control.h
[1.348s] -- Up-to-date: /home/mr-cheng/Desktop/Car/Wireless_Lidar/extra_packages/install/wireless_lidar/include/wireless_lidar/wireless_lidar/msg/detail
[1.348s] -- Up-to-date: /home/mr-cheng/Desktop/Car/Wireless_Lidar/extra_packages/install/wireless_lidar/include/wireless_lidar/wireless_lidar/msg/detail/lidar_data__rosidl_typesupport_introspection_c.h
[1.348s] -- Up-to-date: /home/mr-cheng/Desktop/Car/Wireless_Lidar/extra_packages/install/wireless_lidar/include/wireless_lidar/wireless_lidar/msg/detail/lidar_data__type_support.c
[1.348s] -- Up-to-date: /home/mr-cheng/Desktop/Car/Wireless_Lidar/extra_packages/install/wireless_lidar/include/wireless_lidar/wireless_lidar/msg/detail/point_data__type_support.c
[1.348s] -- Up-to-date: /home/mr-cheng/Desktop/Car/Wireless_Lidar/extra_packages/install/wireless_lidar/include/wireless_lidar/wireless_lidar/msg/detail/point_data__rosidl_typesupport_introspection_c.h
[1.348s] -- Up-to-date: /home/mr-cheng/Desktop/Car/Wireless_Lidar/extra_packages/install/wireless_lidar/lib/libwireless_lidar__rosidl_typesupport_introspection_c.so
[1.348s] -- Up-to-date: /home/mr-cheng/Desktop/Car/Wireless_Lidar/extra_packages/install/wireless_lidar/lib/libwireless_lidar__rosidl_typesupport_c.so
[1.348s] -- Up-to-date: /home/mr-cheng/Desktop/Car/Wireless_Lidar/extra_packages/install/wireless_lidar/include/wireless_lidar/wireless_lidar
[1.348s] -- Up-to-date: /home/mr-cheng/Desktop/Car/Wireless_Lidar/extra_packages/install/wireless_lidar/include/wireless_lidar/wireless_lidar/msg
[1.349s] -- Up-to-date: /home/mr-cheng/Desktop/Car/Wireless_Lidar/extra_packages/install/wireless_lidar/include/wireless_lidar/wireless_lidar/msg/lidar_data.hpp
[1.349s] -- Up-to-date: /home/mr-cheng/Desktop/Car/Wireless_Lidar/extra_packages/install/wireless_lidar/include/wireless_lidar/wireless_lidar/msg/point_data.hpp
[1.349s] -- Up-to-date: /home/mr-cheng/Desktop/Car/Wireless_Lidar/extra_packages/install/wireless_lidar/include/wireless_lidar/wireless_lidar/msg/detail
[1.349s] -- Up-to-date: /home/mr-cheng/Desktop/Car/Wireless_Lidar/extra_packages/install/wireless_lidar/include/wireless_lidar/wireless_lidar/msg/detail/lidar_data__traits.hpp
[1.349s] -- Up-to-date: /home/mr-cheng/Desktop/Car/Wireless_Lidar/extra_packages/install/wireless_lidar/include/wireless_lidar/wireless_lidar/msg/detail/point_data__struct.hpp
[1.349s] -- Up-to-date: /home/mr-cheng/Desktop/Car/Wireless_Lidar/extra_packages/install/wireless_lidar/include/wireless_lidar/wireless_lidar/msg/detail/lidar_data__struct.hpp
[1.349s] -- Up-to-date: /home/mr-cheng/Desktop/Car/Wireless_Lidar/extra_packages/install/wireless_lidar/include/wireless_lidar/wireless_lidar/msg/detail/lidar_data__builder.hpp
[1.349s] -- Up-to-date: /home/mr-cheng/Desktop/Car/Wireless_Lidar/extra_packages/install/wireless_lidar/include/wireless_lidar/wireless_lidar/msg/detail/point_data__traits.hpp
[1.349s] -- Up-to-date: /home/mr-cheng/Desktop/Car/Wireless_Lidar/extra_packages/install/wireless_lidar/include/wireless_lidar/wireless_lidar/msg/detail/point_data__builder.hpp
[1.349s] -- Up-to-date: /home/mr-cheng/Desktop/Car/Wireless_Lidar/extra_packages/install/wireless_lidar/include/wireless_lidar/wireless_lidar
[1.349s] -- Up-to-date: /home/mr-cheng/Desktop/Car/Wireless_Lidar/extra_packages/install/wireless_lidar/include/wireless_lidar/wireless_lidar/msg
[1.349s] -- Up-to-date: /home/mr-cheng/Desktop/Car/Wireless_Lidar/extra_packages/install/wireless_lidar/include/wireless_lidar/wireless_lidar/msg/rosidl_typesupport_fastrtps_cpp__visibility_control.h
[1.349s] -- Up-to-date: /home/mr-cheng/Desktop/Car/Wireless_Lidar/extra_packages/install/wireless_lidar/include/wireless_lidar/wireless_lidar/msg/detail
[1.349s] -- Up-to-date: /home/mr-cheng/Desktop/Car/Wireless_Lidar/extra_packages/install/wireless_lidar/include/wireless_lidar/wireless_lidar/msg/detail/point_data__rosidl_typesupport_fastrtps_cpp.hpp
[1.350s] -- Up-to-date: /home/mr-cheng/Desktop/Car/Wireless_Lidar/extra_packages/install/wireless_lidar/include/wireless_lidar/wireless_lidar/msg/detail/dds_fastrtps
[1.350s] -- Up-to-date: /home/mr-cheng/Desktop/Car/Wireless_Lidar/extra_packages/install/wireless_lidar/include/wireless_lidar/wireless_lidar/msg/detail/lidar_data__rosidl_typesupport_fastrtps_cpp.hpp
[1.350s] -- Up-to-date: /home/mr-cheng/Desktop/Car/Wireless_Lidar/extra_packages/install/wireless_lidar/lib/libwireless_lidar__rosidl_typesupport_fastrtps_cpp.so
[1.350s] -- Up-to-date: /home/mr-cheng/Desktop/Car/Wireless_Lidar/extra_packages/install/wireless_lidar/include/wireless_lidar/wireless_lidar
[1.350s] -- Up-to-date: /home/mr-cheng/Desktop/Car/Wireless_Lidar/extra_packages/install/wireless_lidar/include/wireless_lidar/wireless_lidar/msg
[1.350s] -- Up-to-date: /home/mr-cheng/Desktop/Car/Wireless_Lidar/extra_packages/install/wireless_lidar/include/wireless_lidar/wireless_lidar/msg/detail
[1.350s] -- Up-to-date: /home/mr-cheng/Desktop/Car/Wireless_Lidar/extra_packages/install/wireless_lidar/include/wireless_lidar/wireless_lidar/msg/detail/point_data__type_support.cpp
[1.350s] -- Up-to-date: /home/mr-cheng/Desktop/Car/Wireless_Lidar/extra_packages/install/wireless_lidar/include/wireless_lidar/wireless_lidar/msg/detail/lidar_data__type_support.cpp
[1.350s] -- Up-to-date: /home/mr-cheng/Desktop/Car/Wireless_Lidar/extra_packages/install/wireless_lidar/include/wireless_lidar/wireless_lidar/msg/detail/point_data__rosidl_typesupport_introspection_cpp.hpp
[1.350s] -- Up-to-date: /home/mr-cheng/Desktop/Car/Wireless_Lidar/extra_packages/install/wireless_lidar/include/wireless_lidar/wireless_lidar/msg/detail/lidar_data__rosidl_typesupport_introspection_cpp.hpp
[1.350s] -- Up-to-date: /home/mr-cheng/Desktop/Car/Wireless_Lidar/extra_packages/install/wireless_lidar/lib/libwireless_lidar__rosidl_typesupport_introspection_cpp.so
[1.350s] -- Up-to-date: /home/mr-cheng/Desktop/Car/Wireless_Lidar/extra_packages/install/wireless_lidar/lib/libwireless_lidar__rosidl_typesupport_cpp.so
[1.350s] -- Up-to-date: /home/mr-cheng/Desktop/Car/Wireless_Lidar/extra_packages/install/wireless_lidar/share/wireless_lidar/environment/pythonpath.sh
[1.350s] -- Up-to-date: /home/mr-cheng/Desktop/Car/Wireless_Lidar/extra_packages/install/wireless_lidar/share/wireless_lidar/environment/pythonpath.dsv
[1.350s] -- Up-to-date: /home/mr-cheng/Desktop/Car/Wireless_Lidar/extra_packages/install/wireless_lidar/lib/python3.10/site-packages/wireless_lidar-0.0.0-py3.10.egg-info
[1.350s] -- Installing: /home/mr-cheng/Desktop/Car/Wireless_Lidar/extra_packages/install/wireless_lidar/lib/python3.10/site-packages/wireless_lidar-0.0.0-py3.10.egg-info/SOURCES.txt
[1.351s] -- Installing: /home/mr-cheng/Desktop/Car/Wireless_Lidar/extra_packages/install/wireless_lidar/lib/python3.10/site-packages/wireless_lidar-0.0.0-py3.10.egg-info/dependency_links.txt
[1.351s] -- Installing: /home/mr-cheng/Desktop/Car/Wireless_Lidar/extra_packages/install/wireless_lidar/lib/python3.10/site-packages/wireless_lidar-0.0.0-py3.10.egg-info/PKG-INFO
[1.351s] -- Installing: /home/mr-cheng/Desktop/Car/Wireless_Lidar/extra_packages/install/wireless_lidar/lib/python3.10/site-packages/wireless_lidar-0.0.0-py3.10.egg-info/top_level.txt
[1.351s] -- Up-to-date: /home/mr-cheng/Desktop/Car/Wireless_Lidar/extra_packages/install/wireless_lidar/lib/python3.10/site-packages/wireless_lidar
[1.351s] -- Up-to-date: /home/mr-cheng/Desktop/Car/Wireless_Lidar/extra_packages/install/wireless_lidar/lib/python3.10/site-packages/wireless_lidar/libwireless_lidar__rosidl_generator_py.so
[1.351s] -- Up-to-date: /home/mr-cheng/Desktop/Car/Wireless_Lidar/extra_packages/install/wireless_lidar/lib/python3.10/site-packages/wireless_lidar/_wireless_lidar_s.ep.rosidl_typesupport_c.c
[1.351s] -- Up-to-date: /home/mr-cheng/Desktop/Car/Wireless_Lidar/extra_packages/install/wireless_lidar/lib/python3.10/site-packages/wireless_lidar/wireless_lidar_s__rosidl_typesupport_c.cpython-310-x86_64-linux-gnu.so
[1.351s] -- Up-to-date: /home/mr-cheng/Desktop/Car/Wireless_Lidar/extra_packages/install/wireless_lidar/lib/python3.10/site-packages/wireless_lidar/wireless_lidar_s__rosidl_typesupport_introspection_c.cpython-310-x86_64-linux-gnu.so
[1.351s] -- Up-to-date: /home/mr-cheng/Desktop/Car/Wireless_Lidar/extra_packages/install/wireless_lidar/lib/python3.10/site-packages/wireless_lidar/msg
[1.351s] -- Up-to-date: /home/mr-cheng/Desktop/Car/Wireless_Lidar/extra_packages/install/wireless_lidar/lib/python3.10/site-packages/wireless_lidar/msg/_lidar_data.py
[1.351s] -- Up-to-date: /home/mr-cheng/Desktop/Car/Wireless_Lidar/extra_packages/install/wireless_lidar/lib/python3.10/site-packages/wireless_lidar/msg/_point_data_s.c
[1.351s] -- Up-to-date: /home/mr-cheng/Desktop/Car/Wireless_Lidar/extra_packages/install/wireless_lidar/lib/python3.10/site-packages/wireless_lidar/msg/_lidar_data_s.c
[1.351s] -- Up-to-date: /home/mr-cheng/Desktop/Car/Wireless_Lidar/extra_packages/install/wireless_lidar/lib/python3.10/site-packages/wireless_lidar/msg/__init__.py
[1.351s] -- Up-to-date: /home/mr-cheng/Desktop/Car/Wireless_Lidar/extra_packages/install/wireless_lidar/lib/python3.10/site-packages/wireless_lidar/msg/_point_data.py
[1.351s] -- Up-to-date: /home/mr-cheng/Desktop/Car/Wireless_Lidar/extra_packages/install/wireless_lidar/lib/python3.10/site-packages/wireless_lidar/_wireless_lidar_s.ep.rosidl_typesupport_introspection_c.c
[1.352s] -- Up-to-date: /home/mr-cheng/Desktop/Car/Wireless_Lidar/extra_packages/install/wireless_lidar/lib/python3.10/site-packages/wireless_lidar/_wireless_lidar_s.ep.rosidl_typesupport_fastrtps_c.c
[1.352s] -- Installing: /home/mr-cheng/Desktop/Car/Wireless_Lidar/extra_packages/install/wireless_lidar/lib/python3.10/site-packages/wireless_lidar/__init__.py
[1.352s] -- Up-to-date: /home/mr-cheng/Desktop/Car/Wireless_Lidar/extra_packages/install/wireless_lidar/lib/python3.10/site-packages/wireless_lidar/wireless_lidar_s__rosidl_typesupport_fastrtps_c.cpython-310-x86_64-linux-gnu.so
[1.375s] Listing '/home/mr-cheng/Desktop/Car/Wireless_Lidar/extra_packages/install/wireless_lidar/lib/python3.10/site-packages/wireless_lidar'...
[1.375s] Compiling '/home/mr-cheng/Desktop/Car/Wireless_Lidar/extra_packages/install/wireless_lidar/lib/python3.10/site-packages/wireless_lidar/__init__.py'...
[1.375s] Listing '/home/mr-cheng/Desktop/Car/Wireless_Lidar/extra_packages/install/wireless_lidar/lib/python3.10/site-packages/wireless_lidar/msg'...
[1.378s] -- Up-to-date: /home/mr-cheng/Desktop/Car/Wireless_Lidar/extra_packages/install/wireless_lidar/lib/python3.10/site-packages/wireless_lidar/wireless_lidar_s__rosidl_typesupport_fastrtps_c.cpython-310-x86_64-linux-gnu.so
[1.378s] -- Up-to-date: /home/mr-cheng/Desktop/Car/Wireless_Lidar/extra_packages/install/wireless_lidar/lib/python3.10/site-packages/wireless_lidar/wireless_lidar_s__rosidl_typesupport_introspection_c.cpython-310-x86_64-linux-gnu.so
[1.379s] -- Up-to-date: /home/mr-cheng/Desktop/Car/Wireless_Lidar/extra_packages/install/wireless_lidar/lib/python3.10/site-packages/wireless_lidar/wireless_lidar_s__rosidl_typesupport_c.cpython-310-x86_64-linux-gnu.so
[1.379s] -- Up-to-date: /home/mr-cheng/Desktop/Car/Wireless_Lidar/extra_packages/install/wireless_lidar/lib/libwireless_lidar__rosidl_generator_py.so
[1.379s] -- Up-to-date: /home/mr-cheng/Desktop/Car/Wireless_Lidar/extra_packages/install/wireless_lidar/share/wireless_lidar/msg/PointData.idl
[1.379s] -- Up-to-date: /home/mr-cheng/Desktop/Car/Wireless_Lidar/extra_packages/install/wireless_lidar/share/wireless_lidar/msg/LidarData.idl
[1.379s] -- Up-to-date: /home/mr-cheng/Desktop/Car/Wireless_Lidar/extra_packages/install/wireless_lidar/share/wireless_lidar/src/PointData.msg
[1.379s] -- Up-to-date: /home/mr-cheng/Desktop/Car/Wireless_Lidar/extra_packages/install/wireless_lidar/share/wireless_lidar/src/LidarData.msg
[1.379s] -- Installing: /home/mr-cheng/Desktop/Car/Wireless_Lidar/extra_packages/install/wireless_lidar/share/ament_index/resource_index/package_run_dependencies/wireless_lidar
[1.379s] -- Up-to-date: /home/mr-cheng/Desktop/Car/Wireless_Lidar/extra_packages/install/wireless_lidar/share/ament_index/resource_index/parent_prefix_path/wireless_lidar
[1.380s] -- Up-to-date: /home/mr-cheng/Desktop/Car/Wireless_Lidar/extra_packages/install/wireless_lidar/share/wireless_lidar/environment/ament_prefix_path.sh
[1.380s] -- Up-to-date: /home/mr-cheng/Desktop/Car/Wireless_Lidar/extra_packages/install/wireless_lidar/share/wireless_lidar/environment/ament_prefix_path.dsv
[1.380s] -- Up-to-date: /home/mr-cheng/Desktop/Car/Wireless_Lidar/extra_packages/install/wireless_lidar/share/wireless_lidar/environment/path.sh
[1.380s] -- Up-to-date: /home/mr-cheng/Desktop/Car/Wireless_Lidar/extra_packages/install/wireless_lidar/share/wireless_lidar/environment/path.dsv
[1.380s] -- Up-to-date: /home/mr-cheng/Desktop/Car/Wireless_Lidar/extra_packages/install/wireless_lidar/share/wireless_lidar/local_setup.bash
[1.380s] -- Up-to-date: /home/mr-cheng/Desktop/Car/Wireless_Lidar/extra_packages/install/wireless_lidar/share/wireless_lidar/local_setup.sh
[1.380s] -- Up-to-date: /home/mr-cheng/Desktop/Car/Wireless_Lidar/extra_packages/install/wireless_lidar/share/wireless_lidar/local_setup.zsh
[1.380s] -- Up-to-date: /home/mr-cheng/Desktop/Car/Wireless_Lidar/extra_packages/install/wireless_lidar/share/wireless_lidar/local_setup.dsv
[1.380s] -- Installing: /home/mr-cheng/Desktop/Car/Wireless_Lidar/extra_packages/install/wireless_lidar/share/wireless_lidar/package.dsv
[1.380s] -- Up-to-date: /home/mr-cheng/Desktop/Car/Wireless_Lidar/extra_packages/install/wireless_lidar/share/ament_index/resource_index/packages/wireless_lidar
[1.380s] -- Up-to-date: /home/mr-cheng/Desktop/Car/Wireless_Lidar/extra_packages/install/wireless_lidar/share/wireless_lidar/cmake/export_wireless_lidar__rosidl_generator_cExport.cmake
[1.380s] -- Up-to-date: /home/mr-cheng/Desktop/Car/Wireless_Lidar/extra_packages/install/wireless_lidar/share/wireless_lidar/cmake/export_wireless_lidar__rosidl_generator_cExport-noconfig.cmake
[1.380s] -- Up-to-date: /home/mr-cheng/Desktop/Car/Wireless_Lidar/extra_packages/install/wireless_lidar/share/wireless_lidar/cmake/export_wireless_lidar__rosidl_typesupport_fastrtps_cExport.cmake
[1.381s] -- Up-to-date: /home/mr-cheng/Desktop/Car/Wireless_Lidar/extra_packages/install/wireless_lidar/share/wireless_lidar/cmake/export_wireless_lidar__rosidl_typesupport_fastrtps_cExport-noconfig.cmake
[1.381s] -- Up-to-date: /home/mr-cheng/Desktop/Car/Wireless_Lidar/extra_packages/install/wireless_lidar/share/wireless_lidar/cmake/wireless_lidar__rosidl_typesupport_introspection_cExport.cmake
[1.381s] -- Up-to-date: /home/mr-cheng/Desktop/Car/Wireless_Lidar/extra_packages/install/wireless_lidar/share/wireless_lidar/cmake/wireless_lidar__rosidl_typesupport_introspection_cExport-noconfig.cmake
[1.381s] -- Up-to-date: /home/mr-cheng/Desktop/Car/Wireless_Lidar/extra_packages/install/wireless_lidar/share/wireless_lidar/cmake/wireless_lidar__rosidl_typesupport_cExport.cmake
[1.381s] -- Up-to-date: /home/mr-cheng/Desktop/Car/Wireless_Lidar/extra_packages/install/wireless_lidar/share/wireless_lidar/cmake/wireless_lidar__rosidl_typesupport_cExport-noconfig.cmake
[1.381s] -- Up-to-date: /home/mr-cheng/Desktop/Car/Wireless_Lidar/extra_packages/install/wireless_lidar/share/wireless_lidar/cmake/export_wireless_lidar__rosidl_generator_cppExport.cmake
[1.381s] -- Up-to-date: /home/mr-cheng/Desktop/Car/Wireless_Lidar/extra_packages/install/wireless_lidar/share/wireless_lidar/cmake/export_wireless_lidar__rosidl_typesupport_fastrtps_cppExport.cmake
[1.381s] -- Up-to-date: /home/mr-cheng/Desktop/Car/Wireless_Lidar/extra_packages/install/wireless_lidar/share/wireless_lidar/cmake/export_wireless_lidar__rosidl_typesupport_fastrtps_cppExport-noconfig.cmake
[1.381s] -- Up-to-date: /home/mr-cheng/Desktop/Car/Wireless_Lidar/extra_packages/install/wireless_lidar/share/wireless_lidar/cmake/wireless_lidar__rosidl_typesupport_introspection_cppExport.cmake
[1.381s] -- Up-to-date: /home/mr-cheng/Desktop/Car/Wireless_Lidar/extra_packages/install/wireless_lidar/share/wireless_lidar/cmake/wireless_lidar__rosidl_typesupport_introspection_cppExport-noconfig.cmake
[1.381s] -- Up-to-date: /home/mr-cheng/Desktop/Car/Wireless_Lidar/extra_packages/install/wireless_lidar/share/wireless_lidar/cmake/wireless_lidar__rosidl_typesupport_cppExport.cmake
[1.381s] -- Up-to-date: /home/mr-cheng/Desktop/Car/Wireless_Lidar/extra_packages/install/wireless_lidar/share/wireless_lidar/cmake/wireless_lidar__rosidl_typesupport_cppExport-noconfig.cmake
[1.381s] -- Up-to-date: /home/mr-cheng/Desktop/Car/Wireless_Lidar/extra_packages/install/wireless_lidar/share/wireless_lidar/cmake/export_wireless_lidar__rosidl_generator_pyExport.cmake
[1.381s] -- Up-to-date: /home/mr-cheng/Desktop/Car/Wireless_Lidar/extra_packages/install/wireless_lidar/share/wireless_lidar/cmake/export_wireless_lidar__rosidl_generator_pyExport-noconfig.cmake
[1.382s] -- Up-to-date: /home/mr-cheng/Desktop/Car/Wireless_Lidar/extra_packages/install/wireless_lidar/share/wireless_lidar/cmake/rosidl_cmake-extras.cmake
[1.382s] -- Up-to-date: /home/mr-cheng/Desktop/Car/Wireless_Lidar/extra_packages/install/wireless_lidar/share/wireless_lidar/cmake/ament_cmake_export_include_directories-extras.cmake
[1.382s] -- Up-to-date: /home/mr-cheng/Desktop/Car/Wireless_Lidar/extra_packages/install/wireless_lidar/share/wireless_lidar/cmake/ament_cmake_export_libraries-extras.cmake
[1.382s] -- Up-to-date: /home/mr-cheng/Desktop/Car/Wireless_Lidar/extra_packages/install/wireless_lidar/share/wireless_lidar/cmake/ament_cmake_export_targets-extras.cmake
[1.382s] -- Up-to-date: /home/mr-cheng/Desktop/Car/Wireless_Lidar/extra_packages/install/wireless_lidar/share/wireless_lidar/cmake/rosidl_cmake_export_typesupport_targets-extras.cmake
[1.382s] -- Up-to-date: /home/mr-cheng/Desktop/Car/Wireless_Lidar/extra_packages/install/wireless_lidar/share/wireless_lidar/cmake/ament_cmake_export_dependencies-extras.cmake
[1.382s] -- Up-to-date: /home/mr-cheng/Desktop/Car/Wireless_Lidar/extra_packages/install/wireless_lidar/share/wireless_lidar/cmake/rosidl_cmake_export_typesupport_libraries-extras.cmake
[1.382s] -- Up-to-date: /home/mr-cheng/Desktop/Car/Wireless_Lidar/extra_packages/install/wireless_lidar/share/wireless_lidar/cmake/wireless_lidarConfig.cmake
[1.382s] -- Up-to-date: /home/mr-cheng/Desktop/Car/Wireless_Lidar/extra_packages/install/wireless_lidar/share/wireless_lidar/cmake/wireless_lidarConfig-version.cmake
[1.382s] -- Installing: /home/mr-cheng/Desktop/Car/Wireless_Lidar/extra_packages/install/wireless_lidar/share/wireless_lidar/package.xml
[1.383s] Invoked command in '/home/mr-cheng/Desktop/Car/Wireless_Lidar/extra_packages/build/wireless_lidar' returned '0': CMAKE_PREFIX_PATH=${CMAKE_PREFIX_PATH}:/opt/ros/iron /usr/bin/cmake --install /home/mr-cheng/Desktop/Car/Wireless_Lidar/extra_packages/build/wireless_lidar
