-- Found ament_cmake: 2.0.3 (/opt/ros/iron/share/ament_cmake/cmake)
-- Found ament_lint_auto: 0.14.2 (/opt/ros/iron/share/ament_lint_auto/cmake)
-- Found rosidl_default_generators: 1.5.0 (/opt/ros/iron/share/rosidl_default_generators/cmake)
-- Using all available rosidl_typesupport_c: rosidl_typesupport_fastrtps_c;rosidl_typesupport_introspection_c
-- Using all available rosidl_typesupport_cpp: rosidl_typesupport_fastrtps_cpp;rosidl_typesupport_introspection_cpp
-- Found rosidl_adapter: 4.0.1 (/opt/ros/iron/share/rosidl_adapter/cmake)
-- Found ament_cmake_ros: 0.11.2 (/opt/ros/iron/share/ament_cmake_ros/cmake)
-- Using all available rosidl_typesupport_c: rosidl_typesupport_fastrtps_c;rosidl_typesupport_introspection_c
-- Using all available rosidl_typesupport_cpp: rosidl_typesupport_fastrtps_cpp;rosidl_typesupport_introspection_cpp
-- Found PythonInterp: /usr/bin/python3 (found suitable version "3.10.12", minimum required is "3.6") 
-- Found python_cmake_module: 0.10.2 (/opt/ros/iron/share/python_cmake_module/cmake)
-- Found PythonLibs: /usr/lib/x86_64-linux-gnu/libpython3.10.so (found suitable version "3.10.12", minimum required is "3.5") 
-- Using PYTHON_EXECUTABLE: /usr/bin/python3
-- Using PYTHON_INCLUDE_DIRS: /usr/include/python3.10
-- Using PYTHON_LIBRARIES: /usr/lib/x86_64-linux-gnu/libpython3.10.so
-- Found PythonExtra: .so  
-- Added test 'lint_cmake' to check CMake code style
-- Added test 'xmllint' to check XML markup files
-- Configuring done
-- Generating done
-- Build files have been written to: /home/mr-cheng/Desktop/Car/Car_Control/extra_packages/build/car_interfaces
[  2%] [34m[1mGenerating type hashes for ROS interfaces[0m
[  2%] Built target ament_cmake_python_copy_car_interfaces
[  2%] Built target car_interfaces__rosidl_generator_type_description
[  5%] [34m[1mGenerating C code for ROS interfaces[0m
[  8%] [34m[1mGenerating C++ code for ROS interfaces[0m
running egg_info
creating car_interfaces.egg-info
writing car_interfaces.egg-info/PKG-INFO
writing dependency_links to car_interfaces.egg-info/dependency_links.txt
writing top-level names to car_interfaces.egg-info/top_level.txt
writing manifest file 'car_interfaces.egg-info/SOURCES.txt'
reading manifest file 'car_interfaces.egg-info/SOURCES.txt'
writing manifest file 'car_interfaces.egg-info/SOURCES.txt'
[  8%] Built target ament_cmake_python_build_car_interfaces_egg
[  8%] Built target car_interfaces__cpp
[ 17%] [32mBuilding C object CMakeFiles/car_interfaces__rosidl_generator_c.dir/rosidl_generator_c/car_interfaces/msg/detail/car__type_support.c.o[0m
[ 17%] [32mBuilding C object CMakeFiles/car_interfaces__rosidl_generator_c.dir/rosidl_generator_c/car_interfaces/msg/detail/car__functions.c.o[0m
[ 17%] [32mBuilding C object CMakeFiles/car_interfaces__rosidl_generator_c.dir/rosidl_generator_c/car_interfaces/msg/detail/car__description.c.o[0m
[ 20%] [32m[1mLinking C shared library libcar_interfaces__rosidl_generator_c.so[0m
[ 20%] Built target car_interfaces__rosidl_generator_c
[ 29%] [34m[1mGenerating C type support for eProsima Fast-RTPS[0m
[ 29%] [34m[1mGenerating C type support dispatch for ROS interfaces[0m
[ 29%] [34m[1mGenerating C introspection for ROS interfaces[0m
[ 32%] [34m[1mGenerating C++ type support for eProsima Fast-RTPS[0m
[ 35%] [34m[1mGenerating C++ introspection for ROS interfaces[0m
[ 38%] [34m[1mGenerating C++ type support dispatch for ROS interfaces[0m
[ 44%] [32mBuilding CXX object CMakeFiles/car_interfaces__rosidl_typesupport_cpp.dir/rosidl_typesupport_cpp/car_interfaces/msg/car__type_support.cpp.o[0m
[ 44%] [32mBuilding CXX object CMakeFiles/car_interfaces__rosidl_typesupport_c.dir/rosidl_typesupport_c/car_interfaces/msg/car__type_support.cpp.o[0m
[ 47%] [32mBuilding CXX object CMakeFiles/car_interfaces__rosidl_typesupport_introspection_cpp.dir/rosidl_typesupport_introspection_cpp/car_interfaces/msg/detail/car__type_support.cpp.o[0m
[ 50%] [32mBuilding C object CMakeFiles/car_interfaces__rosidl_typesupport_introspection_c.dir/rosidl_typesupport_introspection_c/car_interfaces/msg/detail/car__type_support.c.o[0m
[ 55%] [32mBuilding CXX object CMakeFiles/car_interfaces__rosidl_typesupport_fastrtps_c.dir/rosidl_typesupport_fastrtps_c/car_interfaces/msg/detail/car__type_support_c.cpp.o[0m
[ 55%] [32mBuilding CXX object CMakeFiles/car_interfaces__rosidl_typesupport_fastrtps_cpp.dir/rosidl_typesupport_fastrtps_cpp/car_interfaces/msg/detail/dds_fastrtps/car__type_support.cpp.o[0m
[ 58%] [32m[1mLinking CXX shared library libcar_interfaces__rosidl_typesupport_c.so[0m
[ 61%] [32m[1mLinking C shared library libcar_interfaces__rosidl_typesupport_introspection_c.so[0m
[ 61%] Built target car_interfaces__rosidl_typesupport_introspection_c
[ 61%] Built target car_interfaces__rosidl_typesupport_c
[ 64%] [32m[1mLinking CXX shared library libcar_interfaces__rosidl_typesupport_fastrtps_c.so[0m
[ 67%] [32m[1mLinking CXX shared library libcar_interfaces__rosidl_typesupport_cpp.so[0m
[ 70%] [32m[1mLinking CXX shared library libcar_interfaces__rosidl_typesupport_introspection_cpp.so[0m
[ 70%] Built target car_interfaces__rosidl_typesupport_cpp
[ 70%] Built target car_interfaces__rosidl_typesupport_fastrtps_c
[ 70%] Built target car_interfaces__rosidl_typesupport_introspection_cpp
[ 73%] [32m[1mLinking CXX shared library libcar_interfaces__rosidl_typesupport_fastrtps_cpp.so[0m
[ 73%] Built target car_interfaces__rosidl_typesupport_fastrtps_cpp
[ 73%] Built target car_interfaces
[ 76%] [34m[1mGenerating Python code for ROS interfaces[0m
[ 76%] Built target car_interfaces__py
[ 79%] [32mBuilding C object CMakeFiles/car_interfaces__rosidl_generator_py.dir/rosidl_generator_py/car_interfaces/msg/_car_s.c.o[0m
[ 82%] [32m[1mLinking C shared library rosidl_generator_py/car_interfaces/libcar_interfaces__rosidl_generator_py.so[0m
[ 82%] Built target car_interfaces__rosidl_generator_py
[ 85%] [32mBuilding C object CMakeFiles/car_interfaces__rosidl_typesupport_fastrtps_c__pyext.dir/rosidl_generator_py/car_interfaces/_car_interfaces_s.ep.rosidl_typesupport_fastrtps_c.c.o[0m
[ 88%] [32mBuilding C object CMakeFiles/car_interfaces__rosidl_typesupport_introspection_c__pyext.dir/rosidl_generator_py/car_interfaces/_car_interfaces_s.ep.rosidl_typesupport_introspection_c.c.o[0m
[ 91%] [32mBuilding C object CMakeFiles/car_interfaces__rosidl_typesupport_c__pyext.dir/rosidl_generator_py/car_interfaces/_car_interfaces_s.ep.rosidl_typesupport_c.c.o[0m
[ 97%] [32m[1mLinking C shared library rosidl_generator_py/car_interfaces/car_interfaces_s__rosidl_typesupport_introspection_c.cpython-310-x86_64-linux-gnu.so[0m
[ 97%] [32m[1mLinking C shared library rosidl_generator_py/car_interfaces/car_interfaces_s__rosidl_typesupport_c.cpython-310-x86_64-linux-gnu.so[0m
[100%] [32m[1mLinking C shared library rosidl_generator_py/car_interfaces/car_interfaces_s__rosidl_typesupport_fastrtps_c.cpython-310-x86_64-linux-gnu.so[0m
[100%] Built target car_interfaces__rosidl_typesupport_introspection_c__pyext
[100%] Built target car_interfaces__rosidl_typesupport_c__pyext
[100%] Built target car_interfaces__rosidl_typesupport_fastrtps_c__pyext
-- Install configuration: ""
-- Installing: /home/mr-cheng/Desktop/Car/Car_Control/extra_packages/install/car_interfaces/share/ament_index/resource_index/rosidl_interfaces/car_interfaces
-- Installing: /home/mr-cheng/Desktop/Car/Car_Control/extra_packages/install/car_interfaces/share/car_interfaces/msg/Car.json
-- Installing: /home/mr-cheng/Desktop/Car/Car_Control/extra_packages/install/car_interfaces/include/car_interfaces/car_interfaces
-- Installing: /home/mr-cheng/Desktop/Car/Car_Control/extra_packages/install/car_interfaces/include/car_interfaces/car_interfaces/msg
-- Installing: /home/mr-cheng/Desktop/Car/Car_Control/extra_packages/install/car_interfaces/include/car_interfaces/car_interfaces/msg/car.h
-- Installing: /home/mr-cheng/Desktop/Car/Car_Control/extra_packages/install/car_interfaces/include/car_interfaces/car_interfaces/msg/detail
-- Installing: /home/mr-cheng/Desktop/Car/Car_Control/extra_packages/install/car_interfaces/include/car_interfaces/car_interfaces/msg/detail/car__type_support.h
-- Installing: /home/mr-cheng/Desktop/Car/Car_Control/extra_packages/install/car_interfaces/include/car_interfaces/car_interfaces/msg/detail/car__functions.c
-- Installing: /home/mr-cheng/Desktop/Car/Car_Control/extra_packages/install/car_interfaces/include/car_interfaces/car_interfaces/msg/detail/car__struct.h
-- Installing: /home/mr-cheng/Desktop/Car/Car_Control/extra_packages/install/car_interfaces/include/car_interfaces/car_interfaces/msg/detail/car__type_support.c
-- Installing: /home/mr-cheng/Desktop/Car/Car_Control/extra_packages/install/car_interfaces/include/car_interfaces/car_interfaces/msg/detail/car__description.c
-- Installing: /home/mr-cheng/Desktop/Car/Car_Control/extra_packages/install/car_interfaces/include/car_interfaces/car_interfaces/msg/detail/car__functions.h
-- Installing: /home/mr-cheng/Desktop/Car/Car_Control/extra_packages/install/car_interfaces/include/car_interfaces/car_interfaces/msg/rosidl_generator_c__visibility_control.h
-- Installing: /home/mr-cheng/Desktop/Car/Car_Control/extra_packages/install/car_interfaces/share/car_interfaces/environment/library_path.sh
-- Installing: /home/mr-cheng/Desktop/Car/Car_Control/extra_packages/install/car_interfaces/share/car_interfaces/environment/library_path.dsv
-- Installing: /home/mr-cheng/Desktop/Car/Car_Control/extra_packages/install/car_interfaces/lib/libcar_interfaces__rosidl_generator_c.so
-- Set runtime path of "/home/mr-cheng/Desktop/Car/Car_Control/extra_packages/install/car_interfaces/lib/libcar_interfaces__rosidl_generator_c.so" to ""
-- Up-to-date: /home/mr-cheng/Desktop/Car/Car_Control/extra_packages/install/car_interfaces/include/car_interfaces/car_interfaces
-- Up-to-date: /home/mr-cheng/Desktop/Car/Car_Control/extra_packages/install/car_interfaces/include/car_interfaces/car_interfaces/msg
-- Installing: /home/mr-cheng/Desktop/Car/Car_Control/extra_packages/install/car_interfaces/include/car_interfaces/car_interfaces/msg/rosidl_typesupport_fastrtps_c__visibility_control.h
-- Up-to-date: /home/mr-cheng/Desktop/Car/Car_Control/extra_packages/install/car_interfaces/include/car_interfaces/car_interfaces/msg/detail
-- Installing: /home/mr-cheng/Desktop/Car/Car_Control/extra_packages/install/car_interfaces/include/car_interfaces/car_interfaces/msg/detail/car__rosidl_typesupport_fastrtps_c.h
-- Installing: /home/mr-cheng/Desktop/Car/Car_Control/extra_packages/install/car_interfaces/lib/libcar_interfaces__rosidl_typesupport_fastrtps_c.so
-- Set runtime path of "/home/mr-cheng/Desktop/Car/Car_Control/extra_packages/install/car_interfaces/lib/libcar_interfaces__rosidl_typesupport_fastrtps_c.so" to ""
-- Up-to-date: /home/mr-cheng/Desktop/Car/Car_Control/extra_packages/install/car_interfaces/include/car_interfaces/car_interfaces
-- Up-to-date: /home/mr-cheng/Desktop/Car/Car_Control/extra_packages/install/car_interfaces/include/car_interfaces/car_interfaces/msg
-- Installing: /home/mr-cheng/Desktop/Car/Car_Control/extra_packages/install/car_interfaces/include/car_interfaces/car_interfaces/msg/rosidl_typesupport_introspection_c__visibility_control.h
-- Up-to-date: /home/mr-cheng/Desktop/Car/Car_Control/extra_packages/install/car_interfaces/include/car_interfaces/car_interfaces/msg/detail
-- Installing: /home/mr-cheng/Desktop/Car/Car_Control/extra_packages/install/car_interfaces/include/car_interfaces/car_interfaces/msg/detail/car__rosidl_typesupport_introspection_c.h
-- Up-to-date: /home/mr-cheng/Desktop/Car/Car_Control/extra_packages/install/car_interfaces/include/car_interfaces/car_interfaces/msg/detail/car__type_support.c
-- Installing: /home/mr-cheng/Desktop/Car/Car_Control/extra_packages/install/car_interfaces/lib/libcar_interfaces__rosidl_typesupport_introspection_c.so
-- Set runtime path of "/home/mr-cheng/Desktop/Car/Car_Control/extra_packages/install/car_interfaces/lib/libcar_interfaces__rosidl_typesupport_introspection_c.so" to ""
-- Installing: /home/mr-cheng/Desktop/Car/Car_Control/extra_packages/install/car_interfaces/lib/libcar_interfaces__rosidl_typesupport_c.so
-- Set runtime path of "/home/mr-cheng/Desktop/Car/Car_Control/extra_packages/install/car_interfaces/lib/libcar_interfaces__rosidl_typesupport_c.so" to ""
-- Up-to-date: /home/mr-cheng/Desktop/Car/Car_Control/extra_packages/install/car_interfaces/include/car_interfaces/car_interfaces
-- Up-to-date: /home/mr-cheng/Desktop/Car/Car_Control/extra_packages/install/car_interfaces/include/car_interfaces/car_interfaces/msg
-- Installing: /home/mr-cheng/Desktop/Car/Car_Control/extra_packages/install/car_interfaces/include/car_interfaces/car_interfaces/msg/car.hpp
-- Up-to-date: /home/mr-cheng/Desktop/Car/Car_Control/extra_packages/install/car_interfaces/include/car_interfaces/car_interfaces/msg/detail
-- Installing: /home/mr-cheng/Desktop/Car/Car_Control/extra_packages/install/car_interfaces/include/car_interfaces/car_interfaces/msg/detail/car__struct.hpp
-- Installing: /home/mr-cheng/Desktop/Car/Car_Control/extra_packages/install/car_interfaces/include/car_interfaces/car_interfaces/msg/detail/car__builder.hpp
-- Installing: /home/mr-cheng/Desktop/Car/Car_Control/extra_packages/install/car_interfaces/include/car_interfaces/car_interfaces/msg/detail/car__traits.hpp
-- Up-to-date: /home/mr-cheng/Desktop/Car/Car_Control/extra_packages/install/car_interfaces/include/car_interfaces/car_interfaces
-- Up-to-date: /home/mr-cheng/Desktop/Car/Car_Control/extra_packages/install/car_interfaces/include/car_interfaces/car_interfaces/msg
-- Installing: /home/mr-cheng/Desktop/Car/Car_Control/extra_packages/install/car_interfaces/include/car_interfaces/car_interfaces/msg/rosidl_typesupport_fastrtps_cpp__visibility_control.h
-- Up-to-date: /home/mr-cheng/Desktop/Car/Car_Control/extra_packages/install/car_interfaces/include/car_interfaces/car_interfaces/msg/detail
-- Installing: /home/mr-cheng/Desktop/Car/Car_Control/extra_packages/install/car_interfaces/include/car_interfaces/car_interfaces/msg/detail/car__rosidl_typesupport_fastrtps_cpp.hpp
-- Installing: /home/mr-cheng/Desktop/Car/Car_Control/extra_packages/install/car_interfaces/include/car_interfaces/car_interfaces/msg/detail/dds_fastrtps
-- Installing: /home/mr-cheng/Desktop/Car/Car_Control/extra_packages/install/car_interfaces/lib/libcar_interfaces__rosidl_typesupport_fastrtps_cpp.so
-- Set runtime path of "/home/mr-cheng/Desktop/Car/Car_Control/extra_packages/install/car_interfaces/lib/libcar_interfaces__rosidl_typesupport_fastrtps_cpp.so" to ""
-- Up-to-date: /home/mr-cheng/Desktop/Car/Car_Control/extra_packages/install/car_interfaces/include/car_interfaces/car_interfaces
-- Up-to-date: /home/mr-cheng/Desktop/Car/Car_Control/extra_packages/install/car_interfaces/include/car_interfaces/car_interfaces/msg
-- Up-to-date: /home/mr-cheng/Desktop/Car/Car_Control/extra_packages/install/car_interfaces/include/car_interfaces/car_interfaces/msg/detail
-- Installing: /home/mr-cheng/Desktop/Car/Car_Control/extra_packages/install/car_interfaces/include/car_interfaces/car_interfaces/msg/detail/car__rosidl_typesupport_introspection_cpp.hpp
-- Installing: /home/mr-cheng/Desktop/Car/Car_Control/extra_packages/install/car_interfaces/include/car_interfaces/car_interfaces/msg/detail/car__type_support.cpp
-- Installing: /home/mr-cheng/Desktop/Car/Car_Control/extra_packages/install/car_interfaces/lib/libcar_interfaces__rosidl_typesupport_introspection_cpp.so
-- Set runtime path of "/home/mr-cheng/Desktop/Car/Car_Control/extra_packages/install/car_interfaces/lib/libcar_interfaces__rosidl_typesupport_introspection_cpp.so" to ""
-- Installing: /home/mr-cheng/Desktop/Car/Car_Control/extra_packages/install/car_interfaces/lib/libcar_interfaces__rosidl_typesupport_cpp.so
-- Set runtime path of "/home/mr-cheng/Desktop/Car/Car_Control/extra_packages/install/car_interfaces/lib/libcar_interfaces__rosidl_typesupport_cpp.so" to ""
-- Installing: /home/mr-cheng/Desktop/Car/Car_Control/extra_packages/install/car_interfaces/share/car_interfaces/environment/pythonpath.sh
-- Installing: /home/mr-cheng/Desktop/Car/Car_Control/extra_packages/install/car_interfaces/share/car_interfaces/environment/pythonpath.dsv
-- Installing: /home/mr-cheng/Desktop/Car/Car_Control/extra_packages/install/car_interfaces/lib/python3.10/site-packages/car_interfaces-0.0.0-py3.10.egg-info
-- Installing: /home/mr-cheng/Desktop/Car/Car_Control/extra_packages/install/car_interfaces/lib/python3.10/site-packages/car_interfaces-0.0.0-py3.10.egg-info/SOURCES.txt
-- Installing: /home/mr-cheng/Desktop/Car/Car_Control/extra_packages/install/car_interfaces/lib/python3.10/site-packages/car_interfaces-0.0.0-py3.10.egg-info/dependency_links.txt
-- Installing: /home/mr-cheng/Desktop/Car/Car_Control/extra_packages/install/car_interfaces/lib/python3.10/site-packages/car_interfaces-0.0.0-py3.10.egg-info/PKG-INFO
-- Installing: /home/mr-cheng/Desktop/Car/Car_Control/extra_packages/install/car_interfaces/lib/python3.10/site-packages/car_interfaces-0.0.0-py3.10.egg-info/top_level.txt
-- Installing: /home/mr-cheng/Desktop/Car/Car_Control/extra_packages/install/car_interfaces/lib/python3.10/site-packages/car_interfaces
-- Installing: /home/mr-cheng/Desktop/Car/Car_Control/extra_packages/install/car_interfaces/lib/python3.10/site-packages/car_interfaces/car_interfaces_s__rosidl_typesupport_introspection_c.cpython-310-x86_64-linux-gnu.so
-- Installing: /home/mr-cheng/Desktop/Car/Car_Control/extra_packages/install/car_interfaces/lib/python3.10/site-packages/car_interfaces/msg
-- Installing: /home/mr-cheng/Desktop/Car/Car_Control/extra_packages/install/car_interfaces/lib/python3.10/site-packages/car_interfaces/msg/_car_s.c
-- Installing: /home/mr-cheng/Desktop/Car/Car_Control/extra_packages/install/car_interfaces/lib/python3.10/site-packages/car_interfaces/msg/__init__.py
-- Installing: /home/mr-cheng/Desktop/Car/Car_Control/extra_packages/install/car_interfaces/lib/python3.10/site-packages/car_interfaces/msg/_car.py
-- Installing: /home/mr-cheng/Desktop/Car/Car_Control/extra_packages/install/car_interfaces/lib/python3.10/site-packages/car_interfaces/car_interfaces_s__rosidl_typesupport_c.cpython-310-x86_64-linux-gnu.so
-- Installing: /home/mr-cheng/Desktop/Car/Car_Control/extra_packages/install/car_interfaces/lib/python3.10/site-packages/car_interfaces/_car_interfaces_s.ep.rosidl_typesupport_fastrtps_c.c
-- Installing: /home/mr-cheng/Desktop/Car/Car_Control/extra_packages/install/car_interfaces/lib/python3.10/site-packages/car_interfaces/__init__.py
-- Installing: /home/mr-cheng/Desktop/Car/Car_Control/extra_packages/install/car_interfaces/lib/python3.10/site-packages/car_interfaces/libcar_interfaces__rosidl_generator_py.so
-- Installing: /home/mr-cheng/Desktop/Car/Car_Control/extra_packages/install/car_interfaces/lib/python3.10/site-packages/car_interfaces/_car_interfaces_s.ep.rosidl_typesupport_introspection_c.c
-- Installing: /home/mr-cheng/Desktop/Car/Car_Control/extra_packages/install/car_interfaces/lib/python3.10/site-packages/car_interfaces/car_interfaces_s__rosidl_typesupport_fastrtps_c.cpython-310-x86_64-linux-gnu.so
-- Installing: /home/mr-cheng/Desktop/Car/Car_Control/extra_packages/install/car_interfaces/lib/python3.10/site-packages/car_interfaces/_car_interfaces_s.ep.rosidl_typesupport_c.c
Listing '/home/mr-cheng/Desktop/Car/Car_Control/extra_packages/install/car_interfaces/lib/python3.10/site-packages/car_interfaces'...
Compiling '/home/mr-cheng/Desktop/Car/Car_Control/extra_packages/install/car_interfaces/lib/python3.10/site-packages/car_interfaces/__init__.py'...
Listing '/home/mr-cheng/Desktop/Car/Car_Control/extra_packages/install/car_interfaces/lib/python3.10/site-packages/car_interfaces/msg'...
Compiling '/home/mr-cheng/Desktop/Car/Car_Control/extra_packages/install/car_interfaces/lib/python3.10/site-packages/car_interfaces/msg/__init__.py'...
Compiling '/home/mr-cheng/Desktop/Car/Car_Control/extra_packages/install/car_interfaces/lib/python3.10/site-packages/car_interfaces/msg/_car.py'...
-- Installing: /home/mr-cheng/Desktop/Car/Car_Control/extra_packages/install/car_interfaces/lib/python3.10/site-packages/car_interfaces/car_interfaces_s__rosidl_typesupport_fastrtps_c.cpython-310-x86_64-linux-gnu.so
-- Set runtime path of "/home/mr-cheng/Desktop/Car/Car_Control/extra_packages/install/car_interfaces/lib/python3.10/site-packages/car_interfaces/car_interfaces_s__rosidl_typesupport_fastrtps_c.cpython-310-x86_64-linux-gnu.so" to ""
-- Installing: /home/mr-cheng/Desktop/Car/Car_Control/extra_packages/install/car_interfaces/lib/python3.10/site-packages/car_interfaces/car_interfaces_s__rosidl_typesupport_introspection_c.cpython-310-x86_64-linux-gnu.so
-- Set runtime path of "/home/mr-cheng/Desktop/Car/Car_Control/extra_packages/install/car_interfaces/lib/python3.10/site-packages/car_interfaces/car_interfaces_s__rosidl_typesupport_introspection_c.cpython-310-x86_64-linux-gnu.so" to ""
-- Installing: /home/mr-cheng/Desktop/Car/Car_Control/extra_packages/install/car_interfaces/lib/python3.10/site-packages/car_interfaces/car_interfaces_s__rosidl_typesupport_c.cpython-310-x86_64-linux-gnu.so
-- Set runtime path of "/home/mr-cheng/Desktop/Car/Car_Control/extra_packages/install/car_interfaces/lib/python3.10/site-packages/car_interfaces/car_interfaces_s__rosidl_typesupport_c.cpython-310-x86_64-linux-gnu.so" to ""
-- Installing: /home/mr-cheng/Desktop/Car/Car_Control/extra_packages/install/car_interfaces/lib/libcar_interfaces__rosidl_generator_py.so
-- Set runtime path of "/home/mr-cheng/Desktop/Car/Car_Control/extra_packages/install/car_interfaces/lib/libcar_interfaces__rosidl_generator_py.so" to ""
-- Installing: /home/mr-cheng/Desktop/Car/Car_Control/extra_packages/install/car_interfaces/share/car_interfaces/msg/Car.idl
-- Installing: /home/mr-cheng/Desktop/Car/Car_Control/extra_packages/install/car_interfaces/share/car_interfaces/src/Car.msg
-- Installing: /home/mr-cheng/Desktop/Car/Car_Control/extra_packages/install/car_interfaces/share/ament_index/resource_index/package_run_dependencies/car_interfaces
-- Installing: /home/mr-cheng/Desktop/Car/Car_Control/extra_packages/install/car_interfaces/share/ament_index/resource_index/parent_prefix_path/car_interfaces
-- Installing: /home/mr-cheng/Desktop/Car/Car_Control/extra_packages/install/car_interfaces/share/car_interfaces/environment/ament_prefix_path.sh
-- Installing: /home/mr-cheng/Desktop/Car/Car_Control/extra_packages/install/car_interfaces/share/car_interfaces/environment/ament_prefix_path.dsv
-- Installing: /home/mr-cheng/Desktop/Car/Car_Control/extra_packages/install/car_interfaces/share/car_interfaces/environment/path.sh
-- Installing: /home/mr-cheng/Desktop/Car/Car_Control/extra_packages/install/car_interfaces/share/car_interfaces/environment/path.dsv
-- Installing: /home/mr-cheng/Desktop/Car/Car_Control/extra_packages/install/car_interfaces/share/car_interfaces/local_setup.bash
-- Installing: /home/mr-cheng/Desktop/Car/Car_Control/extra_packages/install/car_interfaces/share/car_interfaces/local_setup.sh
-- Installing: /home/mr-cheng/Desktop/Car/Car_Control/extra_packages/install/car_interfaces/share/car_interfaces/local_setup.zsh
-- Installing: /home/mr-cheng/Desktop/Car/Car_Control/extra_packages/install/car_interfaces/share/car_interfaces/local_setup.dsv
-- Installing: /home/mr-cheng/Desktop/Car/Car_Control/extra_packages/install/car_interfaces/share/car_interfaces/package.dsv
-- Installing: /home/mr-cheng/Desktop/Car/Car_Control/extra_packages/install/car_interfaces/share/ament_index/resource_index/packages/car_interfaces
-- Installing: /home/mr-cheng/Desktop/Car/Car_Control/extra_packages/install/car_interfaces/share/car_interfaces/cmake/export_car_interfaces__rosidl_generator_cExport.cmake
-- Installing: /home/mr-cheng/Desktop/Car/Car_Control/extra_packages/install/car_interfaces/share/car_interfaces/cmake/export_car_interfaces__rosidl_generator_cExport-noconfig.cmake
-- Installing: /home/mr-cheng/Desktop/Car/Car_Control/extra_packages/install/car_interfaces/share/car_interfaces/cmake/export_car_interfaces__rosidl_typesupport_fastrtps_cExport.cmake
-- Installing: /home/mr-cheng/Desktop/Car/Car_Control/extra_packages/install/car_interfaces/share/car_interfaces/cmake/export_car_interfaces__rosidl_typesupport_fastrtps_cExport-noconfig.cmake
-- Installing: /home/mr-cheng/Desktop/Car/Car_Control/extra_packages/install/car_interfaces/share/car_interfaces/cmake/car_interfaces__rosidl_typesupport_introspection_cExport.cmake
-- Installing: /home/mr-cheng/Desktop/Car/Car_Control/extra_packages/install/car_interfaces/share/car_interfaces/cmake/car_interfaces__rosidl_typesupport_introspection_cExport-noconfig.cmake
-- Installing: /home/mr-cheng/Desktop/Car/Car_Control/extra_packages/install/car_interfaces/share/car_interfaces/cmake/car_interfaces__rosidl_typesupport_cExport.cmake
-- Installing: /home/mr-cheng/Desktop/Car/Car_Control/extra_packages/install/car_interfaces/share/car_interfaces/cmake/car_interfaces__rosidl_typesupport_cExport-noconfig.cmake
-- Installing: /home/mr-cheng/Desktop/Car/Car_Control/extra_packages/install/car_interfaces/share/car_interfaces/cmake/export_car_interfaces__rosidl_generator_cppExport.cmake
-- Installing: /home/mr-cheng/Desktop/Car/Car_Control/extra_packages/install/car_interfaces/share/car_interfaces/cmake/export_car_interfaces__rosidl_typesupport_fastrtps_cppExport.cmake
-- Installing: /home/mr-cheng/Desktop/Car/Car_Control/extra_packages/install/car_interfaces/share/car_interfaces/cmake/export_car_interfaces__rosidl_typesupport_fastrtps_cppExport-noconfig.cmake
-- Installing: /home/mr-cheng/Desktop/Car/Car_Control/extra_packages/install/car_interfaces/share/car_interfaces/cmake/car_interfaces__rosidl_typesupport_introspection_cppExport.cmake
-- Installing: /home/mr-cheng/Desktop/Car/Car_Control/extra_packages/install/car_interfaces/share/car_interfaces/cmake/car_interfaces__rosidl_typesupport_introspection_cppExport-noconfig.cmake
-- Installing: /home/mr-cheng/Desktop/Car/Car_Control/extra_packages/install/car_interfaces/share/car_interfaces/cmake/car_interfaces__rosidl_typesupport_cppExport.cmake
-- Installing: /home/mr-cheng/Desktop/Car/Car_Control/extra_packages/install/car_interfaces/share/car_interfaces/cmake/car_interfaces__rosidl_typesupport_cppExport-noconfig.cmake
-- Installing: /home/mr-cheng/Desktop/Car/Car_Control/extra_packages/install/car_interfaces/share/car_interfaces/cmake/export_car_interfaces__rosidl_generator_pyExport.cmake
-- Installing: /home/mr-cheng/Desktop/Car/Car_Control/extra_packages/install/car_interfaces/share/car_interfaces/cmake/export_car_interfaces__rosidl_generator_pyExport-noconfig.cmake
-- Installing: /home/mr-cheng/Desktop/Car/Car_Control/extra_packages/install/car_interfaces/share/car_interfaces/cmake/rosidl_cmake-extras.cmake
-- Installing: /home/mr-cheng/Desktop/Car/Car_Control/extra_packages/install/car_interfaces/share/car_interfaces/cmake/ament_cmake_export_include_directories-extras.cmake
-- Installing: /home/mr-cheng/Desktop/Car/Car_Control/extra_packages/install/car_interfaces/share/car_interfaces/cmake/ament_cmake_export_libraries-extras.cmake
-- Installing: /home/mr-cheng/Desktop/Car/Car_Control/extra_packages/install/car_interfaces/share/car_interfaces/cmake/ament_cmake_export_targets-extras.cmake
-- Installing: /home/mr-cheng/Desktop/Car/Car_Control/extra_packages/install/car_interfaces/share/car_interfaces/cmake/rosidl_cmake_export_typesupport_targets-extras.cmake
-- Installing: /home/mr-cheng/Desktop/Car/Car_Control/extra_packages/install/car_interfaces/share/car_interfaces/cmake/ament_cmake_export_dependencies-extras.cmake
-- Installing: /home/mr-cheng/Desktop/Car/Car_Control/extra_packages/install/car_interfaces/share/car_interfaces/cmake/rosidl_cmake_export_typesupport_libraries-extras.cmake
-- Installing: /home/mr-cheng/Desktop/Car/Car_Control/extra_packages/install/car_interfaces/share/car_interfaces/cmake/car_interfacesConfig.cmake
-- Installing: /home/mr-cheng/Desktop/Car/Car_Control/extra_packages/install/car_interfaces/share/car_interfaces/cmake/car_interfacesConfig-version.cmake
-- Installing: /home/mr-cheng/Desktop/Car/Car_Control/extra_packages/install/car_interfaces/share/car_interfaces/package.xml
