[0.068s] Invoking command in '/home/mr-cheng/Desktop/Car/Car_Control/extra_packages/build/car_interfaces': CMAKE_PREFIX_PATH=${CMAKE_PREFIX_PATH}:/opt/ros/iron /usr/bin/cmake /home/mr-cheng/Desktop/Car/Car_Control/extra_packages/car_interfaces -DCMAKE_INSTALL_PREFIX=/home/mr-cheng/Desktop/Car/Car_Control/extra_packages/install/car_interfaces
[0.078s] -- Found ament_cmake: 2.0.3 (/opt/ros/iron/share/ament_cmake/cmake)
[0.196s] -- Found ament_lint_auto: 0.14.2 (/opt/ros/iron/share/ament_lint_auto/cmake)
[0.249s] -- Found rosidl_default_generators: 1.5.0 (/opt/ros/iron/share/rosidl_default_generators/cmake)
[0.251s] -- Using all available rosidl_typesupport_c: rosidl_typesupport_fastrtps_c;rosidl_typesupport_introspection_c
[0.281s] -- Using all available rosidl_typesupport_cpp: rosidl_typesupport_fastrtps_cpp;rosidl_typesupport_introspection_cpp
[0.307s] -- Found rosidl_adapter: 4.0.1 (/opt/ros/iron/share/rosidl_adapter/cmake)
[0.507s] -- Found ament_cmake_ros: 0.11.2 (/opt/ros/iron/share/ament_cmake_ros/cmake)
[0.666s] -- Using all available rosidl_typesupport_c: rosidl_typesupport_fastrtps_c;rosidl_typesupport_introspection_c
[0.861s] -- Using all available rosidl_typesupport_cpp: rosidl_typesupport_fastrtps_cpp;rosidl_typesupport_introspection_cpp
[0.882s] -- Found PythonInterp: /usr/bin/python3 (found suitable version "3.10.12", minimum required is "3.6") 
[0.884s] -- Found python_cmake_module: 0.10.2 (/opt/ros/iron/share/python_cmake_module/cmake)
[0.906s] -- Found PythonLibs: /usr/lib/x86_64-linux-gnu/libpython3.10.so (found suitable version "3.10.12", minimum required is "3.5") 
[0.907s] -- Using PYTHON_EXECUTABLE: /usr/bin/python3
[0.907s] -- Using PYTHON_INCLUDE_DIRS: /usr/include/python3.10
[0.907s] -- Using PYTHON_LIBRARIES: /usr/lib/x86_64-linux-gnu/libpython3.10.so
[0.924s] -- Found PythonExtra: .so  
[0.955s] -- Added test 'lint_cmake' to check CMake code style
[0.956s] -- Added test 'xmllint' to check XML markup files
[0.962s] -- Configuring done
[0.985s] -- Generating done
[0.987s] -- Build files have been written to: /home/mr-cheng/Desktop/Car/Car_Control/extra_packages/build/car_interfaces
[0.991s] Invoked command in '/home/mr-cheng/Desktop/Car/Car_Control/extra_packages/build/car_interfaces' returned '0': CMAKE_PREFIX_PATH=${CMAKE_PREFIX_PATH}:/opt/ros/iron /usr/bin/cmake /home/mr-cheng/Desktop/Car/Car_Control/extra_packages/car_interfaces -DCMAKE_INSTALL_PREFIX=/home/mr-cheng/Desktop/Car/Car_Control/extra_packages/install/car_interfaces
[0.992s] Invoking command in '/home/mr-cheng/Desktop/Car/Car_Control/extra_packages/build/car_interfaces': CMAKE_PREFIX_PATH=${CMAKE_PREFIX_PATH}:/opt/ros/iron /usr/bin/cmake --build /home/mr-cheng/Desktop/Car/Car_Control/extra_packages/build/car_interfaces -- -j16 -l16
[1.028s] [  2%] [34m[1mGenerating type hashes for ROS interfaces[0m
[1.035s] [  2%] Built target ament_cmake_python_copy_car_interfaces
[1.198s] [  2%] Built target car_interfaces__rosidl_generator_type_description
[1.206s] [  5%] [34m[1mGenerating C code for ROS interfaces[0m
[1.213s] [  8%] [34m[1mGenerating C++ code for ROS interfaces[0m
[1.247s] running egg_info
[1.248s] creating car_interfaces.egg-info
[1.248s] writing car_interfaces.egg-info/PKG-INFO
[1.248s] writing dependency_links to car_interfaces.egg-info/dependency_links.txt
[1.248s] writing top-level names to car_interfaces.egg-info/top_level.txt
[1.248s] writing manifest file 'car_interfaces.egg-info/SOURCES.txt'
[1.251s] reading manifest file 'car_interfaces.egg-info/SOURCES.txt'
[1.251s] writing manifest file 'car_interfaces.egg-info/SOURCES.txt'
[1.271s] [  8%] Built target ament_cmake_python_build_car_interfaces_egg
[1.421s] [  8%] Built target car_interfaces__cpp
[1.448s] [ 17%] [32mBuilding C object CMakeFiles/car_interfaces__rosidl_generator_c.dir/rosidl_generator_c/car_interfaces/msg/detail/car__type_support.c.o[0m
[1.449s] [ 17%] [32mBuilding C object CMakeFiles/car_interfaces__rosidl_generator_c.dir/rosidl_generator_c/car_interfaces/msg/detail/car__functions.c.o[0m
[1.449s] [ 17%] [32mBuilding C object CMakeFiles/car_interfaces__rosidl_generator_c.dir/rosidl_generator_c/car_interfaces/msg/detail/car__description.c.o[0m
[1.502s] [ 20%] [32m[1mLinking C shared library libcar_interfaces__rosidl_generator_c.so[0m
[1.530s] [ 20%] Built target car_interfaces__rosidl_generator_c
[1.538s] [ 29%] [34m[1mGenerating C type support for eProsima Fast-RTPS[0m
[1.538s] [ 29%] [34m[1mGenerating C type support dispatch for ROS interfaces[0m
[1.538s] [ 29%] [34m[1mGenerating C introspection for ROS interfaces[0m
[1.538s] [ 32%] [34m[1mGenerating C++ type support for eProsima Fast-RTPS[0m
[1.538s] [ 35%] [34m[1mGenerating C++ introspection for ROS interfaces[0m
[1.538s] [ 38%] [34m[1mGenerating C++ type support dispatch for ROS interfaces[0m
[1.729s] [ 44%] [32mBuilding CXX object CMakeFiles/car_interfaces__rosidl_typesupport_cpp.dir/rosidl_typesupport_cpp/car_interfaces/msg/car__type_support.cpp.o[0m
[1.729s] [ 44%] [32mBuilding CXX object CMakeFiles/car_interfaces__rosidl_typesupport_c.dir/rosidl_typesupport_c/car_interfaces/msg/car__type_support.cpp.o[0m
[1.747s] [ 47%] [32mBuilding CXX object CMakeFiles/car_interfaces__rosidl_typesupport_introspection_cpp.dir/rosidl_typesupport_introspection_cpp/car_interfaces/msg/detail/car__type_support.cpp.o[0m
[1.748s] [ 50%] [32mBuilding C object CMakeFiles/car_interfaces__rosidl_typesupport_introspection_c.dir/rosidl_typesupport_introspection_c/car_interfaces/msg/detail/car__type_support.c.o[0m
[1.753s] [ 55%] [32mBuilding CXX object CMakeFiles/car_interfaces__rosidl_typesupport_fastrtps_c.dir/rosidl_typesupport_fastrtps_c/car_interfaces/msg/detail/car__type_support_c.cpp.o[0m
[1.754s] [ 55%] [32mBuilding CXX object CMakeFiles/car_interfaces__rosidl_typesupport_fastrtps_cpp.dir/rosidl_typesupport_fastrtps_cpp/car_interfaces/msg/detail/dds_fastrtps/car__type_support.cpp.o[0m
[1.770s] [ 58%] [32m[1mLinking CXX shared library libcar_interfaces__rosidl_typesupport_c.so[0m
[1.777s] [ 61%] [32m[1mLinking C shared library libcar_interfaces__rosidl_typesupport_introspection_c.so[0m
[1.801s] [ 61%] Built target car_interfaces__rosidl_typesupport_introspection_c
[1.803s] [ 61%] Built target car_interfaces__rosidl_typesupport_c
[2.059s] [ 64%] [32m[1mLinking CXX shared library libcar_interfaces__rosidl_typesupport_fastrtps_c.so[0m
[2.076s] [ 67%] [32m[1mLinking CXX shared library libcar_interfaces__rosidl_typesupport_cpp.so[0m
[2.093s] [ 70%] [32m[1mLinking CXX shared library libcar_interfaces__rosidl_typesupport_introspection_cpp.so[0m
[2.111s] [ 70%] Built target car_interfaces__rosidl_typesupport_cpp
[2.122s] [ 70%] Built target car_interfaces__rosidl_typesupport_fastrtps_c
[2.127s] [ 70%] Built target car_interfaces__rosidl_typesupport_introspection_cpp
[2.208s] [ 73%] [32m[1mLinking CXX shared library libcar_interfaces__rosidl_typesupport_fastrtps_cpp.so[0m
[2.264s] [ 73%] Built target car_interfaces__rosidl_typesupport_fastrtps_cpp
[2.278s] [ 73%] Built target car_interfaces
[2.293s] [ 76%] [34m[1mGenerating Python code for ROS interfaces[0m
[2.547s] [ 76%] Built target car_interfaces__py
[2.561s] [ 79%] [32mBuilding C object CMakeFiles/car_interfaces__rosidl_generator_py.dir/rosidl_generator_py/car_interfaces/msg/_car_s.c.o[0m
[2.671s] [ 82%] [32m[1mLinking C shared library rosidl_generator_py/car_interfaces/libcar_interfaces__rosidl_generator_py.so[0m
[2.701s] [ 82%] Built target car_interfaces__rosidl_generator_py
[2.716s] [ 85%] [32mBuilding C object CMakeFiles/car_interfaces__rosidl_typesupport_fastrtps_c__pyext.dir/rosidl_generator_py/car_interfaces/_car_interfaces_s.ep.rosidl_typesupport_fastrtps_c.c.o[0m
[2.716s] [ 88%] [32mBuilding C object CMakeFiles/car_interfaces__rosidl_typesupport_introspection_c__pyext.dir/rosidl_generator_py/car_interfaces/_car_interfaces_s.ep.rosidl_typesupport_introspection_c.c.o[0m
[2.717s] [ 91%] [32mBuilding C object CMakeFiles/car_interfaces__rosidl_typesupport_c__pyext.dir/rosidl_generator_py/car_interfaces/_car_interfaces_s.ep.rosidl_typesupport_c.c.o[0m
[2.793s] [ 97%] [32m[1mLinking C shared library rosidl_generator_py/car_interfaces/car_interfaces_s__rosidl_typesupport_introspection_c.cpython-310-x86_64-linux-gnu.so[0m
[2.793s] [ 97%] [32m[1mLinking C shared library rosidl_generator_py/car_interfaces/car_interfaces_s__rosidl_typesupport_c.cpython-310-x86_64-linux-gnu.so[0m
[2.795s] [100%] [32m[1mLinking C shared library rosidl_generator_py/car_interfaces/car_interfaces_s__rosidl_typesupport_fastrtps_c.cpython-310-x86_64-linux-gnu.so[0m
[2.818s] [100%] Built target car_interfaces__rosidl_typesupport_introspection_c__pyext
[2.818s] [100%] Built target car_interfaces__rosidl_typesupport_c__pyext
[2.820s] [100%] Built target car_interfaces__rosidl_typesupport_fastrtps_c__pyext
[2.828s] Invoked command in '/home/mr-cheng/Desktop/Car/Car_Control/extra_packages/build/car_interfaces' returned '0': CMAKE_PREFIX_PATH=${CMAKE_PREFIX_PATH}:/opt/ros/iron /usr/bin/cmake --build /home/mr-cheng/Desktop/Car/Car_Control/extra_packages/build/car_interfaces -- -j16 -l16
[2.879s] Invoking command in '/home/mr-cheng/Desktop/Car/Car_Control/extra_packages/build/car_interfaces': CMAKE_PREFIX_PATH=${CMAKE_PREFIX_PATH}:/opt/ros/iron /usr/bin/cmake --install /home/mr-cheng/Desktop/Car/Car_Control/extra_packages/build/car_interfaces
[2.885s] -- Install configuration: ""
[2.885s] -- Installing: /home/mr-cheng/Desktop/Car/Car_Control/extra_packages/install/car_interfaces/share/ament_index/resource_index/rosidl_interfaces/car_interfaces
[2.886s] -- Installing: /home/mr-cheng/Desktop/Car/Car_Control/extra_packages/install/car_interfaces/share/car_interfaces/msg/Car.json
[2.886s] -- Installing: /home/mr-cheng/Desktop/Car/Car_Control/extra_packages/install/car_interfaces/include/car_interfaces/car_interfaces
[2.886s] -- Installing: /home/mr-cheng/Desktop/Car/Car_Control/extra_packages/install/car_interfaces/include/car_interfaces/car_interfaces/msg
[2.886s] -- Installing: /home/mr-cheng/Desktop/Car/Car_Control/extra_packages/install/car_interfaces/include/car_interfaces/car_interfaces/msg/car.h
[2.886s] -- Installing: /home/mr-cheng/Desktop/Car/Car_Control/extra_packages/install/car_interfaces/include/car_interfaces/car_interfaces/msg/detail
[2.886s] -- Installing: /home/mr-cheng/Desktop/Car/Car_Control/extra_packages/install/car_interfaces/include/car_interfaces/car_interfaces/msg/detail/car__type_support.h
[2.886s] -- Installing: /home/mr-cheng/Desktop/Car/Car_Control/extra_packages/install/car_interfaces/include/car_interfaces/car_interfaces/msg/detail/car__functions.c
[2.886s] -- Installing: /home/mr-cheng/Desktop/Car/Car_Control/extra_packages/install/car_interfaces/include/car_interfaces/car_interfaces/msg/detail/car__struct.h
[2.886s] -- Installing: /home/mr-cheng/Desktop/Car/Car_Control/extra_packages/install/car_interfaces/include/car_interfaces/car_interfaces/msg/detail/car__type_support.c
[2.886s] -- Installing: /home/mr-cheng/Desktop/Car/Car_Control/extra_packages/install/car_interfaces/include/car_interfaces/car_interfaces/msg/detail/car__description.c
[2.886s] -- Installing: /home/mr-cheng/Desktop/Car/Car_Control/extra_packages/install/car_interfaces/include/car_interfaces/car_interfaces/msg/detail/car__functions.h
[2.886s] -- Installing: /home/mr-cheng/Desktop/Car/Car_Control/extra_packages/install/car_interfaces/include/car_interfaces/car_interfaces/msg/rosidl_generator_c__visibility_control.h
[2.887s] -- Installing: /home/mr-cheng/Desktop/Car/Car_Control/extra_packages/install/car_interfaces/share/car_interfaces/environment/library_path.sh
[2.887s] -- Installing: /home/mr-cheng/Desktop/Car/Car_Control/extra_packages/install/car_interfaces/share/car_interfaces/environment/library_path.dsv
[2.887s] -- Installing: /home/mr-cheng/Desktop/Car/Car_Control/extra_packages/install/car_interfaces/lib/libcar_interfaces__rosidl_generator_c.so
[2.887s] -- Set runtime path of "/home/mr-cheng/Desktop/Car/Car_Control/extra_packages/install/car_interfaces/lib/libcar_interfaces__rosidl_generator_c.so" to ""
[2.887s] -- Up-to-date: /home/mr-cheng/Desktop/Car/Car_Control/extra_packages/install/car_interfaces/include/car_interfaces/car_interfaces
[2.887s] -- Up-to-date: /home/mr-cheng/Desktop/Car/Car_Control/extra_packages/install/car_interfaces/include/car_interfaces/car_interfaces/msg
[2.887s] -- Installing: /home/mr-cheng/Desktop/Car/Car_Control/extra_packages/install/car_interfaces/include/car_interfaces/car_interfaces/msg/rosidl_typesupport_fastrtps_c__visibility_control.h
[2.887s] -- Up-to-date: /home/mr-cheng/Desktop/Car/Car_Control/extra_packages/install/car_interfaces/include/car_interfaces/car_interfaces/msg/detail
[2.887s] -- Installing: /home/mr-cheng/Desktop/Car/Car_Control/extra_packages/install/car_interfaces/include/car_interfaces/car_interfaces/msg/detail/car__rosidl_typesupport_fastrtps_c.h
[2.887s] -- Installing: /home/mr-cheng/Desktop/Car/Car_Control/extra_packages/install/car_interfaces/lib/libcar_interfaces__rosidl_typesupport_fastrtps_c.so
[2.887s] -- Set runtime path of "/home/mr-cheng/Desktop/Car/Car_Control/extra_packages/install/car_interfaces/lib/libcar_interfaces__rosidl_typesupport_fastrtps_c.so" to ""
[2.888s] -- Up-to-date: /home/mr-cheng/Desktop/Car/Car_Control/extra_packages/install/car_interfaces/include/car_interfaces/car_interfaces
[2.888s] -- Up-to-date: /home/mr-cheng/Desktop/Car/Car_Control/extra_packages/install/car_interfaces/include/car_interfaces/car_interfaces/msg
[2.888s] -- Installing: /home/mr-cheng/Desktop/Car/Car_Control/extra_packages/install/car_interfaces/include/car_interfaces/car_interfaces/msg/rosidl_typesupport_introspection_c__visibility_control.h
[2.888s] -- Up-to-date: /home/mr-cheng/Desktop/Car/Car_Control/extra_packages/install/car_interfaces/include/car_interfaces/car_interfaces/msg/detail
[2.888s] -- Installing: /home/mr-cheng/Desktop/Car/Car_Control/extra_packages/install/car_interfaces/include/car_interfaces/car_interfaces/msg/detail/car__rosidl_typesupport_introspection_c.h
[2.888s] -- Up-to-date: /home/mr-cheng/Desktop/Car/Car_Control/extra_packages/install/car_interfaces/include/car_interfaces/car_interfaces/msg/detail/car__type_support.c
[2.888s] -- Installing: /home/mr-cheng/Desktop/Car/Car_Control/extra_packages/install/car_interfaces/lib/libcar_interfaces__rosidl_typesupport_introspection_c.so
[2.888s] -- Set runtime path of "/home/mr-cheng/Desktop/Car/Car_Control/extra_packages/install/car_interfaces/lib/libcar_interfaces__rosidl_typesupport_introspection_c.so" to ""
[2.888s] -- Installing: /home/mr-cheng/Desktop/Car/Car_Control/extra_packages/install/car_interfaces/lib/libcar_interfaces__rosidl_typesupport_c.so
[2.888s] -- Set runtime path of "/home/mr-cheng/Desktop/Car/Car_Control/extra_packages/install/car_interfaces/lib/libcar_interfaces__rosidl_typesupport_c.so" to ""
[2.888s] -- Up-to-date: /home/mr-cheng/Desktop/Car/Car_Control/extra_packages/install/car_interfaces/include/car_interfaces/car_interfaces
[2.889s] -- Up-to-date: /home/mr-cheng/Desktop/Car/Car_Control/extra_packages/install/car_interfaces/include/car_interfaces/car_interfaces/msg
[2.889s] -- Installing: /home/mr-cheng/Desktop/Car/Car_Control/extra_packages/install/car_interfaces/include/car_interfaces/car_interfaces/msg/car.hpp
[2.889s] -- Up-to-date: /home/mr-cheng/Desktop/Car/Car_Control/extra_packages/install/car_interfaces/include/car_interfaces/car_interfaces/msg/detail
[2.889s] -- Installing: /home/mr-cheng/Desktop/Car/Car_Control/extra_packages/install/car_interfaces/include/car_interfaces/car_interfaces/msg/detail/car__struct.hpp
[2.889s] -- Installing: /home/mr-cheng/Desktop/Car/Car_Control/extra_packages/install/car_interfaces/include/car_interfaces/car_interfaces/msg/detail/car__builder.hpp
[2.889s] -- Installing: /home/mr-cheng/Desktop/Car/Car_Control/extra_packages/install/car_interfaces/include/car_interfaces/car_interfaces/msg/detail/car__traits.hpp
[2.889s] -- Up-to-date: /home/mr-cheng/Desktop/Car/Car_Control/extra_packages/install/car_interfaces/include/car_interfaces/car_interfaces
[2.889s] -- Up-to-date: /home/mr-cheng/Desktop/Car/Car_Control/extra_packages/install/car_interfaces/include/car_interfaces/car_interfaces/msg
[2.889s] -- Installing: /home/mr-cheng/Desktop/Car/Car_Control/extra_packages/install/car_interfaces/include/car_interfaces/car_interfaces/msg/rosidl_typesupport_fastrtps_cpp__visibility_control.h
[2.889s] -- Up-to-date: /home/mr-cheng/Desktop/Car/Car_Control/extra_packages/install/car_interfaces/include/car_interfaces/car_interfaces/msg/detail
[2.889s] -- Installing: /home/mr-cheng/Desktop/Car/Car_Control/extra_packages/install/car_interfaces/include/car_interfaces/car_interfaces/msg/detail/car__rosidl_typesupport_fastrtps_cpp.hpp
[2.889s] -- Installing: /home/mr-cheng/Desktop/Car/Car_Control/extra_packages/install/car_interfaces/include/car_interfaces/car_interfaces/msg/detail/dds_fastrtps
[2.889s] -- Installing: /home/mr-cheng/Desktop/Car/Car_Control/extra_packages/install/car_interfaces/lib/libcar_interfaces__rosidl_typesupport_fastrtps_cpp.so
[2.889s] -- Set runtime path of "/home/mr-cheng/Desktop/Car/Car_Control/extra_packages/install/car_interfaces/lib/libcar_interfaces__rosidl_typesupport_fastrtps_cpp.so" to ""
[2.890s] -- Up-to-date: /home/mr-cheng/Desktop/Car/Car_Control/extra_packages/install/car_interfaces/include/car_interfaces/car_interfaces
[2.890s] -- Up-to-date: /home/mr-cheng/Desktop/Car/Car_Control/extra_packages/install/car_interfaces/include/car_interfaces/car_interfaces/msg
[2.890s] -- Up-to-date: /home/mr-cheng/Desktop/Car/Car_Control/extra_packages/install/car_interfaces/include/car_interfaces/car_interfaces/msg/detail
[2.890s] -- Installing: /home/mr-cheng/Desktop/Car/Car_Control/extra_packages/install/car_interfaces/include/car_interfaces/car_interfaces/msg/detail/car__rosidl_typesupport_introspection_cpp.hpp
[2.890s] -- Installing: /home/mr-cheng/Desktop/Car/Car_Control/extra_packages/install/car_interfaces/include/car_interfaces/car_interfaces/msg/detail/car__type_support.cpp
[2.890s] -- Installing: /home/mr-cheng/Desktop/Car/Car_Control/extra_packages/install/car_interfaces/lib/libcar_interfaces__rosidl_typesupport_introspection_cpp.so
[2.890s] -- Set runtime path of "/home/mr-cheng/Desktop/Car/Car_Control/extra_packages/install/car_interfaces/lib/libcar_interfaces__rosidl_typesupport_introspection_cpp.so" to ""
[2.890s] -- Installing: /home/mr-cheng/Desktop/Car/Car_Control/extra_packages/install/car_interfaces/lib/libcar_interfaces__rosidl_typesupport_cpp.so
[2.890s] -- Set runtime path of "/home/mr-cheng/Desktop/Car/Car_Control/extra_packages/install/car_interfaces/lib/libcar_interfaces__rosidl_typesupport_cpp.so" to ""
[2.890s] -- Installing: /home/mr-cheng/Desktop/Car/Car_Control/extra_packages/install/car_interfaces/share/car_interfaces/environment/pythonpath.sh
[2.890s] -- Installing: /home/mr-cheng/Desktop/Car/Car_Control/extra_packages/install/car_interfaces/share/car_interfaces/environment/pythonpath.dsv
[2.890s] -- Installing: /home/mr-cheng/Desktop/Car/Car_Control/extra_packages/install/car_interfaces/lib/python3.10/site-packages/car_interfaces-0.0.0-py3.10.egg-info
[2.890s] -- Installing: /home/mr-cheng/Desktop/Car/Car_Control/extra_packages/install/car_interfaces/lib/python3.10/site-packages/car_interfaces-0.0.0-py3.10.egg-info/SOURCES.txt
[2.890s] -- Installing: /home/mr-cheng/Desktop/Car/Car_Control/extra_packages/install/car_interfaces/lib/python3.10/site-packages/car_interfaces-0.0.0-py3.10.egg-info/dependency_links.txt
[2.891s] -- Installing: /home/mr-cheng/Desktop/Car/Car_Control/extra_packages/install/car_interfaces/lib/python3.10/site-packages/car_interfaces-0.0.0-py3.10.egg-info/PKG-INFO
[2.891s] -- Installing: /home/mr-cheng/Desktop/Car/Car_Control/extra_packages/install/car_interfaces/lib/python3.10/site-packages/car_interfaces-0.0.0-py3.10.egg-info/top_level.txt
[2.891s] -- Installing: /home/mr-cheng/Desktop/Car/Car_Control/extra_packages/install/car_interfaces/lib/python3.10/site-packages/car_interfaces
[2.891s] -- Installing: /home/mr-cheng/Desktop/Car/Car_Control/extra_packages/install/car_interfaces/lib/python3.10/site-packages/car_interfaces/car_interfaces_s__rosidl_typesupport_introspection_c.cpython-310-x86_64-linux-gnu.so
[2.891s] -- Installing: /home/mr-cheng/Desktop/Car/Car_Control/extra_packages/install/car_interfaces/lib/python3.10/site-packages/car_interfaces/msg
[2.891s] -- Installing: /home/mr-cheng/Desktop/Car/Car_Control/extra_packages/install/car_interfaces/lib/python3.10/site-packages/car_interfaces/msg/_car_s.c
[2.891s] -- Installing: /home/mr-cheng/Desktop/Car/Car_Control/extra_packages/install/car_interfaces/lib/python3.10/site-packages/car_interfaces/msg/__init__.py
[2.891s] -- Installing: /home/mr-cheng/Desktop/Car/Car_Control/extra_packages/install/car_interfaces/lib/python3.10/site-packages/car_interfaces/msg/_car.py
[2.891s] -- Installing: /home/mr-cheng/Desktop/Car/Car_Control/extra_packages/install/car_interfaces/lib/python3.10/site-packages/car_interfaces/car_interfaces_s__rosidl_typesupport_c.cpython-310-x86_64-linux-gnu.so
[2.891s] -- Installing: /home/mr-cheng/Desktop/Car/Car_Control/extra_packages/install/car_interfaces/lib/python3.10/site-packages/car_interfaces/_car_interfaces_s.ep.rosidl_typesupport_fastrtps_c.c
[2.891s] -- Installing: /home/mr-cheng/Desktop/Car/Car_Control/extra_packages/install/car_interfaces/lib/python3.10/site-packages/car_interfaces/__init__.py
[2.891s] -- Installing: /home/mr-cheng/Desktop/Car/Car_Control/extra_packages/install/car_interfaces/lib/python3.10/site-packages/car_interfaces/libcar_interfaces__rosidl_generator_py.so
[2.891s] -- Installing: /home/mr-cheng/Desktop/Car/Car_Control/extra_packages/install/car_interfaces/lib/python3.10/site-packages/car_interfaces/_car_interfaces_s.ep.rosidl_typesupport_introspection_c.c
[2.892s] -- Installing: /home/mr-cheng/Desktop/Car/Car_Control/extra_packages/install/car_interfaces/lib/python3.10/site-packages/car_interfaces/car_interfaces_s__rosidl_typesupport_fastrtps_c.cpython-310-x86_64-linux-gnu.so
[2.892s] -- Installing: /home/mr-cheng/Desktop/Car/Car_Control/extra_packages/install/car_interfaces/lib/python3.10/site-packages/car_interfaces/_car_interfaces_s.ep.rosidl_typesupport_c.c
[2.919s] Listing '/home/mr-cheng/Desktop/Car/Car_Control/extra_packages/install/car_interfaces/lib/python3.10/site-packages/car_interfaces'...
[2.919s] Compiling '/home/mr-cheng/Desktop/Car/Car_Control/extra_packages/install/car_interfaces/lib/python3.10/site-packages/car_interfaces/__init__.py'...
[2.920s] Listing '/home/mr-cheng/Desktop/Car/Car_Control/extra_packages/install/car_interfaces/lib/python3.10/site-packages/car_interfaces/msg'...
[2.920s] Compiling '/home/mr-cheng/Desktop/Car/Car_Control/extra_packages/install/car_interfaces/lib/python3.10/site-packages/car_interfaces/msg/__init__.py'...
[2.920s] Compiling '/home/mr-cheng/Desktop/Car/Car_Control/extra_packages/install/car_interfaces/lib/python3.10/site-packages/car_interfaces/msg/_car.py'...
[2.923s] -- Installing: /home/mr-cheng/Desktop/Car/Car_Control/extra_packages/install/car_interfaces/lib/python3.10/site-packages/car_interfaces/car_interfaces_s__rosidl_typesupport_fastrtps_c.cpython-310-x86_64-linux-gnu.so
[2.923s] -- Set runtime path of "/home/mr-cheng/Desktop/Car/Car_Control/extra_packages/install/car_interfaces/lib/python3.10/site-packages/car_interfaces/car_interfaces_s__rosidl_typesupport_fastrtps_c.cpython-310-x86_64-linux-gnu.so" to ""
[2.923s] -- Installing: /home/mr-cheng/Desktop/Car/Car_Control/extra_packages/install/car_interfaces/lib/python3.10/site-packages/car_interfaces/car_interfaces_s__rosidl_typesupport_introspection_c.cpython-310-x86_64-linux-gnu.so
[2.923s] -- Set runtime path of "/home/mr-cheng/Desktop/Car/Car_Control/extra_packages/install/car_interfaces/lib/python3.10/site-packages/car_interfaces/car_interfaces_s__rosidl_typesupport_introspection_c.cpython-310-x86_64-linux-gnu.so" to ""
[2.924s] -- Installing: /home/mr-cheng/Desktop/Car/Car_Control/extra_packages/install/car_interfaces/lib/python3.10/site-packages/car_interfaces/car_interfaces_s__rosidl_typesupport_c.cpython-310-x86_64-linux-gnu.so
[2.924s] -- Set runtime path of "/home/mr-cheng/Desktop/Car/Car_Control/extra_packages/install/car_interfaces/lib/python3.10/site-packages/car_interfaces/car_interfaces_s__rosidl_typesupport_c.cpython-310-x86_64-linux-gnu.so" to ""
[2.924s] -- Installing: /home/mr-cheng/Desktop/Car/Car_Control/extra_packages/install/car_interfaces/lib/libcar_interfaces__rosidl_generator_py.so
[2.924s] -- Set runtime path of "/home/mr-cheng/Desktop/Car/Car_Control/extra_packages/install/car_interfaces/lib/libcar_interfaces__rosidl_generator_py.so" to ""
[2.924s] -- Installing: /home/mr-cheng/Desktop/Car/Car_Control/extra_packages/install/car_interfaces/share/car_interfaces/msg/Car.idl
[2.924s] -- Installing: /home/mr-cheng/Desktop/Car/Car_Control/extra_packages/install/car_interfaces/share/car_interfaces/src/Car.msg
[2.924s] -- Installing: /home/mr-cheng/Desktop/Car/Car_Control/extra_packages/install/car_interfaces/share/ament_index/resource_index/package_run_dependencies/car_interfaces
[2.925s] -- Installing: /home/mr-cheng/Desktop/Car/Car_Control/extra_packages/install/car_interfaces/share/ament_index/resource_index/parent_prefix_path/car_interfaces
[2.925s] -- Installing: /home/mr-cheng/Desktop/Car/Car_Control/extra_packages/install/car_interfaces/share/car_interfaces/environment/ament_prefix_path.sh
[2.925s] -- Installing: /home/mr-cheng/Desktop/Car/Car_Control/extra_packages/install/car_interfaces/share/car_interfaces/environment/ament_prefix_path.dsv
[2.925s] -- Installing: /home/mr-cheng/Desktop/Car/Car_Control/extra_packages/install/car_interfaces/share/car_interfaces/environment/path.sh
[2.925s] -- Installing: /home/mr-cheng/Desktop/Car/Car_Control/extra_packages/install/car_interfaces/share/car_interfaces/environment/path.dsv
[2.925s] -- Installing: /home/mr-cheng/Desktop/Car/Car_Control/extra_packages/install/car_interfaces/share/car_interfaces/local_setup.bash
[2.925s] -- Installing: /home/mr-cheng/Desktop/Car/Car_Control/extra_packages/install/car_interfaces/share/car_interfaces/local_setup.sh
[2.925s] -- Installing: /home/mr-cheng/Desktop/Car/Car_Control/extra_packages/install/car_interfaces/share/car_interfaces/local_setup.zsh
[2.925s] -- Installing: /home/mr-cheng/Desktop/Car/Car_Control/extra_packages/install/car_interfaces/share/car_interfaces/local_setup.dsv
[2.925s] -- Installing: /home/mr-cheng/Desktop/Car/Car_Control/extra_packages/install/car_interfaces/share/car_interfaces/package.dsv
[2.925s] -- Installing: /home/mr-cheng/Desktop/Car/Car_Control/extra_packages/install/car_interfaces/share/ament_index/resource_index/packages/car_interfaces
[2.926s] -- Installing: /home/mr-cheng/Desktop/Car/Car_Control/extra_packages/install/car_interfaces/share/car_interfaces/cmake/export_car_interfaces__rosidl_generator_cExport.cmake
[2.926s] -- Installing: /home/mr-cheng/Desktop/Car/Car_Control/extra_packages/install/car_interfaces/share/car_interfaces/cmake/export_car_interfaces__rosidl_generator_cExport-noconfig.cmake
[2.926s] -- Installing: /home/mr-cheng/Desktop/Car/Car_Control/extra_packages/install/car_interfaces/share/car_interfaces/cmake/export_car_interfaces__rosidl_typesupport_fastrtps_cExport.cmake
[2.926s] -- Installing: /home/mr-cheng/Desktop/Car/Car_Control/extra_packages/install/car_interfaces/share/car_interfaces/cmake/export_car_interfaces__rosidl_typesupport_fastrtps_cExport-noconfig.cmake
[2.926s] -- Installing: /home/mr-cheng/Desktop/Car/Car_Control/extra_packages/install/car_interfaces/share/car_interfaces/cmake/car_interfaces__rosidl_typesupport_introspection_cExport.cmake
[2.926s] -- Installing: /home/mr-cheng/Desktop/Car/Car_Control/extra_packages/install/car_interfaces/share/car_interfaces/cmake/car_interfaces__rosidl_typesupport_introspection_cExport-noconfig.cmake
[2.926s] -- Installing: /home/mr-cheng/Desktop/Car/Car_Control/extra_packages/install/car_interfaces/share/car_interfaces/cmake/car_interfaces__rosidl_typesupport_cExport.cmake
[2.926s] -- Installing: /home/mr-cheng/Desktop/Car/Car_Control/extra_packages/install/car_interfaces/share/car_interfaces/cmake/car_interfaces__rosidl_typesupport_cExport-noconfig.cmake
[2.926s] -- Installing: /home/mr-cheng/Desktop/Car/Car_Control/extra_packages/install/car_interfaces/share/car_interfaces/cmake/export_car_interfaces__rosidl_generator_cppExport.cmake
[2.926s] -- Installing: /home/mr-cheng/Desktop/Car/Car_Control/extra_packages/install/car_interfaces/share/car_interfaces/cmake/export_car_interfaces__rosidl_typesupport_fastrtps_cppExport.cmake
[2.927s] -- Installing: /home/mr-cheng/Desktop/Car/Car_Control/extra_packages/install/car_interfaces/share/car_interfaces/cmake/export_car_interfaces__rosidl_typesupport_fastrtps_cppExport-noconfig.cmake
[2.927s] -- Installing: /home/mr-cheng/Desktop/Car/Car_Control/extra_packages/install/car_interfaces/share/car_interfaces/cmake/car_interfaces__rosidl_typesupport_introspection_cppExport.cmake
[2.927s] -- Installing: /home/mr-cheng/Desktop/Car/Car_Control/extra_packages/install/car_interfaces/share/car_interfaces/cmake/car_interfaces__rosidl_typesupport_introspection_cppExport-noconfig.cmake
[2.927s] -- Installing: /home/mr-cheng/Desktop/Car/Car_Control/extra_packages/install/car_interfaces/share/car_interfaces/cmake/car_interfaces__rosidl_typesupport_cppExport.cmake
[2.927s] -- Installing: /home/mr-cheng/Desktop/Car/Car_Control/extra_packages/install/car_interfaces/share/car_interfaces/cmake/car_interfaces__rosidl_typesupport_cppExport-noconfig.cmake
[2.927s] -- Installing: /home/mr-cheng/Desktop/Car/Car_Control/extra_packages/install/car_interfaces/share/car_interfaces/cmake/export_car_interfaces__rosidl_generator_pyExport.cmake
[2.927s] -- Installing: /home/mr-cheng/Desktop/Car/Car_Control/extra_packages/install/car_interfaces/share/car_interfaces/cmake/export_car_interfaces__rosidl_generator_pyExport-noconfig.cmake
[2.927s] -- Installing: /home/mr-cheng/Desktop/Car/Car_Control/extra_packages/install/car_interfaces/share/car_interfaces/cmake/rosidl_cmake-extras.cmake
[2.927s] -- Installing: /home/mr-cheng/Desktop/Car/Car_Control/extra_packages/install/car_interfaces/share/car_interfaces/cmake/ament_cmake_export_include_directories-extras.cmake
[2.927s] -- Installing: /home/mr-cheng/Desktop/Car/Car_Control/extra_packages/install/car_interfaces/share/car_interfaces/cmake/ament_cmake_export_libraries-extras.cmake
[2.928s] -- Installing: /home/mr-cheng/Desktop/Car/Car_Control/extra_packages/install/car_interfaces/share/car_interfaces/cmake/ament_cmake_export_targets-extras.cmake
[2.928s] -- Installing: /home/mr-cheng/Desktop/Car/Car_Control/extra_packages/install/car_interfaces/share/car_interfaces/cmake/rosidl_cmake_export_typesupport_targets-extras.cmake
[2.928s] -- Installing: /home/mr-cheng/Desktop/Car/Car_Control/extra_packages/install/car_interfaces/share/car_interfaces/cmake/ament_cmake_export_dependencies-extras.cmake
[2.928s] -- Installing: /home/mr-cheng/Desktop/Car/Car_Control/extra_packages/install/car_interfaces/share/car_interfaces/cmake/rosidl_cmake_export_typesupport_libraries-extras.cmake
[2.928s] -- Installing: /home/mr-cheng/Desktop/Car/Car_Control/extra_packages/install/car_interfaces/share/car_interfaces/cmake/car_interfacesConfig.cmake
[2.928s] -- Installing: /home/mr-cheng/Desktop/Car/Car_Control/extra_packages/install/car_interfaces/share/car_interfaces/cmake/car_interfacesConfig-version.cmake
[2.928s] -- Installing: /home/mr-cheng/Desktop/Car/Car_Control/extra_packages/install/car_interfaces/share/car_interfaces/package.xml
[2.930s] Invoked command in '/home/mr-cheng/Desktop/Car/Car_Control/extra_packages/build/car_interfaces' returned '0': CMAKE_PREFIX_PATH=${CMAKE_PREFIX_PATH}:/opt/ros/iron /usr/bin/cmake --install /home/mr-cheng/Desktop/Car/Car_Control/extra_packages/build/car_interfaces
