[0.104s] DEBUG:colcon:Command line arguments: ['/usr/bin/colcon', 'build']
[0.104s] DEBUG:colcon:Parsed command line arguments: Namespace(log_base=None, log_level=None, verb_name='build', build_base='build', install_base='install', merge_install=False, symlink_install=False, test_result_base=None, continue_on_error=False, executor='parallel', parallel_workers=16, event_handlers=None, ignore_user_meta=False, metas=['./colcon.meta'], base_paths=['.'], packages_ignore=None, packages_ignore_regex=None, paths=None, packages_up_to=None, packages_up_to_regex=None, packages_above=None, packages_above_and_dependencies=None, packages_above_depth=None, packages_select_by_dep=None, packages_skip_by_dep=None, packages_skip_up_to=None, packages_select_build_failed=False, packages_skip_build_finished=False, packages_select_test_failures=False, packages_skip_test_passed=False, packages_select=None, packages_skip=None, packages_select_regex=None, packages_skip_regex=None, packages_start=None, packages_end=None, allow_overriding=[], cmake_args=None, cmake_target=None, cmake_target_skip_unavailable=False, cmake_clean_cache=False, cmake_clean_first=False, cmake_force_configure=False, ament_cmake_args=None, catkin_cmake_args=None, catkin_skip_building_tests=False, verb_parser=<colcon_defaults.argument_parser.defaults.DefaultArgumentsDecorator object at 0x71c9b3a46f50>, verb_extension=<colcon_core.verb.build.BuildVerb object at 0x71c9b3b3f9d0>, main=<bound method BuildVerb.main of <colcon_core.verb.build.BuildVerb object at 0x71c9b3b3f9d0>>)
[0.140s] Level 1:colcon.colcon_core.package_discovery:discover_packages(colcon_meta) check parameters
[0.140s] Level 1:colcon.colcon_core.package_discovery:discover_packages(recursive) check parameters
[0.140s] Level 1:colcon.colcon_core.package_discovery:discover_packages(ignore) check parameters
[0.140s] Level 1:colcon.colcon_core.package_discovery:discover_packages(path) check parameters
[0.140s] Level 1:colcon.colcon_core.package_discovery:discover_packages(colcon_meta) discover
[0.140s] Level 1:colcon.colcon_core.package_discovery:discover_packages(recursive) discover
[0.140s] INFO:colcon.colcon_core.package_discovery:Crawling recursively for packages in '/home/mr-cheng/Desktop/Car/Car_Sim2Real'
[0.140s] Level 1:colcon.colcon_core.package_identification:_identify(.) by extensions ['ignore', 'ignore_ament_install']
[0.141s] Level 1:colcon.colcon_core.package_identification:_identify(.) by extension 'ignore'
[0.141s] Level 1:colcon.colcon_core.package_identification:_identify(.) by extension 'ignore_ament_install'
[0.141s] Level 1:colcon.colcon_core.package_identification:_identify(.) by extensions ['colcon_pkg']
[0.141s] Level 1:colcon.colcon_core.package_identification:_identify(.) by extension 'colcon_pkg'
[0.141s] Level 1:colcon.colcon_core.package_identification:_identify(.) by extensions ['colcon_meta']
[0.141s] Level 1:colcon.colcon_core.package_identification:_identify(.) by extension 'colcon_meta'
[0.141s] Level 1:colcon.colcon_core.package_identification:_identify(.) by extensions ['ros']
[0.141s] Level 1:colcon.colcon_core.package_identification:_identify(.) by extension 'ros'
[0.163s] Level 1:colcon.colcon_core.package_identification:_identify(.) by extensions ['cmake', 'python']
[0.163s] Level 1:colcon.colcon_core.package_identification:_identify(.) by extension 'cmake'
[0.163s] Level 1:colcon.colcon_core.package_identification:_identify(.) by extension 'python'
[0.163s] Level 1:colcon.colcon_core.package_identification:_identify(.) by extensions ['python_setup_py']
[0.163s] Level 1:colcon.colcon_core.package_identification:_identify(.) by extension 'python_setup_py'
[0.164s] Level 1:colcon.colcon_core.package_identification:_identify(build) by extensions ['ignore', 'ignore_ament_install']
[0.164s] Level 1:colcon.colcon_core.package_identification:_identify(build) by extension 'ignore'
[0.164s] Level 1:colcon.colcon_core.package_identification:_identify(build) ignored
[0.164s] Level 1:colcon.colcon_core.package_identification:_identify(install) by extensions ['ignore', 'ignore_ament_install']
[0.164s] Level 1:colcon.colcon_core.package_identification:_identify(install) by extension 'ignore'
[0.164s] Level 1:colcon.colcon_core.package_identification:_identify(install) ignored
[0.164s] Level 1:colcon.colcon_core.package_identification:_identify(log) by extensions ['ignore', 'ignore_ament_install']
[0.164s] Level 1:colcon.colcon_core.package_identification:_identify(log) by extension 'ignore'
[0.164s] Level 1:colcon.colcon_core.package_identification:_identify(log) ignored
[0.164s] Level 1:colcon.colcon_core.package_identification:_identify(src) by extensions ['ignore', 'ignore_ament_install']
[0.164s] Level 1:colcon.colcon_core.package_identification:_identify(src) by extension 'ignore'
[0.164s] Level 1:colcon.colcon_core.package_identification:_identify(src) by extension 'ignore_ament_install'
[0.164s] Level 1:colcon.colcon_core.package_identification:_identify(src) by extensions ['colcon_pkg']
[0.165s] Level 1:colcon.colcon_core.package_identification:_identify(src) by extension 'colcon_pkg'
[0.165s] Level 1:colcon.colcon_core.package_identification:_identify(src) by extensions ['colcon_meta']
[0.165s] Level 1:colcon.colcon_core.package_identification:_identify(src) by extension 'colcon_meta'
[0.165s] Level 1:colcon.colcon_core.package_identification:_identify(src) by extensions ['ros']
[0.165s] Level 1:colcon.colcon_core.package_identification:_identify(src) by extension 'ros'
[0.165s] Level 1:colcon.colcon_core.package_identification:_identify(src) by extensions ['cmake', 'python']
[0.165s] Level 1:colcon.colcon_core.package_identification:_identify(src) by extension 'cmake'
[0.165s] Level 1:colcon.colcon_core.package_identification:_identify(src) by extension 'python'
[0.165s] Level 1:colcon.colcon_core.package_identification:_identify(src) by extensions ['python_setup_py']
[0.165s] Level 1:colcon.colcon_core.package_identification:_identify(src) by extension 'python_setup_py'
[0.165s] Level 1:colcon.colcon_core.package_identification:_identify(src/car_nav2) by extensions ['ignore', 'ignore_ament_install']
[0.165s] Level 1:colcon.colcon_core.package_identification:_identify(src/car_nav2) by extension 'ignore'
[0.165s] Level 1:colcon.colcon_core.package_identification:_identify(src/car_nav2) by extension 'ignore_ament_install'
[0.165s] Level 1:colcon.colcon_core.package_identification:_identify(src/car_nav2) by extensions ['colcon_pkg']
[0.165s] Level 1:colcon.colcon_core.package_identification:_identify(src/car_nav2) by extension 'colcon_pkg'
[0.165s] Level 1:colcon.colcon_core.package_identification:_identify(src/car_nav2) by extensions ['colcon_meta']
[0.165s] Level 1:colcon.colcon_core.package_identification:_identify(src/car_nav2) by extension 'colcon_meta'
[0.165s] Level 1:colcon.colcon_core.package_identification:_identify(src/car_nav2) by extensions ['ros']
[0.165s] Level 1:colcon.colcon_core.package_identification:_identify(src/car_nav2) by extension 'ros'
[0.168s] DEBUG:colcon.colcon_core.package_identification:Package 'src/car_nav2' with type 'ros.ament_cmake' and name 'car_nav2'
[0.168s] Level 1:colcon.colcon_core.package_identification:_identify(src/robot_bringup) by extensions ['ignore', 'ignore_ament_install']
[0.168s] Level 1:colcon.colcon_core.package_identification:_identify(src/robot_bringup) by extension 'ignore'
[0.168s] Level 1:colcon.colcon_core.package_identification:_identify(src/robot_bringup) by extension 'ignore_ament_install'
[0.168s] Level 1:colcon.colcon_core.package_identification:_identify(src/robot_bringup) by extensions ['colcon_pkg']
[0.168s] Level 1:colcon.colcon_core.package_identification:_identify(src/robot_bringup) by extension 'colcon_pkg'
[0.168s] Level 1:colcon.colcon_core.package_identification:_identify(src/robot_bringup) by extensions ['colcon_meta']
[0.168s] Level 1:colcon.colcon_core.package_identification:_identify(src/robot_bringup) by extension 'colcon_meta'
[0.168s] Level 1:colcon.colcon_core.package_identification:_identify(src/robot_bringup) by extensions ['ros']
[0.168s] Level 1:colcon.colcon_core.package_identification:_identify(src/robot_bringup) by extension 'ros'
[0.169s] DEBUG:colcon.colcon_core.package_identification:Package 'src/robot_bringup' with type 'ros.ament_cmake' and name 'robot_bringup'
[0.169s] Level 1:colcon.colcon_core.package_identification:_identify(src/robot_description) by extensions ['ignore', 'ignore_ament_install']
[0.169s] Level 1:colcon.colcon_core.package_identification:_identify(src/robot_description) by extension 'ignore'
[0.169s] Level 1:colcon.colcon_core.package_identification:_identify(src/robot_description) by extension 'ignore_ament_install'
[0.169s] Level 1:colcon.colcon_core.package_identification:_identify(src/robot_description) by extensions ['colcon_pkg']
[0.169s] Level 1:colcon.colcon_core.package_identification:_identify(src/robot_description) by extension 'colcon_pkg'
[0.169s] Level 1:colcon.colcon_core.package_identification:_identify(src/robot_description) by extensions ['colcon_meta']
[0.169s] Level 1:colcon.colcon_core.package_identification:_identify(src/robot_description) by extension 'colcon_meta'
[0.169s] Level 1:colcon.colcon_core.package_identification:_identify(src/robot_description) by extensions ['ros']
[0.169s] Level 1:colcon.colcon_core.package_identification:_identify(src/robot_description) by extension 'ros'
[0.170s] DEBUG:colcon.colcon_core.package_identification:Package 'src/robot_description' with type 'ros.ament_python' and name 'robot_description'
[0.170s] Level 1:colcon.colcon_core.package_identification:_identify(src/robot_launch) by extensions ['ignore', 'ignore_ament_install']
[0.170s] Level 1:colcon.colcon_core.package_identification:_identify(src/robot_launch) by extension 'ignore'
[0.170s] Level 1:colcon.colcon_core.package_identification:_identify(src/robot_launch) by extension 'ignore_ament_install'
[0.170s] Level 1:colcon.colcon_core.package_identification:_identify(src/robot_launch) by extensions ['colcon_pkg']
[0.170s] Level 1:colcon.colcon_core.package_identification:_identify(src/robot_launch) by extension 'colcon_pkg'
[0.170s] Level 1:colcon.colcon_core.package_identification:_identify(src/robot_launch) by extensions ['colcon_meta']
[0.170s] Level 1:colcon.colcon_core.package_identification:_identify(src/robot_launch) by extension 'colcon_meta'
[0.170s] Level 1:colcon.colcon_core.package_identification:_identify(src/robot_launch) by extensions ['ros']
[0.170s] Level 1:colcon.colcon_core.package_identification:_identify(src/robot_launch) by extension 'ros'
[0.171s] DEBUG:colcon.colcon_core.package_identification:Package 'src/robot_launch' with type 'ros.ament_python' and name 'robot_launch'
[0.171s] Level 1:colcon.colcon_core.package_identification:_identify(src/slam_gmapping) by extensions ['ignore', 'ignore_ament_install']
[0.171s] Level 1:colcon.colcon_core.package_identification:_identify(src/slam_gmapping) by extension 'ignore'
[0.171s] Level 1:colcon.colcon_core.package_identification:_identify(src/slam_gmapping) by extension 'ignore_ament_install'
[0.171s] Level 1:colcon.colcon_core.package_identification:_identify(src/slam_gmapping) by extensions ['colcon_pkg']
[0.171s] Level 1:colcon.colcon_core.package_identification:_identify(src/slam_gmapping) by extension 'colcon_pkg'
[0.171s] Level 1:colcon.colcon_core.package_identification:_identify(src/slam_gmapping) by extensions ['colcon_meta']
[0.171s] Level 1:colcon.colcon_core.package_identification:_identify(src/slam_gmapping) by extension 'colcon_meta'
[0.171s] Level 1:colcon.colcon_core.package_identification:_identify(src/slam_gmapping) by extensions ['ros']
[0.171s] Level 1:colcon.colcon_core.package_identification:_identify(src/slam_gmapping) by extension 'ros'
[0.171s] Level 1:colcon.colcon_core.package_identification:_identify(src/slam_gmapping) by extensions ['cmake', 'python']
[0.171s] Level 1:colcon.colcon_core.package_identification:_identify(src/slam_gmapping) by extension 'cmake'
[0.171s] Level 1:colcon.colcon_core.package_identification:_identify(src/slam_gmapping) by extension 'python'
[0.171s] Level 1:colcon.colcon_core.package_identification:_identify(src/slam_gmapping) by extensions ['python_setup_py']
[0.171s] Level 1:colcon.colcon_core.package_identification:_identify(src/slam_gmapping) by extension 'python_setup_py'
[0.171s] Level 1:colcon.colcon_core.package_identification:_identify(src/slam_gmapping/openslam_gmapping) by extensions ['ignore', 'ignore_ament_install']
[0.172s] Level 1:colcon.colcon_core.package_identification:_identify(src/slam_gmapping/openslam_gmapping) by extension 'ignore'
[0.172s] Level 1:colcon.colcon_core.package_identification:_identify(src/slam_gmapping/openslam_gmapping) by extension 'ignore_ament_install'
[0.172s] Level 1:colcon.colcon_core.package_identification:_identify(src/slam_gmapping/openslam_gmapping) by extensions ['colcon_pkg']
[0.172s] Level 1:colcon.colcon_core.package_identification:_identify(src/slam_gmapping/openslam_gmapping) by extension 'colcon_pkg'
[0.172s] Level 1:colcon.colcon_core.package_identification:_identify(src/slam_gmapping/openslam_gmapping) by extensions ['colcon_meta']
[0.172s] Level 1:colcon.colcon_core.package_identification:_identify(src/slam_gmapping/openslam_gmapping) by extension 'colcon_meta'
[0.172s] Level 1:colcon.colcon_core.package_identification:_identify(src/slam_gmapping/openslam_gmapping) by extensions ['ros']
[0.172s] Level 1:colcon.colcon_core.package_identification:_identify(src/slam_gmapping/openslam_gmapping) by extension 'ros'
[0.172s] DEBUG:colcon.colcon_core.package_identification:Package 'src/slam_gmapping/openslam_gmapping' with type 'ros.ament_cmake' and name 'openslam_gmapping'
[0.172s] Level 1:colcon.colcon_core.package_identification:_identify(src/slam_gmapping/slam_gmapping) by extensions ['ignore', 'ignore_ament_install']
[0.172s] Level 1:colcon.colcon_core.package_identification:_identify(src/slam_gmapping/slam_gmapping) by extension 'ignore'
[0.173s] Level 1:colcon.colcon_core.package_identification:_identify(src/slam_gmapping/slam_gmapping) by extension 'ignore_ament_install'
[0.173s] Level 1:colcon.colcon_core.package_identification:_identify(src/slam_gmapping/slam_gmapping) by extensions ['colcon_pkg']
[0.173s] Level 1:colcon.colcon_core.package_identification:_identify(src/slam_gmapping/slam_gmapping) by extension 'colcon_pkg'
[0.173s] Level 1:colcon.colcon_core.package_identification:_identify(src/slam_gmapping/slam_gmapping) by extensions ['colcon_meta']
[0.173s] Level 1:colcon.colcon_core.package_identification:_identify(src/slam_gmapping/slam_gmapping) by extension 'colcon_meta'
[0.173s] Level 1:colcon.colcon_core.package_identification:_identify(src/slam_gmapping/slam_gmapping) by extensions ['ros']
[0.173s] Level 1:colcon.colcon_core.package_identification:_identify(src/slam_gmapping/slam_gmapping) by extension 'ros'
[0.174s] DEBUG:colcon.colcon_core.package_identification:Package 'src/slam_gmapping/slam_gmapping' with type 'ros.ament_cmake' and name 'slam_gmapping'
[0.174s] Level 1:colcon.colcon_core.package_discovery:discover_packages(recursive) using defaults
[0.174s] Level 1:colcon.colcon_core.package_discovery:discover_packages(ignore) discover
[0.174s] Level 1:colcon.colcon_core.package_discovery:discover_packages(ignore) using defaults
[0.174s] Level 1:colcon.colcon_core.package_discovery:discover_packages(path) discover
[0.174s] Level 1:colcon.colcon_core.package_discovery:discover_packages(path) using defaults
[0.191s] Level 1:colcon.colcon_core.package_discovery:discover_packages(prefix_path) check parameters
[0.191s] Level 1:colcon.colcon_core.package_discovery:discover_packages(prefix_path) discover
[0.193s] DEBUG:colcon.colcon_installed_package_information.package_discovery:Found 6 installed packages in /home/mr-cheng/Desktop/Car/Car_Sim2Real/install
[0.193s] DEBUG:colcon.colcon_installed_package_information.package_discovery:Found 3 installed packages in /home/mr-cheng/Bag/fastdds/install
[0.195s] DEBUG:colcon.colcon_installed_package_information.package_discovery:Found 395 installed packages in /opt/ros/humble
[0.197s] Level 1:colcon.colcon_core.package_discovery:discover_packages(prefix_path) using defaults
[0.252s] Level 5:colcon.colcon_core.verb:set package 'car_nav2' build argument 'cmake_args' from command line to 'None'
[0.253s] Level 5:colcon.colcon_core.verb:set package 'car_nav2' build argument 'cmake_target' from command line to 'None'
[0.253s] Level 5:colcon.colcon_core.verb:set package 'car_nav2' build argument 'cmake_target_skip_unavailable' from command line to 'False'
[0.253s] Level 5:colcon.colcon_core.verb:set package 'car_nav2' build argument 'cmake_clean_cache' from command line to 'False'
[0.253s] Level 5:colcon.colcon_core.verb:set package 'car_nav2' build argument 'cmake_clean_first' from command line to 'False'
[0.253s] Level 5:colcon.colcon_core.verb:set package 'car_nav2' build argument 'cmake_force_configure' from command line to 'False'
[0.253s] Level 5:colcon.colcon_core.verb:set package 'car_nav2' build argument 'ament_cmake_args' from command line to 'None'
[0.253s] Level 5:colcon.colcon_core.verb:set package 'car_nav2' build argument 'catkin_cmake_args' from command line to 'None'
[0.253s] Level 5:colcon.colcon_core.verb:set package 'car_nav2' build argument 'catkin_skip_building_tests' from command line to 'False'
[0.253s] DEBUG:colcon.colcon_core.verb:Building package 'car_nav2' with the following arguments: {'ament_cmake_args': None, 'build_base': '/home/mr-cheng/Desktop/Car/Car_Sim2Real/build/car_nav2', 'catkin_cmake_args': None, 'catkin_skip_building_tests': False, 'cmake_args': None, 'cmake_clean_cache': False, 'cmake_clean_first': False, 'cmake_force_configure': False, 'cmake_target': None, 'cmake_target_skip_unavailable': False, 'install_base': '/home/mr-cheng/Desktop/Car/Car_Sim2Real/install/car_nav2', 'merge_install': False, 'path': '/home/mr-cheng/Desktop/Car/Car_Sim2Real/src/car_nav2', 'symlink_install': False, 'test_result_base': None}
[0.253s] Level 5:colcon.colcon_core.verb:set package 'openslam_gmapping' build argument 'cmake_args' from command line to 'None'
[0.253s] Level 5:colcon.colcon_core.verb:set package 'openslam_gmapping' build argument 'cmake_target' from command line to 'None'
[0.253s] Level 5:colcon.colcon_core.verb:set package 'openslam_gmapping' build argument 'cmake_target_skip_unavailable' from command line to 'False'
[0.253s] Level 5:colcon.colcon_core.verb:set package 'openslam_gmapping' build argument 'cmake_clean_cache' from command line to 'False'
[0.253s] Level 5:colcon.colcon_core.verb:set package 'openslam_gmapping' build argument 'cmake_clean_first' from command line to 'False'
[0.253s] Level 5:colcon.colcon_core.verb:set package 'openslam_gmapping' build argument 'cmake_force_configure' from command line to 'False'
[0.253s] Level 5:colcon.colcon_core.verb:set package 'openslam_gmapping' build argument 'ament_cmake_args' from command line to 'None'
[0.253s] Level 5:colcon.colcon_core.verb:set package 'openslam_gmapping' build argument 'catkin_cmake_args' from command line to 'None'
[0.253s] Level 5:colcon.colcon_core.verb:set package 'openslam_gmapping' build argument 'catkin_skip_building_tests' from command line to 'False'
[0.253s] DEBUG:colcon.colcon_core.verb:Building package 'openslam_gmapping' with the following arguments: {'ament_cmake_args': None, 'build_base': '/home/mr-cheng/Desktop/Car/Car_Sim2Real/build/openslam_gmapping', 'catkin_cmake_args': None, 'catkin_skip_building_tests': False, 'cmake_args': None, 'cmake_clean_cache': False, 'cmake_clean_first': False, 'cmake_force_configure': False, 'cmake_target': None, 'cmake_target_skip_unavailable': False, 'install_base': '/home/mr-cheng/Desktop/Car/Car_Sim2Real/install/openslam_gmapping', 'merge_install': False, 'path': '/home/mr-cheng/Desktop/Car/Car_Sim2Real/src/slam_gmapping/openslam_gmapping', 'symlink_install': False, 'test_result_base': None}
[0.254s] Level 5:colcon.colcon_core.verb:set package 'robot_bringup' build argument 'cmake_args' from command line to 'None'
[0.254s] Level 5:colcon.colcon_core.verb:set package 'robot_bringup' build argument 'cmake_target' from command line to 'None'
[0.254s] Level 5:colcon.colcon_core.verb:set package 'robot_bringup' build argument 'cmake_target_skip_unavailable' from command line to 'False'
[0.254s] Level 5:colcon.colcon_core.verb:set package 'robot_bringup' build argument 'cmake_clean_cache' from command line to 'False'
[0.254s] Level 5:colcon.colcon_core.verb:set package 'robot_bringup' build argument 'cmake_clean_first' from command line to 'False'
[0.254s] Level 5:colcon.colcon_core.verb:set package 'robot_bringup' build argument 'cmake_force_configure' from command line to 'False'
[0.254s] Level 5:colcon.colcon_core.verb:set package 'robot_bringup' build argument 'ament_cmake_args' from command line to 'None'
[0.254s] Level 5:colcon.colcon_core.verb:set package 'robot_bringup' build argument 'catkin_cmake_args' from command line to 'None'
[0.254s] Level 5:colcon.colcon_core.verb:set package 'robot_bringup' build argument 'catkin_skip_building_tests' from command line to 'False'
[0.254s] DEBUG:colcon.colcon_core.verb:Building package 'robot_bringup' with the following arguments: {'ament_cmake_args': None, 'build_base': '/home/mr-cheng/Desktop/Car/Car_Sim2Real/build/robot_bringup', 'catkin_cmake_args': None, 'catkin_skip_building_tests': False, 'cmake_args': None, 'cmake_clean_cache': False, 'cmake_clean_first': False, 'cmake_force_configure': False, 'cmake_target': None, 'cmake_target_skip_unavailable': False, 'install_base': '/home/mr-cheng/Desktop/Car/Car_Sim2Real/install/robot_bringup', 'merge_install': False, 'path': '/home/mr-cheng/Desktop/Car/Car_Sim2Real/src/robot_bringup', 'symlink_install': False, 'test_result_base': None}
[0.254s] Level 5:colcon.colcon_core.verb:set package 'robot_description' build argument 'cmake_args' from command line to 'None'
[0.254s] Level 5:colcon.colcon_core.verb:set package 'robot_description' build argument 'cmake_target' from command line to 'None'
[0.254s] Level 5:colcon.colcon_core.verb:set package 'robot_description' build argument 'cmake_target_skip_unavailable' from command line to 'False'
[0.254s] Level 5:colcon.colcon_core.verb:set package 'robot_description' build argument 'cmake_clean_cache' from command line to 'False'
[0.254s] Level 5:colcon.colcon_core.verb:set package 'robot_description' build argument 'cmake_clean_first' from command line to 'False'
[0.254s] Level 5:colcon.colcon_core.verb:set package 'robot_description' build argument 'cmake_force_configure' from command line to 'False'
[0.254s] Level 5:colcon.colcon_core.verb:set package 'robot_description' build argument 'ament_cmake_args' from command line to 'None'
[0.255s] Level 5:colcon.colcon_core.verb:set package 'robot_description' build argument 'catkin_cmake_args' from command line to 'None'
[0.255s] Level 5:colcon.colcon_core.verb:set package 'robot_description' build argument 'catkin_skip_building_tests' from command line to 'False'
[0.255s] DEBUG:colcon.colcon_core.verb:Building package 'robot_description' with the following arguments: {'ament_cmake_args': None, 'build_base': '/home/mr-cheng/Desktop/Car/Car_Sim2Real/build/robot_description', 'catkin_cmake_args': None, 'catkin_skip_building_tests': False, 'cmake_args': None, 'cmake_clean_cache': False, 'cmake_clean_first': False, 'cmake_force_configure': False, 'cmake_target': None, 'cmake_target_skip_unavailable': False, 'install_base': '/home/mr-cheng/Desktop/Car/Car_Sim2Real/install/robot_description', 'merge_install': False, 'path': '/home/mr-cheng/Desktop/Car/Car_Sim2Real/src/robot_description', 'symlink_install': False, 'test_result_base': None}
[0.255s] Level 5:colcon.colcon_core.verb:set package 'robot_launch' build argument 'cmake_args' from command line to 'None'
[0.255s] Level 5:colcon.colcon_core.verb:set package 'robot_launch' build argument 'cmake_target' from command line to 'None'
[0.255s] Level 5:colcon.colcon_core.verb:set package 'robot_launch' build argument 'cmake_target_skip_unavailable' from command line to 'False'
[0.255s] Level 5:colcon.colcon_core.verb:set package 'robot_launch' build argument 'cmake_clean_cache' from command line to 'False'
[0.255s] Level 5:colcon.colcon_core.verb:set package 'robot_launch' build argument 'cmake_clean_first' from command line to 'False'
[0.255s] Level 5:colcon.colcon_core.verb:set package 'robot_launch' build argument 'cmake_force_configure' from command line to 'False'
[0.255s] Level 5:colcon.colcon_core.verb:set package 'robot_launch' build argument 'ament_cmake_args' from command line to 'None'
[0.255s] Level 5:colcon.colcon_core.verb:set package 'robot_launch' build argument 'catkin_cmake_args' from command line to 'None'
[0.255s] Level 5:colcon.colcon_core.verb:set package 'robot_launch' build argument 'catkin_skip_building_tests' from command line to 'False'
[0.255s] DEBUG:colcon.colcon_core.verb:Building package 'robot_launch' with the following arguments: {'ament_cmake_args': None, 'build_base': '/home/mr-cheng/Desktop/Car/Car_Sim2Real/build/robot_launch', 'catkin_cmake_args': None, 'catkin_skip_building_tests': False, 'cmake_args': None, 'cmake_clean_cache': False, 'cmake_clean_first': False, 'cmake_force_configure': False, 'cmake_target': None, 'cmake_target_skip_unavailable': False, 'install_base': '/home/mr-cheng/Desktop/Car/Car_Sim2Real/install/robot_launch', 'merge_install': False, 'path': '/home/mr-cheng/Desktop/Car/Car_Sim2Real/src/robot_launch', 'symlink_install': False, 'test_result_base': None}
[0.256s] Level 5:colcon.colcon_core.verb:set package 'slam_gmapping' build argument 'cmake_args' from command line to 'None'
[0.256s] Level 5:colcon.colcon_core.verb:set package 'slam_gmapping' build argument 'cmake_target' from command line to 'None'
[0.256s] Level 5:colcon.colcon_core.verb:set package 'slam_gmapping' build argument 'cmake_target_skip_unavailable' from command line to 'False'
[0.256s] Level 5:colcon.colcon_core.verb:set package 'slam_gmapping' build argument 'cmake_clean_cache' from command line to 'False'
[0.256s] Level 5:colcon.colcon_core.verb:set package 'slam_gmapping' build argument 'cmake_clean_first' from command line to 'False'
[0.256s] Level 5:colcon.colcon_core.verb:set package 'slam_gmapping' build argument 'cmake_force_configure' from command line to 'False'
[0.256s] Level 5:colcon.colcon_core.verb:set package 'slam_gmapping' build argument 'ament_cmake_args' from command line to 'None'
[0.256s] Level 5:colcon.colcon_core.verb:set package 'slam_gmapping' build argument 'catkin_cmake_args' from command line to 'None'
[0.256s] Level 5:colcon.colcon_core.verb:set package 'slam_gmapping' build argument 'catkin_skip_building_tests' from command line to 'False'
[0.256s] DEBUG:colcon.colcon_core.verb:Building package 'slam_gmapping' with the following arguments: {'ament_cmake_args': None, 'build_base': '/home/mr-cheng/Desktop/Car/Car_Sim2Real/build/slam_gmapping', 'catkin_cmake_args': None, 'catkin_skip_building_tests': False, 'cmake_args': None, 'cmake_clean_cache': False, 'cmake_clean_first': False, 'cmake_force_configure': False, 'cmake_target': None, 'cmake_target_skip_unavailable': False, 'install_base': '/home/mr-cheng/Desktop/Car/Car_Sim2Real/install/slam_gmapping', 'merge_install': False, 'path': '/home/mr-cheng/Desktop/Car/Car_Sim2Real/src/slam_gmapping/slam_gmapping', 'symlink_install': False, 'test_result_base': None}
[0.256s] INFO:colcon.colcon_core.executor:Executing jobs using 'parallel' executor
[0.257s] DEBUG:colcon.colcon_parallel_executor.executor.parallel:run_until_complete
[0.257s] INFO:colcon.colcon_ros.task.ament_cmake.build:Building ROS package in '/home/mr-cheng/Desktop/Car/Car_Sim2Real/src/slam_gmapping/openslam_gmapping' with build type 'ament_cmake'
[0.257s] INFO:colcon.colcon_cmake.task.cmake.build:Building CMake package in '/home/mr-cheng/Desktop/Car/Car_Sim2Real/src/slam_gmapping/openslam_gmapping'
[0.259s] INFO:colcon.colcon_core.plugin_system:Skipping extension 'colcon_core.shell.bat': Not used on non-Windows systems
[0.259s] INFO:colcon.colcon_core.shell:Skip shell extension 'powershell' for command environment: Not usable outside of PowerShell
[0.259s] DEBUG:colcon.colcon_core.shell:Skip shell extension 'dsv' for command environment
[0.263s] INFO:colcon.colcon_ros.task.ament_cmake.build:Building ROS package in '/home/mr-cheng/Desktop/Car/Car_Sim2Real/src/car_nav2' with build type 'ament_cmake'
[0.263s] INFO:colcon.colcon_cmake.task.cmake.build:Building CMake package in '/home/mr-cheng/Desktop/Car/Car_Sim2Real/src/car_nav2'
[0.263s] INFO:colcon.colcon_core.shell:Skip shell extension 'powershell' for command environment: Not usable outside of PowerShell
[0.264s] DEBUG:colcon.colcon_core.shell:Skip shell extension 'dsv' for command environment
[0.267s] INFO:colcon.colcon_ros.task.ament_cmake.build:Building ROS package in '/home/mr-cheng/Desktop/Car/Car_Sim2Real/src/robot_bringup' with build type 'ament_cmake'
[0.267s] INFO:colcon.colcon_cmake.task.cmake.build:Building CMake package in '/home/mr-cheng/Desktop/Car/Car_Sim2Real/src/robot_bringup'
[0.267s] INFO:colcon.colcon_core.shell:Skip shell extension 'powershell' for command environment: Not usable outside of PowerShell
[0.267s] DEBUG:colcon.colcon_core.shell:Skip shell extension 'dsv' for command environment
[0.271s] INFO:colcon.colcon_ros.task.ament_python.build:Building ROS package in '/home/mr-cheng/Desktop/Car/Car_Sim2Real/src/robot_description' with build type 'ament_python'
[0.271s] Level 1:colcon.colcon_core.shell:create_environment_hook('robot_description', 'ament_prefix_path')
[0.271s] INFO:colcon.colcon_core.shell:Creating environment hook '/home/mr-cheng/Desktop/Car/Car_Sim2Real/install/robot_description/share/robot_description/hook/ament_prefix_path.ps1'
[0.272s] INFO:colcon.colcon_core.shell:Creating environment descriptor '/home/mr-cheng/Desktop/Car/Car_Sim2Real/install/robot_description/share/robot_description/hook/ament_prefix_path.dsv'
[0.272s] INFO:colcon.colcon_core.shell:Creating environment hook '/home/mr-cheng/Desktop/Car/Car_Sim2Real/install/robot_description/share/robot_description/hook/ament_prefix_path.sh'
[0.273s] INFO:colcon.colcon_core.shell:Skip shell extension 'powershell' for command environment: Not usable outside of PowerShell
[0.273s] DEBUG:colcon.colcon_core.shell:Skip shell extension 'dsv' for command environment
[0.276s] INFO:colcon.colcon_ros.task.ament_python.build:Building ROS package in '/home/mr-cheng/Desktop/Car/Car_Sim2Real/src/robot_launch' with build type 'ament_python'
[0.276s] Level 1:colcon.colcon_core.shell:create_environment_hook('robot_launch', 'ament_prefix_path')
[0.276s] INFO:colcon.colcon_core.shell:Creating environment hook '/home/mr-cheng/Desktop/Car/Car_Sim2Real/install/robot_launch/share/robot_launch/hook/ament_prefix_path.ps1'
[0.277s] INFO:colcon.colcon_core.shell:Creating environment descriptor '/home/mr-cheng/Desktop/Car/Car_Sim2Real/install/robot_launch/share/robot_launch/hook/ament_prefix_path.dsv'
[0.277s] INFO:colcon.colcon_core.shell:Creating environment hook '/home/mr-cheng/Desktop/Car/Car_Sim2Real/install/robot_launch/share/robot_launch/hook/ament_prefix_path.sh'
[0.277s] INFO:colcon.colcon_core.shell:Skip shell extension 'powershell' for command environment: Not usable outside of PowerShell
[0.277s] DEBUG:colcon.colcon_core.shell:Skip shell extension 'dsv' for command environment
[0.286s] DEBUG:colcon.colcon_core.event_handler.log_command:Invoking command in '/home/mr-cheng/Desktop/Car/Car_Sim2Real/build/openslam_gmapping': CMAKE_PREFIX_PATH=${CMAKE_PREFIX_PATH}:/home/mr-cheng/Desktop/Car/Car_Sim2Real/install/robot_launch:/home/mr-cheng/Desktop/Car/Car_Sim2Real/install/robot_description:/opt/ros/humble /usr/bin/cmake --build /home/mr-cheng/Desktop/Car/Car_Sim2Real/build/openslam_gmapping -- -j16 -l16
[0.288s] DEBUG:colcon.colcon_core.event_handler.log_command:Invoking command in '/home/mr-cheng/Desktop/Car/Car_Sim2Real/build/car_nav2': CMAKE_PREFIX_PATH=${CMAKE_PREFIX_PATH}:/home/mr-cheng/Desktop/Car/Car_Sim2Real/install/robot_launch:/home/mr-cheng/Desktop/Car/Car_Sim2Real/install/robot_description:/opt/ros/humble /usr/bin/cmake --build /home/mr-cheng/Desktop/Car/Car_Sim2Real/build/car_nav2 -- -j16 -l16
[0.290s] DEBUG:colcon.colcon_core.event_handler.log_command:Invoking command in '/home/mr-cheng/Desktop/Car/Car_Sim2Real/build/robot_bringup': CMAKE_PREFIX_PATH=${CMAKE_PREFIX_PATH}:/home/mr-cheng/Desktop/Car/Car_Sim2Real/install/robot_launch:/home/mr-cheng/Desktop/Car/Car_Sim2Real/install/robot_description:/opt/ros/humble /usr/bin/cmake --build /home/mr-cheng/Desktop/Car/Car_Sim2Real/build/robot_bringup -- -j16 -l16
[0.493s] INFO:colcon.colcon_core.task.python.build:Building Python package in '/home/mr-cheng/Desktop/Car/Car_Sim2Real/src/robot_description'
[0.493s] INFO:colcon.colcon_core.shell:Skip shell extension 'powershell' for command environment: Not usable outside of PowerShell
[0.493s] DEBUG:colcon.colcon_core.shell:Skip shell extension 'dsv' for command environment
[0.692s] INFO:colcon.colcon_core.task.python.build:Building Python package in '/home/mr-cheng/Desktop/Car/Car_Sim2Real/src/robot_launch'
[0.692s] INFO:colcon.colcon_core.shell:Skip shell extension 'powershell' for command environment: Not usable outside of PowerShell
[0.692s] DEBUG:colcon.colcon_core.shell:Skip shell extension 'dsv' for command environment
[0.697s] DEBUG:colcon.colcon_core.event_handler.log_command:Invoked command in '/home/mr-cheng/Desktop/Car/Car_Sim2Real/build/car_nav2' returned '0': CMAKE_PREFIX_PATH=${CMAKE_PREFIX_PATH}:/home/mr-cheng/Desktop/Car/Car_Sim2Real/install/robot_launch:/home/mr-cheng/Desktop/Car/Car_Sim2Real/install/robot_description:/opt/ros/humble /usr/bin/cmake --build /home/mr-cheng/Desktop/Car/Car_Sim2Real/build/car_nav2 -- -j16 -l16
[0.698s] DEBUG:colcon.colcon_core.event_handler.log_command:Invoked command in '/home/mr-cheng/Desktop/Car/Car_Sim2Real/build/openslam_gmapping' returned '0': CMAKE_PREFIX_PATH=${CMAKE_PREFIX_PATH}:/home/mr-cheng/Desktop/Car/Car_Sim2Real/install/robot_launch:/home/mr-cheng/Desktop/Car/Car_Sim2Real/install/robot_description:/opt/ros/humble /usr/bin/cmake --build /home/mr-cheng/Desktop/Car/Car_Sim2Real/build/openslam_gmapping -- -j16 -l16
[0.723s] DEBUG:colcon.colcon_core.event_handler.log_command:Invoking command in '/home/mr-cheng/Desktop/Car/Car_Sim2Real/build/car_nav2': CMAKE_PREFIX_PATH=${CMAKE_PREFIX_PATH}:/home/mr-cheng/Desktop/Car/Car_Sim2Real/install/robot_launch:/home/mr-cheng/Desktop/Car/Car_Sim2Real/install/robot_description:/opt/ros/humble /usr/bin/cmake --install /home/mr-cheng/Desktop/Car/Car_Sim2Real/build/car_nav2
[0.725s] DEBUG:colcon.colcon_core.event_handler.log_command:Invoking command in '/home/mr-cheng/Desktop/Car/Car_Sim2Real/build/openslam_gmapping': CMAKE_PREFIX_PATH=${CMAKE_PREFIX_PATH}:/home/mr-cheng/Desktop/Car/Car_Sim2Real/install/robot_launch:/home/mr-cheng/Desktop/Car/Car_Sim2Real/install/robot_description:/opt/ros/humble /usr/bin/cmake --install /home/mr-cheng/Desktop/Car/Car_Sim2Real/build/openslam_gmapping
[0.733s] Level 1:colcon.colcon_core.environment:create_environment_scripts_only(car_nav2)
[0.738s] DEBUG:colcon.colcon_core.event_handler.log_command:Invoked command in '/home/mr-cheng/Desktop/Car/Car_Sim2Real/build/car_nav2' returned '0': CMAKE_PREFIX_PATH=${CMAKE_PREFIX_PATH}:/home/mr-cheng/Desktop/Car/Car_Sim2Real/install/robot_launch:/home/mr-cheng/Desktop/Car/Car_Sim2Real/install/robot_description:/opt/ros/humble /usr/bin/cmake --install /home/mr-cheng/Desktop/Car/Car_Sim2Real/build/car_nav2
[0.739s] Level 1:colcon.colcon_core.environment:checking '/home/mr-cheng/Desktop/Car/Car_Sim2Real/install/car_nav2' for CMake module files
[0.740s] Level 1:colcon.colcon_core.environment:checking '/home/mr-cheng/Desktop/Car/Car_Sim2Real/install/car_nav2' for CMake config files
[0.740s] Level 1:colcon.colcon_core.shell:create_environment_hook('car_nav2', 'cmake_prefix_path')
[0.740s] INFO:colcon.colcon_core.shell:Creating environment hook '/home/mr-cheng/Desktop/Car/Car_Sim2Real/install/car_nav2/share/car_nav2/hook/cmake_prefix_path.ps1'
[0.740s] INFO:colcon.colcon_core.shell:Creating environment descriptor '/home/mr-cheng/Desktop/Car/Car_Sim2Real/install/car_nav2/share/car_nav2/hook/cmake_prefix_path.dsv'
[0.741s] INFO:colcon.colcon_core.shell:Creating environment hook '/home/mr-cheng/Desktop/Car/Car_Sim2Real/install/car_nav2/share/car_nav2/hook/cmake_prefix_path.sh'
[0.741s] Level 1:colcon.colcon_core.environment:checking '/home/mr-cheng/Desktop/Car/Car_Sim2Real/install/car_nav2/bin'
[0.741s] Level 1:colcon.colcon_core.environment:checking '/home/mr-cheng/Desktop/Car/Car_Sim2Real/install/car_nav2/lib/pkgconfig/car_nav2.pc'
[0.742s] Level 1:colcon.colcon_core.environment:checking '/home/mr-cheng/Desktop/Car/Car_Sim2Real/install/car_nav2/lib/python3.10/site-packages'
[0.742s] Level 1:colcon.colcon_core.environment:checking '/home/mr-cheng/Desktop/Car/Car_Sim2Real/install/car_nav2/bin'
[0.742s] INFO:colcon.colcon_core.shell:Creating package script '/home/mr-cheng/Desktop/Car/Car_Sim2Real/install/car_nav2/share/car_nav2/package.ps1'
[0.743s] INFO:colcon.colcon_core.shell:Creating package descriptor '/home/mr-cheng/Desktop/Car/Car_Sim2Real/install/car_nav2/share/car_nav2/package.dsv'
[0.743s] INFO:colcon.colcon_core.shell:Creating package script '/home/mr-cheng/Desktop/Car/Car_Sim2Real/install/car_nav2/share/car_nav2/package.sh'
[0.744s] INFO:colcon.colcon_core.shell:Creating package script '/home/mr-cheng/Desktop/Car/Car_Sim2Real/install/car_nav2/share/car_nav2/package.bash'
[0.745s] INFO:colcon.colcon_core.shell:Creating package script '/home/mr-cheng/Desktop/Car/Car_Sim2Real/install/car_nav2/share/car_nav2/package.zsh'
[0.745s] Level 1:colcon.colcon_core.environment:create_file_with_runtime_dependencies(/home/mr-cheng/Desktop/Car/Car_Sim2Real/install/car_nav2/share/colcon-core/packages/car_nav2)
[0.747s] Level 1:colcon.colcon_core.environment:create_environment_scripts_only(openslam_gmapping)
[0.747s] Level 1:colcon.colcon_core.environment:checking '/home/mr-cheng/Desktop/Car/Car_Sim2Real/install/openslam_gmapping' for CMake module files
[0.747s] DEBUG:colcon.colcon_core.event_handler.log_command:Invoked command in '/home/mr-cheng/Desktop/Car/Car_Sim2Real/build/openslam_gmapping' returned '0': CMAKE_PREFIX_PATH=${CMAKE_PREFIX_PATH}:/home/mr-cheng/Desktop/Car/Car_Sim2Real/install/robot_launch:/home/mr-cheng/Desktop/Car/Car_Sim2Real/install/robot_description:/opt/ros/humble /usr/bin/cmake --install /home/mr-cheng/Desktop/Car/Car_Sim2Real/build/openslam_gmapping
[0.748s] Level 1:colcon.colcon_core.environment:checking '/home/mr-cheng/Desktop/Car/Car_Sim2Real/install/openslam_gmapping' for CMake config files
[0.748s] Level 1:colcon.colcon_core.shell:create_environment_hook('openslam_gmapping', 'cmake_prefix_path')
[0.748s] INFO:colcon.colcon_core.shell:Creating environment hook '/home/mr-cheng/Desktop/Car/Car_Sim2Real/install/openslam_gmapping/share/openslam_gmapping/hook/cmake_prefix_path.ps1'
[0.748s] INFO:colcon.colcon_core.shell:Creating environment descriptor '/home/mr-cheng/Desktop/Car/Car_Sim2Real/install/openslam_gmapping/share/openslam_gmapping/hook/cmake_prefix_path.dsv'
[0.749s] INFO:colcon.colcon_core.shell:Creating environment hook '/home/mr-cheng/Desktop/Car/Car_Sim2Real/install/openslam_gmapping/share/openslam_gmapping/hook/cmake_prefix_path.sh'
[0.749s] Level 1:colcon.colcon_core.environment:checking '/home/mr-cheng/Desktop/Car/Car_Sim2Real/install/openslam_gmapping/lib'
[0.749s] Level 1:colcon.colcon_core.environment:checking '/home/mr-cheng/Desktop/Car/Car_Sim2Real/install/openslam_gmapping/bin'
[0.749s] Level 1:colcon.colcon_core.environment:checking '/home/mr-cheng/Desktop/Car/Car_Sim2Real/install/openslam_gmapping/lib/pkgconfig/openslam_gmapping.pc'
[0.750s] Level 1:colcon.colcon_core.environment:checking '/home/mr-cheng/Desktop/Car/Car_Sim2Real/install/openslam_gmapping/lib/python3.10/site-packages'
[0.750s] Level 1:colcon.colcon_core.environment:checking '/home/mr-cheng/Desktop/Car/Car_Sim2Real/install/openslam_gmapping/bin'
[0.750s] INFO:colcon.colcon_core.shell:Creating package script '/home/mr-cheng/Desktop/Car/Car_Sim2Real/install/openslam_gmapping/share/openslam_gmapping/package.ps1'
[0.750s] INFO:colcon.colcon_core.shell:Creating package descriptor '/home/mr-cheng/Desktop/Car/Car_Sim2Real/install/openslam_gmapping/share/openslam_gmapping/package.dsv'
[0.751s] INFO:colcon.colcon_core.shell:Creating package script '/home/mr-cheng/Desktop/Car/Car_Sim2Real/install/openslam_gmapping/share/openslam_gmapping/package.sh'
[0.751s] INFO:colcon.colcon_core.shell:Creating package script '/home/mr-cheng/Desktop/Car/Car_Sim2Real/install/openslam_gmapping/share/openslam_gmapping/package.bash'
[0.751s] INFO:colcon.colcon_core.shell:Creating package script '/home/mr-cheng/Desktop/Car/Car_Sim2Real/install/openslam_gmapping/share/openslam_gmapping/package.zsh'
[0.752s] Level 1:colcon.colcon_core.environment:create_file_with_runtime_dependencies(/home/mr-cheng/Desktop/Car/Car_Sim2Real/install/openslam_gmapping/share/colcon-core/packages/openslam_gmapping)
[0.763s] Level 1:colcon.colcon_core.environment:create_environment_scripts_only(car_nav2)
[0.764s] Level 1:colcon.colcon_core.environment:checking '/home/mr-cheng/Desktop/Car/Car_Sim2Real/install/car_nav2' for CMake module files
[0.764s] Level 1:colcon.colcon_core.environment:checking '/home/mr-cheng/Desktop/Car/Car_Sim2Real/install/car_nav2' for CMake config files
[0.764s] Level 1:colcon.colcon_core.shell:create_environment_hook('car_nav2', 'cmake_prefix_path')
[0.765s] INFO:colcon.colcon_core.shell:Creating environment hook '/home/mr-cheng/Desktop/Car/Car_Sim2Real/install/car_nav2/share/car_nav2/hook/cmake_prefix_path.ps1'
[0.765s] INFO:colcon.colcon_core.shell:Creating environment descriptor '/home/mr-cheng/Desktop/Car/Car_Sim2Real/install/car_nav2/share/car_nav2/hook/cmake_prefix_path.dsv'
[0.765s] INFO:colcon.colcon_core.shell:Creating environment hook '/home/mr-cheng/Desktop/Car/Car_Sim2Real/install/car_nav2/share/car_nav2/hook/cmake_prefix_path.sh'
[0.766s] Level 1:colcon.colcon_core.environment:checking '/home/mr-cheng/Desktop/Car/Car_Sim2Real/install/car_nav2/bin'
[0.766s] Level 1:colcon.colcon_core.environment:checking '/home/mr-cheng/Desktop/Car/Car_Sim2Real/install/car_nav2/lib/pkgconfig/car_nav2.pc'
[0.766s] Level 1:colcon.colcon_core.environment:checking '/home/mr-cheng/Desktop/Car/Car_Sim2Real/install/car_nav2/lib/python3.10/site-packages'
[0.766s] Level 1:colcon.colcon_core.environment:checking '/home/mr-cheng/Desktop/Car/Car_Sim2Real/install/car_nav2/bin'
[0.766s] INFO:colcon.colcon_core.shell:Creating package script '/home/mr-cheng/Desktop/Car/Car_Sim2Real/install/car_nav2/share/car_nav2/package.ps1'
[0.767s] INFO:colcon.colcon_core.shell:Creating package descriptor '/home/mr-cheng/Desktop/Car/Car_Sim2Real/install/car_nav2/share/car_nav2/package.dsv'
[0.767s] INFO:colcon.colcon_core.shell:Creating package script '/home/mr-cheng/Desktop/Car/Car_Sim2Real/install/car_nav2/share/car_nav2/package.sh'
[0.767s] INFO:colcon.colcon_core.shell:Creating package script '/home/mr-cheng/Desktop/Car/Car_Sim2Real/install/car_nav2/share/car_nav2/package.bash'
[0.768s] INFO:colcon.colcon_core.shell:Creating package script '/home/mr-cheng/Desktop/Car/Car_Sim2Real/install/car_nav2/share/car_nav2/package.zsh'
[0.768s] Level 1:colcon.colcon_core.environment:create_file_with_runtime_dependencies(/home/mr-cheng/Desktop/Car/Car_Sim2Real/install/car_nav2/share/colcon-core/packages/car_nav2)
[0.774s] Level 1:colcon.colcon_core.environment:create_environment_scripts_only(openslam_gmapping)
[0.774s] Level 1:colcon.colcon_core.environment:checking '/home/mr-cheng/Desktop/Car/Car_Sim2Real/install/openslam_gmapping' for CMake module files
[0.774s] Level 1:colcon.colcon_core.environment:checking '/home/mr-cheng/Desktop/Car/Car_Sim2Real/install/openslam_gmapping' for CMake config files
[0.775s] Level 1:colcon.colcon_core.shell:create_environment_hook('openslam_gmapping', 'cmake_prefix_path')
[0.775s] INFO:colcon.colcon_core.shell:Creating environment hook '/home/mr-cheng/Desktop/Car/Car_Sim2Real/install/openslam_gmapping/share/openslam_gmapping/hook/cmake_prefix_path.ps1'
[0.775s] INFO:colcon.colcon_core.shell:Creating environment descriptor '/home/mr-cheng/Desktop/Car/Car_Sim2Real/install/openslam_gmapping/share/openslam_gmapping/hook/cmake_prefix_path.dsv'
[0.775s] INFO:colcon.colcon_core.shell:Creating environment hook '/home/mr-cheng/Desktop/Car/Car_Sim2Real/install/openslam_gmapping/share/openslam_gmapping/hook/cmake_prefix_path.sh'
[0.776s] Level 1:colcon.colcon_core.environment:checking '/home/mr-cheng/Desktop/Car/Car_Sim2Real/install/openslam_gmapping/lib'
[0.776s] Level 1:colcon.colcon_core.environment:checking '/home/mr-cheng/Desktop/Car/Car_Sim2Real/install/openslam_gmapping/bin'
[0.776s] Level 1:colcon.colcon_core.environment:checking '/home/mr-cheng/Desktop/Car/Car_Sim2Real/install/openslam_gmapping/lib/pkgconfig/openslam_gmapping.pc'
[0.776s] Level 1:colcon.colcon_core.environment:checking '/home/mr-cheng/Desktop/Car/Car_Sim2Real/install/openslam_gmapping/lib/python3.10/site-packages'
[0.776s] Level 1:colcon.colcon_core.environment:checking '/home/mr-cheng/Desktop/Car/Car_Sim2Real/install/openslam_gmapping/bin'
[0.777s] INFO:colcon.colcon_core.shell:Creating package script '/home/mr-cheng/Desktop/Car/Car_Sim2Real/install/openslam_gmapping/share/openslam_gmapping/package.ps1'
[0.777s] INFO:colcon.colcon_core.shell:Creating package descriptor '/home/mr-cheng/Desktop/Car/Car_Sim2Real/install/openslam_gmapping/share/openslam_gmapping/package.dsv'
[0.778s] INFO:colcon.colcon_core.shell:Creating package script '/home/mr-cheng/Desktop/Car/Car_Sim2Real/install/openslam_gmapping/share/openslam_gmapping/package.sh'
[0.778s] INFO:colcon.colcon_core.shell:Creating package script '/home/mr-cheng/Desktop/Car/Car_Sim2Real/install/openslam_gmapping/share/openslam_gmapping/package.bash'
[0.778s] INFO:colcon.colcon_core.shell:Creating package script '/home/mr-cheng/Desktop/Car/Car_Sim2Real/install/openslam_gmapping/share/openslam_gmapping/package.zsh'
[0.779s] Level 1:colcon.colcon_core.environment:create_file_with_runtime_dependencies(/home/mr-cheng/Desktop/Car/Car_Sim2Real/install/openslam_gmapping/share/colcon-core/packages/openslam_gmapping)
[0.779s] INFO:colcon.colcon_ros.task.ament_cmake.build:Building ROS package in '/home/mr-cheng/Desktop/Car/Car_Sim2Real/src/slam_gmapping/slam_gmapping' with build type 'ament_cmake'
[0.779s] INFO:colcon.colcon_cmake.task.cmake.build:Building CMake package in '/home/mr-cheng/Desktop/Car/Car_Sim2Real/src/slam_gmapping/slam_gmapping'
[0.779s] INFO:colcon.colcon_core.shell:Skip shell extension 'powershell' for command environment: Not usable outside of PowerShell
[0.779s] DEBUG:colcon.colcon_core.shell:Skip shell extension 'dsv' for command environment
[0.789s] DEBUG:colcon.colcon_core.event_handler.log_command:Invoking command in '/home/mr-cheng/Desktop/Car/Car_Sim2Real/build/slam_gmapping': CMAKE_PREFIX_PATH=/home/mr-cheng/Desktop/Car/Car_Sim2Real/install/openslam_gmapping:/home/mr-cheng/Desktop/Car/Car_Sim2Real/install/slam_gmapping:/home/mr-cheng/Desktop/Car/Car_Sim2Real/install/robot_bringup:/home/mr-cheng/Desktop/Car/Car_Sim2Real/install/car_nav2:/home/mr-cheng/Bag/fastdds/install/fastrtps:/home/mr-cheng/Bag/fastdds/install/foonathan_memory_vendor:/home/mr-cheng/Bag/fastdds/install/fastcdr:/home/mr-cheng/Desktop/Car/Car_Sim2Real/install/robot_launch:/home/mr-cheng/Desktop/Car/Car_Sim2Real/install/robot_description:/opt/ros/humble /usr/bin/cmake --build /home/mr-cheng/Desktop/Car/Car_Sim2Real/build/slam_gmapping -- -j16 -l16
[0.852s] DEBUG:colcon.colcon_core.event_handler.log_command:Invoked command in '/home/mr-cheng/Desktop/Car/Car_Sim2Real/build/slam_gmapping' returned '0': CMAKE_PREFIX_PATH=/home/mr-cheng/Desktop/Car/Car_Sim2Real/install/openslam_gmapping:/home/mr-cheng/Desktop/Car/Car_Sim2Real/install/slam_gmapping:/home/mr-cheng/Desktop/Car/Car_Sim2Real/install/robot_bringup:/home/mr-cheng/Desktop/Car/Car_Sim2Real/install/car_nav2:/home/mr-cheng/Bag/fastdds/install/fastrtps:/home/mr-cheng/Bag/fastdds/install/foonathan_memory_vendor:/home/mr-cheng/Bag/fastdds/install/fastcdr:/home/mr-cheng/Desktop/Car/Car_Sim2Real/install/robot_launch:/home/mr-cheng/Desktop/Car/Car_Sim2Real/install/robot_description:/opt/ros/humble /usr/bin/cmake --build /home/mr-cheng/Desktop/Car/Car_Sim2Real/build/slam_gmapping -- -j16 -l16
[0.875s] DEBUG:colcon.colcon_core.event_handler.log_command:Invoking command in '/home/mr-cheng/Desktop/Car/Car_Sim2Real/build/slam_gmapping': CMAKE_PREFIX_PATH=/home/mr-cheng/Desktop/Car/Car_Sim2Real/install/openslam_gmapping:/home/mr-cheng/Desktop/Car/Car_Sim2Real/install/slam_gmapping:/home/mr-cheng/Desktop/Car/Car_Sim2Real/install/robot_bringup:/home/mr-cheng/Desktop/Car/Car_Sim2Real/install/car_nav2:/home/mr-cheng/Bag/fastdds/install/fastrtps:/home/mr-cheng/Bag/fastdds/install/foonathan_memory_vendor:/home/mr-cheng/Bag/fastdds/install/fastcdr:/home/mr-cheng/Desktop/Car/Car_Sim2Real/install/robot_launch:/home/mr-cheng/Desktop/Car/Car_Sim2Real/install/robot_description:/opt/ros/humble /usr/bin/cmake --install /home/mr-cheng/Desktop/Car/Car_Sim2Real/build/slam_gmapping
[0.884s] Level 1:colcon.colcon_core.environment:create_environment_scripts_only(slam_gmapping)
[0.885s] Level 1:colcon.colcon_core.environment:checking '/home/mr-cheng/Desktop/Car/Car_Sim2Real/install/slam_gmapping' for CMake module files
[0.885s] DEBUG:colcon.colcon_core.event_handler.log_command:Invoked command in '/home/mr-cheng/Desktop/Car/Car_Sim2Real/build/slam_gmapping' returned '0': CMAKE_PREFIX_PATH=/home/mr-cheng/Desktop/Car/Car_Sim2Real/install/openslam_gmapping:/home/mr-cheng/Desktop/Car/Car_Sim2Real/install/slam_gmapping:/home/mr-cheng/Desktop/Car/Car_Sim2Real/install/robot_bringup:/home/mr-cheng/Desktop/Car/Car_Sim2Real/install/car_nav2:/home/mr-cheng/Bag/fastdds/install/fastrtps:/home/mr-cheng/Bag/fastdds/install/foonathan_memory_vendor:/home/mr-cheng/Bag/fastdds/install/fastcdr:/home/mr-cheng/Desktop/Car/Car_Sim2Real/install/robot_launch:/home/mr-cheng/Desktop/Car/Car_Sim2Real/install/robot_description:/opt/ros/humble /usr/bin/cmake --install /home/mr-cheng/Desktop/Car/Car_Sim2Real/build/slam_gmapping
[0.885s] Level 1:colcon.colcon_core.environment:checking '/home/mr-cheng/Desktop/Car/Car_Sim2Real/install/slam_gmapping' for CMake config files
[0.886s] Level 1:colcon.colcon_core.shell:create_environment_hook('slam_gmapping', 'cmake_prefix_path')
[0.886s] INFO:colcon.colcon_core.shell:Creating environment hook '/home/mr-cheng/Desktop/Car/Car_Sim2Real/install/slam_gmapping/share/slam_gmapping/hook/cmake_prefix_path.ps1'
[0.886s] INFO:colcon.colcon_core.shell:Creating environment descriptor '/home/mr-cheng/Desktop/Car/Car_Sim2Real/install/slam_gmapping/share/slam_gmapping/hook/cmake_prefix_path.dsv'
[0.886s] INFO:colcon.colcon_core.shell:Creating environment hook '/home/mr-cheng/Desktop/Car/Car_Sim2Real/install/slam_gmapping/share/slam_gmapping/hook/cmake_prefix_path.sh'
[0.887s] Level 1:colcon.colcon_core.environment:checking '/home/mr-cheng/Desktop/Car/Car_Sim2Real/install/slam_gmapping/lib'
[0.887s] Level 1:colcon.colcon_core.environment:checking '/home/mr-cheng/Desktop/Car/Car_Sim2Real/install/slam_gmapping/bin'
[0.887s] Level 1:colcon.colcon_core.environment:checking '/home/mr-cheng/Desktop/Car/Car_Sim2Real/install/slam_gmapping/lib/pkgconfig/slam_gmapping.pc'
[0.887s] Level 1:colcon.colcon_core.environment:checking '/home/mr-cheng/Desktop/Car/Car_Sim2Real/install/slam_gmapping/lib/python3.10/site-packages'
[0.887s] Level 1:colcon.colcon_core.environment:checking '/home/mr-cheng/Desktop/Car/Car_Sim2Real/install/slam_gmapping/bin'
[0.888s] INFO:colcon.colcon_core.shell:Creating package script '/home/mr-cheng/Desktop/Car/Car_Sim2Real/install/slam_gmapping/share/slam_gmapping/package.ps1'
[0.888s] INFO:colcon.colcon_core.shell:Creating package descriptor '/home/mr-cheng/Desktop/Car/Car_Sim2Real/install/slam_gmapping/share/slam_gmapping/package.dsv'
[0.888s] INFO:colcon.colcon_core.shell:Creating package script '/home/mr-cheng/Desktop/Car/Car_Sim2Real/install/slam_gmapping/share/slam_gmapping/package.sh'
[0.889s] INFO:colcon.colcon_core.shell:Creating package script '/home/mr-cheng/Desktop/Car/Car_Sim2Real/install/slam_gmapping/share/slam_gmapping/package.bash'
[0.889s] INFO:colcon.colcon_core.shell:Creating package script '/home/mr-cheng/Desktop/Car/Car_Sim2Real/install/slam_gmapping/share/slam_gmapping/package.zsh'
[0.889s] Level 1:colcon.colcon_core.environment:create_file_with_runtime_dependencies(/home/mr-cheng/Desktop/Car/Car_Sim2Real/install/slam_gmapping/share/colcon-core/packages/slam_gmapping)
[0.910s] Level 1:colcon.colcon_core.environment:create_environment_scripts_only(slam_gmapping)
[0.911s] Level 1:colcon.colcon_core.environment:checking '/home/mr-cheng/Desktop/Car/Car_Sim2Real/install/slam_gmapping' for CMake module files
[0.911s] Level 1:colcon.colcon_core.environment:checking '/home/mr-cheng/Desktop/Car/Car_Sim2Real/install/slam_gmapping' for CMake config files
[0.911s] Level 1:colcon.colcon_core.shell:create_environment_hook('slam_gmapping', 'cmake_prefix_path')
[0.912s] INFO:colcon.colcon_core.shell:Creating environment hook '/home/mr-cheng/Desktop/Car/Car_Sim2Real/install/slam_gmapping/share/slam_gmapping/hook/cmake_prefix_path.ps1'
[0.912s] INFO:colcon.colcon_core.shell:Creating environment descriptor '/home/mr-cheng/Desktop/Car/Car_Sim2Real/install/slam_gmapping/share/slam_gmapping/hook/cmake_prefix_path.dsv'
[0.912s] INFO:colcon.colcon_core.shell:Creating environment hook '/home/mr-cheng/Desktop/Car/Car_Sim2Real/install/slam_gmapping/share/slam_gmapping/hook/cmake_prefix_path.sh'
[0.913s] Level 1:colcon.colcon_core.environment:checking '/home/mr-cheng/Desktop/Car/Car_Sim2Real/install/slam_gmapping/lib'
[0.913s] Level 1:colcon.colcon_core.environment:checking '/home/mr-cheng/Desktop/Car/Car_Sim2Real/install/slam_gmapping/bin'
[0.913s] Level 1:colcon.colcon_core.environment:checking '/home/mr-cheng/Desktop/Car/Car_Sim2Real/install/slam_gmapping/lib/pkgconfig/slam_gmapping.pc'
[0.913s] Level 1:colcon.colcon_core.environment:checking '/home/mr-cheng/Desktop/Car/Car_Sim2Real/install/slam_gmapping/lib/python3.10/site-packages'
[0.913s] Level 1:colcon.colcon_core.environment:checking '/home/mr-cheng/Desktop/Car/Car_Sim2Real/install/slam_gmapping/bin'
[0.914s] INFO:colcon.colcon_core.shell:Creating package script '/home/mr-cheng/Desktop/Car/Car_Sim2Real/install/slam_gmapping/share/slam_gmapping/package.ps1'
[0.914s] INFO:colcon.colcon_core.shell:Creating package descriptor '/home/mr-cheng/Desktop/Car/Car_Sim2Real/install/slam_gmapping/share/slam_gmapping/package.dsv'
[0.914s] INFO:colcon.colcon_core.shell:Creating package script '/home/mr-cheng/Desktop/Car/Car_Sim2Real/install/slam_gmapping/share/slam_gmapping/package.sh'
[0.915s] INFO:colcon.colcon_core.shell:Creating package script '/home/mr-cheng/Desktop/Car/Car_Sim2Real/install/slam_gmapping/share/slam_gmapping/package.bash'
[0.915s] INFO:colcon.colcon_core.shell:Creating package script '/home/mr-cheng/Desktop/Car/Car_Sim2Real/install/slam_gmapping/share/slam_gmapping/package.zsh'
[0.915s] Level 1:colcon.colcon_core.environment:create_file_with_runtime_dependencies(/home/mr-cheng/Desktop/Car/Car_Sim2Real/install/slam_gmapping/share/colcon-core/packages/slam_gmapping)
[1.301s] DEBUG:colcon.colcon_core.event_handler.log_command:Invoking command in '/home/mr-cheng/Desktop/Car/Car_Sim2Real/src/robot_launch': PYTHONPATH=/home/mr-cheng/Desktop/Car/Car_Sim2Real/build/robot_launch/prefix_override:/home/mr-cheng/Desktop/Car/Car_Sim2Real/install/robot_launch/lib/python3.10/site-packages:${PYTHONPATH} /usr/bin/python3 -W ignore:setup.py install is deprecated setup.py egg_info --egg-base ../../build/robot_launch build --build-base /home/mr-cheng/Desktop/Car/Car_Sim2Real/build/robot_launch/build install --record /home/mr-cheng/Desktop/Car/Car_Sim2Real/build/robot_launch/install.log --single-version-externally-managed install_data
[1.341s] DEBUG:colcon.colcon_core.event_handler.log_command:Invoking command in '/home/mr-cheng/Desktop/Car/Car_Sim2Real/src/robot_description': PYTHONPATH=/home/mr-cheng/Desktop/Car/Car_Sim2Real/build/robot_description/prefix_override:/home/mr-cheng/Desktop/Car/Car_Sim2Real/install/robot_description/lib/python3.10/site-packages:${PYTHONPATH} /usr/bin/python3 -W ignore:setup.py install is deprecated setup.py egg_info --egg-base ../../build/robot_description build --build-base /home/mr-cheng/Desktop/Car/Car_Sim2Real/build/robot_description/build install --record /home/mr-cheng/Desktop/Car/Car_Sim2Real/build/robot_description/install.log --single-version-externally-managed install_data
[1.867s] Level 1:colcon.colcon_core.environment:checking '/home/mr-cheng/Desktop/Car/Car_Sim2Real/install/robot_launch' for CMake module files
[1.868s] DEBUG:colcon.colcon_core.event_handler.log_command:Invoked command in '/home/mr-cheng/Desktop/Car/Car_Sim2Real/src/robot_launch' returned '0': PYTHONPATH=/home/mr-cheng/Desktop/Car/Car_Sim2Real/build/robot_launch/prefix_override:/home/mr-cheng/Desktop/Car/Car_Sim2Real/install/robot_launch/lib/python3.10/site-packages:${PYTHONPATH} /usr/bin/python3 -W ignore:setup.py install is deprecated setup.py egg_info --egg-base ../../build/robot_launch build --build-base /home/mr-cheng/Desktop/Car/Car_Sim2Real/build/robot_launch/build install --record /home/mr-cheng/Desktop/Car/Car_Sim2Real/build/robot_launch/install.log --single-version-externally-managed install_data
[1.868s] Level 1:colcon.colcon_core.environment:checking '/home/mr-cheng/Desktop/Car/Car_Sim2Real/install/robot_launch' for CMake config files
[1.869s] Level 1:colcon.colcon_core.environment:checking '/home/mr-cheng/Desktop/Car/Car_Sim2Real/install/robot_launch/lib'
[1.869s] Level 1:colcon.colcon_core.environment:checking '/home/mr-cheng/Desktop/Car/Car_Sim2Real/install/robot_launch/bin'
[1.869s] Level 1:colcon.colcon_core.environment:checking '/home/mr-cheng/Desktop/Car/Car_Sim2Real/install/robot_launch/lib/pkgconfig/robot_launch.pc'
[1.869s] Level 1:colcon.colcon_core.environment:checking '/home/mr-cheng/Desktop/Car/Car_Sim2Real/install/robot_launch/lib/python3.10/site-packages'
[1.869s] Level 1:colcon.colcon_core.shell:create_environment_hook('robot_launch', 'pythonpath')
[1.870s] INFO:colcon.colcon_core.shell:Creating environment hook '/home/mr-cheng/Desktop/Car/Car_Sim2Real/install/robot_launch/share/robot_launch/hook/pythonpath.ps1'
[1.870s] INFO:colcon.colcon_core.shell:Creating environment descriptor '/home/mr-cheng/Desktop/Car/Car_Sim2Real/install/robot_launch/share/robot_launch/hook/pythonpath.dsv'
[1.871s] INFO:colcon.colcon_core.shell:Creating environment hook '/home/mr-cheng/Desktop/Car/Car_Sim2Real/install/robot_launch/share/robot_launch/hook/pythonpath.sh'
[1.871s] Level 1:colcon.colcon_core.environment:checking '/home/mr-cheng/Desktop/Car/Car_Sim2Real/install/robot_launch/bin'
[1.871s] Level 1:colcon.colcon_core.environment:create_environment_scripts_only(robot_launch)
[1.872s] INFO:colcon.colcon_core.shell:Creating package script '/home/mr-cheng/Desktop/Car/Car_Sim2Real/install/robot_launch/share/robot_launch/package.ps1'
[1.873s] INFO:colcon.colcon_core.shell:Creating package descriptor '/home/mr-cheng/Desktop/Car/Car_Sim2Real/install/robot_launch/share/robot_launch/package.dsv'
[1.873s] INFO:colcon.colcon_core.shell:Creating package script '/home/mr-cheng/Desktop/Car/Car_Sim2Real/install/robot_launch/share/robot_launch/package.sh'
[1.874s] INFO:colcon.colcon_core.shell:Creating package script '/home/mr-cheng/Desktop/Car/Car_Sim2Real/install/robot_launch/share/robot_launch/package.bash'
[1.874s] INFO:colcon.colcon_core.shell:Creating package script '/home/mr-cheng/Desktop/Car/Car_Sim2Real/install/robot_launch/share/robot_launch/package.zsh'
[1.874s] Level 1:colcon.colcon_core.environment:create_file_with_runtime_dependencies(/home/mr-cheng/Desktop/Car/Car_Sim2Real/install/robot_launch/share/colcon-core/packages/robot_launch)
[1.954s] Level 1:colcon.colcon_core.environment:checking '/home/mr-cheng/Desktop/Car/Car_Sim2Real/install/robot_description' for CMake module files
[1.954s] DEBUG:colcon.colcon_core.event_handler.log_command:Invoked command in '/home/mr-cheng/Desktop/Car/Car_Sim2Real/src/robot_description' returned '0': PYTHONPATH=/home/mr-cheng/Desktop/Car/Car_Sim2Real/build/robot_description/prefix_override:/home/mr-cheng/Desktop/Car/Car_Sim2Real/install/robot_description/lib/python3.10/site-packages:${PYTHONPATH} /usr/bin/python3 -W ignore:setup.py install is deprecated setup.py egg_info --egg-base ../../build/robot_description build --build-base /home/mr-cheng/Desktop/Car/Car_Sim2Real/build/robot_description/build install --record /home/mr-cheng/Desktop/Car/Car_Sim2Real/build/robot_description/install.log --single-version-externally-managed install_data
[1.954s] Level 1:colcon.colcon_core.environment:checking '/home/mr-cheng/Desktop/Car/Car_Sim2Real/install/robot_description' for CMake config files
[1.955s] Level 1:colcon.colcon_core.environment:checking '/home/mr-cheng/Desktop/Car/Car_Sim2Real/install/robot_description/lib'
[1.955s] Level 1:colcon.colcon_core.environment:checking '/home/mr-cheng/Desktop/Car/Car_Sim2Real/install/robot_description/bin'
[1.955s] Level 1:colcon.colcon_core.environment:checking '/home/mr-cheng/Desktop/Car/Car_Sim2Real/install/robot_description/lib/pkgconfig/robot_description.pc'
[1.955s] Level 1:colcon.colcon_core.environment:checking '/home/mr-cheng/Desktop/Car/Car_Sim2Real/install/robot_description/lib/python3.10/site-packages'
[1.955s] Level 1:colcon.colcon_core.shell:create_environment_hook('robot_description', 'pythonpath')
[1.956s] INFO:colcon.colcon_core.shell:Creating environment hook '/home/mr-cheng/Desktop/Car/Car_Sim2Real/install/robot_description/share/robot_description/hook/pythonpath.ps1'
[1.956s] INFO:colcon.colcon_core.shell:Creating environment descriptor '/home/mr-cheng/Desktop/Car/Car_Sim2Real/install/robot_description/share/robot_description/hook/pythonpath.dsv'
[1.956s] INFO:colcon.colcon_core.shell:Creating environment hook '/home/mr-cheng/Desktop/Car/Car_Sim2Real/install/robot_description/share/robot_description/hook/pythonpath.sh'
[1.957s] Level 1:colcon.colcon_core.environment:checking '/home/mr-cheng/Desktop/Car/Car_Sim2Real/install/robot_description/bin'
[1.957s] Level 1:colcon.colcon_core.environment:create_environment_scripts_only(robot_description)
[1.957s] INFO:colcon.colcon_core.shell:Creating package script '/home/mr-cheng/Desktop/Car/Car_Sim2Real/install/robot_description/share/robot_description/package.ps1'
[1.958s] INFO:colcon.colcon_core.shell:Creating package descriptor '/home/mr-cheng/Desktop/Car/Car_Sim2Real/install/robot_description/share/robot_description/package.dsv'
[1.958s] INFO:colcon.colcon_core.shell:Creating package script '/home/mr-cheng/Desktop/Car/Car_Sim2Real/install/robot_description/share/robot_description/package.sh'
[1.958s] INFO:colcon.colcon_core.shell:Creating package script '/home/mr-cheng/Desktop/Car/Car_Sim2Real/install/robot_description/share/robot_description/package.bash'
[1.959s] INFO:colcon.colcon_core.shell:Creating package script '/home/mr-cheng/Desktop/Car/Car_Sim2Real/install/robot_description/share/robot_description/package.zsh'
[1.959s] Level 1:colcon.colcon_core.environment:create_file_with_runtime_dependencies(/home/mr-cheng/Desktop/Car/Car_Sim2Real/install/robot_description/share/colcon-core/packages/robot_description)
[8.555s] DEBUG:colcon.colcon_core.event_handler.log_command:Invoked command in '/home/mr-cheng/Desktop/Car/Car_Sim2Real/build/robot_bringup' returned '0': CMAKE_PREFIX_PATH=${CMAKE_PREFIX_PATH}:/home/mr-cheng/Desktop/Car/Car_Sim2Real/install/robot_launch:/home/mr-cheng/Desktop/Car/Car_Sim2Real/install/robot_description:/opt/ros/humble /usr/bin/cmake --build /home/mr-cheng/Desktop/Car/Car_Sim2Real/build/robot_bringup -- -j16 -l16
[8.575s] DEBUG:colcon.colcon_core.event_handler.log_command:Invoking command in '/home/mr-cheng/Desktop/Car/Car_Sim2Real/build/robot_bringup': CMAKE_PREFIX_PATH=${CMAKE_PREFIX_PATH}:/home/mr-cheng/Desktop/Car/Car_Sim2Real/install/robot_launch:/home/mr-cheng/Desktop/Car/Car_Sim2Real/install/robot_description:/opt/ros/humble /usr/bin/cmake --install /home/mr-cheng/Desktop/Car/Car_Sim2Real/build/robot_bringup
[8.586s] Level 1:colcon.colcon_core.environment:create_environment_scripts_only(robot_bringup)
[8.586s] Level 1:colcon.colcon_core.environment:checking '/home/mr-cheng/Desktop/Car/Car_Sim2Real/install/robot_bringup' for CMake module files
[8.586s] DEBUG:colcon.colcon_core.event_handler.log_command:Invoked command in '/home/mr-cheng/Desktop/Car/Car_Sim2Real/build/robot_bringup' returned '0': CMAKE_PREFIX_PATH=${CMAKE_PREFIX_PATH}:/home/mr-cheng/Desktop/Car/Car_Sim2Real/install/robot_launch:/home/mr-cheng/Desktop/Car/Car_Sim2Real/install/robot_description:/opt/ros/humble /usr/bin/cmake --install /home/mr-cheng/Desktop/Car/Car_Sim2Real/build/robot_bringup
[8.587s] Level 1:colcon.colcon_core.environment:checking '/home/mr-cheng/Desktop/Car/Car_Sim2Real/install/robot_bringup' for CMake config files
[8.587s] Level 1:colcon.colcon_core.shell:create_environment_hook('robot_bringup', 'cmake_prefix_path')
[8.587s] INFO:colcon.colcon_core.shell:Creating environment hook '/home/mr-cheng/Desktop/Car/Car_Sim2Real/install/robot_bringup/share/robot_bringup/hook/cmake_prefix_path.ps1'
[8.588s] INFO:colcon.colcon_core.shell:Creating environment descriptor '/home/mr-cheng/Desktop/Car/Car_Sim2Real/install/robot_bringup/share/robot_bringup/hook/cmake_prefix_path.dsv'
[8.588s] INFO:colcon.colcon_core.shell:Creating environment hook '/home/mr-cheng/Desktop/Car/Car_Sim2Real/install/robot_bringup/share/robot_bringup/hook/cmake_prefix_path.sh'
[8.588s] Level 1:colcon.colcon_core.environment:checking '/home/mr-cheng/Desktop/Car/Car_Sim2Real/install/robot_bringup/lib'
[8.588s] Level 1:colcon.colcon_core.environment:checking '/home/mr-cheng/Desktop/Car/Car_Sim2Real/install/robot_bringup/bin'
[8.588s] Level 1:colcon.colcon_core.environment:checking '/home/mr-cheng/Desktop/Car/Car_Sim2Real/install/robot_bringup/lib/pkgconfig/robot_bringup.pc'
[8.589s] Level 1:colcon.colcon_core.environment:checking '/home/mr-cheng/Desktop/Car/Car_Sim2Real/install/robot_bringup/lib/python3.10/site-packages'
[8.589s] Level 1:colcon.colcon_core.environment:checking '/home/mr-cheng/Desktop/Car/Car_Sim2Real/install/robot_bringup/bin'
[8.589s] INFO:colcon.colcon_core.shell:Creating package script '/home/mr-cheng/Desktop/Car/Car_Sim2Real/install/robot_bringup/share/robot_bringup/package.ps1'
[8.589s] INFO:colcon.colcon_core.shell:Creating package descriptor '/home/mr-cheng/Desktop/Car/Car_Sim2Real/install/robot_bringup/share/robot_bringup/package.dsv'
[8.590s] INFO:colcon.colcon_core.shell:Creating package script '/home/mr-cheng/Desktop/Car/Car_Sim2Real/install/robot_bringup/share/robot_bringup/package.sh'
[8.590s] INFO:colcon.colcon_core.shell:Creating package script '/home/mr-cheng/Desktop/Car/Car_Sim2Real/install/robot_bringup/share/robot_bringup/package.bash'
[8.590s] INFO:colcon.colcon_core.shell:Creating package script '/home/mr-cheng/Desktop/Car/Car_Sim2Real/install/robot_bringup/share/robot_bringup/package.zsh'
[8.591s] Level 1:colcon.colcon_core.environment:create_file_with_runtime_dependencies(/home/mr-cheng/Desktop/Car/Car_Sim2Real/install/robot_bringup/share/colcon-core/packages/robot_bringup)
[8.612s] Level 1:colcon.colcon_core.environment:create_environment_scripts_only(robot_bringup)
[8.612s] Level 1:colcon.colcon_core.environment:checking '/home/mr-cheng/Desktop/Car/Car_Sim2Real/install/robot_bringup' for CMake module files
[8.613s] Level 1:colcon.colcon_core.environment:checking '/home/mr-cheng/Desktop/Car/Car_Sim2Real/install/robot_bringup' for CMake config files
[8.613s] Level 1:colcon.colcon_core.shell:create_environment_hook('robot_bringup', 'cmake_prefix_path')
[8.613s] INFO:colcon.colcon_core.shell:Creating environment hook '/home/mr-cheng/Desktop/Car/Car_Sim2Real/install/robot_bringup/share/robot_bringup/hook/cmake_prefix_path.ps1'
[8.613s] INFO:colcon.colcon_core.shell:Creating environment descriptor '/home/mr-cheng/Desktop/Car/Car_Sim2Real/install/robot_bringup/share/robot_bringup/hook/cmake_prefix_path.dsv'
[8.614s] INFO:colcon.colcon_core.shell:Creating environment hook '/home/mr-cheng/Desktop/Car/Car_Sim2Real/install/robot_bringup/share/robot_bringup/hook/cmake_prefix_path.sh'
[8.614s] Level 1:colcon.colcon_core.environment:checking '/home/mr-cheng/Desktop/Car/Car_Sim2Real/install/robot_bringup/lib'
[8.614s] Level 1:colcon.colcon_core.environment:checking '/home/mr-cheng/Desktop/Car/Car_Sim2Real/install/robot_bringup/bin'
[8.614s] Level 1:colcon.colcon_core.environment:checking '/home/mr-cheng/Desktop/Car/Car_Sim2Real/install/robot_bringup/lib/pkgconfig/robot_bringup.pc'
[8.614s] Level 1:colcon.colcon_core.environment:checking '/home/mr-cheng/Desktop/Car/Car_Sim2Real/install/robot_bringup/lib/python3.10/site-packages'
[8.615s] Level 1:colcon.colcon_core.environment:checking '/home/mr-cheng/Desktop/Car/Car_Sim2Real/install/robot_bringup/bin'
[8.615s] INFO:colcon.colcon_core.shell:Creating package script '/home/mr-cheng/Desktop/Car/Car_Sim2Real/install/robot_bringup/share/robot_bringup/package.ps1'
[8.615s] INFO:colcon.colcon_core.shell:Creating package descriptor '/home/mr-cheng/Desktop/Car/Car_Sim2Real/install/robot_bringup/share/robot_bringup/package.dsv'
[8.616s] INFO:colcon.colcon_core.shell:Creating package script '/home/mr-cheng/Desktop/Car/Car_Sim2Real/install/robot_bringup/share/robot_bringup/package.sh'
[8.616s] INFO:colcon.colcon_core.shell:Creating package script '/home/mr-cheng/Desktop/Car/Car_Sim2Real/install/robot_bringup/share/robot_bringup/package.bash'
[8.616s] INFO:colcon.colcon_core.shell:Creating package script '/home/mr-cheng/Desktop/Car/Car_Sim2Real/install/robot_bringup/share/robot_bringup/package.zsh'
[8.617s] Level 1:colcon.colcon_core.environment:create_file_with_runtime_dependencies(/home/mr-cheng/Desktop/Car/Car_Sim2Real/install/robot_bringup/share/colcon-core/packages/robot_bringup)
[8.617s] DEBUG:colcon.colcon_parallel_executor.executor.parallel:closing loop
[8.617s] DEBUG:colcon.colcon_parallel_executor.executor.parallel:loop closed
[8.617s] DEBUG:colcon.colcon_parallel_executor.executor.parallel:run_until_complete finished with '0'
[8.618s] DEBUG:colcon.colcon_core.event_reactor:joining thread
[8.622s] INFO:colcon.colcon_core.plugin_system:Skipping extension 'colcon_notification.desktop_notification.terminal_notifier': Not used on non-Darwin systems
[8.622s] INFO:colcon.colcon_core.plugin_system:Skipping extension 'colcon_notification.desktop_notification.win32': Not used on non-Windows systems
[8.622s] INFO:colcon.colcon_notification.desktop_notification:Sending desktop notification using 'notify2'
[8.635s] DEBUG:colcon.colcon_core.event_reactor:joined thread
[8.635s] INFO:colcon.colcon_core.shell:Creating prefix script '/home/mr-cheng/Desktop/Car/Car_Sim2Real/install/local_setup.ps1'
[8.636s] INFO:colcon.colcon_core.shell:Creating prefix util module '/home/mr-cheng/Desktop/Car/Car_Sim2Real/install/_local_setup_util_ps1.py'
[8.637s] INFO:colcon.colcon_core.shell:Creating prefix chain script '/home/mr-cheng/Desktop/Car/Car_Sim2Real/install/setup.ps1'
[8.638s] INFO:colcon.colcon_core.shell:Creating prefix script '/home/mr-cheng/Desktop/Car/Car_Sim2Real/install/local_setup.sh'
[8.639s] INFO:colcon.colcon_core.shell:Creating prefix util module '/home/mr-cheng/Desktop/Car/Car_Sim2Real/install/_local_setup_util_sh.py'
[8.639s] INFO:colcon.colcon_core.shell:Creating prefix chain script '/home/mr-cheng/Desktop/Car/Car_Sim2Real/install/setup.sh'
[8.640s] INFO:colcon.colcon_core.shell:Creating prefix script '/home/mr-cheng/Desktop/Car/Car_Sim2Real/install/local_setup.bash'
[8.641s] INFO:colcon.colcon_core.shell:Creating prefix chain script '/home/mr-cheng/Desktop/Car/Car_Sim2Real/install/setup.bash'
[8.642s] INFO:colcon.colcon_core.shell:Creating prefix script '/home/mr-cheng/Desktop/Car/Car_Sim2Real/install/local_setup.zsh'
[8.642s] INFO:colcon.colcon_core.shell:Creating prefix chain script '/home/mr-cheng/Desktop/Car/Car_Sim2Real/install/setup.zsh'
