[0.019s] Invoking command in '/home/mr-cheng/Desktop/Car/Wireless_Lidar/LSLIDAR_N10_ROS2/build/lslidar_msgs': CMAKE_PREFIX_PATH=${CMAKE_PREFIX_PATH}:/opt/ros/humble /usr/bin/cmake /home/mr-cheng/Desktop/Car/Wireless_Lidar/LSLIDAR_N10_ROS2/src/lslidar_msgs -DCMAKE_INSTALL_PREFIX=/home/mr-cheng/Desktop/Car/Wireless_Lidar/LSLIDAR_N10_ROS2/install/lslidar_msgs
[0.233s] -- The C compiler identification is GNU 11.4.0
[0.417s] -- The CXX compiler identification is GNU 11.4.0
[0.429s] -- Detecting C compiler ABI info
[0.495s] -- Detecting C compiler ABI info - done
[0.503s] -- Check for working C compiler: /usr/bin/cc - skipped
[0.503s] -- Detecting C compile features
[0.504s] -- Detecting C compile features - done
[0.508s] -- Detecting CXX compiler ABI info
[0.583s] -- Detecting CXX compiler ABI info - done
[0.591s] -- Check for working CXX compiler: /usr/bin/c++ - skipped
[0.591s] -- Detecting CXX compile features
[0.592s] -- Detecting CXX compile features - done
[0.604s] -- Found ament_cmake: 1.3.8 (/opt/ros/humble/share/ament_cmake/cmake)
[0.746s] -- Found Python3: /usr/bin/python3 (found version "3.10.12") found components: Interpreter 
[0.849s] -- Found std_msgs: 4.2.3 (/opt/ros/humble/share/std_msgs/cmake)
[0.901s] -- Found rosidl_generator_c: 3.1.5 (/opt/ros/humble/share/rosidl_generator_c/cmake)
[0.908s] -- Found rosidl_adapter: 3.1.5 (/opt/ros/humble/share/rosidl_adapter/cmake)
[0.920s] -- Found rosidl_generator_cpp: 3.1.5 (/opt/ros/humble/share/rosidl_generator_cpp/cmake)
[0.939s] -- Using all available rosidl_typesupport_c: rosidl_typesupport_fastrtps_c;rosidl_typesupport_introspection_c
[0.964s] -- Using all available rosidl_typesupport_cpp: rosidl_typesupport_fastrtps_cpp;rosidl_typesupport_introspection_cpp
[1.029s] -- Found sensor_msgs: 4.2.3 (/opt/ros/humble/share/sensor_msgs/cmake)
[1.167s] -- Found rosidl_default_generators: 1.2.0 (/opt/ros/humble/share/rosidl_default_generators/cmake)
[1.179s] -- Found ament_lint_auto: 0.12.10 (/opt/ros/humble/share/ament_lint_auto/cmake)
[1.489s] -- Found ament_cmake_ros: 0.10.0 (/opt/ros/humble/share/ament_cmake_ros/cmake)
[1.836s] -- Using all available rosidl_typesupport_c: rosidl_typesupport_fastrtps_c;rosidl_typesupport_introspection_c
[1.973s] -- Using all available rosidl_typesupport_cpp: rosidl_typesupport_fastrtps_cpp;rosidl_typesupport_introspection_cpp
[1.995s] -- Found PythonInterp: /usr/bin/python3 (found suitable version "3.10.12", minimum required is "3.6") 
[1.997s] -- Found python_cmake_module: 0.10.0 (/opt/ros/humble/share/python_cmake_module/cmake)
[2.026s] -- Found PythonLibs: /usr/lib/x86_64-linux-gnu/libpython3.10.so (found suitable version "3.10.12", minimum required is "3.5") 
[2.026s] -- Using PYTHON_EXECUTABLE: /usr/bin/python3
[2.026s] -- Using PYTHON_INCLUDE_DIRS: /usr/include/python3.10
[2.026s] -- Using PYTHON_LIBRARIES: /usr/lib/x86_64-linux-gnu/libpython3.10.so
[2.046s] -- Found PythonExtra: .so  
[2.094s] -- Added test 'copyright' to check source files copyright and LICENSE
[2.096s] -- Added test 'lint_cmake' to check CMake code style
[2.097s] -- Added test 'xmllint' to check XML markup files
[2.103s] -- Configuring done
[2.139s] -- Generating done
[2.141s] -- Build files have been written to: /home/mr-cheng/Desktop/Car/Wireless_Lidar/LSLIDAR_N10_ROS2/build/lslidar_msgs
[2.152s] Invoked command in '/home/mr-cheng/Desktop/Car/Wireless_Lidar/LSLIDAR_N10_ROS2/build/lslidar_msgs' returned '0': CMAKE_PREFIX_PATH=${CMAKE_PREFIX_PATH}:/opt/ros/humble /usr/bin/cmake /home/mr-cheng/Desktop/Car/Wireless_Lidar/LSLIDAR_N10_ROS2/src/lslidar_msgs -DCMAKE_INSTALL_PREFIX=/home/mr-cheng/Desktop/Car/Wireless_Lidar/LSLIDAR_N10_ROS2/install/lslidar_msgs
[2.153s] Invoking command in '/home/mr-cheng/Desktop/Car/Wireless_Lidar/LSLIDAR_N10_ROS2/build/lslidar_msgs': CMAKE_PREFIX_PATH=${CMAKE_PREFIX_PATH}:/opt/ros/humble /usr/bin/cmake --build /home/mr-cheng/Desktop/Car/Wireless_Lidar/LSLIDAR_N10_ROS2/build/lslidar_msgs -- -j16 -l16
[2.187s] [  1%] [34m[1mGenerating C code for ROS interfaces[0m
[2.195s] [  3%] [34m[1mGenerating C++ code for ROS interfaces[0m
[2.203s] [  3%] Built target ament_cmake_python_copy_lslidar_msgs
[2.411s] running egg_info
[2.412s] creating lslidar_msgs.egg-info
[2.431s] writing lslidar_msgs.egg-info/PKG-INFO
[2.431s] writing dependency_links to lslidar_msgs.egg-info/dependency_links.txt
[2.431s] writing top-level names to lslidar_msgs.egg-info/top_level.txt
[2.432s] writing manifest file 'lslidar_msgs.egg-info/SOURCES.txt'
[2.488s] reading manifest file 'lslidar_msgs.egg-info/SOURCES.txt'
[2.489s] writing manifest file 'lslidar_msgs.egg-info/SOURCES.txt'
[2.510s] [  3%] Built target ament_cmake_python_build_lslidar_msgs_egg
[2.664s] [  3%] Built target lslidar_msgs__cpp
[2.678s] [  4%] [34m[1mGenerating C++ type support dispatch for ROS interfaces[0m
[2.683s] [  6%] [34m[1mGenerating C++ introspection for ROS interfaces[0m
[2.685s] [  7%] [34m[1mGenerating C++ type support for eProsima Fast-RTPS[0m
[2.702s] [ 14%] [32mBuilding C object CMakeFiles/lslidar_msgs__rosidl_generator_c.dir/rosidl_generator_c/lslidar_msgs/msg/detail/lslidar_sweep__functions.c.o[0m
[2.703s] [ 14%] [32mBuilding C object CMakeFiles/lslidar_msgs__rosidl_generator_c.dir/rosidl_generator_c/lslidar_msgs/msg/detail/lslidar_packet__functions.c.o[0m
[2.703s] [ 14%] [32mBuilding C object CMakeFiles/lslidar_msgs__rosidl_generator_c.dir/rosidl_generator_c/lslidar_msgs/msg/detail/lslidar_point__functions.c.o[0m
[2.703s] [ 14%] [32mBuilding C object CMakeFiles/lslidar_msgs__rosidl_generator_c.dir/rosidl_generator_c/lslidar_msgs/msg/detail/lslidar_difop__functions.c.o[0m
[2.703s] [ 15%] [32mBuilding C object CMakeFiles/lslidar_msgs__rosidl_generator_c.dir/rosidl_generator_c/lslidar_msgs/msg/detail/lslidar_scan__functions.c.o[0m
[2.771s] [ 17%] [32m[1mLinking C shared library liblslidar_msgs__rosidl_generator_c.so[0m
[2.804s] [ 17%] Built target lslidar_msgs__rosidl_generator_c
[2.813s] [ 22%] [34m[1mGenerating C type support for eProsima Fast-RTPS[0m
[2.813s] [ 22%] [34m[1mGenerating C type support dispatch for ROS interfaces[0m
[2.813s] [ 22%] [34m[1mGenerating C introspection for ROS interfaces[0m
[3.048s] [ 23%] [32mBuilding CXX object CMakeFiles/lslidar_msgs__rosidl_typesupport_cpp.dir/rosidl_typesupport_cpp/lslidar_msgs/msg/lslidar_difop__type_support.cpp.o[0m
[3.049s] [ 25%] [32mBuilding CXX object CMakeFiles/lslidar_msgs__rosidl_typesupport_cpp.dir/rosidl_typesupport_cpp/lslidar_msgs/msg/lslidar_scan__type_support.cpp.o[0m
[3.049s] [ 26%] [32mBuilding CXX object CMakeFiles/lslidar_msgs__rosidl_typesupport_cpp.dir/rosidl_typesupport_cpp/lslidar_msgs/msg/lslidar_sweep__type_support.cpp.o[0m
[3.052s] [ 28%] [32mBuilding CXX object CMakeFiles/lslidar_msgs__rosidl_typesupport_cpp.dir/rosidl_typesupport_cpp/lslidar_msgs/msg/lslidar_packet__type_support.cpp.o[0m
[3.052s] [ 30%] [32mBuilding CXX object CMakeFiles/lslidar_msgs__rosidl_typesupport_cpp.dir/rosidl_typesupport_cpp/lslidar_msgs/msg/lslidar_point__type_support.cpp.o[0m
[3.116s] [ 34%] [32mBuilding CXX object CMakeFiles/lslidar_msgs__rosidl_typesupport_introspection_cpp.dir/rosidl_typesupport_introspection_cpp/lslidar_msgs/msg/detail/lslidar_packet__type_support.cpp.o[0m
[3.116s] [ 34%] [32mBuilding CXX object CMakeFiles/lslidar_msgs__rosidl_typesupport_introspection_cpp.dir/rosidl_typesupport_introspection_cpp/lslidar_msgs/msg/detail/lslidar_difop__type_support.cpp.o[0m
[3.116s] [ 34%] [32mBuilding CXX object CMakeFiles/lslidar_msgs__rosidl_typesupport_introspection_cpp.dir/rosidl_typesupport_introspection_cpp/lslidar_msgs/msg/detail/lslidar_point__type_support.cpp.o[0m
[3.116s] [ 38%] [32mBuilding CXX object CMakeFiles/lslidar_msgs__rosidl_typesupport_introspection_cpp.dir/rosidl_typesupport_introspection_cpp/lslidar_msgs/msg/detail/lslidar_scan__type_support.cpp.o[0m
[3.116s] [ 38%] [32mBuilding CXX object CMakeFiles/lslidar_msgs__rosidl_typesupport_introspection_cpp.dir/rosidl_typesupport_introspection_cpp/lslidar_msgs/msg/detail/lslidar_sweep__type_support.cpp.o[0m
[3.205s] [ 39%] [32mBuilding CXX object CMakeFiles/lslidar_msgs__rosidl_typesupport_fastrtps_cpp.dir/rosidl_typesupport_fastrtps_cpp/lslidar_msgs/msg/detail/dds_fastrtps/lslidar_difop__type_support.cpp.o[0m
[3.207s] [ 41%] [32mBuilding CXX object CMakeFiles/lslidar_msgs__rosidl_typesupport_fastrtps_cpp.dir/rosidl_typesupport_fastrtps_cpp/lslidar_msgs/msg/detail/dds_fastrtps/lslidar_point__type_support.cpp.o[0m
[3.208s] [ 42%] [32mBuilding CXX object CMakeFiles/lslidar_msgs__rosidl_typesupport_fastrtps_cpp.dir/rosidl_typesupport_fastrtps_cpp/lslidar_msgs/msg/detail/dds_fastrtps/lslidar_packet__type_support.cpp.o[0m
[3.332s] [ 44%] [32mBuilding CXX object CMakeFiles/lslidar_msgs__rosidl_typesupport_c.dir/rosidl_typesupport_c/lslidar_msgs/msg/lslidar_difop__type_support.cpp.o[0m
[3.381s] [ 46%] [32mBuilding CXX object CMakeFiles/lslidar_msgs__rosidl_typesupport_c.dir/rosidl_typesupport_c/lslidar_msgs/msg/lslidar_packet__type_support.cpp.o[0m
[3.430s] [ 47%] [32mBuilding CXX object CMakeFiles/lslidar_msgs__rosidl_typesupport_c.dir/rosidl_typesupport_c/lslidar_msgs/msg/lslidar_point__type_support.cpp.o[0m
[3.479s] [ 49%] [32mBuilding CXX object CMakeFiles/lslidar_msgs__rosidl_typesupport_c.dir/rosidl_typesupport_c/lslidar_msgs/msg/lslidar_scan__type_support.cpp.o[0m
[3.539s] [ 52%] [32mBuilding C object CMakeFiles/lslidar_msgs__rosidl_typesupport_introspection_c.dir/rosidl_typesupport_introspection_c/lslidar_msgs/msg/detail/lslidar_difop__type_support.c.o[0m
[3.540s] [ 52%] [32mBuilding CXX object CMakeFiles/lslidar_msgs__rosidl_typesupport_c.dir/rosidl_typesupport_c/lslidar_msgs/msg/lslidar_sweep__type_support.cpp.o[0m
[3.554s] [ 53%] [32mBuilding C object CMakeFiles/lslidar_msgs__rosidl_typesupport_introspection_c.dir/rosidl_typesupport_introspection_c/lslidar_msgs/msg/detail/lslidar_packet__type_support.c.o[0m
[3.560s] [ 55%] [32m[1mLinking CXX shared library liblslidar_msgs__rosidl_typesupport_cpp.so[0m
[3.561s] [ 57%] [32mBuilding CXX object CMakeFiles/lslidar_msgs__rosidl_typesupport_fastrtps_cpp.dir/rosidl_typesupport_fastrtps_cpp/lslidar_msgs/msg/detail/dds_fastrtps/lslidar_scan__type_support.cpp.o[0m
[3.567s] [ 58%] [32mBuilding C object CMakeFiles/lslidar_msgs__rosidl_typesupport_introspection_c.dir/rosidl_typesupport_introspection_c/lslidar_msgs/msg/detail/lslidar_point__type_support.c.o[0m
[3.582s] [ 60%] [32mBuilding CXX object CMakeFiles/lslidar_msgs__rosidl_typesupport_fastrtps_cpp.dir/rosidl_typesupport_fastrtps_cpp/lslidar_msgs/msg/detail/dds_fastrtps/lslidar_sweep__type_support.cpp.o[0m
[3.606s] [ 61%] [32mBuilding CXX object CMakeFiles/lslidar_msgs__rosidl_typesupport_fastrtps_c.dir/rosidl_typesupport_fastrtps_c/lslidar_msgs/msg/detail/lslidar_difop__type_support_c.cpp.o[0m
[3.608s] [ 63%] [32m[1mLinking CXX shared library liblslidar_msgs__rosidl_typesupport_c.so[0m
[3.621s] [ 65%] [32mBuilding C object CMakeFiles/lslidar_msgs__rosidl_typesupport_introspection_c.dir/rosidl_typesupport_introspection_c/lslidar_msgs/msg/detail/lslidar_scan__type_support.c.o[0m
[3.622s] [ 66%] [32mBuilding C object CMakeFiles/lslidar_msgs__rosidl_typesupport_introspection_c.dir/rosidl_typesupport_introspection_c/lslidar_msgs/msg/detail/lslidar_sweep__type_support.c.o[0m
[3.631s] [ 68%] [32mBuilding CXX object CMakeFiles/lslidar_msgs__rosidl_typesupport_fastrtps_c.dir/rosidl_typesupport_fastrtps_c/lslidar_msgs/msg/detail/lslidar_packet__type_support_c.cpp.o[0m
[3.637s] [ 68%] Built target lslidar_msgs__rosidl_typesupport_cpp
[3.653s] [ 69%] [32mBuilding CXX object CMakeFiles/lslidar_msgs__rosidl_typesupport_fastrtps_c.dir/rosidl_typesupport_fastrtps_c/lslidar_msgs/msg/detail/lslidar_point__type_support_c.cpp.o[0m
[3.682s] [ 69%] Built target lslidar_msgs__rosidl_typesupport_c
[3.686s] [ 73%] [32mBuilding CXX object CMakeFiles/lslidar_msgs__rosidl_typesupport_fastrtps_c.dir/rosidl_typesupport_fastrtps_c/lslidar_msgs/msg/detail/lslidar_scan__type_support_c.cpp.o[0m
[3.686s] [ 73%] [32m[1mLinking C shared library liblslidar_msgs__rosidl_typesupport_introspection_c.so[0m
[3.697s] [ 74%] [32mBuilding CXX object CMakeFiles/lslidar_msgs__rosidl_typesupport_fastrtps_c.dir/rosidl_typesupport_fastrtps_c/lslidar_msgs/msg/detail/lslidar_sweep__type_support_c.cpp.o[0m
[3.756s] [ 74%] Built target lslidar_msgs__rosidl_typesupport_introspection_c
[3.868s] [ 76%] [32m[1mLinking CXX shared library liblslidar_msgs__rosidl_typesupport_introspection_cpp.so[0m
[3.949s] [ 76%] Built target lslidar_msgs__rosidl_typesupport_introspection_cpp
[4.123s] [ 77%] [32m[1mLinking CXX shared library liblslidar_msgs__rosidl_typesupport_fastrtps_cpp.so[0m
[4.123s] [ 79%] [32m[1mLinking CXX shared library liblslidar_msgs__rosidl_typesupport_fastrtps_c.so[0m
[4.194s] [ 79%] Built target lslidar_msgs__rosidl_typesupport_fastrtps_cpp
[4.195s] [ 79%] Built target lslidar_msgs__rosidl_typesupport_fastrtps_c
[4.213s] [ 79%] Built target lslidar_msgs
[4.232s] [ 80%] [34m[1mGenerating Python code for ROS interfaces[0m
[5.030s] [ 80%] Built target lslidar_msgs__py
[5.048s] [ 82%] [32mBuilding C object CMakeFiles/lslidar_msgs__rosidl_generator_py.dir/rosidl_generator_py/lslidar_msgs/msg/_lslidar_difop_s.c.o[0m
[5.048s] [ 84%] [32mBuilding C object CMakeFiles/lslidar_msgs__rosidl_generator_py.dir/rosidl_generator_py/lslidar_msgs/msg/_lslidar_point_s.c.o[0m
[5.049s] [ 87%] [32mBuilding C object CMakeFiles/lslidar_msgs__rosidl_generator_py.dir/rosidl_generator_py/lslidar_msgs/msg/_lslidar_scan_s.c.o[0m
[5.049s] [ 87%] [32mBuilding C object CMakeFiles/lslidar_msgs__rosidl_generator_py.dir/rosidl_generator_py/lslidar_msgs/msg/_lslidar_packet_s.c.o[0m
[5.049s] [ 88%] [32mBuilding C object CMakeFiles/lslidar_msgs__rosidl_generator_py.dir/rosidl_generator_py/lslidar_msgs/msg/_lslidar_sweep_s.c.o[0m
[5.170s] [ 90%] [32m[1mLinking C shared library rosidl_generator_py/lslidar_msgs/liblslidar_msgs__rosidl_generator_py.so[0m
[5.205s] [ 90%] Built target lslidar_msgs__rosidl_generator_py
[5.222s] [ 95%] [32mBuilding C object CMakeFiles/lslidar_msgs__rosidl_typesupport_fastrtps_c__pyext.dir/rosidl_generator_py/lslidar_msgs/_lslidar_msgs_s.ep.rosidl_typesupport_fastrtps_c.c.o[0m
[5.222s] [ 95%] [32mBuilding C object CMakeFiles/lslidar_msgs__rosidl_typesupport_c__pyext.dir/rosidl_generator_py/lslidar_msgs/_lslidar_msgs_s.ep.rosidl_typesupport_c.c.o[0m
[5.222s] [ 95%] [32mBuilding C object CMakeFiles/lslidar_msgs__rosidl_typesupport_introspection_c__pyext.dir/rosidl_generator_py/lslidar_msgs/_lslidar_msgs_s.ep.rosidl_typesupport_introspection_c.c.o[0m
[5.323s] [100%] [32m[1mLinking C shared library rosidl_generator_py/lslidar_msgs/lslidar_msgs_s__rosidl_typesupport_c.cpython-310-x86_64-linux-gnu.so[0m
[5.323s] [100%] [32m[1mLinking C shared library rosidl_generator_py/lslidar_msgs/lslidar_msgs_s__rosidl_typesupport_fastrtps_c.cpython-310-x86_64-linux-gnu.so[0m
[5.323s] [100%] [32m[1mLinking C shared library rosidl_generator_py/lslidar_msgs/lslidar_msgs_s__rosidl_typesupport_introspection_c.cpython-310-x86_64-linux-gnu.so[0m
[5.358s] [100%] Built target lslidar_msgs__rosidl_typesupport_c__pyext
[5.358s] [100%] Built target lslidar_msgs__rosidl_typesupport_introspection_c__pyext
[5.358s] [100%] Built target lslidar_msgs__rosidl_typesupport_fastrtps_c__pyext
[5.368s] Invoked command in '/home/mr-cheng/Desktop/Car/Wireless_Lidar/LSLIDAR_N10_ROS2/build/lslidar_msgs' returned '0': CMAKE_PREFIX_PATH=${CMAKE_PREFIX_PATH}:/opt/ros/humble /usr/bin/cmake --build /home/mr-cheng/Desktop/Car/Wireless_Lidar/LSLIDAR_N10_ROS2/build/lslidar_msgs -- -j16 -l16
[5.481s] Invoking command in '/home/mr-cheng/Desktop/Car/Wireless_Lidar/LSLIDAR_N10_ROS2/build/lslidar_msgs': CMAKE_PREFIX_PATH=${CMAKE_PREFIX_PATH}:/opt/ros/humble /usr/bin/cmake --install /home/mr-cheng/Desktop/Car/Wireless_Lidar/LSLIDAR_N10_ROS2/build/lslidar_msgs
[5.489s] -- Install configuration: ""
[5.489s] -- Installing: /home/mr-cheng/Desktop/Car/Wireless_Lidar/LSLIDAR_N10_ROS2/install/lslidar_msgs/share/ament_index/resource_index/rosidl_interfaces/lslidar_msgs
[5.489s] -- Installing: /home/mr-cheng/Desktop/Car/Wireless_Lidar/LSLIDAR_N10_ROS2/install/lslidar_msgs/include/lslidar_msgs/lslidar_msgs
[5.489s] -- Installing: /home/mr-cheng/Desktop/Car/Wireless_Lidar/LSLIDAR_N10_ROS2/install/lslidar_msgs/include/lslidar_msgs/lslidar_msgs/msg
[5.489s] -- Installing: /home/mr-cheng/Desktop/Car/Wireless_Lidar/LSLIDAR_N10_ROS2/install/lslidar_msgs/include/lslidar_msgs/lslidar_msgs/msg/lslidar_packet.h
[5.490s] -- Installing: /home/mr-cheng/Desktop/Car/Wireless_Lidar/LSLIDAR_N10_ROS2/install/lslidar_msgs/include/lslidar_msgs/lslidar_msgs/msg/lslidar_difop.h
[5.490s] -- Installing: /home/mr-cheng/Desktop/Car/Wireless_Lidar/LSLIDAR_N10_ROS2/install/lslidar_msgs/include/lslidar_msgs/lslidar_msgs/msg/lslidar_scan.h
[5.490s] -- Installing: /home/mr-cheng/Desktop/Car/Wireless_Lidar/LSLIDAR_N10_ROS2/install/lslidar_msgs/include/lslidar_msgs/lslidar_msgs/msg/detail
[5.490s] -- Installing: /home/mr-cheng/Desktop/Car/Wireless_Lidar/LSLIDAR_N10_ROS2/install/lslidar_msgs/include/lslidar_msgs/lslidar_msgs/msg/detail/lslidar_point__functions.c
[5.490s] -- Installing: /home/mr-cheng/Desktop/Car/Wireless_Lidar/LSLIDAR_N10_ROS2/install/lslidar_msgs/include/lslidar_msgs/lslidar_msgs/msg/detail/lslidar_packet__functions.c
[5.490s] -- Installing: /home/mr-cheng/Desktop/Car/Wireless_Lidar/LSLIDAR_N10_ROS2/install/lslidar_msgs/include/lslidar_msgs/lslidar_msgs/msg/detail/lslidar_packet__type_support.h
[5.490s] -- Installing: /home/mr-cheng/Desktop/Car/Wireless_Lidar/LSLIDAR_N10_ROS2/install/lslidar_msgs/include/lslidar_msgs/lslidar_msgs/msg/detail/lslidar_difop__type_support.h
[5.490s] -- Installing: /home/mr-cheng/Desktop/Car/Wireless_Lidar/LSLIDAR_N10_ROS2/install/lslidar_msgs/include/lslidar_msgs/lslidar_msgs/msg/detail/lslidar_sweep__functions.h
[5.490s] -- Installing: /home/mr-cheng/Desktop/Car/Wireless_Lidar/LSLIDAR_N10_ROS2/install/lslidar_msgs/include/lslidar_msgs/lslidar_msgs/msg/detail/lslidar_difop__functions.c
[5.490s] -- Installing: /home/mr-cheng/Desktop/Car/Wireless_Lidar/LSLIDAR_N10_ROS2/install/lslidar_msgs/include/lslidar_msgs/lslidar_msgs/msg/detail/lslidar_scan__functions.c
[5.490s] -- Installing: /home/mr-cheng/Desktop/Car/Wireless_Lidar/LSLIDAR_N10_ROS2/install/lslidar_msgs/include/lslidar_msgs/lslidar_msgs/msg/detail/lslidar_packet__functions.h
[5.490s] -- Installing: /home/mr-cheng/Desktop/Car/Wireless_Lidar/LSLIDAR_N10_ROS2/install/lslidar_msgs/include/lslidar_msgs/lslidar_msgs/msg/detail/lslidar_scan__functions.h
[5.491s] -- Installing: /home/mr-cheng/Desktop/Car/Wireless_Lidar/LSLIDAR_N10_ROS2/install/lslidar_msgs/include/lslidar_msgs/lslidar_msgs/msg/detail/lslidar_sweep__struct.h
[5.491s] -- Installing: /home/mr-cheng/Desktop/Car/Wireless_Lidar/LSLIDAR_N10_ROS2/install/lslidar_msgs/include/lslidar_msgs/lslidar_msgs/msg/detail/lslidar_scan__struct.h
[5.491s] -- Installing: /home/mr-cheng/Desktop/Car/Wireless_Lidar/LSLIDAR_N10_ROS2/install/lslidar_msgs/include/lslidar_msgs/lslidar_msgs/msg/detail/lslidar_sweep__type_support.h
[5.491s] -- Installing: /home/mr-cheng/Desktop/Car/Wireless_Lidar/LSLIDAR_N10_ROS2/install/lslidar_msgs/include/lslidar_msgs/lslidar_msgs/msg/detail/lslidar_point__functions.h
[5.491s] -- Installing: /home/mr-cheng/Desktop/Car/Wireless_Lidar/LSLIDAR_N10_ROS2/install/lslidar_msgs/include/lslidar_msgs/lslidar_msgs/msg/detail/lslidar_sweep__functions.c
[5.491s] -- Installing: /home/mr-cheng/Desktop/Car/Wireless_Lidar/LSLIDAR_N10_ROS2/install/lslidar_msgs/include/lslidar_msgs/lslidar_msgs/msg/detail/lslidar_point__struct.h
[5.491s] -- Installing: /home/mr-cheng/Desktop/Car/Wireless_Lidar/LSLIDAR_N10_ROS2/install/lslidar_msgs/include/lslidar_msgs/lslidar_msgs/msg/detail/lslidar_packet__struct.h
[5.491s] -- Installing: /home/mr-cheng/Desktop/Car/Wireless_Lidar/LSLIDAR_N10_ROS2/install/lslidar_msgs/include/lslidar_msgs/lslidar_msgs/msg/detail/lslidar_scan__type_support.h
[5.491s] -- Installing: /home/mr-cheng/Desktop/Car/Wireless_Lidar/LSLIDAR_N10_ROS2/install/lslidar_msgs/include/lslidar_msgs/lslidar_msgs/msg/detail/lslidar_point__type_support.h
[5.491s] -- Installing: /home/mr-cheng/Desktop/Car/Wireless_Lidar/LSLIDAR_N10_ROS2/install/lslidar_msgs/include/lslidar_msgs/lslidar_msgs/msg/detail/lslidar_difop__struct.h
[5.491s] -- Installing: /home/mr-cheng/Desktop/Car/Wireless_Lidar/LSLIDAR_N10_ROS2/install/lslidar_msgs/include/lslidar_msgs/lslidar_msgs/msg/detail/lslidar_difop__functions.h
[5.492s] -- Installing: /home/mr-cheng/Desktop/Car/Wireless_Lidar/LSLIDAR_N10_ROS2/install/lslidar_msgs/include/lslidar_msgs/lslidar_msgs/msg/lslidar_point.h
[5.492s] -- Installing: /home/mr-cheng/Desktop/Car/Wireless_Lidar/LSLIDAR_N10_ROS2/install/lslidar_msgs/include/lslidar_msgs/lslidar_msgs/msg/rosidl_generator_c__visibility_control.h
[5.492s] -- Installing: /home/mr-cheng/Desktop/Car/Wireless_Lidar/LSLIDAR_N10_ROS2/install/lslidar_msgs/include/lslidar_msgs/lslidar_msgs/msg/lslidar_sweep.h
[5.492s] -- Installing: /home/mr-cheng/Desktop/Car/Wireless_Lidar/LSLIDAR_N10_ROS2/install/lslidar_msgs/share/lslidar_msgs/environment/library_path.sh
[5.492s] -- Installing: /home/mr-cheng/Desktop/Car/Wireless_Lidar/LSLIDAR_N10_ROS2/install/lslidar_msgs/share/lslidar_msgs/environment/library_path.dsv
[5.492s] -- Installing: /home/mr-cheng/Desktop/Car/Wireless_Lidar/LSLIDAR_N10_ROS2/install/lslidar_msgs/lib/liblslidar_msgs__rosidl_generator_c.so
[5.492s] -- Set runtime path of "/home/mr-cheng/Desktop/Car/Wireless_Lidar/LSLIDAR_N10_ROS2/install/lslidar_msgs/lib/liblslidar_msgs__rosidl_generator_c.so" to ""
[5.493s] -- Up-to-date: /home/mr-cheng/Desktop/Car/Wireless_Lidar/LSLIDAR_N10_ROS2/install/lslidar_msgs/include/lslidar_msgs/lslidar_msgs
[5.493s] -- Up-to-date: /home/mr-cheng/Desktop/Car/Wireless_Lidar/LSLIDAR_N10_ROS2/install/lslidar_msgs/include/lslidar_msgs/lslidar_msgs/msg
[5.493s] -- Installing: /home/mr-cheng/Desktop/Car/Wireless_Lidar/LSLIDAR_N10_ROS2/install/lslidar_msgs/include/lslidar_msgs/lslidar_msgs/msg/rosidl_typesupport_fastrtps_c__visibility_control.h
[5.493s] -- Up-to-date: /home/mr-cheng/Desktop/Car/Wireless_Lidar/LSLIDAR_N10_ROS2/install/lslidar_msgs/include/lslidar_msgs/lslidar_msgs/msg/detail
[5.493s] -- Installing: /home/mr-cheng/Desktop/Car/Wireless_Lidar/LSLIDAR_N10_ROS2/install/lslidar_msgs/include/lslidar_msgs/lslidar_msgs/msg/detail/lslidar_sweep__rosidl_typesupport_fastrtps_c.h
[5.493s] -- Installing: /home/mr-cheng/Desktop/Car/Wireless_Lidar/LSLIDAR_N10_ROS2/install/lslidar_msgs/include/lslidar_msgs/lslidar_msgs/msg/detail/lslidar_scan__rosidl_typesupport_fastrtps_c.h
[5.493s] -- Installing: /home/mr-cheng/Desktop/Car/Wireless_Lidar/LSLIDAR_N10_ROS2/install/lslidar_msgs/include/lslidar_msgs/lslidar_msgs/msg/detail/lslidar_packet__rosidl_typesupport_fastrtps_c.h
[5.493s] -- Installing: /home/mr-cheng/Desktop/Car/Wireless_Lidar/LSLIDAR_N10_ROS2/install/lslidar_msgs/include/lslidar_msgs/lslidar_msgs/msg/detail/lslidar_point__rosidl_typesupport_fastrtps_c.h
[5.493s] -- Installing: /home/mr-cheng/Desktop/Car/Wireless_Lidar/LSLIDAR_N10_ROS2/install/lslidar_msgs/include/lslidar_msgs/lslidar_msgs/msg/detail/lslidar_difop__rosidl_typesupport_fastrtps_c.h
[5.493s] -- Installing: /home/mr-cheng/Desktop/Car/Wireless_Lidar/LSLIDAR_N10_ROS2/install/lslidar_msgs/lib/liblslidar_msgs__rosidl_typesupport_fastrtps_c.so
[5.493s] -- Set runtime path of "/home/mr-cheng/Desktop/Car/Wireless_Lidar/LSLIDAR_N10_ROS2/install/lslidar_msgs/lib/liblslidar_msgs__rosidl_typesupport_fastrtps_c.so" to ""
[5.494s] -- Up-to-date: /home/mr-cheng/Desktop/Car/Wireless_Lidar/LSLIDAR_N10_ROS2/install/lslidar_msgs/include/lslidar_msgs/lslidar_msgs
[5.494s] -- Up-to-date: /home/mr-cheng/Desktop/Car/Wireless_Lidar/LSLIDAR_N10_ROS2/install/lslidar_msgs/include/lslidar_msgs/lslidar_msgs/msg
[5.494s] -- Installing: /home/mr-cheng/Desktop/Car/Wireless_Lidar/LSLIDAR_N10_ROS2/install/lslidar_msgs/include/lslidar_msgs/lslidar_msgs/msg/lslidar_scan.hpp
[5.494s] -- Installing: /home/mr-cheng/Desktop/Car/Wireless_Lidar/LSLIDAR_N10_ROS2/install/lslidar_msgs/include/lslidar_msgs/lslidar_msgs/msg/lslidar_packet.hpp
[5.494s] -- Installing: /home/mr-cheng/Desktop/Car/Wireless_Lidar/LSLIDAR_N10_ROS2/install/lslidar_msgs/include/lslidar_msgs/lslidar_msgs/msg/lslidar_point.hpp
[5.494s] -- Installing: /home/mr-cheng/Desktop/Car/Wireless_Lidar/LSLIDAR_N10_ROS2/install/lslidar_msgs/include/lslidar_msgs/lslidar_msgs/msg/lslidar_difop.hpp
[5.494s] -- Installing: /home/mr-cheng/Desktop/Car/Wireless_Lidar/LSLIDAR_N10_ROS2/install/lslidar_msgs/include/lslidar_msgs/lslidar_msgs/msg/lslidar_sweep.hpp
[5.494s] -- Up-to-date: /home/mr-cheng/Desktop/Car/Wireless_Lidar/LSLIDAR_N10_ROS2/install/lslidar_msgs/include/lslidar_msgs/lslidar_msgs/msg/detail
[5.494s] -- Installing: /home/mr-cheng/Desktop/Car/Wireless_Lidar/LSLIDAR_N10_ROS2/install/lslidar_msgs/include/lslidar_msgs/lslidar_msgs/msg/detail/lslidar_packet__struct.hpp
[5.494s] -- Installing: /home/mr-cheng/Desktop/Car/Wireless_Lidar/LSLIDAR_N10_ROS2/install/lslidar_msgs/include/lslidar_msgs/lslidar_msgs/msg/detail/lslidar_difop__builder.hpp
[5.494s] -- Installing: /home/mr-cheng/Desktop/Car/Wireless_Lidar/LSLIDAR_N10_ROS2/install/lslidar_msgs/include/lslidar_msgs/lslidar_msgs/msg/detail/lslidar_sweep__struct.hpp
[5.494s] -- Installing: /home/mr-cheng/Desktop/Car/Wireless_Lidar/LSLIDAR_N10_ROS2/install/lslidar_msgs/include/lslidar_msgs/lslidar_msgs/msg/detail/lslidar_scan__traits.hpp
[5.494s] -- Installing: /home/mr-cheng/Desktop/Car/Wireless_Lidar/LSLIDAR_N10_ROS2/install/lslidar_msgs/include/lslidar_msgs/lslidar_msgs/msg/detail/lslidar_difop__traits.hpp
[5.494s] -- Installing: /home/mr-cheng/Desktop/Car/Wireless_Lidar/LSLIDAR_N10_ROS2/install/lslidar_msgs/include/lslidar_msgs/lslidar_msgs/msg/detail/lslidar_point__builder.hpp
[5.495s] -- Installing: /home/mr-cheng/Desktop/Car/Wireless_Lidar/LSLIDAR_N10_ROS2/install/lslidar_msgs/include/lslidar_msgs/lslidar_msgs/msg/detail/lslidar_scan__builder.hpp
[5.495s] -- Installing: /home/mr-cheng/Desktop/Car/Wireless_Lidar/LSLIDAR_N10_ROS2/install/lslidar_msgs/include/lslidar_msgs/lslidar_msgs/msg/detail/lslidar_point__struct.hpp
[5.495s] -- Installing: /home/mr-cheng/Desktop/Car/Wireless_Lidar/LSLIDAR_N10_ROS2/install/lslidar_msgs/include/lslidar_msgs/lslidar_msgs/msg/detail/lslidar_packet__builder.hpp
[5.495s] -- Installing: /home/mr-cheng/Desktop/Car/Wireless_Lidar/LSLIDAR_N10_ROS2/install/lslidar_msgs/include/lslidar_msgs/lslidar_msgs/msg/detail/lslidar_scan__struct.hpp
[5.495s] -- Installing: /home/mr-cheng/Desktop/Car/Wireless_Lidar/LSLIDAR_N10_ROS2/install/lslidar_msgs/include/lslidar_msgs/lslidar_msgs/msg/detail/lslidar_point__traits.hpp
[5.495s] -- Installing: /home/mr-cheng/Desktop/Car/Wireless_Lidar/LSLIDAR_N10_ROS2/install/lslidar_msgs/include/lslidar_msgs/lslidar_msgs/msg/detail/lslidar_packet__traits.hpp
[5.495s] -- Installing: /home/mr-cheng/Desktop/Car/Wireless_Lidar/LSLIDAR_N10_ROS2/install/lslidar_msgs/include/lslidar_msgs/lslidar_msgs/msg/detail/lslidar_sweep__traits.hpp
[5.495s] -- Installing: /home/mr-cheng/Desktop/Car/Wireless_Lidar/LSLIDAR_N10_ROS2/install/lslidar_msgs/include/lslidar_msgs/lslidar_msgs/msg/detail/lslidar_difop__struct.hpp
[5.495s] -- Installing: /home/mr-cheng/Desktop/Car/Wireless_Lidar/LSLIDAR_N10_ROS2/install/lslidar_msgs/include/lslidar_msgs/lslidar_msgs/msg/detail/lslidar_sweep__builder.hpp
[5.495s] -- Up-to-date: /home/mr-cheng/Desktop/Car/Wireless_Lidar/LSLIDAR_N10_ROS2/install/lslidar_msgs/include/lslidar_msgs/lslidar_msgs
[5.495s] -- Up-to-date: /home/mr-cheng/Desktop/Car/Wireless_Lidar/LSLIDAR_N10_ROS2/install/lslidar_msgs/include/lslidar_msgs/lslidar_msgs/msg
[5.495s] -- Installing: /home/mr-cheng/Desktop/Car/Wireless_Lidar/LSLIDAR_N10_ROS2/install/lslidar_msgs/include/lslidar_msgs/lslidar_msgs/msg/rosidl_typesupport_fastrtps_cpp__visibility_control.h
[5.495s] -- Up-to-date: /home/mr-cheng/Desktop/Car/Wireless_Lidar/LSLIDAR_N10_ROS2/install/lslidar_msgs/include/lslidar_msgs/lslidar_msgs/msg/detail
[5.495s] -- Installing: /home/mr-cheng/Desktop/Car/Wireless_Lidar/LSLIDAR_N10_ROS2/install/lslidar_msgs/include/lslidar_msgs/lslidar_msgs/msg/detail/lslidar_packet__rosidl_typesupport_fastrtps_cpp.hpp
[5.495s] -- Installing: /home/mr-cheng/Desktop/Car/Wireless_Lidar/LSLIDAR_N10_ROS2/install/lslidar_msgs/include/lslidar_msgs/lslidar_msgs/msg/detail/lslidar_scan__rosidl_typesupport_fastrtps_cpp.hpp
[5.496s] -- Installing: /home/mr-cheng/Desktop/Car/Wireless_Lidar/LSLIDAR_N10_ROS2/install/lslidar_msgs/include/lslidar_msgs/lslidar_msgs/msg/detail/lslidar_difop__rosidl_typesupport_fastrtps_cpp.hpp
[5.496s] -- Installing: /home/mr-cheng/Desktop/Car/Wireless_Lidar/LSLIDAR_N10_ROS2/install/lslidar_msgs/include/lslidar_msgs/lslidar_msgs/msg/detail/lslidar_point__rosidl_typesupport_fastrtps_cpp.hpp
[5.496s] -- Installing: /home/mr-cheng/Desktop/Car/Wireless_Lidar/LSLIDAR_N10_ROS2/install/lslidar_msgs/include/lslidar_msgs/lslidar_msgs/msg/detail/dds_fastrtps
[5.496s] -- Installing: /home/mr-cheng/Desktop/Car/Wireless_Lidar/LSLIDAR_N10_ROS2/install/lslidar_msgs/include/lslidar_msgs/lslidar_msgs/msg/detail/lslidar_sweep__rosidl_typesupport_fastrtps_cpp.hpp
[5.496s] -- Installing: /home/mr-cheng/Desktop/Car/Wireless_Lidar/LSLIDAR_N10_ROS2/install/lslidar_msgs/lib/liblslidar_msgs__rosidl_typesupport_fastrtps_cpp.so
[5.496s] -- Set runtime path of "/home/mr-cheng/Desktop/Car/Wireless_Lidar/LSLIDAR_N10_ROS2/install/lslidar_msgs/lib/liblslidar_msgs__rosidl_typesupport_fastrtps_cpp.so" to ""
[5.496s] -- Up-to-date: /home/mr-cheng/Desktop/Car/Wireless_Lidar/LSLIDAR_N10_ROS2/install/lslidar_msgs/include/lslidar_msgs/lslidar_msgs
[5.496s] -- Up-to-date: /home/mr-cheng/Desktop/Car/Wireless_Lidar/LSLIDAR_N10_ROS2/install/lslidar_msgs/include/lslidar_msgs/lslidar_msgs/msg
[5.496s] -- Installing: /home/mr-cheng/Desktop/Car/Wireless_Lidar/LSLIDAR_N10_ROS2/install/lslidar_msgs/include/lslidar_msgs/lslidar_msgs/msg/rosidl_typesupport_introspection_c__visibility_control.h
[5.496s] -- Up-to-date: /home/mr-cheng/Desktop/Car/Wireless_Lidar/LSLIDAR_N10_ROS2/install/lslidar_msgs/include/lslidar_msgs/lslidar_msgs/msg/detail
[5.497s] -- Installing: /home/mr-cheng/Desktop/Car/Wireless_Lidar/LSLIDAR_N10_ROS2/install/lslidar_msgs/include/lslidar_msgs/lslidar_msgs/msg/detail/lslidar_point__rosidl_typesupport_introspection_c.h
[5.497s] -- Installing: /home/mr-cheng/Desktop/Car/Wireless_Lidar/LSLIDAR_N10_ROS2/install/lslidar_msgs/include/lslidar_msgs/lslidar_msgs/msg/detail/lslidar_scan__rosidl_typesupport_introspection_c.h
[5.497s] -- Installing: /home/mr-cheng/Desktop/Car/Wireless_Lidar/LSLIDAR_N10_ROS2/install/lslidar_msgs/include/lslidar_msgs/lslidar_msgs/msg/detail/lslidar_sweep__type_support.c
[5.497s] -- Installing: /home/mr-cheng/Desktop/Car/Wireless_Lidar/LSLIDAR_N10_ROS2/install/lslidar_msgs/include/lslidar_msgs/lslidar_msgs/msg/detail/lslidar_sweep__rosidl_typesupport_introspection_c.h
[5.497s] -- Installing: /home/mr-cheng/Desktop/Car/Wireless_Lidar/LSLIDAR_N10_ROS2/install/lslidar_msgs/include/lslidar_msgs/lslidar_msgs/msg/detail/lslidar_point__type_support.c
[5.497s] -- Installing: /home/mr-cheng/Desktop/Car/Wireless_Lidar/LSLIDAR_N10_ROS2/install/lslidar_msgs/include/lslidar_msgs/lslidar_msgs/msg/detail/lslidar_difop__type_support.c
[5.497s] -- Installing: /home/mr-cheng/Desktop/Car/Wireless_Lidar/LSLIDAR_N10_ROS2/install/lslidar_msgs/include/lslidar_msgs/lslidar_msgs/msg/detail/lslidar_packet__type_support.c
[5.497s] -- Installing: /home/mr-cheng/Desktop/Car/Wireless_Lidar/LSLIDAR_N10_ROS2/install/lslidar_msgs/include/lslidar_msgs/lslidar_msgs/msg/detail/lslidar_difop__rosidl_typesupport_introspection_c.h
[5.497s] -- Installing: /home/mr-cheng/Desktop/Car/Wireless_Lidar/LSLIDAR_N10_ROS2/install/lslidar_msgs/include/lslidar_msgs/lslidar_msgs/msg/detail/lslidar_packet__rosidl_typesupport_introspection_c.h
[5.497s] -- Installing: /home/mr-cheng/Desktop/Car/Wireless_Lidar/LSLIDAR_N10_ROS2/install/lslidar_msgs/include/lslidar_msgs/lslidar_msgs/msg/detail/lslidar_scan__type_support.c
[5.497s] -- Installing: /home/mr-cheng/Desktop/Car/Wireless_Lidar/LSLIDAR_N10_ROS2/install/lslidar_msgs/lib/liblslidar_msgs__rosidl_typesupport_introspection_c.so
[5.497s] -- Set runtime path of "/home/mr-cheng/Desktop/Car/Wireless_Lidar/LSLIDAR_N10_ROS2/install/lslidar_msgs/lib/liblslidar_msgs__rosidl_typesupport_introspection_c.so" to ""
[5.497s] -- Installing: /home/mr-cheng/Desktop/Car/Wireless_Lidar/LSLIDAR_N10_ROS2/install/lslidar_msgs/lib/liblslidar_msgs__rosidl_typesupport_c.so
[5.498s] -- Set runtime path of "/home/mr-cheng/Desktop/Car/Wireless_Lidar/LSLIDAR_N10_ROS2/install/lslidar_msgs/lib/liblslidar_msgs__rosidl_typesupport_c.so" to ""
[5.498s] -- Up-to-date: /home/mr-cheng/Desktop/Car/Wireless_Lidar/LSLIDAR_N10_ROS2/install/lslidar_msgs/include/lslidar_msgs/lslidar_msgs
[5.498s] -- Up-to-date: /home/mr-cheng/Desktop/Car/Wireless_Lidar/LSLIDAR_N10_ROS2/install/lslidar_msgs/include/lslidar_msgs/lslidar_msgs/msg
[5.498s] -- Up-to-date: /home/mr-cheng/Desktop/Car/Wireless_Lidar/LSLIDAR_N10_ROS2/install/lslidar_msgs/include/lslidar_msgs/lslidar_msgs/msg/detail
[5.498s] -- Installing: /home/mr-cheng/Desktop/Car/Wireless_Lidar/LSLIDAR_N10_ROS2/install/lslidar_msgs/include/lslidar_msgs/lslidar_msgs/msg/detail/lslidar_packet__rosidl_typesupport_introspection_cpp.hpp
[5.498s] -- Installing: /home/mr-cheng/Desktop/Car/Wireless_Lidar/LSLIDAR_N10_ROS2/install/lslidar_msgs/include/lslidar_msgs/lslidar_msgs/msg/detail/lslidar_point__type_support.cpp
[5.498s] -- Installing: /home/mr-cheng/Desktop/Car/Wireless_Lidar/LSLIDAR_N10_ROS2/install/lslidar_msgs/include/lslidar_msgs/lslidar_msgs/msg/detail/lslidar_difop__rosidl_typesupport_introspection_cpp.hpp
[5.498s] -- Installing: /home/mr-cheng/Desktop/Car/Wireless_Lidar/LSLIDAR_N10_ROS2/install/lslidar_msgs/include/lslidar_msgs/lslidar_msgs/msg/detail/lslidar_difop__type_support.cpp
[5.498s] -- Installing: /home/mr-cheng/Desktop/Car/Wireless_Lidar/LSLIDAR_N10_ROS2/install/lslidar_msgs/include/lslidar_msgs/lslidar_msgs/msg/detail/lslidar_scan__type_support.cpp
[5.498s] -- Installing: /home/mr-cheng/Desktop/Car/Wireless_Lidar/LSLIDAR_N10_ROS2/install/lslidar_msgs/include/lslidar_msgs/lslidar_msgs/msg/detail/lslidar_scan__rosidl_typesupport_introspection_cpp.hpp
[5.498s] -- Installing: /home/mr-cheng/Desktop/Car/Wireless_Lidar/LSLIDAR_N10_ROS2/install/lslidar_msgs/include/lslidar_msgs/lslidar_msgs/msg/detail/lslidar_point__rosidl_typesupport_introspection_cpp.hpp
[5.498s] -- Installing: /home/mr-cheng/Desktop/Car/Wireless_Lidar/LSLIDAR_N10_ROS2/install/lslidar_msgs/include/lslidar_msgs/lslidar_msgs/msg/detail/lslidar_sweep__rosidl_typesupport_introspection_cpp.hpp
[5.498s] -- Installing: /home/mr-cheng/Desktop/Car/Wireless_Lidar/LSLIDAR_N10_ROS2/install/lslidar_msgs/include/lslidar_msgs/lslidar_msgs/msg/detail/lslidar_sweep__type_support.cpp
[5.499s] -- Installing: /home/mr-cheng/Desktop/Car/Wireless_Lidar/LSLIDAR_N10_ROS2/install/lslidar_msgs/include/lslidar_msgs/lslidar_msgs/msg/detail/lslidar_packet__type_support.cpp
[5.499s] -- Installing: /home/mr-cheng/Desktop/Car/Wireless_Lidar/LSLIDAR_N10_ROS2/install/lslidar_msgs/lib/liblslidar_msgs__rosidl_typesupport_introspection_cpp.so
[5.499s] -- Set runtime path of "/home/mr-cheng/Desktop/Car/Wireless_Lidar/LSLIDAR_N10_ROS2/install/lslidar_msgs/lib/liblslidar_msgs__rosidl_typesupport_introspection_cpp.so" to ""
[5.499s] -- Installing: /home/mr-cheng/Desktop/Car/Wireless_Lidar/LSLIDAR_N10_ROS2/install/lslidar_msgs/lib/liblslidar_msgs__rosidl_typesupport_cpp.so
[5.499s] -- Set runtime path of "/home/mr-cheng/Desktop/Car/Wireless_Lidar/LSLIDAR_N10_ROS2/install/lslidar_msgs/lib/liblslidar_msgs__rosidl_typesupport_cpp.so" to ""
[5.499s] -- Installing: /home/mr-cheng/Desktop/Car/Wireless_Lidar/LSLIDAR_N10_ROS2/install/lslidar_msgs/share/lslidar_msgs/environment/pythonpath.sh
[5.499s] -- Installing: /home/mr-cheng/Desktop/Car/Wireless_Lidar/LSLIDAR_N10_ROS2/install/lslidar_msgs/share/lslidar_msgs/environment/pythonpath.dsv
[5.499s] -- Installing: /home/mr-cheng/Desktop/Car/Wireless_Lidar/LSLIDAR_N10_ROS2/install/lslidar_msgs/local/lib/python3.10/dist-packages/lslidar_msgs-1.2.0-py3.10.egg-info
[5.500s] -- Installing: /home/mr-cheng/Desktop/Car/Wireless_Lidar/LSLIDAR_N10_ROS2/install/lslidar_msgs/local/lib/python3.10/dist-packages/lslidar_msgs-1.2.0-py3.10.egg-info/SOURCES.txt
[5.500s] -- Installing: /home/mr-cheng/Desktop/Car/Wireless_Lidar/LSLIDAR_N10_ROS2/install/lslidar_msgs/local/lib/python3.10/dist-packages/lslidar_msgs-1.2.0-py3.10.egg-info/dependency_links.txt
[5.500s] -- Installing: /home/mr-cheng/Desktop/Car/Wireless_Lidar/LSLIDAR_N10_ROS2/install/lslidar_msgs/local/lib/python3.10/dist-packages/lslidar_msgs-1.2.0-py3.10.egg-info/PKG-INFO
[5.500s] -- Installing: /home/mr-cheng/Desktop/Car/Wireless_Lidar/LSLIDAR_N10_ROS2/install/lslidar_msgs/local/lib/python3.10/dist-packages/lslidar_msgs-1.2.0-py3.10.egg-info/top_level.txt
[5.500s] -- Installing: /home/mr-cheng/Desktop/Car/Wireless_Lidar/LSLIDAR_N10_ROS2/install/lslidar_msgs/local/lib/python3.10/dist-packages/lslidar_msgs
[5.500s] -- Installing: /home/mr-cheng/Desktop/Car/Wireless_Lidar/LSLIDAR_N10_ROS2/install/lslidar_msgs/local/lib/python3.10/dist-packages/lslidar_msgs/lslidar_msgs_s__rosidl_typesupport_introspection_c.cpython-310-x86_64-linux-gnu.so
[5.500s] -- Installing: /home/mr-cheng/Desktop/Car/Wireless_Lidar/LSLIDAR_N10_ROS2/install/lslidar_msgs/local/lib/python3.10/dist-packages/lslidar_msgs/lslidar_msgs_s__rosidl_typesupport_c.cpython-310-x86_64-linux-gnu.so
[5.500s] -- Installing: /home/mr-cheng/Desktop/Car/Wireless_Lidar/LSLIDAR_N10_ROS2/install/lslidar_msgs/local/lib/python3.10/dist-packages/lslidar_msgs/_lslidar_msgs_s.ep.rosidl_typesupport_introspection_c.c
[5.500s] -- Installing: /home/mr-cheng/Desktop/Car/Wireless_Lidar/LSLIDAR_N10_ROS2/install/lslidar_msgs/local/lib/python3.10/dist-packages/lslidar_msgs/_lslidar_msgs_s.ep.rosidl_typesupport_fastrtps_c.c
[5.500s] -- Installing: /home/mr-cheng/Desktop/Car/Wireless_Lidar/LSLIDAR_N10_ROS2/install/lslidar_msgs/local/lib/python3.10/dist-packages/lslidar_msgs/liblslidar_msgs__rosidl_generator_py.so
[5.500s] -- Installing: /home/mr-cheng/Desktop/Car/Wireless_Lidar/LSLIDAR_N10_ROS2/install/lslidar_msgs/local/lib/python3.10/dist-packages/lslidar_msgs/msg
[5.501s] -- Installing: /home/mr-cheng/Desktop/Car/Wireless_Lidar/LSLIDAR_N10_ROS2/install/lslidar_msgs/local/lib/python3.10/dist-packages/lslidar_msgs/msg/_lslidar_difop_s.c
[5.501s] -- Installing: /home/mr-cheng/Desktop/Car/Wireless_Lidar/LSLIDAR_N10_ROS2/install/lslidar_msgs/local/lib/python3.10/dist-packages/lslidar_msgs/msg/_lslidar_sweep.py
[5.501s] -- Installing: /home/mr-cheng/Desktop/Car/Wireless_Lidar/LSLIDAR_N10_ROS2/install/lslidar_msgs/local/lib/python3.10/dist-packages/lslidar_msgs/msg/_lslidar_sweep_s.c
[5.501s] -- Installing: /home/mr-cheng/Desktop/Car/Wireless_Lidar/LSLIDAR_N10_ROS2/install/lslidar_msgs/local/lib/python3.10/dist-packages/lslidar_msgs/msg/_lslidar_packet_s.c
[5.501s] -- Installing: /home/mr-cheng/Desktop/Car/Wireless_Lidar/LSLIDAR_N10_ROS2/install/lslidar_msgs/local/lib/python3.10/dist-packages/lslidar_msgs/msg/_lslidar_point.py
[5.501s] -- Installing: /home/mr-cheng/Desktop/Car/Wireless_Lidar/LSLIDAR_N10_ROS2/install/lslidar_msgs/local/lib/python3.10/dist-packages/lslidar_msgs/msg/_lslidar_scan_s.c
[5.501s] -- Installing: /home/mr-cheng/Desktop/Car/Wireless_Lidar/LSLIDAR_N10_ROS2/install/lslidar_msgs/local/lib/python3.10/dist-packages/lslidar_msgs/msg/__init__.py
[5.501s] -- Installing: /home/mr-cheng/Desktop/Car/Wireless_Lidar/LSLIDAR_N10_ROS2/install/lslidar_msgs/local/lib/python3.10/dist-packages/lslidar_msgs/msg/_lslidar_point_s.c
[5.501s] -- Installing: /home/mr-cheng/Desktop/Car/Wireless_Lidar/LSLIDAR_N10_ROS2/install/lslidar_msgs/local/lib/python3.10/dist-packages/lslidar_msgs/msg/_lslidar_packet.py
[5.501s] -- Installing: /home/mr-cheng/Desktop/Car/Wireless_Lidar/LSLIDAR_N10_ROS2/install/lslidar_msgs/local/lib/python3.10/dist-packages/lslidar_msgs/msg/_lslidar_scan.py
[5.501s] -- Installing: /home/mr-cheng/Desktop/Car/Wireless_Lidar/LSLIDAR_N10_ROS2/install/lslidar_msgs/local/lib/python3.10/dist-packages/lslidar_msgs/msg/_lslidar_difop.py
[5.501s] -- Installing: /home/mr-cheng/Desktop/Car/Wireless_Lidar/LSLIDAR_N10_ROS2/install/lslidar_msgs/local/lib/python3.10/dist-packages/lslidar_msgs/__init__.py
[5.501s] -- Installing: /home/mr-cheng/Desktop/Car/Wireless_Lidar/LSLIDAR_N10_ROS2/install/lslidar_msgs/local/lib/python3.10/dist-packages/lslidar_msgs/_lslidar_msgs_s.ep.rosidl_typesupport_c.c
[5.502s] -- Installing: /home/mr-cheng/Desktop/Car/Wireless_Lidar/LSLIDAR_N10_ROS2/install/lslidar_msgs/local/lib/python3.10/dist-packages/lslidar_msgs/lslidar_msgs_s__rosidl_typesupport_fastrtps_c.cpython-310-x86_64-linux-gnu.so
[5.537s] Listing '/home/mr-cheng/Desktop/Car/Wireless_Lidar/LSLIDAR_N10_ROS2/install/lslidar_msgs/local/lib/python3.10/dist-packages/lslidar_msgs'...
[5.537s] Compiling '/home/mr-cheng/Desktop/Car/Wireless_Lidar/LSLIDAR_N10_ROS2/install/lslidar_msgs/local/lib/python3.10/dist-packages/lslidar_msgs/__init__.py'...
[5.537s] Listing '/home/mr-cheng/Desktop/Car/Wireless_Lidar/LSLIDAR_N10_ROS2/install/lslidar_msgs/local/lib/python3.10/dist-packages/lslidar_msgs/msg'...
[5.537s] Compiling '/home/mr-cheng/Desktop/Car/Wireless_Lidar/LSLIDAR_N10_ROS2/install/lslidar_msgs/local/lib/python3.10/dist-packages/lslidar_msgs/msg/__init__.py'...
[5.537s] Compiling '/home/mr-cheng/Desktop/Car/Wireless_Lidar/LSLIDAR_N10_ROS2/install/lslidar_msgs/local/lib/python3.10/dist-packages/lslidar_msgs/msg/_lslidar_difop.py'...
[5.537s] Compiling '/home/mr-cheng/Desktop/Car/Wireless_Lidar/LSLIDAR_N10_ROS2/install/lslidar_msgs/local/lib/python3.10/dist-packages/lslidar_msgs/msg/_lslidar_packet.py'...
[5.537s] Compiling '/home/mr-cheng/Desktop/Car/Wireless_Lidar/LSLIDAR_N10_ROS2/install/lslidar_msgs/local/lib/python3.10/dist-packages/lslidar_msgs/msg/_lslidar_point.py'...
[5.537s] Compiling '/home/mr-cheng/Desktop/Car/Wireless_Lidar/LSLIDAR_N10_ROS2/install/lslidar_msgs/local/lib/python3.10/dist-packages/lslidar_msgs/msg/_lslidar_scan.py'...
[5.537s] Compiling '/home/mr-cheng/Desktop/Car/Wireless_Lidar/LSLIDAR_N10_ROS2/install/lslidar_msgs/local/lib/python3.10/dist-packages/lslidar_msgs/msg/_lslidar_sweep.py'...
[5.541s] -- Installing: /home/mr-cheng/Desktop/Car/Wireless_Lidar/LSLIDAR_N10_ROS2/install/lslidar_msgs/local/lib/python3.10/dist-packages/lslidar_msgs/lslidar_msgs_s__rosidl_typesupport_fastrtps_c.cpython-310-x86_64-linux-gnu.so
[5.541s] -- Set runtime path of "/home/mr-cheng/Desktop/Car/Wireless_Lidar/LSLIDAR_N10_ROS2/install/lslidar_msgs/local/lib/python3.10/dist-packages/lslidar_msgs/lslidar_msgs_s__rosidl_typesupport_fastrtps_c.cpython-310-x86_64-linux-gnu.so" to ""
[5.541s] -- Installing: /home/mr-cheng/Desktop/Car/Wireless_Lidar/LSLIDAR_N10_ROS2/install/lslidar_msgs/local/lib/python3.10/dist-packages/lslidar_msgs/lslidar_msgs_s__rosidl_typesupport_introspection_c.cpython-310-x86_64-linux-gnu.so
[5.541s] -- Set runtime path of "/home/mr-cheng/Desktop/Car/Wireless_Lidar/LSLIDAR_N10_ROS2/install/lslidar_msgs/local/lib/python3.10/dist-packages/lslidar_msgs/lslidar_msgs_s__rosidl_typesupport_introspection_c.cpython-310-x86_64-linux-gnu.so" to ""
[5.542s] -- Installing: /home/mr-cheng/Desktop/Car/Wireless_Lidar/LSLIDAR_N10_ROS2/install/lslidar_msgs/local/lib/python3.10/dist-packages/lslidar_msgs/lslidar_msgs_s__rosidl_typesupport_c.cpython-310-x86_64-linux-gnu.so
[5.542s] -- Set runtime path of "/home/mr-cheng/Desktop/Car/Wireless_Lidar/LSLIDAR_N10_ROS2/install/lslidar_msgs/local/lib/python3.10/dist-packages/lslidar_msgs/lslidar_msgs_s__rosidl_typesupport_c.cpython-310-x86_64-linux-gnu.so" to ""
[5.542s] -- Installing: /home/mr-cheng/Desktop/Car/Wireless_Lidar/LSLIDAR_N10_ROS2/install/lslidar_msgs/lib/liblslidar_msgs__rosidl_generator_py.so
[5.542s] -- Set runtime path of "/home/mr-cheng/Desktop/Car/Wireless_Lidar/LSLIDAR_N10_ROS2/install/lslidar_msgs/lib/liblslidar_msgs__rosidl_generator_py.so" to ""
[5.542s] -- Installing: /home/mr-cheng/Desktop/Car/Wireless_Lidar/LSLIDAR_N10_ROS2/install/lslidar_msgs/share/lslidar_msgs/msg/LslidarDifop.idl
[5.542s] -- Installing: /home/mr-cheng/Desktop/Car/Wireless_Lidar/LSLIDAR_N10_ROS2/install/lslidar_msgs/share/lslidar_msgs/msg/LslidarPacket.idl
[5.542s] -- Installing: /home/mr-cheng/Desktop/Car/Wireless_Lidar/LSLIDAR_N10_ROS2/install/lslidar_msgs/share/lslidar_msgs/msg/LslidarPoint.idl
[5.542s] -- Installing: /home/mr-cheng/Desktop/Car/Wireless_Lidar/LSLIDAR_N10_ROS2/install/lslidar_msgs/share/lslidar_msgs/msg/LslidarScan.idl
[5.542s] -- Installing: /home/mr-cheng/Desktop/Car/Wireless_Lidar/LSLIDAR_N10_ROS2/install/lslidar_msgs/share/lslidar_msgs/msg/LslidarSweep.idl
[5.543s] -- Installing: /home/mr-cheng/Desktop/Car/Wireless_Lidar/LSLIDAR_N10_ROS2/install/lslidar_msgs/share/lslidar_msgs/msg/LslidarDifop.msg
[5.543s] -- Installing: /home/mr-cheng/Desktop/Car/Wireless_Lidar/LSLIDAR_N10_ROS2/install/lslidar_msgs/share/lslidar_msgs/msg/LslidarPacket.msg
[5.543s] -- Installing: /home/mr-cheng/Desktop/Car/Wireless_Lidar/LSLIDAR_N10_ROS2/install/lslidar_msgs/share/lslidar_msgs/msg/LslidarPoint.msg
[5.543s] -- Installing: /home/mr-cheng/Desktop/Car/Wireless_Lidar/LSLIDAR_N10_ROS2/install/lslidar_msgs/share/lslidar_msgs/msg/LslidarScan.msg
[5.543s] -- Installing: /home/mr-cheng/Desktop/Car/Wireless_Lidar/LSLIDAR_N10_ROS2/install/lslidar_msgs/share/lslidar_msgs/msg/LslidarSweep.msg
[5.543s] -- Installing: /home/mr-cheng/Desktop/Car/Wireless_Lidar/LSLIDAR_N10_ROS2/install/lslidar_msgs/share/ament_index/resource_index/package_run_dependencies/lslidar_msgs
[5.543s] -- Installing: /home/mr-cheng/Desktop/Car/Wireless_Lidar/LSLIDAR_N10_ROS2/install/lslidar_msgs/share/ament_index/resource_index/parent_prefix_path/lslidar_msgs
[5.543s] -- Installing: /home/mr-cheng/Desktop/Car/Wireless_Lidar/LSLIDAR_N10_ROS2/install/lslidar_msgs/share/lslidar_msgs/environment/ament_prefix_path.sh
[5.543s] -- Installing: /home/mr-cheng/Desktop/Car/Wireless_Lidar/LSLIDAR_N10_ROS2/install/lslidar_msgs/share/lslidar_msgs/environment/ament_prefix_path.dsv
[5.544s] -- Installing: /home/mr-cheng/Desktop/Car/Wireless_Lidar/LSLIDAR_N10_ROS2/install/lslidar_msgs/share/lslidar_msgs/environment/path.sh
[5.544s] -- Installing: /home/mr-cheng/Desktop/Car/Wireless_Lidar/LSLIDAR_N10_ROS2/install/lslidar_msgs/share/lslidar_msgs/environment/path.dsv
[5.544s] -- Installing: /home/mr-cheng/Desktop/Car/Wireless_Lidar/LSLIDAR_N10_ROS2/install/lslidar_msgs/share/lslidar_msgs/local_setup.bash
[5.544s] -- Installing: /home/mr-cheng/Desktop/Car/Wireless_Lidar/LSLIDAR_N10_ROS2/install/lslidar_msgs/share/lslidar_msgs/local_setup.sh
[5.544s] -- Installing: /home/mr-cheng/Desktop/Car/Wireless_Lidar/LSLIDAR_N10_ROS2/install/lslidar_msgs/share/lslidar_msgs/local_setup.zsh
[5.544s] -- Installing: /home/mr-cheng/Desktop/Car/Wireless_Lidar/LSLIDAR_N10_ROS2/install/lslidar_msgs/share/lslidar_msgs/local_setup.dsv
[5.544s] -- Installing: /home/mr-cheng/Desktop/Car/Wireless_Lidar/LSLIDAR_N10_ROS2/install/lslidar_msgs/share/lslidar_msgs/package.dsv
[5.544s] -- Installing: /home/mr-cheng/Desktop/Car/Wireless_Lidar/LSLIDAR_N10_ROS2/install/lslidar_msgs/share/ament_index/resource_index/packages/lslidar_msgs
[5.544s] -- Installing: /home/mr-cheng/Desktop/Car/Wireless_Lidar/LSLIDAR_N10_ROS2/install/lslidar_msgs/share/lslidar_msgs/cmake/export_lslidar_msgs__rosidl_generator_cExport.cmake
[5.545s] -- Installing: /home/mr-cheng/Desktop/Car/Wireless_Lidar/LSLIDAR_N10_ROS2/install/lslidar_msgs/share/lslidar_msgs/cmake/export_lslidar_msgs__rosidl_generator_cExport-noconfig.cmake
[5.545s] -- Installing: /home/mr-cheng/Desktop/Car/Wireless_Lidar/LSLIDAR_N10_ROS2/install/lslidar_msgs/share/lslidar_msgs/cmake/export_lslidar_msgs__rosidl_typesupport_fastrtps_cExport.cmake
[5.545s] -- Installing: /home/mr-cheng/Desktop/Car/Wireless_Lidar/LSLIDAR_N10_ROS2/install/lslidar_msgs/share/lslidar_msgs/cmake/export_lslidar_msgs__rosidl_typesupport_fastrtps_cExport-noconfig.cmake
[5.545s] -- Installing: /home/mr-cheng/Desktop/Car/Wireless_Lidar/LSLIDAR_N10_ROS2/install/lslidar_msgs/share/lslidar_msgs/cmake/export_lslidar_msgs__rosidl_generator_cppExport.cmake
[5.545s] -- Installing: /home/mr-cheng/Desktop/Car/Wireless_Lidar/LSLIDAR_N10_ROS2/install/lslidar_msgs/share/lslidar_msgs/cmake/export_lslidar_msgs__rosidl_typesupport_fastrtps_cppExport.cmake
[5.545s] -- Installing: /home/mr-cheng/Desktop/Car/Wireless_Lidar/LSLIDAR_N10_ROS2/install/lslidar_msgs/share/lslidar_msgs/cmake/export_lslidar_msgs__rosidl_typesupport_fastrtps_cppExport-noconfig.cmake
[5.545s] -- Installing: /home/mr-cheng/Desktop/Car/Wireless_Lidar/LSLIDAR_N10_ROS2/install/lslidar_msgs/share/lslidar_msgs/cmake/lslidar_msgs__rosidl_typesupport_introspection_cExport.cmake
[5.545s] -- Installing: /home/mr-cheng/Desktop/Car/Wireless_Lidar/LSLIDAR_N10_ROS2/install/lslidar_msgs/share/lslidar_msgs/cmake/lslidar_msgs__rosidl_typesupport_introspection_cExport-noconfig.cmake
[5.546s] -- Installing: /home/mr-cheng/Desktop/Car/Wireless_Lidar/LSLIDAR_N10_ROS2/install/lslidar_msgs/share/lslidar_msgs/cmake/lslidar_msgs__rosidl_typesupport_cExport.cmake
[5.546s] -- Installing: /home/mr-cheng/Desktop/Car/Wireless_Lidar/LSLIDAR_N10_ROS2/install/lslidar_msgs/share/lslidar_msgs/cmake/lslidar_msgs__rosidl_typesupport_cExport-noconfig.cmake
[5.546s] -- Installing: /home/mr-cheng/Desktop/Car/Wireless_Lidar/LSLIDAR_N10_ROS2/install/lslidar_msgs/share/lslidar_msgs/cmake/lslidar_msgs__rosidl_typesupport_introspection_cppExport.cmake
[5.546s] -- Installing: /home/mr-cheng/Desktop/Car/Wireless_Lidar/LSLIDAR_N10_ROS2/install/lslidar_msgs/share/lslidar_msgs/cmake/lslidar_msgs__rosidl_typesupport_introspection_cppExport-noconfig.cmake
[5.546s] -- Installing: /home/mr-cheng/Desktop/Car/Wireless_Lidar/LSLIDAR_N10_ROS2/install/lslidar_msgs/share/lslidar_msgs/cmake/lslidar_msgs__rosidl_typesupport_cppExport.cmake
[5.546s] -- Installing: /home/mr-cheng/Desktop/Car/Wireless_Lidar/LSLIDAR_N10_ROS2/install/lslidar_msgs/share/lslidar_msgs/cmake/lslidar_msgs__rosidl_typesupport_cppExport-noconfig.cmake
[5.546s] -- Installing: /home/mr-cheng/Desktop/Car/Wireless_Lidar/LSLIDAR_N10_ROS2/install/lslidar_msgs/share/lslidar_msgs/cmake/export_lslidar_msgs__rosidl_generator_pyExport.cmake
[5.546s] -- Installing: /home/mr-cheng/Desktop/Car/Wireless_Lidar/LSLIDAR_N10_ROS2/install/lslidar_msgs/share/lslidar_msgs/cmake/export_lslidar_msgs__rosidl_generator_pyExport-noconfig.cmake
[5.546s] -- Installing: /home/mr-cheng/Desktop/Car/Wireless_Lidar/LSLIDAR_N10_ROS2/install/lslidar_msgs/share/lslidar_msgs/cmake/rosidl_cmake-extras.cmake
[5.547s] -- Installing: /home/mr-cheng/Desktop/Car/Wireless_Lidar/LSLIDAR_N10_ROS2/install/lslidar_msgs/share/lslidar_msgs/cmake/ament_cmake_export_dependencies-extras.cmake
[5.547s] -- Installing: /home/mr-cheng/Desktop/Car/Wireless_Lidar/LSLIDAR_N10_ROS2/install/lslidar_msgs/share/lslidar_msgs/cmake/ament_cmake_export_include_directories-extras.cmake
[5.547s] -- Installing: /home/mr-cheng/Desktop/Car/Wireless_Lidar/LSLIDAR_N10_ROS2/install/lslidar_msgs/share/lslidar_msgs/cmake/ament_cmake_export_libraries-extras.cmake
[5.547s] -- Installing: /home/mr-cheng/Desktop/Car/Wireless_Lidar/LSLIDAR_N10_ROS2/install/lslidar_msgs/share/lslidar_msgs/cmake/ament_cmake_export_targets-extras.cmake
[5.547s] -- Installing: /home/mr-cheng/Desktop/Car/Wireless_Lidar/LSLIDAR_N10_ROS2/install/lslidar_msgs/share/lslidar_msgs/cmake/rosidl_cmake_export_typesupport_targets-extras.cmake
[5.547s] -- Installing: /home/mr-cheng/Desktop/Car/Wireless_Lidar/LSLIDAR_N10_ROS2/install/lslidar_msgs/share/lslidar_msgs/cmake/rosidl_cmake_export_typesupport_libraries-extras.cmake
[5.547s] -- Installing: /home/mr-cheng/Desktop/Car/Wireless_Lidar/LSLIDAR_N10_ROS2/install/lslidar_msgs/share/lslidar_msgs/cmake/lslidar_msgsConfig.cmake
[5.547s] -- Installing: /home/mr-cheng/Desktop/Car/Wireless_Lidar/LSLIDAR_N10_ROS2/install/lslidar_msgs/share/lslidar_msgs/cmake/lslidar_msgsConfig-version.cmake
[5.547s] -- Installing: /home/mr-cheng/Desktop/Car/Wireless_Lidar/LSLIDAR_N10_ROS2/install/lslidar_msgs/share/lslidar_msgs/package.xml
[5.549s] Invoked command in '/home/mr-cheng/Desktop/Car/Wireless_Lidar/LSLIDAR_N10_ROS2/build/lslidar_msgs' returned '0': CMAKE_PREFIX_PATH=${CMAKE_PREFIX_PATH}:/opt/ros/humble /usr/bin/cmake --install /home/mr-cheng/Desktop/Car/Wireless_Lidar/LSLIDAR_N10_ROS2/build/lslidar_msgs
