[0.139s] DEBUG:colcon:Command line arguments: ['/usr/bin/colcon', 'build']
[0.139s] DEBUG:colcon:Parsed command line arguments: Namespace(log_base=None, log_level=None, verb_name='build', build_base='build', install_base='install', merge_install=False, symlink_install=False, test_result_base=None, continue_on_error=False, executor='parallel', parallel_workers=16, event_handlers=None, ignore_user_meta=False, metas=['./colcon.meta'], base_paths=['.'], packages_ignore=None, packages_ignore_regex=None, paths=None, packages_up_to=None, packages_up_to_regex=None, packages_above=None, packages_above_and_dependencies=None, packages_above_depth=None, packages_select_by_dep=None, packages_skip_by_dep=None, packages_skip_up_to=None, packages_select_build_failed=False, packages_skip_build_finished=False, packages_select_test_failures=False, packages_skip_test_passed=False, packages_select=None, packages_skip=None, packages_select_regex=None, packages_skip_regex=None, packages_start=None, packages_end=None, allow_overriding=[], cmake_args=None, cmake_target=None, cmake_target_skip_unavailable=False, cmake_clean_cache=False, cmake_clean_first=False, cmake_force_configure=False, ament_cmake_args=None, catkin_cmake_args=None, catkin_skip_building_tests=False, verb_parser=<colcon_defaults.argument_parser.defaults.DefaultArgumentsDecorator object at 0x70c5bb33ece0>, verb_extension=<colcon_core.verb.build.BuildVerb object at 0x70c5bb43b760>, main=<bound method BuildVerb.main of <colcon_core.verb.build.BuildVerb object at 0x70c5bb43b760>>)
[0.221s] Level 1:colcon.colcon_core.package_discovery:discover_packages(colcon_meta) check parameters
[0.221s] Level 1:colcon.colcon_core.package_discovery:discover_packages(recursive) check parameters
[0.221s] Level 1:colcon.colcon_core.package_discovery:discover_packages(ignore) check parameters
[0.221s] Level 1:colcon.colcon_core.package_discovery:discover_packages(path) check parameters
[0.221s] Level 1:colcon.colcon_core.package_discovery:discover_packages(colcon_meta) discover
[0.221s] Level 1:colcon.colcon_core.package_discovery:discover_packages(recursive) discover
[0.221s] INFO:colcon.colcon_core.package_discovery:Crawling recursively for packages in '/home/mr-cheng/Documents/ROS2/Car'
[0.221s] Level 1:colcon.colcon_core.package_identification:_identify(.) by extensions ['ignore', 'ignore_ament_install']
[0.221s] Level 1:colcon.colcon_core.package_identification:_identify(.) by extension 'ignore'
[0.221s] Level 1:colcon.colcon_core.package_identification:_identify(.) by extension 'ignore_ament_install'
[0.222s] Level 1:colcon.colcon_core.package_identification:_identify(.) by extensions ['colcon_pkg']
[0.222s] Level 1:colcon.colcon_core.package_identification:_identify(.) by extension 'colcon_pkg'
[0.222s] Level 1:colcon.colcon_core.package_identification:_identify(.) by extensions ['colcon_meta']
[0.222s] Level 1:colcon.colcon_core.package_identification:_identify(.) by extension 'colcon_meta'
[0.222s] Level 1:colcon.colcon_core.package_identification:_identify(.) by extensions ['ros']
[0.222s] Level 1:colcon.colcon_core.package_identification:_identify(.) by extension 'ros'
[0.244s] Level 1:colcon.colcon_core.package_identification:_identify(.) by extensions ['cmake', 'python']
[0.245s] Level 1:colcon.colcon_core.package_identification:_identify(.) by extension 'cmake'
[0.245s] Level 1:colcon.colcon_core.package_identification:_identify(.) by extension 'python'
[0.245s] Level 1:colcon.colcon_core.package_identification:_identify(.) by extensions ['python_setup_py']
[0.245s] Level 1:colcon.colcon_core.package_identification:_identify(.) by extension 'python_setup_py'
[0.245s] Level 1:colcon.colcon_core.package_identification:_identify(build) by extensions ['ignore', 'ignore_ament_install']
[0.245s] Level 1:colcon.colcon_core.package_identification:_identify(build) by extension 'ignore'
[0.245s] Level 1:colcon.colcon_core.package_identification:_identify(build) ignored
[0.245s] Level 1:colcon.colcon_core.package_identification:_identify(install) by extensions ['ignore', 'ignore_ament_install']
[0.245s] Level 1:colcon.colcon_core.package_identification:_identify(install) by extension 'ignore'
[0.245s] Level 1:colcon.colcon_core.package_identification:_identify(install) ignored
[0.245s] Level 1:colcon.colcon_core.package_identification:_identify(log) by extensions ['ignore', 'ignore_ament_install']
[0.245s] Level 1:colcon.colcon_core.package_identification:_identify(log) by extension 'ignore'
[0.246s] Level 1:colcon.colcon_core.package_identification:_identify(log) ignored
[0.246s] Level 1:colcon.colcon_core.package_identification:_identify(src) by extensions ['ignore', 'ignore_ament_install']
[0.246s] Level 1:colcon.colcon_core.package_identification:_identify(src) by extension 'ignore'
[0.246s] Level 1:colcon.colcon_core.package_identification:_identify(src) by extension 'ignore_ament_install'
[0.246s] Level 1:colcon.colcon_core.package_identification:_identify(src) by extensions ['colcon_pkg']
[0.246s] Level 1:colcon.colcon_core.package_identification:_identify(src) by extension 'colcon_pkg'
[0.246s] Level 1:colcon.colcon_core.package_identification:_identify(src) by extensions ['colcon_meta']
[0.246s] Level 1:colcon.colcon_core.package_identification:_identify(src) by extension 'colcon_meta'
[0.246s] Level 1:colcon.colcon_core.package_identification:_identify(src) by extensions ['ros']
[0.246s] Level 1:colcon.colcon_core.package_identification:_identify(src) by extension 'ros'
[0.246s] Level 1:colcon.colcon_core.package_identification:_identify(src) by extensions ['cmake', 'python']
[0.246s] Level 1:colcon.colcon_core.package_identification:_identify(src) by extension 'cmake'
[0.246s] Level 1:colcon.colcon_core.package_identification:_identify(src) by extension 'python'
[0.246s] Level 1:colcon.colcon_core.package_identification:_identify(src) by extensions ['python_setup_py']
[0.246s] Level 1:colcon.colcon_core.package_identification:_identify(src) by extension 'python_setup_py'
[0.247s] Level 1:colcon.colcon_core.package_identification:_identify(src/car_nav2) by extensions ['ignore', 'ignore_ament_install']
[0.247s] Level 1:colcon.colcon_core.package_identification:_identify(src/car_nav2) by extension 'ignore'
[0.247s] Level 1:colcon.colcon_core.package_identification:_identify(src/car_nav2) by extension 'ignore_ament_install'
[0.247s] Level 1:colcon.colcon_core.package_identification:_identify(src/car_nav2) by extensions ['colcon_pkg']
[0.247s] Level 1:colcon.colcon_core.package_identification:_identify(src/car_nav2) by extension 'colcon_pkg'
[0.247s] Level 1:colcon.colcon_core.package_identification:_identify(src/car_nav2) by extensions ['colcon_meta']
[0.247s] Level 1:colcon.colcon_core.package_identification:_identify(src/car_nav2) by extension 'colcon_meta'
[0.247s] Level 1:colcon.colcon_core.package_identification:_identify(src/car_nav2) by extensions ['ros']
[0.247s] Level 1:colcon.colcon_core.package_identification:_identify(src/car_nav2) by extension 'ros'
[0.251s] DEBUG:colcon.colcon_core.package_identification:Package 'src/car_nav2' with type 'ros.ament_cmake' and name 'car_nav2'
[0.251s] Level 1:colcon.colcon_core.package_identification:_identify(src/robot_description) by extensions ['ignore', 'ignore_ament_install']
[0.251s] Level 1:colcon.colcon_core.package_identification:_identify(src/robot_description) by extension 'ignore'
[0.251s] Level 1:colcon.colcon_core.package_identification:_identify(src/robot_description) by extension 'ignore_ament_install'
[0.251s] Level 1:colcon.colcon_core.package_identification:_identify(src/robot_description) by extensions ['colcon_pkg']
[0.251s] Level 1:colcon.colcon_core.package_identification:_identify(src/robot_description) by extension 'colcon_pkg'
[0.251s] Level 1:colcon.colcon_core.package_identification:_identify(src/robot_description) by extensions ['colcon_meta']
[0.252s] Level 1:colcon.colcon_core.package_identification:_identify(src/robot_description) by extension 'colcon_meta'
[0.252s] Level 1:colcon.colcon_core.package_identification:_identify(src/robot_description) by extensions ['ros']
[0.252s] Level 1:colcon.colcon_core.package_identification:_identify(src/robot_description) by extension 'ros'
[0.252s] DEBUG:colcon.colcon_core.package_identification:Package 'src/robot_description' with type 'ros.ament_python' and name 'robot_description'
[0.252s] Level 1:colcon.colcon_core.package_identification:_identify(src/slam_gmapping) by extensions ['ignore', 'ignore_ament_install']
[0.252s] Level 1:colcon.colcon_core.package_identification:_identify(src/slam_gmapping) by extension 'ignore'
[0.252s] Level 1:colcon.colcon_core.package_identification:_identify(src/slam_gmapping) by extension 'ignore_ament_install'
[0.253s] Level 1:colcon.colcon_core.package_identification:_identify(src/slam_gmapping) by extensions ['colcon_pkg']
[0.253s] Level 1:colcon.colcon_core.package_identification:_identify(src/slam_gmapping) by extension 'colcon_pkg'
[0.253s] Level 1:colcon.colcon_core.package_identification:_identify(src/slam_gmapping) by extensions ['colcon_meta']
[0.253s] Level 1:colcon.colcon_core.package_identification:_identify(src/slam_gmapping) by extension 'colcon_meta'
[0.253s] Level 1:colcon.colcon_core.package_identification:_identify(src/slam_gmapping) by extensions ['ros']
[0.253s] Level 1:colcon.colcon_core.package_identification:_identify(src/slam_gmapping) by extension 'ros'
[0.253s] Level 1:colcon.colcon_core.package_identification:_identify(src/slam_gmapping) by extensions ['cmake', 'python']
[0.253s] Level 1:colcon.colcon_core.package_identification:_identify(src/slam_gmapping) by extension 'cmake'
[0.253s] Level 1:colcon.colcon_core.package_identification:_identify(src/slam_gmapping) by extension 'python'
[0.253s] Level 1:colcon.colcon_core.package_identification:_identify(src/slam_gmapping) by extensions ['python_setup_py']
[0.253s] Level 1:colcon.colcon_core.package_identification:_identify(src/slam_gmapping) by extension 'python_setup_py'
[0.253s] Level 1:colcon.colcon_core.package_identification:_identify(src/slam_gmapping/openslam_gmapping) by extensions ['ignore', 'ignore_ament_install']
[0.253s] Level 1:colcon.colcon_core.package_identification:_identify(src/slam_gmapping/openslam_gmapping) by extension 'ignore'
[0.253s] Level 1:colcon.colcon_core.package_identification:_identify(src/slam_gmapping/openslam_gmapping) by extension 'ignore_ament_install'
[0.253s] Level 1:colcon.colcon_core.package_identification:_identify(src/slam_gmapping/openslam_gmapping) by extensions ['colcon_pkg']
[0.253s] Level 1:colcon.colcon_core.package_identification:_identify(src/slam_gmapping/openslam_gmapping) by extension 'colcon_pkg'
[0.254s] Level 1:colcon.colcon_core.package_identification:_identify(src/slam_gmapping/openslam_gmapping) by extensions ['colcon_meta']
[0.254s] Level 1:colcon.colcon_core.package_identification:_identify(src/slam_gmapping/openslam_gmapping) by extension 'colcon_meta'
[0.254s] Level 1:colcon.colcon_core.package_identification:_identify(src/slam_gmapping/openslam_gmapping) by extensions ['ros']
[0.254s] Level 1:colcon.colcon_core.package_identification:_identify(src/slam_gmapping/openslam_gmapping) by extension 'ros'
[0.254s] DEBUG:colcon.colcon_core.package_identification:Package 'src/slam_gmapping/openslam_gmapping' with type 'ros.ament_cmake' and name 'openslam_gmapping'
[0.255s] Level 1:colcon.colcon_core.package_identification:_identify(src/slam_gmapping/slam_gmapping) by extensions ['ignore', 'ignore_ament_install']
[0.255s] Level 1:colcon.colcon_core.package_identification:_identify(src/slam_gmapping/slam_gmapping) by extension 'ignore'
[0.255s] Level 1:colcon.colcon_core.package_identification:_identify(src/slam_gmapping/slam_gmapping) by extension 'ignore_ament_install'
[0.255s] Level 1:colcon.colcon_core.package_identification:_identify(src/slam_gmapping/slam_gmapping) by extensions ['colcon_pkg']
[0.255s] Level 1:colcon.colcon_core.package_identification:_identify(src/slam_gmapping/slam_gmapping) by extension 'colcon_pkg'
[0.255s] Level 1:colcon.colcon_core.package_identification:_identify(src/slam_gmapping/slam_gmapping) by extensions ['colcon_meta']
[0.255s] Level 1:colcon.colcon_core.package_identification:_identify(src/slam_gmapping/slam_gmapping) by extension 'colcon_meta'
[0.255s] Level 1:colcon.colcon_core.package_identification:_identify(src/slam_gmapping/slam_gmapping) by extensions ['ros']
[0.255s] Level 1:colcon.colcon_core.package_identification:_identify(src/slam_gmapping/slam_gmapping) by extension 'ros'
[0.256s] DEBUG:colcon.colcon_core.package_identification:Package 'src/slam_gmapping/slam_gmapping' with type 'ros.ament_cmake' and name 'slam_gmapping'
[0.256s] Level 1:colcon.colcon_core.package_discovery:discover_packages(recursive) using defaults
[0.256s] Level 1:colcon.colcon_core.package_discovery:discover_packages(ignore) discover
[0.256s] Level 1:colcon.colcon_core.package_discovery:discover_packages(ignore) using defaults
[0.257s] Level 1:colcon.colcon_core.package_discovery:discover_packages(path) discover
[0.257s] Level 1:colcon.colcon_core.package_discovery:discover_packages(path) using defaults
[0.279s] Level 1:colcon.colcon_core.package_discovery:discover_packages(prefix_path) check parameters
[0.279s] Level 1:colcon.colcon_core.package_discovery:discover_packages(prefix_path) discover
[0.282s] DEBUG:colcon.colcon_installed_package_information.package_discovery:Found 4 installed packages in /home/mr-cheng/Documents/ROS2/Car/install
[0.282s] DEBUG:colcon.colcon_installed_package_information.package_discovery:Found 3 installed packages in /home/mr-cheng/Bag/fastdds/install
[0.284s] DEBUG:colcon.colcon_installed_package_information.package_discovery:Found 395 installed packages in /opt/ros/humble
[0.285s] Level 1:colcon.colcon_core.package_discovery:discover_packages(prefix_path) using defaults
[0.335s] Level 5:colcon.colcon_core.verb:set package 'car_nav2' build argument 'cmake_args' from command line to 'None'
[0.335s] Level 5:colcon.colcon_core.verb:set package 'car_nav2' build argument 'cmake_target' from command line to 'None'
[0.335s] Level 5:colcon.colcon_core.verb:set package 'car_nav2' build argument 'cmake_target_skip_unavailable' from command line to 'False'
[0.335s] Level 5:colcon.colcon_core.verb:set package 'car_nav2' build argument 'cmake_clean_cache' from command line to 'False'
[0.335s] Level 5:colcon.colcon_core.verb:set package 'car_nav2' build argument 'cmake_clean_first' from command line to 'False'
[0.335s] Level 5:colcon.colcon_core.verb:set package 'car_nav2' build argument 'cmake_force_configure' from command line to 'False'
[0.335s] Level 5:colcon.colcon_core.verb:set package 'car_nav2' build argument 'ament_cmake_args' from command line to 'None'
[0.335s] Level 5:colcon.colcon_core.verb:set package 'car_nav2' build argument 'catkin_cmake_args' from command line to 'None'
[0.335s] Level 5:colcon.colcon_core.verb:set package 'car_nav2' build argument 'catkin_skip_building_tests' from command line to 'False'
[0.335s] DEBUG:colcon.colcon_core.verb:Building package 'car_nav2' with the following arguments: {'ament_cmake_args': None, 'build_base': '/home/mr-cheng/Documents/ROS2/Car/build/car_nav2', 'catkin_cmake_args': None, 'catkin_skip_building_tests': False, 'cmake_args': None, 'cmake_clean_cache': False, 'cmake_clean_first': False, 'cmake_force_configure': False, 'cmake_target': None, 'cmake_target_skip_unavailable': False, 'install_base': '/home/mr-cheng/Documents/ROS2/Car/install/car_nav2', 'merge_install': False, 'path': '/home/mr-cheng/Documents/ROS2/Car/src/car_nav2', 'symlink_install': False, 'test_result_base': None}
[0.335s] Level 5:colcon.colcon_core.verb:set package 'openslam_gmapping' build argument 'cmake_args' from command line to 'None'
[0.335s] Level 5:colcon.colcon_core.verb:set package 'openslam_gmapping' build argument 'cmake_target' from command line to 'None'
[0.335s] Level 5:colcon.colcon_core.verb:set package 'openslam_gmapping' build argument 'cmake_target_skip_unavailable' from command line to 'False'
[0.335s] Level 5:colcon.colcon_core.verb:set package 'openslam_gmapping' build argument 'cmake_clean_cache' from command line to 'False'
[0.335s] Level 5:colcon.colcon_core.verb:set package 'openslam_gmapping' build argument 'cmake_clean_first' from command line to 'False'
[0.335s] Level 5:colcon.colcon_core.verb:set package 'openslam_gmapping' build argument 'cmake_force_configure' from command line to 'False'
[0.336s] Level 5:colcon.colcon_core.verb:set package 'openslam_gmapping' build argument 'ament_cmake_args' from command line to 'None'
[0.336s] Level 5:colcon.colcon_core.verb:set package 'openslam_gmapping' build argument 'catkin_cmake_args' from command line to 'None'
[0.336s] Level 5:colcon.colcon_core.verb:set package 'openslam_gmapping' build argument 'catkin_skip_building_tests' from command line to 'False'
[0.336s] DEBUG:colcon.colcon_core.verb:Building package 'openslam_gmapping' with the following arguments: {'ament_cmake_args': None, 'build_base': '/home/mr-cheng/Documents/ROS2/Car/build/openslam_gmapping', 'catkin_cmake_args': None, 'catkin_skip_building_tests': False, 'cmake_args': None, 'cmake_clean_cache': False, 'cmake_clean_first': False, 'cmake_force_configure': False, 'cmake_target': None, 'cmake_target_skip_unavailable': False, 'install_base': '/home/mr-cheng/Documents/ROS2/Car/install/openslam_gmapping', 'merge_install': False, 'path': '/home/mr-cheng/Documents/ROS2/Car/src/slam_gmapping/openslam_gmapping', 'symlink_install': False, 'test_result_base': None}
[0.336s] Level 5:colcon.colcon_core.verb:set package 'robot_description' build argument 'cmake_args' from command line to 'None'
[0.336s] Level 5:colcon.colcon_core.verb:set package 'robot_description' build argument 'cmake_target' from command line to 'None'
[0.336s] Level 5:colcon.colcon_core.verb:set package 'robot_description' build argument 'cmake_target_skip_unavailable' from command line to 'False'
[0.336s] Level 5:colcon.colcon_core.verb:set package 'robot_description' build argument 'cmake_clean_cache' from command line to 'False'
[0.336s] Level 5:colcon.colcon_core.verb:set package 'robot_description' build argument 'cmake_clean_first' from command line to 'False'
[0.336s] Level 5:colcon.colcon_core.verb:set package 'robot_description' build argument 'cmake_force_configure' from command line to 'False'
[0.336s] Level 5:colcon.colcon_core.verb:set package 'robot_description' build argument 'ament_cmake_args' from command line to 'None'
[0.336s] Level 5:colcon.colcon_core.verb:set package 'robot_description' build argument 'catkin_cmake_args' from command line to 'None'
[0.336s] Level 5:colcon.colcon_core.verb:set package 'robot_description' build argument 'catkin_skip_building_tests' from command line to 'False'
[0.336s] DEBUG:colcon.colcon_core.verb:Building package 'robot_description' with the following arguments: {'ament_cmake_args': None, 'build_base': '/home/mr-cheng/Documents/ROS2/Car/build/robot_description', 'catkin_cmake_args': None, 'catkin_skip_building_tests': False, 'cmake_args': None, 'cmake_clean_cache': False, 'cmake_clean_first': False, 'cmake_force_configure': False, 'cmake_target': None, 'cmake_target_skip_unavailable': False, 'install_base': '/home/mr-cheng/Documents/ROS2/Car/install/robot_description', 'merge_install': False, 'path': '/home/mr-cheng/Documents/ROS2/Car/src/robot_description', 'symlink_install': False, 'test_result_base': None}
[0.336s] Level 5:colcon.colcon_core.verb:set package 'slam_gmapping' build argument 'cmake_args' from command line to 'None'
[0.337s] Level 5:colcon.colcon_core.verb:set package 'slam_gmapping' build argument 'cmake_target' from command line to 'None'
[0.337s] Level 5:colcon.colcon_core.verb:set package 'slam_gmapping' build argument 'cmake_target_skip_unavailable' from command line to 'False'
[0.337s] Level 5:colcon.colcon_core.verb:set package 'slam_gmapping' build argument 'cmake_clean_cache' from command line to 'False'
[0.337s] Level 5:colcon.colcon_core.verb:set package 'slam_gmapping' build argument 'cmake_clean_first' from command line to 'False'
[0.337s] Level 5:colcon.colcon_core.verb:set package 'slam_gmapping' build argument 'cmake_force_configure' from command line to 'False'
[0.337s] Level 5:colcon.colcon_core.verb:set package 'slam_gmapping' build argument 'ament_cmake_args' from command line to 'None'
[0.337s] Level 5:colcon.colcon_core.verb:set package 'slam_gmapping' build argument 'catkin_cmake_args' from command line to 'None'
[0.337s] Level 5:colcon.colcon_core.verb:set package 'slam_gmapping' build argument 'catkin_skip_building_tests' from command line to 'False'
[0.337s] DEBUG:colcon.colcon_core.verb:Building package 'slam_gmapping' with the following arguments: {'ament_cmake_args': None, 'build_base': '/home/mr-cheng/Documents/ROS2/Car/build/slam_gmapping', 'catkin_cmake_args': None, 'catkin_skip_building_tests': False, 'cmake_args': None, 'cmake_clean_cache': False, 'cmake_clean_first': False, 'cmake_force_configure': False, 'cmake_target': None, 'cmake_target_skip_unavailable': False, 'install_base': '/home/mr-cheng/Documents/ROS2/Car/install/slam_gmapping', 'merge_install': False, 'path': '/home/mr-cheng/Documents/ROS2/Car/src/slam_gmapping/slam_gmapping', 'symlink_install': False, 'test_result_base': None}
[0.337s] INFO:colcon.colcon_core.executor:Executing jobs using 'parallel' executor
[0.338s] DEBUG:colcon.colcon_parallel_executor.executor.parallel:run_until_complete
[0.338s] INFO:colcon.colcon_ros.task.ament_cmake.build:Building ROS package in '/home/mr-cheng/Documents/ROS2/Car/src/slam_gmapping/openslam_gmapping' with build type 'ament_cmake'
[0.338s] INFO:colcon.colcon_cmake.task.cmake.build:Building CMake package in '/home/mr-cheng/Documents/ROS2/Car/src/slam_gmapping/openslam_gmapping'
[0.342s] INFO:colcon.colcon_core.plugin_system:Skipping extension 'colcon_core.shell.bat': Not used on non-Windows systems
[0.342s] INFO:colcon.colcon_core.shell:Skip shell extension 'powershell' for command environment: Not usable outside of PowerShell
[0.342s] DEBUG:colcon.colcon_core.shell:Skip shell extension 'dsv' for command environment
[0.353s] INFO:colcon.colcon_ros.task.ament_cmake.build:Building ROS package in '/home/mr-cheng/Documents/ROS2/Car/src/car_nav2' with build type 'ament_cmake'
[0.353s] INFO:colcon.colcon_cmake.task.cmake.build:Building CMake package in '/home/mr-cheng/Documents/ROS2/Car/src/car_nav2'
[0.353s] INFO:colcon.colcon_core.shell:Skip shell extension 'powershell' for command environment: Not usable outside of PowerShell
[0.353s] DEBUG:colcon.colcon_core.shell:Skip shell extension 'dsv' for command environment
[0.356s] INFO:colcon.colcon_ros.task.ament_python.build:Building ROS package in '/home/mr-cheng/Documents/ROS2/Car/src/robot_description' with build type 'ament_python'
[0.356s] Level 1:colcon.colcon_core.shell:create_environment_hook('robot_description', 'ament_prefix_path')
[0.357s] INFO:colcon.colcon_core.shell:Creating environment hook '/home/mr-cheng/Documents/ROS2/Car/install/robot_description/share/robot_description/hook/ament_prefix_path.ps1'
[0.358s] INFO:colcon.colcon_core.shell:Creating environment descriptor '/home/mr-cheng/Documents/ROS2/Car/install/robot_description/share/robot_description/hook/ament_prefix_path.dsv'
[0.358s] INFO:colcon.colcon_core.shell:Creating environment hook '/home/mr-cheng/Documents/ROS2/Car/install/robot_description/share/robot_description/hook/ament_prefix_path.sh'
[0.359s] INFO:colcon.colcon_core.shell:Skip shell extension 'powershell' for command environment: Not usable outside of PowerShell
[0.359s] DEBUG:colcon.colcon_core.shell:Skip shell extension 'dsv' for command environment
[0.368s] DEBUG:colcon.colcon_core.event_handler.log_command:Invoking command in '/home/mr-cheng/Documents/ROS2/Car/build/openslam_gmapping': CMAKE_PREFIX_PATH=${CMAKE_PREFIX_PATH}:/home/mr-cheng/Documents/ROS2/Car/install/robot_description:/opt/ros/humble /usr/bin/cmake --build /home/mr-cheng/Documents/ROS2/Car/build/openslam_gmapping -- -j16 -l16
[0.370s] DEBUG:colcon.colcon_core.event_handler.log_command:Invoking command in '/home/mr-cheng/Documents/ROS2/Car/build/car_nav2': CMAKE_PREFIX_PATH=${CMAKE_PREFIX_PATH}:/home/mr-cheng/Documents/ROS2/Car/install/robot_description:/opt/ros/humble /usr/bin/cmake --build /home/mr-cheng/Documents/ROS2/Car/build/car_nav2 -- -j16 -l16
[0.573s] INFO:colcon.colcon_core.task.python.build:Building Python package in '/home/mr-cheng/Documents/ROS2/Car/src/robot_description'
[0.574s] INFO:colcon.colcon_core.shell:Skip shell extension 'powershell' for command environment: Not usable outside of PowerShell
[0.574s] DEBUG:colcon.colcon_core.shell:Skip shell extension 'dsv' for command environment
[0.578s] DEBUG:colcon.colcon_core.event_handler.log_command:Invoked command in '/home/mr-cheng/Documents/ROS2/Car/build/car_nav2' returned '0': CMAKE_PREFIX_PATH=${CMAKE_PREFIX_PATH}:/home/mr-cheng/Documents/ROS2/Car/install/robot_description:/opt/ros/humble /usr/bin/cmake --build /home/mr-cheng/Documents/ROS2/Car/build/car_nav2 -- -j16 -l16
[0.579s] DEBUG:colcon.colcon_core.event_handler.log_command:Invoked command in '/home/mr-cheng/Documents/ROS2/Car/build/openslam_gmapping' returned '0': CMAKE_PREFIX_PATH=${CMAKE_PREFIX_PATH}:/home/mr-cheng/Documents/ROS2/Car/install/robot_description:/opt/ros/humble /usr/bin/cmake --build /home/mr-cheng/Documents/ROS2/Car/build/openslam_gmapping -- -j16 -l16
[0.604s] DEBUG:colcon.colcon_core.event_handler.log_command:Invoking command in '/home/mr-cheng/Documents/ROS2/Car/build/car_nav2': CMAKE_PREFIX_PATH=${CMAKE_PREFIX_PATH}:/home/mr-cheng/Documents/ROS2/Car/install/robot_description:/opt/ros/humble /usr/bin/cmake --install /home/mr-cheng/Documents/ROS2/Car/build/car_nav2
[0.605s] DEBUG:colcon.colcon_core.event_handler.log_command:Invoking command in '/home/mr-cheng/Documents/ROS2/Car/build/openslam_gmapping': CMAKE_PREFIX_PATH=${CMAKE_PREFIX_PATH}:/home/mr-cheng/Documents/ROS2/Car/install/robot_description:/opt/ros/humble /usr/bin/cmake --install /home/mr-cheng/Documents/ROS2/Car/build/openslam_gmapping
[0.613s] Level 1:colcon.colcon_core.environment:create_environment_scripts_only(car_nav2)
[0.620s] DEBUG:colcon.colcon_core.event_handler.log_command:Invoked command in '/home/mr-cheng/Documents/ROS2/Car/build/car_nav2' returned '0': CMAKE_PREFIX_PATH=${CMAKE_PREFIX_PATH}:/home/mr-cheng/Documents/ROS2/Car/install/robot_description:/opt/ros/humble /usr/bin/cmake --install /home/mr-cheng/Documents/ROS2/Car/build/car_nav2
[0.621s] Level 1:colcon.colcon_core.environment:checking '/home/mr-cheng/Documents/ROS2/Car/install/car_nav2' for CMake module files
[0.622s] Level 1:colcon.colcon_core.environment:checking '/home/mr-cheng/Documents/ROS2/Car/install/car_nav2' for CMake config files
[0.623s] Level 1:colcon.colcon_core.shell:create_environment_hook('car_nav2', 'cmake_prefix_path')
[0.623s] INFO:colcon.colcon_core.shell:Creating environment hook '/home/mr-cheng/Documents/ROS2/Car/install/car_nav2/share/car_nav2/hook/cmake_prefix_path.ps1'
[0.623s] INFO:colcon.colcon_core.shell:Creating environment descriptor '/home/mr-cheng/Documents/ROS2/Car/install/car_nav2/share/car_nav2/hook/cmake_prefix_path.dsv'
[0.623s] INFO:colcon.colcon_core.shell:Creating environment hook '/home/mr-cheng/Documents/ROS2/Car/install/car_nav2/share/car_nav2/hook/cmake_prefix_path.sh'
[0.624s] Level 1:colcon.colcon_core.environment:checking '/home/mr-cheng/Documents/ROS2/Car/install/car_nav2/bin'
[0.624s] Level 1:colcon.colcon_core.environment:checking '/home/mr-cheng/Documents/ROS2/Car/install/car_nav2/lib/pkgconfig/car_nav2.pc'
[0.624s] Level 1:colcon.colcon_core.environment:checking '/home/mr-cheng/Documents/ROS2/Car/install/car_nav2/lib/python3.10/site-packages'
[0.624s] Level 1:colcon.colcon_core.environment:checking '/home/mr-cheng/Documents/ROS2/Car/install/car_nav2/bin'
[0.625s] INFO:colcon.colcon_core.shell:Creating package script '/home/mr-cheng/Documents/ROS2/Car/install/car_nav2/share/car_nav2/package.ps1'
[0.626s] INFO:colcon.colcon_core.shell:Creating package descriptor '/home/mr-cheng/Documents/ROS2/Car/install/car_nav2/share/car_nav2/package.dsv'
[0.626s] INFO:colcon.colcon_core.shell:Creating package script '/home/mr-cheng/Documents/ROS2/Car/install/car_nav2/share/car_nav2/package.sh'
[0.627s] INFO:colcon.colcon_core.shell:Creating package script '/home/mr-cheng/Documents/ROS2/Car/install/car_nav2/share/car_nav2/package.bash'
[0.628s] INFO:colcon.colcon_core.shell:Creating package script '/home/mr-cheng/Documents/ROS2/Car/install/car_nav2/share/car_nav2/package.zsh'
[0.629s] Level 1:colcon.colcon_core.environment:create_file_with_runtime_dependencies(/home/mr-cheng/Documents/ROS2/Car/install/car_nav2/share/colcon-core/packages/car_nav2)
[0.630s] Level 1:colcon.colcon_core.environment:create_environment_scripts_only(openslam_gmapping)
[0.631s] Level 1:colcon.colcon_core.environment:checking '/home/mr-cheng/Documents/ROS2/Car/install/openslam_gmapping' for CMake module files
[0.631s] DEBUG:colcon.colcon_core.event_handler.log_command:Invoked command in '/home/mr-cheng/Documents/ROS2/Car/build/openslam_gmapping' returned '0': CMAKE_PREFIX_PATH=${CMAKE_PREFIX_PATH}:/home/mr-cheng/Documents/ROS2/Car/install/robot_description:/opt/ros/humble /usr/bin/cmake --install /home/mr-cheng/Documents/ROS2/Car/build/openslam_gmapping
[0.632s] Level 1:colcon.colcon_core.environment:checking '/home/mr-cheng/Documents/ROS2/Car/install/openslam_gmapping' for CMake config files
[0.633s] Level 1:colcon.colcon_core.shell:create_environment_hook('openslam_gmapping', 'cmake_prefix_path')
[0.633s] INFO:colcon.colcon_core.shell:Creating environment hook '/home/mr-cheng/Documents/ROS2/Car/install/openslam_gmapping/share/openslam_gmapping/hook/cmake_prefix_path.ps1'
[0.634s] INFO:colcon.colcon_core.shell:Creating environment descriptor '/home/mr-cheng/Documents/ROS2/Car/install/openslam_gmapping/share/openslam_gmapping/hook/cmake_prefix_path.dsv'
[0.634s] INFO:colcon.colcon_core.shell:Creating environment hook '/home/mr-cheng/Documents/ROS2/Car/install/openslam_gmapping/share/openslam_gmapping/hook/cmake_prefix_path.sh'
[0.634s] Level 1:colcon.colcon_core.environment:checking '/home/mr-cheng/Documents/ROS2/Car/install/openslam_gmapping/lib'
[0.635s] Level 1:colcon.colcon_core.environment:checking '/home/mr-cheng/Documents/ROS2/Car/install/openslam_gmapping/bin'
[0.635s] Level 1:colcon.colcon_core.environment:checking '/home/mr-cheng/Documents/ROS2/Car/install/openslam_gmapping/lib/pkgconfig/openslam_gmapping.pc'
[0.635s] Level 1:colcon.colcon_core.environment:checking '/home/mr-cheng/Documents/ROS2/Car/install/openslam_gmapping/lib/python3.10/site-packages'
[0.635s] Level 1:colcon.colcon_core.environment:checking '/home/mr-cheng/Documents/ROS2/Car/install/openslam_gmapping/bin'
[0.635s] INFO:colcon.colcon_core.shell:Creating package script '/home/mr-cheng/Documents/ROS2/Car/install/openslam_gmapping/share/openslam_gmapping/package.ps1'
[0.636s] INFO:colcon.colcon_core.shell:Creating package descriptor '/home/mr-cheng/Documents/ROS2/Car/install/openslam_gmapping/share/openslam_gmapping/package.dsv'
[0.636s] INFO:colcon.colcon_core.shell:Creating package script '/home/mr-cheng/Documents/ROS2/Car/install/openslam_gmapping/share/openslam_gmapping/package.sh'
[0.636s] INFO:colcon.colcon_core.shell:Creating package script '/home/mr-cheng/Documents/ROS2/Car/install/openslam_gmapping/share/openslam_gmapping/package.bash'
[0.637s] INFO:colcon.colcon_core.shell:Creating package script '/home/mr-cheng/Documents/ROS2/Car/install/openslam_gmapping/share/openslam_gmapping/package.zsh'
[0.637s] Level 1:colcon.colcon_core.environment:create_file_with_runtime_dependencies(/home/mr-cheng/Documents/ROS2/Car/install/openslam_gmapping/share/colcon-core/packages/openslam_gmapping)
[0.646s] Level 1:colcon.colcon_core.environment:create_environment_scripts_only(car_nav2)
[0.646s] Level 1:colcon.colcon_core.environment:checking '/home/mr-cheng/Documents/ROS2/Car/install/car_nav2' for CMake module files
[0.647s] Level 1:colcon.colcon_core.environment:checking '/home/mr-cheng/Documents/ROS2/Car/install/car_nav2' for CMake config files
[0.647s] Level 1:colcon.colcon_core.shell:create_environment_hook('car_nav2', 'cmake_prefix_path')
[0.647s] INFO:colcon.colcon_core.shell:Creating environment hook '/home/mr-cheng/Documents/ROS2/Car/install/car_nav2/share/car_nav2/hook/cmake_prefix_path.ps1'
[0.648s] INFO:colcon.colcon_core.shell:Creating environment descriptor '/home/mr-cheng/Documents/ROS2/Car/install/car_nav2/share/car_nav2/hook/cmake_prefix_path.dsv'
[0.648s] INFO:colcon.colcon_core.shell:Creating environment hook '/home/mr-cheng/Documents/ROS2/Car/install/car_nav2/share/car_nav2/hook/cmake_prefix_path.sh'
[0.648s] Level 1:colcon.colcon_core.environment:checking '/home/mr-cheng/Documents/ROS2/Car/install/car_nav2/bin'
[0.648s] Level 1:colcon.colcon_core.environment:checking '/home/mr-cheng/Documents/ROS2/Car/install/car_nav2/lib/pkgconfig/car_nav2.pc'
[0.649s] Level 1:colcon.colcon_core.environment:checking '/home/mr-cheng/Documents/ROS2/Car/install/car_nav2/lib/python3.10/site-packages'
[0.649s] Level 1:colcon.colcon_core.environment:checking '/home/mr-cheng/Documents/ROS2/Car/install/car_nav2/bin'
[0.649s] INFO:colcon.colcon_core.shell:Creating package script '/home/mr-cheng/Documents/ROS2/Car/install/car_nav2/share/car_nav2/package.ps1'
[0.650s] INFO:colcon.colcon_core.shell:Creating package descriptor '/home/mr-cheng/Documents/ROS2/Car/install/car_nav2/share/car_nav2/package.dsv'
[0.650s] INFO:colcon.colcon_core.shell:Creating package script '/home/mr-cheng/Documents/ROS2/Car/install/car_nav2/share/car_nav2/package.sh'
[0.650s] INFO:colcon.colcon_core.shell:Creating package script '/home/mr-cheng/Documents/ROS2/Car/install/car_nav2/share/car_nav2/package.bash'
[0.651s] INFO:colcon.colcon_core.shell:Creating package script '/home/mr-cheng/Documents/ROS2/Car/install/car_nav2/share/car_nav2/package.zsh'
[0.651s] Level 1:colcon.colcon_core.environment:create_file_with_runtime_dependencies(/home/mr-cheng/Documents/ROS2/Car/install/car_nav2/share/colcon-core/packages/car_nav2)
[0.657s] Level 1:colcon.colcon_core.environment:create_environment_scripts_only(openslam_gmapping)
[0.657s] Level 1:colcon.colcon_core.environment:checking '/home/mr-cheng/Documents/ROS2/Car/install/openslam_gmapping' for CMake module files
[0.658s] Level 1:colcon.colcon_core.environment:checking '/home/mr-cheng/Documents/ROS2/Car/install/openslam_gmapping' for CMake config files
[0.658s] Level 1:colcon.colcon_core.shell:create_environment_hook('openslam_gmapping', 'cmake_prefix_path')
[0.658s] INFO:colcon.colcon_core.shell:Creating environment hook '/home/mr-cheng/Documents/ROS2/Car/install/openslam_gmapping/share/openslam_gmapping/hook/cmake_prefix_path.ps1'
[0.659s] INFO:colcon.colcon_core.shell:Creating environment descriptor '/home/mr-cheng/Documents/ROS2/Car/install/openslam_gmapping/share/openslam_gmapping/hook/cmake_prefix_path.dsv'
[0.659s] INFO:colcon.colcon_core.shell:Creating environment hook '/home/mr-cheng/Documents/ROS2/Car/install/openslam_gmapping/share/openslam_gmapping/hook/cmake_prefix_path.sh'
[0.659s] Level 1:colcon.colcon_core.environment:checking '/home/mr-cheng/Documents/ROS2/Car/install/openslam_gmapping/lib'
[0.660s] Level 1:colcon.colcon_core.environment:checking '/home/mr-cheng/Documents/ROS2/Car/install/openslam_gmapping/bin'
[0.660s] Level 1:colcon.colcon_core.environment:checking '/home/mr-cheng/Documents/ROS2/Car/install/openslam_gmapping/lib/pkgconfig/openslam_gmapping.pc'
[0.660s] Level 1:colcon.colcon_core.environment:checking '/home/mr-cheng/Documents/ROS2/Car/install/openslam_gmapping/lib/python3.10/site-packages'
[0.660s] Level 1:colcon.colcon_core.environment:checking '/home/mr-cheng/Documents/ROS2/Car/install/openslam_gmapping/bin'
[0.660s] INFO:colcon.colcon_core.shell:Creating package script '/home/mr-cheng/Documents/ROS2/Car/install/openslam_gmapping/share/openslam_gmapping/package.ps1'
[0.661s] INFO:colcon.colcon_core.shell:Creating package descriptor '/home/mr-cheng/Documents/ROS2/Car/install/openslam_gmapping/share/openslam_gmapping/package.dsv'
[0.661s] INFO:colcon.colcon_core.shell:Creating package script '/home/mr-cheng/Documents/ROS2/Car/install/openslam_gmapping/share/openslam_gmapping/package.sh'
[0.661s] INFO:colcon.colcon_core.shell:Creating package script '/home/mr-cheng/Documents/ROS2/Car/install/openslam_gmapping/share/openslam_gmapping/package.bash'
[0.662s] INFO:colcon.colcon_core.shell:Creating package script '/home/mr-cheng/Documents/ROS2/Car/install/openslam_gmapping/share/openslam_gmapping/package.zsh'
[0.662s] Level 1:colcon.colcon_core.environment:create_file_with_runtime_dependencies(/home/mr-cheng/Documents/ROS2/Car/install/openslam_gmapping/share/colcon-core/packages/openslam_gmapping)
[0.662s] INFO:colcon.colcon_ros.task.ament_cmake.build:Building ROS package in '/home/mr-cheng/Documents/ROS2/Car/src/slam_gmapping/slam_gmapping' with build type 'ament_cmake'
[0.662s] INFO:colcon.colcon_cmake.task.cmake.build:Building CMake package in '/home/mr-cheng/Documents/ROS2/Car/src/slam_gmapping/slam_gmapping'
[0.663s] INFO:colcon.colcon_core.shell:Skip shell extension 'powershell' for command environment: Not usable outside of PowerShell
[0.663s] DEBUG:colcon.colcon_core.shell:Skip shell extension 'dsv' for command environment
[0.673s] DEBUG:colcon.colcon_core.event_handler.log_command:Invoking command in '/home/mr-cheng/Documents/ROS2/Car/build/slam_gmapping': CMAKE_PREFIX_PATH=/home/mr-cheng/Documents/ROS2/Car/install/openslam_gmapping:/home/mr-cheng/Documents/ROS2/Car/install/slam_gmapping:/home/mr-cheng/Documents/ROS2/Car/install/car_nav2:/home/mr-cheng/Bag/fastdds/install/fastrtps:/home/mr-cheng/Bag/fastdds/install/foonathan_memory_vendor:/home/mr-cheng/Bag/fastdds/install/fastcdr:/home/mr-cheng/Documents/ROS2/Car/install/robot_description:/opt/ros/humble /usr/bin/cmake --build /home/mr-cheng/Documents/ROS2/Car/build/slam_gmapping -- -j16 -l16
[0.764s] DEBUG:colcon.colcon_core.event_handler.log_command:Invoked command in '/home/mr-cheng/Documents/ROS2/Car/build/slam_gmapping' returned '0': CMAKE_PREFIX_PATH=/home/mr-cheng/Documents/ROS2/Car/install/openslam_gmapping:/home/mr-cheng/Documents/ROS2/Car/install/slam_gmapping:/home/mr-cheng/Documents/ROS2/Car/install/car_nav2:/home/mr-cheng/Bag/fastdds/install/fastrtps:/home/mr-cheng/Bag/fastdds/install/foonathan_memory_vendor:/home/mr-cheng/Bag/fastdds/install/fastcdr:/home/mr-cheng/Documents/ROS2/Car/install/robot_description:/opt/ros/humble /usr/bin/cmake --build /home/mr-cheng/Documents/ROS2/Car/build/slam_gmapping -- -j16 -l16
[0.786s] DEBUG:colcon.colcon_core.event_handler.log_command:Invoking command in '/home/mr-cheng/Documents/ROS2/Car/build/slam_gmapping': CMAKE_PREFIX_PATH=/home/mr-cheng/Documents/ROS2/Car/install/openslam_gmapping:/home/mr-cheng/Documents/ROS2/Car/install/slam_gmapping:/home/mr-cheng/Documents/ROS2/Car/install/car_nav2:/home/mr-cheng/Bag/fastdds/install/fastrtps:/home/mr-cheng/Bag/fastdds/install/foonathan_memory_vendor:/home/mr-cheng/Bag/fastdds/install/fastcdr:/home/mr-cheng/Documents/ROS2/Car/install/robot_description:/opt/ros/humble /usr/bin/cmake --install /home/mr-cheng/Documents/ROS2/Car/build/slam_gmapping
[0.795s] Level 1:colcon.colcon_core.environment:create_environment_scripts_only(slam_gmapping)
[0.796s] Level 1:colcon.colcon_core.environment:checking '/home/mr-cheng/Documents/ROS2/Car/install/slam_gmapping' for CMake module files
[0.796s] DEBUG:colcon.colcon_core.event_handler.log_command:Invoked command in '/home/mr-cheng/Documents/ROS2/Car/build/slam_gmapping' returned '0': CMAKE_PREFIX_PATH=/home/mr-cheng/Documents/ROS2/Car/install/openslam_gmapping:/home/mr-cheng/Documents/ROS2/Car/install/slam_gmapping:/home/mr-cheng/Documents/ROS2/Car/install/car_nav2:/home/mr-cheng/Bag/fastdds/install/fastrtps:/home/mr-cheng/Bag/fastdds/install/foonathan_memory_vendor:/home/mr-cheng/Bag/fastdds/install/fastcdr:/home/mr-cheng/Documents/ROS2/Car/install/robot_description:/opt/ros/humble /usr/bin/cmake --install /home/mr-cheng/Documents/ROS2/Car/build/slam_gmapping
[0.797s] Level 1:colcon.colcon_core.environment:checking '/home/mr-cheng/Documents/ROS2/Car/install/slam_gmapping' for CMake config files
[0.797s] Level 1:colcon.colcon_core.shell:create_environment_hook('slam_gmapping', 'cmake_prefix_path')
[0.798s] INFO:colcon.colcon_core.shell:Creating environment hook '/home/mr-cheng/Documents/ROS2/Car/install/slam_gmapping/share/slam_gmapping/hook/cmake_prefix_path.ps1'
[0.798s] INFO:colcon.colcon_core.shell:Creating environment descriptor '/home/mr-cheng/Documents/ROS2/Car/install/slam_gmapping/share/slam_gmapping/hook/cmake_prefix_path.dsv'
[0.798s] INFO:colcon.colcon_core.shell:Creating environment hook '/home/mr-cheng/Documents/ROS2/Car/install/slam_gmapping/share/slam_gmapping/hook/cmake_prefix_path.sh'
[0.799s] Level 1:colcon.colcon_core.environment:checking '/home/mr-cheng/Documents/ROS2/Car/install/slam_gmapping/lib'
[0.799s] Level 1:colcon.colcon_core.environment:checking '/home/mr-cheng/Documents/ROS2/Car/install/slam_gmapping/bin'
[0.799s] Level 1:colcon.colcon_core.environment:checking '/home/mr-cheng/Documents/ROS2/Car/install/slam_gmapping/lib/pkgconfig/slam_gmapping.pc'
[0.799s] Level 1:colcon.colcon_core.environment:checking '/home/mr-cheng/Documents/ROS2/Car/install/slam_gmapping/lib/python3.10/site-packages'
[0.799s] Level 1:colcon.colcon_core.environment:checking '/home/mr-cheng/Documents/ROS2/Car/install/slam_gmapping/bin'
[0.800s] INFO:colcon.colcon_core.shell:Creating package script '/home/mr-cheng/Documents/ROS2/Car/install/slam_gmapping/share/slam_gmapping/package.ps1'
[0.800s] INFO:colcon.colcon_core.shell:Creating package descriptor '/home/mr-cheng/Documents/ROS2/Car/install/slam_gmapping/share/slam_gmapping/package.dsv'
[0.800s] INFO:colcon.colcon_core.shell:Creating package script '/home/mr-cheng/Documents/ROS2/Car/install/slam_gmapping/share/slam_gmapping/package.sh'
[0.801s] INFO:colcon.colcon_core.shell:Creating package script '/home/mr-cheng/Documents/ROS2/Car/install/slam_gmapping/share/slam_gmapping/package.bash'
[0.801s] INFO:colcon.colcon_core.shell:Creating package script '/home/mr-cheng/Documents/ROS2/Car/install/slam_gmapping/share/slam_gmapping/package.zsh'
[0.801s] Level 1:colcon.colcon_core.environment:create_file_with_runtime_dependencies(/home/mr-cheng/Documents/ROS2/Car/install/slam_gmapping/share/colcon-core/packages/slam_gmapping)
[0.822s] Level 1:colcon.colcon_core.environment:create_environment_scripts_only(slam_gmapping)
[0.822s] Level 1:colcon.colcon_core.environment:checking '/home/mr-cheng/Documents/ROS2/Car/install/slam_gmapping' for CMake module files
[0.822s] Level 1:colcon.colcon_core.environment:checking '/home/mr-cheng/Documents/ROS2/Car/install/slam_gmapping' for CMake config files
[0.823s] Level 1:colcon.colcon_core.shell:create_environment_hook('slam_gmapping', 'cmake_prefix_path')
[0.823s] INFO:colcon.colcon_core.shell:Creating environment hook '/home/mr-cheng/Documents/ROS2/Car/install/slam_gmapping/share/slam_gmapping/hook/cmake_prefix_path.ps1'
[0.823s] INFO:colcon.colcon_core.shell:Creating environment descriptor '/home/mr-cheng/Documents/ROS2/Car/install/slam_gmapping/share/slam_gmapping/hook/cmake_prefix_path.dsv'
[0.823s] INFO:colcon.colcon_core.shell:Creating environment hook '/home/mr-cheng/Documents/ROS2/Car/install/slam_gmapping/share/slam_gmapping/hook/cmake_prefix_path.sh'
[0.824s] Level 1:colcon.colcon_core.environment:checking '/home/mr-cheng/Documents/ROS2/Car/install/slam_gmapping/lib'
[0.824s] Level 1:colcon.colcon_core.environment:checking '/home/mr-cheng/Documents/ROS2/Car/install/slam_gmapping/bin'
[0.824s] Level 1:colcon.colcon_core.environment:checking '/home/mr-cheng/Documents/ROS2/Car/install/slam_gmapping/lib/pkgconfig/slam_gmapping.pc'
[0.824s] Level 1:colcon.colcon_core.environment:checking '/home/mr-cheng/Documents/ROS2/Car/install/slam_gmapping/lib/python3.10/site-packages'
[0.824s] Level 1:colcon.colcon_core.environment:checking '/home/mr-cheng/Documents/ROS2/Car/install/slam_gmapping/bin'
[0.825s] INFO:colcon.colcon_core.shell:Creating package script '/home/mr-cheng/Documents/ROS2/Car/install/slam_gmapping/share/slam_gmapping/package.ps1'
[0.825s] INFO:colcon.colcon_core.shell:Creating package descriptor '/home/mr-cheng/Documents/ROS2/Car/install/slam_gmapping/share/slam_gmapping/package.dsv'
[0.825s] INFO:colcon.colcon_core.shell:Creating package script '/home/mr-cheng/Documents/ROS2/Car/install/slam_gmapping/share/slam_gmapping/package.sh'
[0.826s] INFO:colcon.colcon_core.shell:Creating package script '/home/mr-cheng/Documents/ROS2/Car/install/slam_gmapping/share/slam_gmapping/package.bash'
[0.826s] INFO:colcon.colcon_core.shell:Creating package script '/home/mr-cheng/Documents/ROS2/Car/install/slam_gmapping/share/slam_gmapping/package.zsh'
[0.827s] Level 1:colcon.colcon_core.environment:create_file_with_runtime_dependencies(/home/mr-cheng/Documents/ROS2/Car/install/slam_gmapping/share/colcon-core/packages/slam_gmapping)
[1.347s] DEBUG:colcon.colcon_core.event_handler.log_command:Invoking command in '/home/mr-cheng/Documents/ROS2/Car/src/robot_description': PYTHONPATH=/home/mr-cheng/Documents/ROS2/Car/build/robot_description/prefix_override:/home/mr-cheng/Documents/ROS2/Car/install/robot_description/lib/python3.10/site-packages:${PYTHONPATH} /usr/bin/python3 -W ignore:setup.py install is deprecated setup.py egg_info --egg-base ../../build/robot_description build --build-base /home/mr-cheng/Documents/ROS2/Car/build/robot_description/build install --record /home/mr-cheng/Documents/ROS2/Car/build/robot_description/install.log --single-version-externally-managed install_data
[1.882s] Level 1:colcon.colcon_core.environment:checking '/home/mr-cheng/Documents/ROS2/Car/install/robot_description' for CMake module files
[1.883s] DEBUG:colcon.colcon_core.event_handler.log_command:Invoked command in '/home/mr-cheng/Documents/ROS2/Car/src/robot_description' returned '0': PYTHONPATH=/home/mr-cheng/Documents/ROS2/Car/build/robot_description/prefix_override:/home/mr-cheng/Documents/ROS2/Car/install/robot_description/lib/python3.10/site-packages:${PYTHONPATH} /usr/bin/python3 -W ignore:setup.py install is deprecated setup.py egg_info --egg-base ../../build/robot_description build --build-base /home/mr-cheng/Documents/ROS2/Car/build/robot_description/build install --record /home/mr-cheng/Documents/ROS2/Car/build/robot_description/install.log --single-version-externally-managed install_data
[1.883s] Level 1:colcon.colcon_core.environment:checking '/home/mr-cheng/Documents/ROS2/Car/install/robot_description' for CMake config files
[1.884s] Level 1:colcon.colcon_core.environment:checking '/home/mr-cheng/Documents/ROS2/Car/install/robot_description/lib'
[1.884s] Level 1:colcon.colcon_core.environment:checking '/home/mr-cheng/Documents/ROS2/Car/install/robot_description/bin'
[1.884s] Level 1:colcon.colcon_core.environment:checking '/home/mr-cheng/Documents/ROS2/Car/install/robot_description/lib/pkgconfig/robot_description.pc'
[1.885s] Level 1:colcon.colcon_core.environment:checking '/home/mr-cheng/Documents/ROS2/Car/install/robot_description/lib/python3.10/site-packages'
[1.885s] Level 1:colcon.colcon_core.shell:create_environment_hook('robot_description', 'pythonpath')
[1.885s] INFO:colcon.colcon_core.shell:Creating environment hook '/home/mr-cheng/Documents/ROS2/Car/install/robot_description/share/robot_description/hook/pythonpath.ps1'
[1.885s] INFO:colcon.colcon_core.shell:Creating environment descriptor '/home/mr-cheng/Documents/ROS2/Car/install/robot_description/share/robot_description/hook/pythonpath.dsv'
[1.885s] INFO:colcon.colcon_core.shell:Creating environment hook '/home/mr-cheng/Documents/ROS2/Car/install/robot_description/share/robot_description/hook/pythonpath.sh'
[1.886s] Level 1:colcon.colcon_core.environment:checking '/home/mr-cheng/Documents/ROS2/Car/install/robot_description/bin'
[1.886s] Level 1:colcon.colcon_core.environment:create_environment_scripts_only(robot_description)
[1.886s] INFO:colcon.colcon_core.shell:Creating package script '/home/mr-cheng/Documents/ROS2/Car/install/robot_description/share/robot_description/package.ps1'
[1.887s] INFO:colcon.colcon_core.shell:Creating package descriptor '/home/mr-cheng/Documents/ROS2/Car/install/robot_description/share/robot_description/package.dsv'
[1.887s] INFO:colcon.colcon_core.shell:Creating package script '/home/mr-cheng/Documents/ROS2/Car/install/robot_description/share/robot_description/package.sh'
[1.887s] INFO:colcon.colcon_core.shell:Creating package script '/home/mr-cheng/Documents/ROS2/Car/install/robot_description/share/robot_description/package.bash'
[1.888s] INFO:colcon.colcon_core.shell:Creating package script '/home/mr-cheng/Documents/ROS2/Car/install/robot_description/share/robot_description/package.zsh'
[1.888s] Level 1:colcon.colcon_core.environment:create_file_with_runtime_dependencies(/home/mr-cheng/Documents/ROS2/Car/install/robot_description/share/colcon-core/packages/robot_description)
[1.888s] DEBUG:colcon.colcon_parallel_executor.executor.parallel:closing loop
[1.888s] DEBUG:colcon.colcon_parallel_executor.executor.parallel:loop closed
[1.888s] DEBUG:colcon.colcon_parallel_executor.executor.parallel:run_until_complete finished with '0'
[1.889s] DEBUG:colcon.colcon_core.event_reactor:joining thread
[1.894s] INFO:colcon.colcon_core.plugin_system:Skipping extension 'colcon_notification.desktop_notification.terminal_notifier': Not used on non-Darwin systems
[1.894s] INFO:colcon.colcon_core.plugin_system:Skipping extension 'colcon_notification.desktop_notification.win32': Not used on non-Windows systems
[1.894s] INFO:colcon.colcon_notification.desktop_notification:Sending desktop notification using 'notify2'
[1.922s] DEBUG:colcon.colcon_core.event_reactor:joined thread
[1.923s] INFO:colcon.colcon_core.shell:Creating prefix script '/home/mr-cheng/Documents/ROS2/Car/install/local_setup.ps1'
[1.926s] INFO:colcon.colcon_core.shell:Creating prefix util module '/home/mr-cheng/Documents/ROS2/Car/install/_local_setup_util_ps1.py'
[1.930s] INFO:colcon.colcon_core.shell:Creating prefix chain script '/home/mr-cheng/Documents/ROS2/Car/install/setup.ps1'
[1.933s] INFO:colcon.colcon_core.shell:Creating prefix script '/home/mr-cheng/Documents/ROS2/Car/install/local_setup.sh'
[1.935s] INFO:colcon.colcon_core.shell:Creating prefix util module '/home/mr-cheng/Documents/ROS2/Car/install/_local_setup_util_sh.py'
[1.936s] INFO:colcon.colcon_core.shell:Creating prefix chain script '/home/mr-cheng/Documents/ROS2/Car/install/setup.sh'
[1.940s] INFO:colcon.colcon_core.shell:Creating prefix script '/home/mr-cheng/Documents/ROS2/Car/install/local_setup.bash'
[1.942s] INFO:colcon.colcon_core.shell:Creating prefix chain script '/home/mr-cheng/Documents/ROS2/Car/install/setup.bash'
[1.945s] INFO:colcon.colcon_core.shell:Creating prefix script '/home/mr-cheng/Documents/ROS2/Car/install/local_setup.zsh'
[1.947s] INFO:colcon.colcon_core.shell:Creating prefix chain script '/home/mr-cheng/Documents/ROS2/Car/install/setup.zsh'
