[0.011s] Invoking command in '/home/mr-cheng/Desktop/Car/Wireless_Lidar/LSLIDAR_N10_ROS2/build/lslidar_driver': AMENT_PREFIX_PATH=/home/mr-cheng/Desktop/Car/Wireless_Lidar/LSLIDAR_N10_ROS2/install/lslidar_msgs:${AMENT_PREFIX_PATH} CMAKE_PREFIX_PATH=/home/mr-cheng/Desktop/Car/Wireless_Lidar/LSLIDAR_N10_ROS2/install/lslidar_msgs:/home/mr-cheng/Bag/fastdds/install/fastrtps:/home/mr-cheng/Bag/fastdds/install/foonathan_memory_vendor:/home/mr-cheng/Bag/fastdds/install/fastcdr:/opt/ros/humble LD_LIBRARY_PATH=/home/mr-cheng/Desktop/Car/Wireless_Lidar/LSLIDAR_N10_ROS2/install/lslidar_msgs/lib:${LD_LIBRARY_PATH} PYTHONPATH=/home/mr-cheng/Desktop/Car/Wireless_Lidar/LSLIDAR_N10_ROS2/install/lslidar_msgs/local/lib/python3.10/dist-packages:${PYTHONPATH} /usr/bin/cmake --build /home/mr-cheng/Desktop/Car/Wireless_Lidar/LSLIDAR_N10_ROS2/build/lslidar_driver -- -j16 -l16
[0.132s] [100%] Built target lslidar_driver_node
[0.143s] Invoked command in '/home/mr-cheng/Desktop/Car/Wireless_Lidar/LSLIDAR_N10_ROS2/build/lslidar_driver' returned '0': AMENT_PREFIX_PATH=/home/mr-cheng/Desktop/Car/Wireless_Lidar/LSLIDAR_N10_ROS2/install/lslidar_msgs:${AMENT_PREFIX_PATH} CMAKE_PREFIX_PATH=/home/mr-cheng/Desktop/Car/Wireless_Lidar/LSLIDAR_N10_ROS2/install/lslidar_msgs:/home/mr-cheng/Bag/fastdds/install/fastrtps:/home/mr-cheng/Bag/fastdds/install/foonathan_memory_vendor:/home/mr-cheng/Bag/fastdds/install/fastcdr:/opt/ros/humble LD_LIBRARY_PATH=/home/mr-cheng/Desktop/Car/Wireless_Lidar/LSLIDAR_N10_ROS2/install/lslidar_msgs/lib:${LD_LIBRARY_PATH} PYTHONPATH=/home/mr-cheng/Desktop/Car/Wireless_Lidar/LSLIDAR_N10_ROS2/install/lslidar_msgs/local/lib/python3.10/dist-packages:${PYTHONPATH} /usr/bin/cmake --build /home/mr-cheng/Desktop/Car/Wireless_Lidar/LSLIDAR_N10_ROS2/build/lslidar_driver -- -j16 -l16
[0.219s] Invoking command in '/home/mr-cheng/Desktop/Car/Wireless_Lidar/LSLIDAR_N10_ROS2/build/lslidar_driver': AMENT_PREFIX_PATH=/home/mr-cheng/Desktop/Car/Wireless_Lidar/LSLIDAR_N10_ROS2/install/lslidar_msgs:${AMENT_PREFIX_PATH} CMAKE_PREFIX_PATH=/home/mr-cheng/Desktop/Car/Wireless_Lidar/LSLIDAR_N10_ROS2/install/lslidar_msgs:/home/mr-cheng/Bag/fastdds/install/fastrtps:/home/mr-cheng/Bag/fastdds/install/foonathan_memory_vendor:/home/mr-cheng/Bag/fastdds/install/fastcdr:/opt/ros/humble LD_LIBRARY_PATH=/home/mr-cheng/Desktop/Car/Wireless_Lidar/LSLIDAR_N10_ROS2/install/lslidar_msgs/lib:${LD_LIBRARY_PATH} PYTHONPATH=/home/mr-cheng/Desktop/Car/Wireless_Lidar/LSLIDAR_N10_ROS2/install/lslidar_msgs/local/lib/python3.10/dist-packages:${PYTHONPATH} /usr/bin/cmake --install /home/mr-cheng/Desktop/Car/Wireless_Lidar/LSLIDAR_N10_ROS2/build/lslidar_driver
[0.243s] -- Install configuration: ""
[0.244s] -- Up-to-date: /home/mr-cheng/Desktop/Car/Wireless_Lidar/LSLIDAR_N10_ROS2/install/lslidar_driver/share/lslidar_driver/launch
[0.244s] -- Up-to-date: /home/mr-cheng/Desktop/Car/Wireless_Lidar/LSLIDAR_N10_ROS2/install/lslidar_driver/share/lslidar_driver/launch/lsm10p_net_launch.py
[0.245s] -- Up-to-date: /home/mr-cheng/Desktop/Car/Wireless_Lidar/LSLIDAR_N10_ROS2/install/lslidar_driver/share/lslidar_driver/launch/lsm10_uart_launch.py
[0.245s] -- Up-to-date: /home/mr-cheng/Desktop/Car/Wireless_Lidar/LSLIDAR_N10_ROS2/install/lslidar_driver/share/lslidar_driver/launch/lsn10_launch.py
[0.245s] -- Up-to-date: /home/mr-cheng/Desktop/Car/Wireless_Lidar/LSLIDAR_N10_ROS2/install/lslidar_driver/share/lslidar_driver/launch/lslidar_double_launch.py
[0.246s] -- Up-to-date: /home/mr-cheng/Desktop/Car/Wireless_Lidar/LSLIDAR_N10_ROS2/install/lslidar_driver/share/lslidar_driver/launch/lsm10_net_launch.py
[0.246s] -- Up-to-date: /home/mr-cheng/Desktop/Car/Wireless_Lidar/LSLIDAR_N10_ROS2/install/lslidar_driver/share/lslidar_driver/launch/lsm10p_uart_launch.py
[0.246s] -- Up-to-date: /home/mr-cheng/Desktop/Car/Wireless_Lidar/LSLIDAR_N10_ROS2/install/lslidar_driver/share/lslidar_driver/params
[0.247s] -- Up-to-date: /home/mr-cheng/Desktop/Car/Wireless_Lidar/LSLIDAR_N10_ROS2/install/lslidar_driver/share/lslidar_driver/params/lidar_net_ros2
[0.247s] -- Up-to-date: /home/mr-cheng/Desktop/Car/Wireless_Lidar/LSLIDAR_N10_ROS2/install/lslidar_driver/share/lslidar_driver/params/lidar_net_ros2/lsm10_net.yaml
[0.247s] -- Up-to-date: /home/mr-cheng/Desktop/Car/Wireless_Lidar/LSLIDAR_N10_ROS2/install/lslidar_driver/share/lslidar_driver/params/lidar_net_ros2/lsm10p_net.yaml
[0.247s] -- Up-to-date: /home/mr-cheng/Desktop/Car/Wireless_Lidar/LSLIDAR_N10_ROS2/install/lslidar_driver/share/lslidar_driver/params/lidar_uart_ros2
[0.247s] -- Up-to-date: /home/mr-cheng/Desktop/Car/Wireless_Lidar/LSLIDAR_N10_ROS2/install/lslidar_driver/share/lslidar_driver/params/lidar_uart_ros2/lsm10_p.yaml
[0.248s] -- Up-to-date: /home/mr-cheng/Desktop/Car/Wireless_Lidar/LSLIDAR_N10_ROS2/install/lslidar_driver/share/lslidar_driver/params/lidar_uart_ros2/lsm10.yaml
[0.248s] -- Installing: /home/mr-cheng/Desktop/Car/Wireless_Lidar/LSLIDAR_N10_ROS2/install/lslidar_driver/share/lslidar_driver/params/lidar_uart_ros2/lsn10.yaml
[0.248s] -- Up-to-date: /home/mr-cheng/Desktop/Car/Wireless_Lidar/LSLIDAR_N10_ROS2/install/lslidar_driver/share/lslidar_driver/rviz
[0.248s] -- Up-to-date: /home/mr-cheng/Desktop/Car/Wireless_Lidar/LSLIDAR_N10_ROS2/install/lslidar_driver/share/lslidar_driver/rviz/lslidar.rviz
[0.248s] -- Up-to-date: /home/mr-cheng/Desktop/Car/Wireless_Lidar/LSLIDAR_N10_ROS2/install/lslidar_driver/lib/lslidar_driver/lslidar_driver_node
[0.248s] -- Up-to-date: /home/mr-cheng/Desktop/Car/Wireless_Lidar/LSLIDAR_N10_ROS2/install/lslidar_driver/share/ament_index/resource_index/package_run_dependencies/lslidar_driver
[0.248s] -- Up-to-date: /home/mr-cheng/Desktop/Car/Wireless_Lidar/LSLIDAR_N10_ROS2/install/lslidar_driver/share/ament_index/resource_index/parent_prefix_path/lslidar_driver
[0.249s] -- Up-to-date: /home/mr-cheng/Desktop/Car/Wireless_Lidar/LSLIDAR_N10_ROS2/install/lslidar_driver/share/lslidar_driver/environment/ament_prefix_path.sh
[0.249s] -- Up-to-date: /home/mr-cheng/Desktop/Car/Wireless_Lidar/LSLIDAR_N10_ROS2/install/lslidar_driver/share/lslidar_driver/environment/ament_prefix_path.dsv
[0.249s] -- Up-to-date: /home/mr-cheng/Desktop/Car/Wireless_Lidar/LSLIDAR_N10_ROS2/install/lslidar_driver/share/lslidar_driver/environment/path.sh
[0.249s] -- Up-to-date: /home/mr-cheng/Desktop/Car/Wireless_Lidar/LSLIDAR_N10_ROS2/install/lslidar_driver/share/lslidar_driver/environment/path.dsv
[0.249s] -- Up-to-date: /home/mr-cheng/Desktop/Car/Wireless_Lidar/LSLIDAR_N10_ROS2/install/lslidar_driver/share/lslidar_driver/local_setup.bash
[0.249s] -- Up-to-date: /home/mr-cheng/Desktop/Car/Wireless_Lidar/LSLIDAR_N10_ROS2/install/lslidar_driver/share/lslidar_driver/local_setup.sh
[0.249s] -- Up-to-date: /home/mr-cheng/Desktop/Car/Wireless_Lidar/LSLIDAR_N10_ROS2/install/lslidar_driver/share/lslidar_driver/local_setup.zsh
[0.249s] -- Up-to-date: /home/mr-cheng/Desktop/Car/Wireless_Lidar/LSLIDAR_N10_ROS2/install/lslidar_driver/share/lslidar_driver/local_setup.dsv
[0.249s] -- Installing: /home/mr-cheng/Desktop/Car/Wireless_Lidar/LSLIDAR_N10_ROS2/install/lslidar_driver/share/lslidar_driver/package.dsv
[0.249s] -- Up-to-date: /home/mr-cheng/Desktop/Car/Wireless_Lidar/LSLIDAR_N10_ROS2/install/lslidar_driver/share/ament_index/resource_index/packages/lslidar_driver
[0.249s] -- Up-to-date: /home/mr-cheng/Desktop/Car/Wireless_Lidar/LSLIDAR_N10_ROS2/install/lslidar_driver/share/lslidar_driver/cmake/ament_cmake_export_dependencies-extras.cmake
[0.250s] -- Up-to-date: /home/mr-cheng/Desktop/Car/Wireless_Lidar/LSLIDAR_N10_ROS2/install/lslidar_driver/share/lslidar_driver/cmake/ament_cmake_export_include_directories-extras.cmake
[0.250s] -- Up-to-date: /home/mr-cheng/Desktop/Car/Wireless_Lidar/LSLIDAR_N10_ROS2/install/lslidar_driver/share/lslidar_driver/cmake/lslidar_driverConfig.cmake
[0.250s] -- Up-to-date: /home/mr-cheng/Desktop/Car/Wireless_Lidar/LSLIDAR_N10_ROS2/install/lslidar_driver/share/lslidar_driver/cmake/lslidar_driverConfig-version.cmake
[0.250s] -- Up-to-date: /home/mr-cheng/Desktop/Car/Wireless_Lidar/LSLIDAR_N10_ROS2/install/lslidar_driver/share/lslidar_driver/package.xml
[0.251s] Invoked command in '/home/mr-cheng/Desktop/Car/Wireless_Lidar/LSLIDAR_N10_ROS2/build/lslidar_driver' returned '0': AMENT_PREFIX_PATH=/home/mr-cheng/Desktop/Car/Wireless_Lidar/LSLIDAR_N10_ROS2/install/lslidar_msgs:${AMENT_PREFIX_PATH} CMAKE_PREFIX_PATH=/home/mr-cheng/Desktop/Car/Wireless_Lidar/LSLIDAR_N10_ROS2/install/lslidar_msgs:/home/mr-cheng/Bag/fastdds/install/fastrtps:/home/mr-cheng/Bag/fastdds/install/foonathan_memory_vendor:/home/mr-cheng/Bag/fastdds/install/fastcdr:/opt/ros/humble LD_LIBRARY_PATH=/home/mr-cheng/Desktop/Car/Wireless_Lidar/LSLIDAR_N10_ROS2/install/lslidar_msgs/lib:${LD_LIBRARY_PATH} PYTHONPATH=/home/mr-cheng/Desktop/Car/Wireless_Lidar/LSLIDAR_N10_ROS2/install/lslidar_msgs/local/lib/python3.10/dist-packages:${PYTHONPATH} /usr/bin/cmake --install /home/mr-cheng/Desktop/Car/Wireless_Lidar/LSLIDAR_N10_ROS2/build/lslidar_driver
