[0.068s] Invoking command in '/home/mr-cheng/Desktop/Car/Wireless_Lidar/extra_packages/build/wireless_lidar': CMAKE_PREFIX_PATH=${CMAKE_PREFIX_PATH}:/opt/ros/iron /usr/bin/cmake --build /home/mr-cheng/Desktop/Car/Wireless_Lidar/extra_packages/build/wireless_lidar -- -j16 -l16
[0.087s] -- Found ament_cmake: 2.0.3 (/opt/ros/iron/share/ament_cmake/cmake)
[0.220s] -- Found ament_lint_auto: 0.14.2 (/opt/ros/iron/share/ament_lint_auto/cmake)
[0.297s] -- Found rosidl_default_generators: 1.5.0 (/opt/ros/iron/share/rosidl_default_generators/cmake)
[0.299s] -- Using all available rosidl_typesupport_c: rosidl_typesupport_fastrtps_c;rosidl_typesupport_introspection_c
[0.330s] -- Using all available rosidl_typesupport_cpp: rosidl_typesupport_fastrtps_cpp;rosidl_typesupport_introspection_cpp
[0.357s] -- Found rosidl_adapter: 4.0.1 (/opt/ros/iron/share/rosidl_adapter/cmake)
[0.579s] -- Found ament_cmake_ros: 0.11.2 (/opt/ros/iron/share/ament_cmake_ros/cmake)
[0.738s] -- Using all available rosidl_typesupport_c: rosidl_typesupport_fastrtps_c;rosidl_typesupport_introspection_c
[0.947s] -- Using all available rosidl_typesupport_cpp: rosidl_typesupport_fastrtps_cpp;rosidl_typesupport_introspection_cpp
[0.967s] -- Found python_cmake_module: 0.10.2 (/opt/ros/iron/share/python_cmake_module/cmake)
[0.988s] -- Using PYTHON_EXECUTABLE: /usr/bin/python3
[0.988s] -- Using PYTHON_INCLUDE_DIRS: /usr/include/python3.10
[0.988s] -- Using PYTHON_LIBRARIES: /usr/lib/x86_64-linux-gnu/libpython3.10.so
[1.002s] -- Added test 'lint_cmake' to check CMake code style
[1.003s] -- Added test 'xmllint' to check XML markup files
[1.011s] -- Configuring done
[1.056s] -- Generating done
[1.059s] -- Build files have been written to: /home/mr-cheng/Desktop/Car/Wireless_Lidar/extra_packages/build/wireless_lidar
[1.087s] [  2%] [34m[1mGenerating type hashes for ROS interfaces[0m
[1.098s] [  2%] Built target ament_cmake_python_copy_wireless_lidar
[1.306s] [  2%] Built target wireless_lidar__rosidl_generator_type_description
[1.314s] [  4%] [34m[1mGenerating C code for ROS interfaces[0m
[1.323s] [  6%] [34m[1mGenerating C++ code for ROS interfaces[0m
[1.343s] running egg_info
[1.345s] writing wireless_lidar.egg-info/PKG-INFO
[1.345s] writing dependency_links to wireless_lidar.egg-info/dependency_links.txt
[1.345s] writing top-level names to wireless_lidar.egg-info/top_level.txt
[1.348s] reading manifest file 'wireless_lidar.egg-info/SOURCES.txt'
[1.349s] writing manifest file 'wireless_lidar.egg-info/SOURCES.txt'
[1.372s] [  6%] Built target ament_cmake_python_build_wireless_lidar_egg
[1.604s] [  6%] Built target wireless_lidar__cpp
[1.650s] [35m[1mConsolidate compiler generated dependencies of target wireless_lidar__rosidl_generator_c[0m
[1.663s] [ 18%] [32mBuilding C object CMakeFiles/wireless_lidar__rosidl_generator_c.dir/rosidl_generator_c/wireless_lidar/msg/detail/lidar_data__description.c.o[0m
[1.663s] [ 18%] [32mBuilding C object CMakeFiles/wireless_lidar__rosidl_generator_c.dir/rosidl_generator_c/wireless_lidar/msg/detail/lidar_data__functions.c.o[0m
[1.663s] [ 18%] [32mBuilding C object CMakeFiles/wireless_lidar__rosidl_generator_c.dir/rosidl_generator_c/wireless_lidar/msg/detail/point_data__description.c.o[0m
[1.663s] [ 18%] [32mBuilding C object CMakeFiles/wireless_lidar__rosidl_generator_c.dir/rosidl_generator_c/wireless_lidar/msg/detail/point_data__type_support.c.o[0m
[1.663s] [ 18%] [32mBuilding C object CMakeFiles/wireless_lidar__rosidl_generator_c.dir/rosidl_generator_c/wireless_lidar/msg/detail/point_data__functions.c.o[0m
[1.664s] [ 20%] [32mBuilding C object CMakeFiles/wireless_lidar__rosidl_generator_c.dir/rosidl_generator_c/wireless_lidar/msg/detail/lidar_data__type_support.c.o[0m
[1.729s] [ 22%] [32m[1mLinking C shared library libwireless_lidar__rosidl_generator_c.so[0m
[1.772s] [ 22%] Built target wireless_lidar__rosidl_generator_c
[1.780s] [ 34%] [34m[1mGenerating C type support for eProsima Fast-RTPS[0m
[1.781s] [ 34%] [34m[1mGenerating C++ type support dispatch for ROS interfaces[0m
[1.781s] [ 34%] [34m[1mGenerating C++ introspection for ROS interfaces[0m
[1.781s] [ 34%] [34m[1mGenerating C introspection for ROS interfaces[0m
[1.781s] [ 34%] [34m[1mGenerating C type support dispatch for ROS interfaces[0m
[1.781s] [ 36%] [34m[1mGenerating C++ type support for eProsima Fast-RTPS[0m
[2.022s] [35m[1mConsolidate compiler generated dependencies of target wireless_lidar__rosidl_typesupport_c[0m
[2.029s] [35m[1mConsolidate compiler generated dependencies of target wireless_lidar__rosidl_typesupport_cpp[0m
[2.036s] [ 38%] [32mBuilding CXX object CMakeFiles/wireless_lidar__rosidl_typesupport_c.dir/rosidl_typesupport_c/wireless_lidar/msg/lidar_data__type_support.cpp.o[0m
[2.038s] [ 40%] [32mBuilding CXX object CMakeFiles/wireless_lidar__rosidl_typesupport_c.dir/rosidl_typesupport_c/wireless_lidar/msg/point_data__type_support.cpp.o[0m
[2.052s] [ 45%] [32mBuilding CXX object CMakeFiles/wireless_lidar__rosidl_typesupport_cpp.dir/rosidl_typesupport_cpp/wireless_lidar/msg/point_data__type_support.cpp.o[0m
[2.052s] [ 45%] [32mBuilding CXX object CMakeFiles/wireless_lidar__rosidl_typesupport_cpp.dir/rosidl_typesupport_cpp/wireless_lidar/msg/lidar_data__type_support.cpp.o[0m
[2.057s] [35m[1mConsolidate compiler generated dependencies of target wireless_lidar__rosidl_typesupport_introspection_cpp[0m
[2.057s] [35m[1mConsolidate compiler generated dependencies of target wireless_lidar__rosidl_typesupport_introspection_c[0m
[2.071s] [ 47%] [32mBuilding C object CMakeFiles/wireless_lidar__rosidl_typesupport_introspection_c.dir/rosidl_typesupport_introspection_c/wireless_lidar/msg/detail/lidar_data__type_support.c.o[0m
[2.072s] [ 50%] [32mBuilding CXX object CMakeFiles/wireless_lidar__rosidl_typesupport_introspection_cpp.dir/rosidl_typesupport_introspection_cpp/wireless_lidar/msg/detail/point_data__type_support.cpp.o[0m
[2.072s] [ 52%] [32mBuilding C object CMakeFiles/wireless_lidar__rosidl_typesupport_introspection_c.dir/rosidl_typesupport_introspection_c/wireless_lidar/msg/detail/point_data__type_support.c.o[0m
[2.073s] [ 54%] [32mBuilding CXX object CMakeFiles/wireless_lidar__rosidl_typesupport_introspection_cpp.dir/rosidl_typesupport_introspection_cpp/wireless_lidar/msg/detail/lidar_data__type_support.cpp.o[0m
[2.086s] [35m[1mConsolidate compiler generated dependencies of target wireless_lidar__rosidl_typesupport_fastrtps_c[0m
[2.088s] [35m[1mConsolidate compiler generated dependencies of target wireless_lidar__rosidl_typesupport_fastrtps_cpp[0m
[2.101s] [ 56%] [32mBuilding CXX object CMakeFiles/wireless_lidar__rosidl_typesupport_fastrtps_c.dir/rosidl_typesupport_fastrtps_c/wireless_lidar/msg/detail/point_data__type_support_c.cpp.o[0m
[2.102s] [ 59%] [32mBuilding CXX object CMakeFiles/wireless_lidar__rosidl_typesupport_fastrtps_cpp.dir/rosidl_typesupport_fastrtps_cpp/wireless_lidar/msg/detail/dds_fastrtps/point_data__type_support.cpp.o[0m
[2.102s] [ 61%] [32mBuilding CXX object CMakeFiles/wireless_lidar__rosidl_typesupport_fastrtps_c.dir/rosidl_typesupport_fastrtps_c/wireless_lidar/msg/detail/lidar_data__type_support_c.cpp.o[0m
[2.104s] [ 63%] [32mBuilding CXX object CMakeFiles/wireless_lidar__rosidl_typesupport_fastrtps_cpp.dir/rosidl_typesupport_fastrtps_cpp/wireless_lidar/msg/detail/dds_fastrtps/lidar_data__type_support.cpp.o[0m
[2.124s] [ 65%] [32m[1mLinking C shared library libwireless_lidar__rosidl_typesupport_introspection_c.so[0m
[2.146s] [ 68%] [32m[1mLinking CXX shared library libwireless_lidar__rosidl_typesupport_c.so[0m
[2.166s] [ 68%] Built target wireless_lidar__rosidl_typesupport_introspection_c
[2.195s] [ 68%] Built target wireless_lidar__rosidl_typesupport_c
[2.610s] [ 70%] [32m[1mLinking CXX shared library libwireless_lidar__rosidl_typesupport_cpp.so[0m
[2.626s] [ 72%] [32m[1mLinking CXX shared library libwireless_lidar__rosidl_typesupport_fastrtps_c.so[0m
[2.649s] [ 72%] Built target wireless_lidar__rosidl_typesupport_cpp
[2.678s] [ 75%] [32m[1mLinking CXX shared library libwireless_lidar__rosidl_typesupport_introspection_cpp.so[0m
[2.710s] [ 75%] Built target wireless_lidar__rosidl_typesupport_fastrtps_c
[2.755s] [ 75%] Built target wireless_lidar__rosidl_typesupport_introspection_cpp
[2.855s] [ 77%] [32m[1mLinking CXX shared library libwireless_lidar__rosidl_typesupport_fastrtps_cpp.so[0m
[2.919s] [ 77%] Built target wireless_lidar__rosidl_typesupport_fastrtps_cpp
[2.937s] [ 77%] Built target wireless_lidar
[2.953s] [ 79%] [34m[1mGenerating Python code for ROS interfaces[0m
[3.368s] [ 79%] Built target wireless_lidar__py
[3.377s] [35m[1mConsolidate compiler generated dependencies of target wireless_lidar__rosidl_generator_py[0m
[3.390s] [ 81%] [32mBuilding C object CMakeFiles/wireless_lidar__rosidl_generator_py.dir/rosidl_generator_py/wireless_lidar/msg/_point_data_s.c.o[0m
[3.390s] [ 84%] [32mBuilding C object CMakeFiles/wireless_lidar__rosidl_generator_py.dir/rosidl_generator_py/wireless_lidar/msg/_lidar_data_s.c.o[0m
[3.505s] [ 86%] [32m[1mLinking C shared library rosidl_generator_py/wireless_lidar/libwireless_lidar__rosidl_generator_py.so[0m
[3.540s] [ 86%] Built target wireless_lidar__rosidl_generator_py
[3.548s] [35m[1mConsolidate compiler generated dependencies of target wireless_lidar__rosidl_typesupport_introspection_c__pyext[0m
[3.549s] [35m[1mConsolidate compiler generated dependencies of target wireless_lidar__rosidl_typesupport_c__pyext[0m
[3.549s] [35m[1mConsolidate compiler generated dependencies of target wireless_lidar__rosidl_typesupport_fastrtps_c__pyext[0m
[3.559s] [ 93%] [32mBuilding C object CMakeFiles/wireless_lidar__rosidl_typesupport_fastrtps_c__pyext.dir/rosidl_generator_py/wireless_lidar/_wireless_lidar_s.ep.rosidl_typesupport_fastrtps_c.c.o[0m
[3.559s] [ 93%] [32mBuilding C object CMakeFiles/wireless_lidar__rosidl_typesupport_c__pyext.dir/rosidl_generator_py/wireless_lidar/_wireless_lidar_s.ep.rosidl_typesupport_c.c.o[0m
[3.559s] [ 93%] [32mBuilding C object CMakeFiles/wireless_lidar__rosidl_typesupport_introspection_c__pyext.dir/rosidl_generator_py/wireless_lidar/_wireless_lidar_s.ep.rosidl_typesupport_introspection_c.c.o[0m
[3.671s] [ 95%] [32m[1mLinking C shared library rosidl_generator_py/wireless_lidar/wireless_lidar_s__rosidl_typesupport_introspection_c.cpython-310-x86_64-linux-gnu.so[0m
[3.676s] [ 97%] [32m[1mLinking C shared library rosidl_generator_py/wireless_lidar/wireless_lidar_s__rosidl_typesupport_fastrtps_c.cpython-310-x86_64-linux-gnu.so[0m
[3.680s] [100%] [32m[1mLinking C shared library rosidl_generator_py/wireless_lidar/wireless_lidar_s__rosidl_typesupport_c.cpython-310-x86_64-linux-gnu.so[0m
[3.705s] [100%] Built target wireless_lidar__rosidl_typesupport_introspection_c__pyext
[3.709s] [100%] Built target wireless_lidar__rosidl_typesupport_fastrtps_c__pyext
[3.712s] [100%] Built target wireless_lidar__rosidl_typesupport_c__pyext
[3.722s] Invoked command in '/home/mr-cheng/Desktop/Car/Wireless_Lidar/extra_packages/build/wireless_lidar' returned '0': CMAKE_PREFIX_PATH=${CMAKE_PREFIX_PATH}:/opt/ros/iron /usr/bin/cmake --build /home/mr-cheng/Desktop/Car/Wireless_Lidar/extra_packages/build/wireless_lidar -- -j16 -l16
[3.796s] Invoking command in '/home/mr-cheng/Desktop/Car/Wireless_Lidar/extra_packages/build/wireless_lidar': CMAKE_PREFIX_PATH=${CMAKE_PREFIX_PATH}:/opt/ros/iron /usr/bin/cmake --install /home/mr-cheng/Desktop/Car/Wireless_Lidar/extra_packages/build/wireless_lidar
[3.802s] -- Install configuration: ""
[3.802s] -- Up-to-date: /home/mr-cheng/Desktop/Car/Wireless_Lidar/extra_packages/install/wireless_lidar/share/ament_index/resource_index/rosidl_interfaces/wireless_lidar
[3.803s] -- Installing: /home/mr-cheng/Desktop/Car/Wireless_Lidar/extra_packages/install/wireless_lidar/share/wireless_lidar/msg/PointData.json
[3.803s] -- Installing: /home/mr-cheng/Desktop/Car/Wireless_Lidar/extra_packages/install/wireless_lidar/share/wireless_lidar/msg/LidarData.json
[3.803s] -- Up-to-date: /home/mr-cheng/Desktop/Car/Wireless_Lidar/extra_packages/install/wireless_lidar/include/wireless_lidar/wireless_lidar
[3.803s] -- Up-to-date: /home/mr-cheng/Desktop/Car/Wireless_Lidar/extra_packages/install/wireless_lidar/include/wireless_lidar/wireless_lidar/msg
[3.803s] -- Installing: /home/mr-cheng/Desktop/Car/Wireless_Lidar/extra_packages/install/wireless_lidar/include/wireless_lidar/wireless_lidar/msg/point_data.h
[3.803s] -- Installing: /home/mr-cheng/Desktop/Car/Wireless_Lidar/extra_packages/install/wireless_lidar/include/wireless_lidar/wireless_lidar/msg/lidar_data.h
[3.803s] -- Up-to-date: /home/mr-cheng/Desktop/Car/Wireless_Lidar/extra_packages/install/wireless_lidar/include/wireless_lidar/wireless_lidar/msg/detail
[3.803s] -- Installing: /home/mr-cheng/Desktop/Car/Wireless_Lidar/extra_packages/install/wireless_lidar/include/wireless_lidar/wireless_lidar/msg/detail/point_data__functions.h
[3.803s] -- Installing: /home/mr-cheng/Desktop/Car/Wireless_Lidar/extra_packages/install/wireless_lidar/include/wireless_lidar/wireless_lidar/msg/detail/point_data__description.c
[3.803s] -- Installing: /home/mr-cheng/Desktop/Car/Wireless_Lidar/extra_packages/install/wireless_lidar/include/wireless_lidar/wireless_lidar/msg/detail/point_data__struct.h
[3.803s] -- Installing: /home/mr-cheng/Desktop/Car/Wireless_Lidar/extra_packages/install/wireless_lidar/include/wireless_lidar/wireless_lidar/msg/detail/lidar_data__type_support.h
[3.804s] -- Installing: /home/mr-cheng/Desktop/Car/Wireless_Lidar/extra_packages/install/wireless_lidar/include/wireless_lidar/wireless_lidar/msg/detail/lidar_data__functions.c
[3.804s] -- Installing: /home/mr-cheng/Desktop/Car/Wireless_Lidar/extra_packages/install/wireless_lidar/include/wireless_lidar/wireless_lidar/msg/detail/lidar_data__type_support.c
[3.804s] -- Installing: /home/mr-cheng/Desktop/Car/Wireless_Lidar/extra_packages/install/wireless_lidar/include/wireless_lidar/wireless_lidar/msg/detail/point_data__type_support.h
[3.804s] -- Installing: /home/mr-cheng/Desktop/Car/Wireless_Lidar/extra_packages/install/wireless_lidar/include/wireless_lidar/wireless_lidar/msg/detail/point_data__functions.c
[3.804s] -- Installing: /home/mr-cheng/Desktop/Car/Wireless_Lidar/extra_packages/install/wireless_lidar/include/wireless_lidar/wireless_lidar/msg/detail/point_data__type_support.c
[3.804s] -- Installing: /home/mr-cheng/Desktop/Car/Wireless_Lidar/extra_packages/install/wireless_lidar/include/wireless_lidar/wireless_lidar/msg/detail/lidar_data__description.c
[3.804s] -- Installing: /home/mr-cheng/Desktop/Car/Wireless_Lidar/extra_packages/install/wireless_lidar/include/wireless_lidar/wireless_lidar/msg/detail/lidar_data__struct.h
[3.804s] -- Installing: /home/mr-cheng/Desktop/Car/Wireless_Lidar/extra_packages/install/wireless_lidar/include/wireless_lidar/wireless_lidar/msg/detail/lidar_data__functions.h
[3.804s] -- Up-to-date: /home/mr-cheng/Desktop/Car/Wireless_Lidar/extra_packages/install/wireless_lidar/include/wireless_lidar/wireless_lidar/msg/rosidl_generator_c__visibility_control.h
[3.804s] -- Up-to-date: /home/mr-cheng/Desktop/Car/Wireless_Lidar/extra_packages/install/wireless_lidar/share/wireless_lidar/environment/library_path.sh
[3.804s] -- Up-to-date: /home/mr-cheng/Desktop/Car/Wireless_Lidar/extra_packages/install/wireless_lidar/share/wireless_lidar/environment/library_path.dsv
[3.806s] -- Installing: /home/mr-cheng/Desktop/Car/Wireless_Lidar/extra_packages/install/wireless_lidar/lib/libwireless_lidar__rosidl_generator_c.so
[3.807s] -- Set runtime path of "/home/mr-cheng/Desktop/Car/Wireless_Lidar/extra_packages/install/wireless_lidar/lib/libwireless_lidar__rosidl_generator_c.so" to ""
[3.807s] -- Up-to-date: /home/mr-cheng/Desktop/Car/Wireless_Lidar/extra_packages/install/wireless_lidar/include/wireless_lidar/wireless_lidar
[3.807s] -- Up-to-date: /home/mr-cheng/Desktop/Car/Wireless_Lidar/extra_packages/install/wireless_lidar/include/wireless_lidar/wireless_lidar/msg
[3.807s] -- Up-to-date: /home/mr-cheng/Desktop/Car/Wireless_Lidar/extra_packages/install/wireless_lidar/include/wireless_lidar/wireless_lidar/msg/rosidl_typesupport_fastrtps_c__visibility_control.h
[3.807s] -- Up-to-date: /home/mr-cheng/Desktop/Car/Wireless_Lidar/extra_packages/install/wireless_lidar/include/wireless_lidar/wireless_lidar/msg/detail
[3.807s] -- Installing: /home/mr-cheng/Desktop/Car/Wireless_Lidar/extra_packages/install/wireless_lidar/include/wireless_lidar/wireless_lidar/msg/detail/lidar_data__rosidl_typesupport_fastrtps_c.h
[3.807s] -- Installing: /home/mr-cheng/Desktop/Car/Wireless_Lidar/extra_packages/install/wireless_lidar/include/wireless_lidar/wireless_lidar/msg/detail/point_data__rosidl_typesupport_fastrtps_c.h
[3.808s] -- Installing: /home/mr-cheng/Desktop/Car/Wireless_Lidar/extra_packages/install/wireless_lidar/lib/libwireless_lidar__rosidl_typesupport_fastrtps_c.so
[3.808s] -- Set runtime path of "/home/mr-cheng/Desktop/Car/Wireless_Lidar/extra_packages/install/wireless_lidar/lib/libwireless_lidar__rosidl_typesupport_fastrtps_c.so" to ""
[3.808s] -- Up-to-date: /home/mr-cheng/Desktop/Car/Wireless_Lidar/extra_packages/install/wireless_lidar/include/wireless_lidar/wireless_lidar
[3.808s] -- Up-to-date: /home/mr-cheng/Desktop/Car/Wireless_Lidar/extra_packages/install/wireless_lidar/include/wireless_lidar/wireless_lidar/msg
[3.808s] -- Up-to-date: /home/mr-cheng/Desktop/Car/Wireless_Lidar/extra_packages/install/wireless_lidar/include/wireless_lidar/wireless_lidar/msg/rosidl_typesupport_introspection_c__visibility_control.h
[3.808s] -- Up-to-date: /home/mr-cheng/Desktop/Car/Wireless_Lidar/extra_packages/install/wireless_lidar/include/wireless_lidar/wireless_lidar/msg/detail
[3.808s] -- Installing: /home/mr-cheng/Desktop/Car/Wireless_Lidar/extra_packages/install/wireless_lidar/include/wireless_lidar/wireless_lidar/msg/detail/lidar_data__rosidl_typesupport_introspection_c.h
[3.808s] -- Installing: /home/mr-cheng/Desktop/Car/Wireless_Lidar/extra_packages/install/wireless_lidar/include/wireless_lidar/wireless_lidar/msg/detail/lidar_data__type_support.c
[3.809s] -- Installing: /home/mr-cheng/Desktop/Car/Wireless_Lidar/extra_packages/install/wireless_lidar/include/wireless_lidar/wireless_lidar/msg/detail/point_data__type_support.c
[3.809s] -- Installing: /home/mr-cheng/Desktop/Car/Wireless_Lidar/extra_packages/install/wireless_lidar/include/wireless_lidar/wireless_lidar/msg/detail/point_data__rosidl_typesupport_introspection_c.h
[3.809s] -- Installing: /home/mr-cheng/Desktop/Car/Wireless_Lidar/extra_packages/install/wireless_lidar/lib/libwireless_lidar__rosidl_typesupport_introspection_c.so
[3.809s] -- Set runtime path of "/home/mr-cheng/Desktop/Car/Wireless_Lidar/extra_packages/install/wireless_lidar/lib/libwireless_lidar__rosidl_typesupport_introspection_c.so" to ""
[3.810s] -- Installing: /home/mr-cheng/Desktop/Car/Wireless_Lidar/extra_packages/install/wireless_lidar/lib/libwireless_lidar__rosidl_typesupport_c.so
[3.810s] -- Set runtime path of "/home/mr-cheng/Desktop/Car/Wireless_Lidar/extra_packages/install/wireless_lidar/lib/libwireless_lidar__rosidl_typesupport_c.so" to ""
[3.810s] -- Up-to-date: /home/mr-cheng/Desktop/Car/Wireless_Lidar/extra_packages/install/wireless_lidar/include/wireless_lidar/wireless_lidar
[3.810s] -- Up-to-date: /home/mr-cheng/Desktop/Car/Wireless_Lidar/extra_packages/install/wireless_lidar/include/wireless_lidar/wireless_lidar/msg
[3.810s] -- Installing: /home/mr-cheng/Desktop/Car/Wireless_Lidar/extra_packages/install/wireless_lidar/include/wireless_lidar/wireless_lidar/msg/lidar_data.hpp
[3.810s] -- Installing: /home/mr-cheng/Desktop/Car/Wireless_Lidar/extra_packages/install/wireless_lidar/include/wireless_lidar/wireless_lidar/msg/point_data.hpp
[3.810s] -- Up-to-date: /home/mr-cheng/Desktop/Car/Wireless_Lidar/extra_packages/install/wireless_lidar/include/wireless_lidar/wireless_lidar/msg/detail
[3.810s] -- Installing: /home/mr-cheng/Desktop/Car/Wireless_Lidar/extra_packages/install/wireless_lidar/include/wireless_lidar/wireless_lidar/msg/detail/lidar_data__traits.hpp
[3.811s] -- Installing: /home/mr-cheng/Desktop/Car/Wireless_Lidar/extra_packages/install/wireless_lidar/include/wireless_lidar/wireless_lidar/msg/detail/point_data__struct.hpp
[3.811s] -- Installing: /home/mr-cheng/Desktop/Car/Wireless_Lidar/extra_packages/install/wireless_lidar/include/wireless_lidar/wireless_lidar/msg/detail/lidar_data__struct.hpp
[3.811s] -- Installing: /home/mr-cheng/Desktop/Car/Wireless_Lidar/extra_packages/install/wireless_lidar/include/wireless_lidar/wireless_lidar/msg/detail/lidar_data__builder.hpp
[3.811s] -- Installing: /home/mr-cheng/Desktop/Car/Wireless_Lidar/extra_packages/install/wireless_lidar/include/wireless_lidar/wireless_lidar/msg/detail/point_data__traits.hpp
[3.811s] -- Installing: /home/mr-cheng/Desktop/Car/Wireless_Lidar/extra_packages/install/wireless_lidar/include/wireless_lidar/wireless_lidar/msg/detail/point_data__builder.hpp
[3.811s] -- Up-to-date: /home/mr-cheng/Desktop/Car/Wireless_Lidar/extra_packages/install/wireless_lidar/include/wireless_lidar/wireless_lidar
[3.811s] -- Up-to-date: /home/mr-cheng/Desktop/Car/Wireless_Lidar/extra_packages/install/wireless_lidar/include/wireless_lidar/wireless_lidar/msg
[3.811s] -- Up-to-date: /home/mr-cheng/Desktop/Car/Wireless_Lidar/extra_packages/install/wireless_lidar/include/wireless_lidar/wireless_lidar/msg/rosidl_typesupport_fastrtps_cpp__visibility_control.h
[3.811s] -- Up-to-date: /home/mr-cheng/Desktop/Car/Wireless_Lidar/extra_packages/install/wireless_lidar/include/wireless_lidar/wireless_lidar/msg/detail
[3.811s] -- Installing: /home/mr-cheng/Desktop/Car/Wireless_Lidar/extra_packages/install/wireless_lidar/include/wireless_lidar/wireless_lidar/msg/detail/point_data__rosidl_typesupport_fastrtps_cpp.hpp
[3.811s] -- Up-to-date: /home/mr-cheng/Desktop/Car/Wireless_Lidar/extra_packages/install/wireless_lidar/include/wireless_lidar/wireless_lidar/msg/detail/dds_fastrtps
[3.811s] -- Installing: /home/mr-cheng/Desktop/Car/Wireless_Lidar/extra_packages/install/wireless_lidar/include/wireless_lidar/wireless_lidar/msg/detail/lidar_data__rosidl_typesupport_fastrtps_cpp.hpp
[3.812s] -- Installing: /home/mr-cheng/Desktop/Car/Wireless_Lidar/extra_packages/install/wireless_lidar/lib/libwireless_lidar__rosidl_typesupport_fastrtps_cpp.so
[3.812s] -- Set runtime path of "/home/mr-cheng/Desktop/Car/Wireless_Lidar/extra_packages/install/wireless_lidar/lib/libwireless_lidar__rosidl_typesupport_fastrtps_cpp.so" to ""
[3.812s] -- Up-to-date: /home/mr-cheng/Desktop/Car/Wireless_Lidar/extra_packages/install/wireless_lidar/include/wireless_lidar/wireless_lidar
[3.812s] -- Up-to-date: /home/mr-cheng/Desktop/Car/Wireless_Lidar/extra_packages/install/wireless_lidar/include/wireless_lidar/wireless_lidar/msg
[3.812s] -- Up-to-date: /home/mr-cheng/Desktop/Car/Wireless_Lidar/extra_packages/install/wireless_lidar/include/wireless_lidar/wireless_lidar/msg/detail
[3.812s] -- Installing: /home/mr-cheng/Desktop/Car/Wireless_Lidar/extra_packages/install/wireless_lidar/include/wireless_lidar/wireless_lidar/msg/detail/point_data__type_support.cpp
[3.813s] -- Installing: /home/mr-cheng/Desktop/Car/Wireless_Lidar/extra_packages/install/wireless_lidar/include/wireless_lidar/wireless_lidar/msg/detail/lidar_data__type_support.cpp
[3.813s] -- Installing: /home/mr-cheng/Desktop/Car/Wireless_Lidar/extra_packages/install/wireless_lidar/include/wireless_lidar/wireless_lidar/msg/detail/point_data__rosidl_typesupport_introspection_cpp.hpp
[3.813s] -- Installing: /home/mr-cheng/Desktop/Car/Wireless_Lidar/extra_packages/install/wireless_lidar/include/wireless_lidar/wireless_lidar/msg/detail/lidar_data__rosidl_typesupport_introspection_cpp.hpp
[3.813s] -- Installing: /home/mr-cheng/Desktop/Car/Wireless_Lidar/extra_packages/install/wireless_lidar/lib/libwireless_lidar__rosidl_typesupport_introspection_cpp.so
[3.813s] -- Set runtime path of "/home/mr-cheng/Desktop/Car/Wireless_Lidar/extra_packages/install/wireless_lidar/lib/libwireless_lidar__rosidl_typesupport_introspection_cpp.so" to ""
[3.814s] -- Installing: /home/mr-cheng/Desktop/Car/Wireless_Lidar/extra_packages/install/wireless_lidar/lib/libwireless_lidar__rosidl_typesupport_cpp.so
[3.814s] -- Set runtime path of "/home/mr-cheng/Desktop/Car/Wireless_Lidar/extra_packages/install/wireless_lidar/lib/libwireless_lidar__rosidl_typesupport_cpp.so" to ""
[3.814s] -- Up-to-date: /home/mr-cheng/Desktop/Car/Wireless_Lidar/extra_packages/install/wireless_lidar/share/wireless_lidar/environment/pythonpath.sh
[3.814s] -- Up-to-date: /home/mr-cheng/Desktop/Car/Wireless_Lidar/extra_packages/install/wireless_lidar/share/wireless_lidar/environment/pythonpath.dsv
[3.815s] -- Up-to-date: /home/mr-cheng/Desktop/Car/Wireless_Lidar/extra_packages/install/wireless_lidar/lib/python3.10/site-packages/wireless_lidar-0.0.0-py3.10.egg-info
[3.815s] -- Installing: /home/mr-cheng/Desktop/Car/Wireless_Lidar/extra_packages/install/wireless_lidar/lib/python3.10/site-packages/wireless_lidar-0.0.0-py3.10.egg-info/SOURCES.txt
[3.815s] -- Installing: /home/mr-cheng/Desktop/Car/Wireless_Lidar/extra_packages/install/wireless_lidar/lib/python3.10/site-packages/wireless_lidar-0.0.0-py3.10.egg-info/dependency_links.txt
[3.815s] -- Installing: /home/mr-cheng/Desktop/Car/Wireless_Lidar/extra_packages/install/wireless_lidar/lib/python3.10/site-packages/wireless_lidar-0.0.0-py3.10.egg-info/PKG-INFO
[3.815s] -- Installing: /home/mr-cheng/Desktop/Car/Wireless_Lidar/extra_packages/install/wireless_lidar/lib/python3.10/site-packages/wireless_lidar-0.0.0-py3.10.egg-info/top_level.txt
[3.815s] -- Up-to-date: /home/mr-cheng/Desktop/Car/Wireless_Lidar/extra_packages/install/wireless_lidar/lib/python3.10/site-packages/wireless_lidar
[3.815s] -- Installing: /home/mr-cheng/Desktop/Car/Wireless_Lidar/extra_packages/install/wireless_lidar/lib/python3.10/site-packages/wireless_lidar/libwireless_lidar__rosidl_generator_py.so
[3.815s] -- Installing: /home/mr-cheng/Desktop/Car/Wireless_Lidar/extra_packages/install/wireless_lidar/lib/python3.10/site-packages/wireless_lidar/_wireless_lidar_s.ep.rosidl_typesupport_c.c
[3.815s] -- Installing: /home/mr-cheng/Desktop/Car/Wireless_Lidar/extra_packages/install/wireless_lidar/lib/python3.10/site-packages/wireless_lidar/wireless_lidar_s__rosidl_typesupport_c.cpython-310-x86_64-linux-gnu.so
[3.815s] -- Installing: /home/mr-cheng/Desktop/Car/Wireless_Lidar/extra_packages/install/wireless_lidar/lib/python3.10/site-packages/wireless_lidar/wireless_lidar_s__rosidl_typesupport_introspection_c.cpython-310-x86_64-linux-gnu.so
[3.815s] -- Up-to-date: /home/mr-cheng/Desktop/Car/Wireless_Lidar/extra_packages/install/wireless_lidar/lib/python3.10/site-packages/wireless_lidar/msg
[3.815s] -- Installing: /home/mr-cheng/Desktop/Car/Wireless_Lidar/extra_packages/install/wireless_lidar/lib/python3.10/site-packages/wireless_lidar/msg/_lidar_data.py
[3.816s] -- Installing: /home/mr-cheng/Desktop/Car/Wireless_Lidar/extra_packages/install/wireless_lidar/lib/python3.10/site-packages/wireless_lidar/msg/_point_data_s.c
[3.816s] -- Installing: /home/mr-cheng/Desktop/Car/Wireless_Lidar/extra_packages/install/wireless_lidar/lib/python3.10/site-packages/wireless_lidar/msg/_lidar_data_s.c
[3.816s] -- Installing: /home/mr-cheng/Desktop/Car/Wireless_Lidar/extra_packages/install/wireless_lidar/lib/python3.10/site-packages/wireless_lidar/msg/__init__.py
[3.816s] -- Installing: /home/mr-cheng/Desktop/Car/Wireless_Lidar/extra_packages/install/wireless_lidar/lib/python3.10/site-packages/wireless_lidar/msg/_point_data.py
[3.816s] -- Installing: /home/mr-cheng/Desktop/Car/Wireless_Lidar/extra_packages/install/wireless_lidar/lib/python3.10/site-packages/wireless_lidar/_wireless_lidar_s.ep.rosidl_typesupport_introspection_c.c
[3.816s] -- Installing: /home/mr-cheng/Desktop/Car/Wireless_Lidar/extra_packages/install/wireless_lidar/lib/python3.10/site-packages/wireless_lidar/_wireless_lidar_s.ep.rosidl_typesupport_fastrtps_c.c
[3.816s] -- Installing: /home/mr-cheng/Desktop/Car/Wireless_Lidar/extra_packages/install/wireless_lidar/lib/python3.10/site-packages/wireless_lidar/__init__.py
[3.816s] -- Installing: /home/mr-cheng/Desktop/Car/Wireless_Lidar/extra_packages/install/wireless_lidar/lib/python3.10/site-packages/wireless_lidar/wireless_lidar_s__rosidl_typesupport_fastrtps_c.cpython-310-x86_64-linux-gnu.so
[3.849s] Listing '/home/mr-cheng/Desktop/Car/Wireless_Lidar/extra_packages/install/wireless_lidar/lib/python3.10/site-packages/wireless_lidar'...
[3.849s] Compiling '/home/mr-cheng/Desktop/Car/Wireless_Lidar/extra_packages/install/wireless_lidar/lib/python3.10/site-packages/wireless_lidar/__init__.py'...
[3.849s] Listing '/home/mr-cheng/Desktop/Car/Wireless_Lidar/extra_packages/install/wireless_lidar/lib/python3.10/site-packages/wireless_lidar/msg'...
[3.849s] Compiling '/home/mr-cheng/Desktop/Car/Wireless_Lidar/extra_packages/install/wireless_lidar/lib/python3.10/site-packages/wireless_lidar/msg/__init__.py'...
[3.849s] Compiling '/home/mr-cheng/Desktop/Car/Wireless_Lidar/extra_packages/install/wireless_lidar/lib/python3.10/site-packages/wireless_lidar/msg/_lidar_data.py'...
[3.849s] Compiling '/home/mr-cheng/Desktop/Car/Wireless_Lidar/extra_packages/install/wireless_lidar/lib/python3.10/site-packages/wireless_lidar/msg/_point_data.py'...
[3.853s] -- Installing: /home/mr-cheng/Desktop/Car/Wireless_Lidar/extra_packages/install/wireless_lidar/lib/python3.10/site-packages/wireless_lidar/wireless_lidar_s__rosidl_typesupport_fastrtps_c.cpython-310-x86_64-linux-gnu.so
[3.854s] -- Set runtime path of "/home/mr-cheng/Desktop/Car/Wireless_Lidar/extra_packages/install/wireless_lidar/lib/python3.10/site-packages/wireless_lidar/wireless_lidar_s__rosidl_typesupport_fastrtps_c.cpython-310-x86_64-linux-gnu.so" to ""
[3.854s] -- Installing: /home/mr-cheng/Desktop/Car/Wireless_Lidar/extra_packages/install/wireless_lidar/lib/python3.10/site-packages/wireless_lidar/wireless_lidar_s__rosidl_typesupport_introspection_c.cpython-310-x86_64-linux-gnu.so
[3.854s] -- Set runtime path of "/home/mr-cheng/Desktop/Car/Wireless_Lidar/extra_packages/install/wireless_lidar/lib/python3.10/site-packages/wireless_lidar/wireless_lidar_s__rosidl_typesupport_introspection_c.cpython-310-x86_64-linux-gnu.so" to ""
[3.854s] -- Installing: /home/mr-cheng/Desktop/Car/Wireless_Lidar/extra_packages/install/wireless_lidar/lib/python3.10/site-packages/wireless_lidar/wireless_lidar_s__rosidl_typesupport_c.cpython-310-x86_64-linux-gnu.so
[3.854s] -- Set runtime path of "/home/mr-cheng/Desktop/Car/Wireless_Lidar/extra_packages/install/wireless_lidar/lib/python3.10/site-packages/wireless_lidar/wireless_lidar_s__rosidl_typesupport_c.cpython-310-x86_64-linux-gnu.so" to ""
[3.855s] -- Installing: /home/mr-cheng/Desktop/Car/Wireless_Lidar/extra_packages/install/wireless_lidar/lib/libwireless_lidar__rosidl_generator_py.so
[3.855s] -- Set runtime path of "/home/mr-cheng/Desktop/Car/Wireless_Lidar/extra_packages/install/wireless_lidar/lib/libwireless_lidar__rosidl_generator_py.so" to ""
[3.856s] -- Up-to-date: /home/mr-cheng/Desktop/Car/Wireless_Lidar/extra_packages/install/wireless_lidar/share/wireless_lidar/msg/PointData.idl
[3.856s] -- Installing: /home/mr-cheng/Desktop/Car/Wireless_Lidar/extra_packages/install/wireless_lidar/share/wireless_lidar/msg/LidarData.idl
[3.856s] -- Up-to-date: /home/mr-cheng/Desktop/Car/Wireless_Lidar/extra_packages/install/wireless_lidar/share/wireless_lidar/src/PointData.msg
[3.856s] -- Installing: /home/mr-cheng/Desktop/Car/Wireless_Lidar/extra_packages/install/wireless_lidar/share/wireless_lidar/src/LidarData.msg
[3.856s] -- Up-to-date: /home/mr-cheng/Desktop/Car/Wireless_Lidar/extra_packages/install/wireless_lidar/share/ament_index/resource_index/package_run_dependencies/wireless_lidar
[3.856s] -- Up-to-date: /home/mr-cheng/Desktop/Car/Wireless_Lidar/extra_packages/install/wireless_lidar/share/ament_index/resource_index/parent_prefix_path/wireless_lidar
[3.856s] -- Up-to-date: /home/mr-cheng/Desktop/Car/Wireless_Lidar/extra_packages/install/wireless_lidar/share/wireless_lidar/environment/ament_prefix_path.sh
[3.856s] -- Up-to-date: /home/mr-cheng/Desktop/Car/Wireless_Lidar/extra_packages/install/wireless_lidar/share/wireless_lidar/environment/ament_prefix_path.dsv
[3.856s] -- Up-to-date: /home/mr-cheng/Desktop/Car/Wireless_Lidar/extra_packages/install/wireless_lidar/share/wireless_lidar/environment/path.sh
[3.856s] -- Up-to-date: /home/mr-cheng/Desktop/Car/Wireless_Lidar/extra_packages/install/wireless_lidar/share/wireless_lidar/environment/path.dsv
[3.856s] -- Up-to-date: /home/mr-cheng/Desktop/Car/Wireless_Lidar/extra_packages/install/wireless_lidar/share/wireless_lidar/local_setup.bash
[3.856s] -- Up-to-date: /home/mr-cheng/Desktop/Car/Wireless_Lidar/extra_packages/install/wireless_lidar/share/wireless_lidar/local_setup.sh
[3.857s] -- Up-to-date: /home/mr-cheng/Desktop/Car/Wireless_Lidar/extra_packages/install/wireless_lidar/share/wireless_lidar/local_setup.zsh
[3.857s] -- Up-to-date: /home/mr-cheng/Desktop/Car/Wireless_Lidar/extra_packages/install/wireless_lidar/share/wireless_lidar/local_setup.dsv
[3.857s] -- Installing: /home/mr-cheng/Desktop/Car/Wireless_Lidar/extra_packages/install/wireless_lidar/share/wireless_lidar/package.dsv
[3.857s] -- Up-to-date: /home/mr-cheng/Desktop/Car/Wireless_Lidar/extra_packages/install/wireless_lidar/share/ament_index/resource_index/packages/wireless_lidar
[3.857s] -- Up-to-date: /home/mr-cheng/Desktop/Car/Wireless_Lidar/extra_packages/install/wireless_lidar/share/wireless_lidar/cmake/export_wireless_lidar__rosidl_generator_cExport.cmake
[3.857s] -- Up-to-date: /home/mr-cheng/Desktop/Car/Wireless_Lidar/extra_packages/install/wireless_lidar/share/wireless_lidar/cmake/export_wireless_lidar__rosidl_generator_cExport-noconfig.cmake
[3.857s] -- Up-to-date: /home/mr-cheng/Desktop/Car/Wireless_Lidar/extra_packages/install/wireless_lidar/share/wireless_lidar/cmake/export_wireless_lidar__rosidl_typesupport_fastrtps_cExport.cmake
[3.857s] -- Up-to-date: /home/mr-cheng/Desktop/Car/Wireless_Lidar/extra_packages/install/wireless_lidar/share/wireless_lidar/cmake/export_wireless_lidar__rosidl_typesupport_fastrtps_cExport-noconfig.cmake
[3.857s] -- Up-to-date: /home/mr-cheng/Desktop/Car/Wireless_Lidar/extra_packages/install/wireless_lidar/share/wireless_lidar/cmake/wireless_lidar__rosidl_typesupport_introspection_cExport.cmake
[3.857s] -- Up-to-date: /home/mr-cheng/Desktop/Car/Wireless_Lidar/extra_packages/install/wireless_lidar/share/wireless_lidar/cmake/wireless_lidar__rosidl_typesupport_introspection_cExport-noconfig.cmake
[3.857s] -- Up-to-date: /home/mr-cheng/Desktop/Car/Wireless_Lidar/extra_packages/install/wireless_lidar/share/wireless_lidar/cmake/wireless_lidar__rosidl_typesupport_cExport.cmake
[3.857s] -- Up-to-date: /home/mr-cheng/Desktop/Car/Wireless_Lidar/extra_packages/install/wireless_lidar/share/wireless_lidar/cmake/wireless_lidar__rosidl_typesupport_cExport-noconfig.cmake
[3.858s] -- Up-to-date: /home/mr-cheng/Desktop/Car/Wireless_Lidar/extra_packages/install/wireless_lidar/share/wireless_lidar/cmake/export_wireless_lidar__rosidl_generator_cppExport.cmake
[3.858s] -- Up-to-date: /home/mr-cheng/Desktop/Car/Wireless_Lidar/extra_packages/install/wireless_lidar/share/wireless_lidar/cmake/export_wireless_lidar__rosidl_typesupport_fastrtps_cppExport.cmake
[3.858s] -- Up-to-date: /home/mr-cheng/Desktop/Car/Wireless_Lidar/extra_packages/install/wireless_lidar/share/wireless_lidar/cmake/export_wireless_lidar__rosidl_typesupport_fastrtps_cppExport-noconfig.cmake
[3.858s] -- Up-to-date: /home/mr-cheng/Desktop/Car/Wireless_Lidar/extra_packages/install/wireless_lidar/share/wireless_lidar/cmake/wireless_lidar__rosidl_typesupport_introspection_cppExport.cmake
[3.858s] -- Up-to-date: /home/mr-cheng/Desktop/Car/Wireless_Lidar/extra_packages/install/wireless_lidar/share/wireless_lidar/cmake/wireless_lidar__rosidl_typesupport_introspection_cppExport-noconfig.cmake
[3.858s] -- Up-to-date: /home/mr-cheng/Desktop/Car/Wireless_Lidar/extra_packages/install/wireless_lidar/share/wireless_lidar/cmake/wireless_lidar__rosidl_typesupport_cppExport.cmake
[3.858s] -- Up-to-date: /home/mr-cheng/Desktop/Car/Wireless_Lidar/extra_packages/install/wireless_lidar/share/wireless_lidar/cmake/wireless_lidar__rosidl_typesupport_cppExport-noconfig.cmake
[3.859s] -- Up-to-date: /home/mr-cheng/Desktop/Car/Wireless_Lidar/extra_packages/install/wireless_lidar/share/wireless_lidar/cmake/export_wireless_lidar__rosidl_generator_pyExport.cmake
[3.859s] -- Up-to-date: /home/mr-cheng/Desktop/Car/Wireless_Lidar/extra_packages/install/wireless_lidar/share/wireless_lidar/cmake/export_wireless_lidar__rosidl_generator_pyExport-noconfig.cmake
[3.859s] -- Up-to-date: /home/mr-cheng/Desktop/Car/Wireless_Lidar/extra_packages/install/wireless_lidar/share/wireless_lidar/cmake/rosidl_cmake-extras.cmake
[3.859s] -- Up-to-date: /home/mr-cheng/Desktop/Car/Wireless_Lidar/extra_packages/install/wireless_lidar/share/wireless_lidar/cmake/ament_cmake_export_include_directories-extras.cmake
[3.859s] -- Up-to-date: /home/mr-cheng/Desktop/Car/Wireless_Lidar/extra_packages/install/wireless_lidar/share/wireless_lidar/cmake/ament_cmake_export_libraries-extras.cmake
[3.859s] -- Up-to-date: /home/mr-cheng/Desktop/Car/Wireless_Lidar/extra_packages/install/wireless_lidar/share/wireless_lidar/cmake/ament_cmake_export_targets-extras.cmake
[3.859s] -- Up-to-date: /home/mr-cheng/Desktop/Car/Wireless_Lidar/extra_packages/install/wireless_lidar/share/wireless_lidar/cmake/rosidl_cmake_export_typesupport_targets-extras.cmake
[3.859s] -- Up-to-date: /home/mr-cheng/Desktop/Car/Wireless_Lidar/extra_packages/install/wireless_lidar/share/wireless_lidar/cmake/ament_cmake_export_dependencies-extras.cmake
[3.859s] -- Up-to-date: /home/mr-cheng/Desktop/Car/Wireless_Lidar/extra_packages/install/wireless_lidar/share/wireless_lidar/cmake/rosidl_cmake_export_typesupport_libraries-extras.cmake
[3.859s] -- Up-to-date: /home/mr-cheng/Desktop/Car/Wireless_Lidar/extra_packages/install/wireless_lidar/share/wireless_lidar/cmake/wireless_lidarConfig.cmake
[3.859s] -- Up-to-date: /home/mr-cheng/Desktop/Car/Wireless_Lidar/extra_packages/install/wireless_lidar/share/wireless_lidar/cmake/wireless_lidarConfig-version.cmake
[3.859s] -- Up-to-date: /home/mr-cheng/Desktop/Car/Wireless_Lidar/extra_packages/install/wireless_lidar/share/wireless_lidar/package.xml
[3.861s] Invoked command in '/home/mr-cheng/Desktop/Car/Wireless_Lidar/extra_packages/build/wireless_lidar' returned '0': CMAKE_PREFIX_PATH=${CMAKE_PREFIX_PATH}:/opt/ros/iron /usr/bin/cmake --install /home/mr-cheng/Desktop/Car/Wireless_Lidar/extra_packages/build/wireless_lidar
