[1.215s] Invoking command in '/home/mr-cheng/Desktop/Car/Car_Sim2Real/src/robot_launch': PYTHONPATH=/home/mr-cheng/Desktop/Car/Car_Sim2Real/build/robot_launch/prefix_override:/home/mr-cheng/Desktop/Car/Car_Sim2Real/install/robot_launch/lib/python3.10/site-packages:${PYTHONPATH} /usr/bin/python3 -W ignore:setup.py install is deprecated setup.py egg_info --egg-base ../../build/robot_launch build --build-base /home/mr-cheng/Desktop/Car/Car_Sim2Real/build/robot_launch/build install --record /home/mr-cheng/Desktop/Car/Car_Sim2Real/build/robot_launch/install.log --single-version-externally-managed install_data
[1.512s] running egg_info
[1.533s] writing ../../build/robot_launch/robot_launch.egg-info/PKG-INFO
[1.533s] writing dependency_links to ../../build/robot_launch/robot_launch.egg-info/dependency_links.txt
[1.533s] writing requirements to ../../build/robot_launch/robot_launch.egg-info/requires.txt
[1.533s] writing top-level names to ../../build/robot_launch/robot_launch.egg-info/top_level.txt
[1.574s] reading manifest file '../../build/robot_launch/robot_launch.egg-info/SOURCES.txt'
[1.574s] writing manifest file '../../build/robot_launch/robot_launch.egg-info/SOURCES.txt'
[1.575s] running build
[1.575s] running build_py
[1.575s] copying robot_launch/__init__.py -> /home/mr-cheng/Desktop/Car/Car_Sim2Real/build/robot_launch/build/lib/robot_launch
[1.575s] running install
[1.581s] running install_lib
[1.603s] running install_data
[1.604s] copying resource/robot_launch -> /home/mr-cheng/Desktop/Car/Car_Sim2Real/install/robot_launch/share/ament_index/resource_index/packages
[1.604s] copying package.xml -> /home/mr-cheng/Desktop/Car/Car_Sim2Real/install/robot_launch/share/robot_launch
[1.604s] copying launch/robot.launch.py -> /home/mr-cheng/Desktop/Car/Car_Sim2Real/install/robot_launch/share/robot_launch/launch
[1.604s] running install_egg_info
[1.626s] removing '/home/mr-cheng/Desktop/Car/Car_Sim2Real/install/robot_launch/lib/python3.10/site-packages/robot_launch-0.0.0-py3.10.egg-info' (and everything under it)
[1.626s] Copying ../../build/robot_launch/robot_launch.egg-info to /home/mr-cheng/Desktop/Car/Car_Sim2Real/install/robot_launch/lib/python3.10/site-packages/robot_launch-0.0.0-py3.10.egg-info
[1.627s] running install_scripts
[1.807s] writing list of installed files to '/home/mr-cheng/Desktop/Car/Car_Sim2Real/build/robot_launch/install.log'
[1.840s] Invoked command in '/home/mr-cheng/Desktop/Car/Car_Sim2Real/src/robot_launch' returned '0': PYTHONPATH=/home/mr-cheng/Desktop/Car/Car_Sim2Real/build/robot_launch/prefix_override:/home/mr-cheng/Desktop/Car/Car_Sim2Real/install/robot_launch/lib/python3.10/site-packages:${PYTHONPATH} /usr/bin/python3 -W ignore:setup.py install is deprecated setup.py egg_info --egg-base ../../build/robot_launch build --build-base /home/mr-cheng/Desktop/Car/Car_Sim2Real/build/robot_launch/build install --record /home/mr-cheng/Desktop/Car/Car_Sim2Real/build/robot_launch/install.log --single-version-externally-managed install_data
