[0.807s] Invoking command in '/home/mr-cheng/Documents/ROS2/Car/src/robot_description': PYTHONPATH=/home/mr-cheng/Documents/ROS2/Car/build/robot_description/prefix_override:/home/mr-cheng/Documents/ROS2/Car/install/robot_description/lib/python3.10/site-packages:${PYTHONPATH} /usr/bin/python3 -W ignore:setup.py install is deprecated setup.py egg_info --egg-base ../../build/robot_description build --build-base /home/mr-cheng/Documents/ROS2/Car/build/robot_description/build install --record /home/mr-cheng/Documents/ROS2/Car/build/robot_description/install.log --single-version-externally-managed install_data
[1.062s] running egg_info
[1.080s] writing ../../build/robot_description/robot_description.egg-info/PKG-INFO
[1.080s] writing dependency_links to ../../build/robot_description/robot_description.egg-info/dependency_links.txt
[1.080s] writing requirements to ../../build/robot_description/robot_description.egg-info/requires.txt
[1.081s] writing top-level names to ../../build/robot_description/robot_description.egg-info/top_level.txt
[1.118s] reading manifest file '../../build/robot_description/robot_description.egg-info/SOURCES.txt'
[1.119s] writing manifest file '../../build/robot_description/robot_description.egg-info/SOURCES.txt'
[1.119s] running build
[1.119s] running build_py
[1.119s] copying robot_description/__init__.py -> /home/mr-cheng/Documents/ROS2/Car/build/robot_description/build/lib/robot_description
[1.119s] running install
[1.125s] running install_lib
[1.143s] running install_data
[1.143s] copying resource/robot_description -> /home/mr-cheng/Documents/ROS2/Car/install/robot_description/share/ament_index/resource_index/packages
[1.143s] copying package.xml -> /home/mr-cheng/Documents/ROS2/Car/install/robot_description/share/robot_description
[1.144s] copying launch/gazebo.launch.py -> /home/mr-cheng/Documents/ROS2/Car/install/robot_description/share/robot_description/launch
[1.144s] copying launch/display_rviz2.launch.py -> /home/mr-cheng/Documents/ROS2/Car/install/robot_description/share/robot_description/launch
[1.144s] copying launch/gazebo.launch.py -> /home/mr-cheng/Documents/ROS2/Car/install/robot_description/share/robot_description/launch
[1.144s] copying launch/display_rviz2.launch.py -> /home/mr-cheng/Documents/ROS2/Car/install/robot_description/share/robot_description/launch
[1.144s] copying urdf/robot_gazebo.urdf -> /home/mr-cheng/Documents/ROS2/Car/install/robot_description/share/robot_description/urdf
[1.144s] copying urdf/robot_base.urdf -> /home/mr-cheng/Documents/ROS2/Car/install/robot_description/share/robot_description/urdf
[1.144s] running install_egg_info
[1.164s] removing '/home/mr-cheng/Documents/ROS2/Car/install/robot_description/lib/python3.10/site-packages/robot_description-0.0.0-py3.10.egg-info' (and everything under it)
[1.164s] Copying ../../build/robot_description/robot_description.egg-info to /home/mr-cheng/Documents/ROS2/Car/install/robot_description/lib/python3.10/site-packages/robot_description-0.0.0-py3.10.egg-info
[1.165s] running install_scripts
[1.331s] writing list of installed files to '/home/mr-cheng/Documents/ROS2/Car/build/robot_description/install.log'
[1.351s] Invoked command in '/home/mr-cheng/Documents/ROS2/Car/src/robot_description' returned '0': PYTHONPATH=/home/mr-cheng/Documents/ROS2/Car/build/robot_description/prefix_override:/home/mr-cheng/Documents/ROS2/Car/install/robot_description/lib/python3.10/site-packages:${PYTHONPATH} /usr/bin/python3 -W ignore:setup.py install is deprecated setup.py egg_info --egg-base ../../build/robot_description build --build-base /home/mr-cheng/Documents/ROS2/Car/build/robot_description/build install --record /home/mr-cheng/Documents/ROS2/Car/build/robot_description/install.log --single-version-externally-managed install_data
