-- Install configuration: ""
-- Up-to-date: /home/mr-cheng/Desktop/Car/Car_Sim2Real/install/car_nav2/share/car_nav2/launch
-- Installing: /home/mr-cheng/Desktop/Car/Car_Sim2Real/install/car_nav2/share/car_nav2/launch/car_nav2.launch.py
-- Up-to-date: /home/mr-cheng/Desktop/Car/Car_Sim2Real/install/car_nav2/share/car_nav2/param
-- Up-to-date: /home/mr-cheng/Desktop/Car/Car_Sim2Real/install/car_nav2/share/car_nav2/param/car_nav2.yaml
-- Up-to-date: /home/mr-cheng/Desktop/Car/Car_Sim2Real/install/car_nav2/share/car_nav2/maps
-- Up-to-date: /home/mr-cheng/Desktop/Car/Car_Sim2Real/install/car_nav2/share/car_nav2/maps/Sim_Map
-- Up-to-date: /home/mr-cheng/Desktop/Car/Car_Sim2Real/install/car_nav2/share/car_nav2/maps/Sim_Map/sim_map.pgm
-- Up-to-date: /home/mr-cheng/Desktop/Car/Car_Sim2Real/install/car_nav2/share/car_nav2/maps/Sim_Map/sim_map.yaml
-- Up-to-date: /home/mr-cheng/Desktop/Car/Car_Sim2Real/install/car_nav2/share/car_nav2/maps/Real_Map
-- Installing: /home/mr-cheng/Desktop/Car/Car_Sim2Real/install/car_nav2/share/car_nav2/maps/Real_Map/map_1714189712.yaml
-- Up-to-date: /home/mr-cheng/Desktop/Car/Car_Sim2Real/install/car_nav2/share/car_nav2/maps/Real_Map/real_map.yaml
-- Installing: /home/mr-cheng/Desktop/Car/Car_Sim2Real/install/car_nav2/share/car_nav2/maps/Real_Map/map_1714189712.pgm
-- Up-to-date: /home/mr-cheng/Desktop/Car/Car_Sim2Real/install/car_nav2/share/car_nav2/maps/Real_Map/real_map.pgm
-- Up-to-date: /home/mr-cheng/Desktop/Car/Car_Sim2Real/install/car_nav2/share/ament_index/resource_index/package_run_dependencies/car_nav2
-- Up-to-date: /home/mr-cheng/Desktop/Car/Car_Sim2Real/install/car_nav2/share/ament_index/resource_index/parent_prefix_path/car_nav2
-- Up-to-date: /home/mr-cheng/Desktop/Car/Car_Sim2Real/install/car_nav2/share/car_nav2/environment/ament_prefix_path.sh
-- Up-to-date: /home/mr-cheng/Desktop/Car/Car_Sim2Real/install/car_nav2/share/car_nav2/environment/ament_prefix_path.dsv
-- Up-to-date: /home/mr-cheng/Desktop/Car/Car_Sim2Real/install/car_nav2/share/car_nav2/environment/path.sh
-- Up-to-date: /home/mr-cheng/Desktop/Car/Car_Sim2Real/install/car_nav2/share/car_nav2/environment/path.dsv
-- Up-to-date: /home/mr-cheng/Desktop/Car/Car_Sim2Real/install/car_nav2/share/car_nav2/local_setup.bash
-- Up-to-date: /home/mr-cheng/Desktop/Car/Car_Sim2Real/install/car_nav2/share/car_nav2/local_setup.sh
-- Up-to-date: /home/mr-cheng/Desktop/Car/Car_Sim2Real/install/car_nav2/share/car_nav2/local_setup.zsh
-- Up-to-date: /home/mr-cheng/Desktop/Car/Car_Sim2Real/install/car_nav2/share/car_nav2/local_setup.dsv
-- Installing: /home/mr-cheng/Desktop/Car/Car_Sim2Real/install/car_nav2/share/car_nav2/package.dsv
-- Up-to-date: /home/mr-cheng/Desktop/Car/Car_Sim2Real/install/car_nav2/share/ament_index/resource_index/packages/car_nav2
-- Up-to-date: /home/mr-cheng/Desktop/Car/Car_Sim2Real/install/car_nav2/share/car_nav2/cmake/car_nav2Config.cmake
-- Up-to-date: /home/mr-cheng/Desktop/Car/Car_Sim2Real/install/car_nav2/share/car_nav2/cmake/car_nav2Config-version.cmake
-- Up-to-date: /home/mr-cheng/Desktop/Car/Car_Sim2Real/install/car_nav2/share/car_nav2/package.xml
