[1.011s] Invoking command in '/home/mr-cheng/Desktop/Car/Car_Sim2Real/src/robot_launch': PYTHONPATH=/home/mr-cheng/Desktop/Car/Car_Sim2Real/build/robot_launch/prefix_override:/home/mr-cheng/Desktop/Car/Car_Sim2Real/install/robot_launch/lib/python3.10/site-packages:${PYTHONPATH} /usr/bin/python3 -W ignore:setup.py install is deprecated setup.py egg_info --egg-base ../../build/robot_launch build --build-base /home/mr-cheng/Desktop/Car/Car_Sim2Real/build/robot_launch/build install --record /home/mr-cheng/Desktop/Car/Car_Sim2Real/build/robot_launch/install.log --single-version-externally-managed install_data
[1.257s] running egg_info
[1.275s] writing ../../build/robot_launch/robot_launch.egg-info/PKG-INFO
[1.275s] writing dependency_links to ../../build/robot_launch/robot_launch.egg-info/dependency_links.txt
[1.275s] writing requirements to ../../build/robot_launch/robot_launch.egg-info/requires.txt
[1.276s] writing top-level names to ../../build/robot_launch/robot_launch.egg-info/top_level.txt
[1.312s] reading manifest file '../../build/robot_launch/robot_launch.egg-info/SOURCES.txt'
[1.313s] writing manifest file '../../build/robot_launch/robot_launch.egg-info/SOURCES.txt'
[1.313s] running build
[1.313s] running build_py
[1.313s] copying robot_launch/__init__.py -> /home/mr-cheng/Desktop/Car/Car_Sim2Real/build/robot_launch/build/lib/robot_launch
[1.313s] running install
[1.319s] running install_lib
[1.337s] running install_data
[1.337s] copying resource/robot_launch -> /home/mr-cheng/Desktop/Car/Car_Sim2Real/install/robot_launch/share/ament_index/resource_index/packages
[1.337s] copying package.xml -> /home/mr-cheng/Desktop/Car/Car_Sim2Real/install/robot_launch/share/robot_launch
[1.337s] copying launch/robot_nav2.launch.py -> /home/mr-cheng/Desktop/Car/Car_Sim2Real/install/robot_launch/share/robot_launch/launch
[1.338s] copying launch/robot.launch.py -> /home/mr-cheng/Desktop/Car/Car_Sim2Real/install/robot_launch/share/robot_launch/launch
[1.338s] running install_egg_info
[1.357s] removing '/home/mr-cheng/Desktop/Car/Car_Sim2Real/install/robot_launch/lib/python3.10/site-packages/robot_launch-0.0.0-py3.10.egg-info' (and everything under it)
[1.357s] Copying ../../build/robot_launch/robot_launch.egg-info to /home/mr-cheng/Desktop/Car/Car_Sim2Real/install/robot_launch/lib/python3.10/site-packages/robot_launch-0.0.0-py3.10.egg-info
[1.358s] running install_scripts
[1.516s] writing list of installed files to '/home/mr-cheng/Desktop/Car/Car_Sim2Real/build/robot_launch/install.log'
[1.536s] Invoked command in '/home/mr-cheng/Desktop/Car/Car_Sim2Real/src/robot_launch' returned '0': PYTHONPATH=/home/mr-cheng/Desktop/Car/Car_Sim2Real/build/robot_launch/prefix_override:/home/mr-cheng/Desktop/Car/Car_Sim2Real/install/robot_launch/lib/python3.10/site-packages:${PYTHONPATH} /usr/bin/python3 -W ignore:setup.py install is deprecated setup.py egg_info --egg-base ../../build/robot_launch build --build-base /home/mr-cheng/Desktop/Car/Car_Sim2Real/build/robot_launch/build install --record /home/mr-cheng/Desktop/Car/Car_Sim2Real/build/robot_launch/install.log --single-version-externally-managed install_data
