[0.018s] Invoking command in '/home/mr-cheng/Documents/ROS2/Car/build/openslam_gmapping': CMAKE_PREFIX_PATH=${CMAKE_PREFIX_PATH}:/opt/ros/humble CONDA_PROMPT_MODIFIER=(base) /usr/bin/cmake --build /home/mr-cheng/Documents/ROS2/Car/build/openslam_gmapping -- -j16 -l16
[0.051s] -- Found ament_cmake: 1.3.8 (/opt/ros/humble/share/ament_cmake/cmake)
[0.372s] -- Found Python3: /home/mr-cheng/Bag/miniconda3/bin/python3 (found version "3.12.1") found components: Interpreter 
[0.486s] Traceback (most recent call last):
[0.486s]   File "/opt/ros/humble/share/ament_cmake_core/cmake/core/package_xml_2_cmake.py", line 22, in <module>
[0.486s]     from catkin_pkg.package import parse_package_string
[0.486s] ModuleNotFoundError: No module named 'catkin_pkg'
[0.489s] [31mCMake Error at /opt/ros/humble/share/ament_cmake_core/cmake/core/ament_package_xml.cmake:95 (message):
[0.489s]   execute_process(/home/mr-cheng/Bag/miniconda3/bin/python3
[0.489s]   /opt/ros/humble/share/ament_cmake_core/cmake/core/package_xml_2_cmake.py
[0.489s]   /home/mr-cheng/Documents/ROS2/Car/src/slam_gmapping/openslam_gmapping/package.xml
[0.489s]   /home/mr-cheng/Documents/ROS2/Car/build/openslam_gmapping/ament_cmake_core/package.cmake)
[0.489s]   returned error code 1
[0.489s] Call Stack (most recent call first):
[0.489s]   /opt/ros/humble/share/ament_cmake_core/cmake/core/ament_package_xml.cmake:49 (_ament_package_xml)
[0.490s]   /opt/ros/humble/share/ament_cmake_core/cmake/core/ament_package.cmake:63 (ament_package_xml)
[0.490s]   CMakeLists.txt:39 (ament_package)
[0.490s] 
[0.490s] [0m
[0.490s] -- Configuring incomplete, errors occurred!
[0.490s] See also "/home/mr-cheng/Documents/ROS2/Car/build/openslam_gmapping/CMakeFiles/CMakeOutput.log".
[0.493s] gmake: *** [Makefile:310: cmake_check_build_system] Error 1
[0.494s] Invoked command in '/home/mr-cheng/Documents/ROS2/Car/build/openslam_gmapping' returned '2': CMAKE_PREFIX_PATH=${CMAKE_PREFIX_PATH}:/opt/ros/humble CONDA_PROMPT_MODIFIER=(base) /usr/bin/cmake --build /home/mr-cheng/Documents/ROS2/Car/build/openslam_gmapping -- -j16 -l16
