[0.241s] DEBUG:colcon:Command line arguments: ['/usr/bin/colcon', 'build']
[0.241s] DEBUG:colcon:Parsed command line arguments: Namespace(log_base=None, log_level=None, verb_name='build', build_base='build', install_base='install', merge_install=False, symlink_install=False, test_result_base=None, continue_on_error=False, executor='parallel', parallel_workers=16, event_handlers=None, ignore_user_meta=False, metas=['./colcon.meta'], base_paths=['.'], packages_ignore=None, packages_ignore_regex=None, paths=None, packages_up_to=None, packages_up_to_regex=None, packages_above=None, packages_above_and_dependencies=None, packages_above_depth=None, packages_select_by_dep=None, packages_skip_by_dep=None, packages_skip_up_to=None, packages_select_build_failed=False, packages_skip_build_finished=False, packages_select_test_failures=False, packages_skip_test_passed=False, packages_select=None, packages_skip=None, packages_select_regex=None, packages_skip_regex=None, packages_start=None, packages_end=None, allow_overriding=[], cmake_args=None, cmake_target=None, cmake_target_skip_unavailable=False, cmake_clean_cache=False, cmake_clean_first=False, cmake_force_configure=False, ament_cmake_args=None, catkin_cmake_args=None, catkin_skip_building_tests=False, verb_parser=<colcon_defaults.argument_parser.defaults.DefaultArgumentsDecorator object at 0x77fbb6742a70>, verb_extension=<colcon_core.verb.build.BuildVerb object at 0x77fbb683b460>, main=<bound method BuildVerb.main of <colcon_core.verb.build.BuildVerb object at 0x77fbb683b460>>)
[0.310s] Level 1:colcon.colcon_core.package_discovery:discover_packages(colcon_meta) check parameters
[0.310s] Level 1:colcon.colcon_core.package_discovery:discover_packages(recursive) check parameters
[0.310s] Level 1:colcon.colcon_core.package_discovery:discover_packages(ignore) check parameters
[0.310s] Level 1:colcon.colcon_core.package_discovery:discover_packages(path) check parameters
[0.310s] Level 1:colcon.colcon_core.package_discovery:discover_packages(colcon_meta) discover
[0.311s] Level 1:colcon.colcon_core.package_discovery:discover_packages(recursive) discover
[0.311s] INFO:colcon.colcon_core.package_discovery:Crawling recursively for packages in '/home/mr-cheng/Desktop/Car/Wireless_Lidar/LSLIDAR_N10_ROS2'
[0.311s] Level 1:colcon.colcon_core.package_identification:_identify(.) by extensions ['ignore', 'ignore_ament_install']
[0.311s] Level 1:colcon.colcon_core.package_identification:_identify(.) by extension 'ignore'
[0.311s] Level 1:colcon.colcon_core.package_identification:_identify(.) by extension 'ignore_ament_install'
[0.311s] Level 1:colcon.colcon_core.package_identification:_identify(.) by extensions ['colcon_pkg']
[0.311s] Level 1:colcon.colcon_core.package_identification:_identify(.) by extension 'colcon_pkg'
[0.311s] Level 1:colcon.colcon_core.package_identification:_identify(.) by extensions ['colcon_meta']
[0.311s] Level 1:colcon.colcon_core.package_identification:_identify(.) by extension 'colcon_meta'
[0.311s] Level 1:colcon.colcon_core.package_identification:_identify(.) by extensions ['ros']
[0.311s] Level 1:colcon.colcon_core.package_identification:_identify(.) by extension 'ros'
[0.339s] Level 1:colcon.colcon_core.package_identification:_identify(.) by extensions ['cmake', 'python']
[0.339s] Level 1:colcon.colcon_core.package_identification:_identify(.) by extension 'cmake'
[0.339s] Level 1:colcon.colcon_core.package_identification:_identify(.) by extension 'python'
[0.339s] Level 1:colcon.colcon_core.package_identification:_identify(.) by extensions ['python_setup_py']
[0.339s] Level 1:colcon.colcon_core.package_identification:_identify(.) by extension 'python_setup_py'
[0.339s] Level 1:colcon.colcon_core.package_identification:_identify(build) by extensions ['ignore', 'ignore_ament_install']
[0.339s] Level 1:colcon.colcon_core.package_identification:_identify(build) by extension 'ignore'
[0.339s] Level 1:colcon.colcon_core.package_identification:_identify(build) ignored
[0.339s] Level 1:colcon.colcon_core.package_identification:_identify(install) by extensions ['ignore', 'ignore_ament_install']
[0.339s] Level 1:colcon.colcon_core.package_identification:_identify(install) by extension 'ignore'
[0.339s] Level 1:colcon.colcon_core.package_identification:_identify(install) ignored
[0.339s] Level 1:colcon.colcon_core.package_identification:_identify(log) by extensions ['ignore', 'ignore_ament_install']
[0.339s] Level 1:colcon.colcon_core.package_identification:_identify(log) by extension 'ignore'
[0.340s] Level 1:colcon.colcon_core.package_identification:_identify(log) ignored
[0.340s] Level 1:colcon.colcon_core.package_identification:_identify(src) by extensions ['ignore', 'ignore_ament_install']
[0.340s] Level 1:colcon.colcon_core.package_identification:_identify(src) by extension 'ignore'
[0.340s] Level 1:colcon.colcon_core.package_identification:_identify(src) by extension 'ignore_ament_install'
[0.340s] Level 1:colcon.colcon_core.package_identification:_identify(src) by extensions ['colcon_pkg']
[0.340s] Level 1:colcon.colcon_core.package_identification:_identify(src) by extension 'colcon_pkg'
[0.340s] Level 1:colcon.colcon_core.package_identification:_identify(src) by extensions ['colcon_meta']
[0.340s] Level 1:colcon.colcon_core.package_identification:_identify(src) by extension 'colcon_meta'
[0.340s] Level 1:colcon.colcon_core.package_identification:_identify(src) by extensions ['ros']
[0.340s] Level 1:colcon.colcon_core.package_identification:_identify(src) by extension 'ros'
[0.340s] Level 1:colcon.colcon_core.package_identification:_identify(src) by extensions ['cmake', 'python']
[0.340s] Level 1:colcon.colcon_core.package_identification:_identify(src) by extension 'cmake'
[0.340s] Level 1:colcon.colcon_core.package_identification:_identify(src) by extension 'python'
[0.340s] Level 1:colcon.colcon_core.package_identification:_identify(src) by extensions ['python_setup_py']
[0.340s] Level 1:colcon.colcon_core.package_identification:_identify(src) by extension 'python_setup_py'
[0.340s] Level 1:colcon.colcon_core.package_identification:_identify(src/lslidar_driver) by extensions ['ignore', 'ignore_ament_install']
[0.340s] Level 1:colcon.colcon_core.package_identification:_identify(src/lslidar_driver) by extension 'ignore'
[0.340s] Level 1:colcon.colcon_core.package_identification:_identify(src/lslidar_driver) by extension 'ignore_ament_install'
[0.341s] Level 1:colcon.colcon_core.package_identification:_identify(src/lslidar_driver) by extensions ['colcon_pkg']
[0.341s] Level 1:colcon.colcon_core.package_identification:_identify(src/lslidar_driver) by extension 'colcon_pkg'
[0.341s] Level 1:colcon.colcon_core.package_identification:_identify(src/lslidar_driver) by extensions ['colcon_meta']
[0.341s] Level 1:colcon.colcon_core.package_identification:_identify(src/lslidar_driver) by extension 'colcon_meta'
[0.341s] Level 1:colcon.colcon_core.package_identification:_identify(src/lslidar_driver) by extensions ['ros']
[0.341s] Level 1:colcon.colcon_core.package_identification:_identify(src/lslidar_driver) by extension 'ros'
[0.344s] DEBUG:colcon.colcon_core.package_identification:Package 'src/lslidar_driver' with type 'ros.ament_cmake' and name 'lslidar_driver'
[0.345s] Level 1:colcon.colcon_core.package_identification:_identify(src/lslidar_msgs) by extensions ['ignore', 'ignore_ament_install']
[0.345s] Level 1:colcon.colcon_core.package_identification:_identify(src/lslidar_msgs) by extension 'ignore'
[0.345s] Level 1:colcon.colcon_core.package_identification:_identify(src/lslidar_msgs) by extension 'ignore_ament_install'
[0.345s] Level 1:colcon.colcon_core.package_identification:_identify(src/lslidar_msgs) by extensions ['colcon_pkg']
[0.345s] Level 1:colcon.colcon_core.package_identification:_identify(src/lslidar_msgs) by extension 'colcon_pkg'
[0.345s] Level 1:colcon.colcon_core.package_identification:_identify(src/lslidar_msgs) by extensions ['colcon_meta']
[0.345s] Level 1:colcon.colcon_core.package_identification:_identify(src/lslidar_msgs) by extension 'colcon_meta'
[0.345s] Level 1:colcon.colcon_core.package_identification:_identify(src/lslidar_msgs) by extensions ['ros']
[0.345s] Level 1:colcon.colcon_core.package_identification:_identify(src/lslidar_msgs) by extension 'ros'
[0.346s] DEBUG:colcon.colcon_core.package_identification:Package 'src/lslidar_msgs' with type 'ros.ament_cmake' and name 'lslidar_msgs'
[0.346s] Level 1:colcon.colcon_core.package_discovery:discover_packages(recursive) using defaults
[0.346s] Level 1:colcon.colcon_core.package_discovery:discover_packages(ignore) discover
[0.346s] Level 1:colcon.colcon_core.package_discovery:discover_packages(ignore) using defaults
[0.346s] Level 1:colcon.colcon_core.package_discovery:discover_packages(path) discover
[0.346s] Level 1:colcon.colcon_core.package_discovery:discover_packages(path) using defaults
[0.380s] Level 1:colcon.colcon_core.package_discovery:discover_packages(prefix_path) check parameters
[0.380s] Level 1:colcon.colcon_core.package_discovery:discover_packages(prefix_path) discover
[0.382s] DEBUG:colcon.colcon_installed_package_information.package_discovery:Found 3 installed packages in /home/mr-cheng/Bag/fastdds/install
[0.384s] DEBUG:colcon.colcon_installed_package_information.package_discovery:Found 395 installed packages in /opt/ros/humble
[0.386s] Level 1:colcon.colcon_core.package_discovery:discover_packages(prefix_path) using defaults
[0.434s] Level 5:colcon.colcon_core.verb:set package 'lslidar_msgs' build argument 'cmake_args' from command line to 'None'
[0.434s] Level 5:colcon.colcon_core.verb:set package 'lslidar_msgs' build argument 'cmake_target' from command line to 'None'
[0.434s] Level 5:colcon.colcon_core.verb:set package 'lslidar_msgs' build argument 'cmake_target_skip_unavailable' from command line to 'False'
[0.434s] Level 5:colcon.colcon_core.verb:set package 'lslidar_msgs' build argument 'cmake_clean_cache' from command line to 'False'
[0.434s] Level 5:colcon.colcon_core.verb:set package 'lslidar_msgs' build argument 'cmake_clean_first' from command line to 'False'
[0.434s] Level 5:colcon.colcon_core.verb:set package 'lslidar_msgs' build argument 'cmake_force_configure' from command line to 'False'
[0.434s] Level 5:colcon.colcon_core.verb:set package 'lslidar_msgs' build argument 'ament_cmake_args' from command line to 'None'
[0.434s] Level 5:colcon.colcon_core.verb:set package 'lslidar_msgs' build argument 'catkin_cmake_args' from command line to 'None'
[0.434s] Level 5:colcon.colcon_core.verb:set package 'lslidar_msgs' build argument 'catkin_skip_building_tests' from command line to 'False'
[0.434s] DEBUG:colcon.colcon_core.verb:Building package 'lslidar_msgs' with the following arguments: {'ament_cmake_args': None, 'build_base': '/home/mr-cheng/Desktop/Car/Wireless_Lidar/LSLIDAR_N10_ROS2/build/lslidar_msgs', 'catkin_cmake_args': None, 'catkin_skip_building_tests': False, 'cmake_args': None, 'cmake_clean_cache': False, 'cmake_clean_first': False, 'cmake_force_configure': False, 'cmake_target': None, 'cmake_target_skip_unavailable': False, 'install_base': '/home/mr-cheng/Desktop/Car/Wireless_Lidar/LSLIDAR_N10_ROS2/install/lslidar_msgs', 'merge_install': False, 'path': '/home/mr-cheng/Desktop/Car/Wireless_Lidar/LSLIDAR_N10_ROS2/src/lslidar_msgs', 'symlink_install': False, 'test_result_base': None}
[0.434s] Level 5:colcon.colcon_core.verb:set package 'lslidar_driver' build argument 'cmake_args' from command line to 'None'
[0.434s] Level 5:colcon.colcon_core.verb:set package 'lslidar_driver' build argument 'cmake_target' from command line to 'None'
[0.434s] Level 5:colcon.colcon_core.verb:set package 'lslidar_driver' build argument 'cmake_target_skip_unavailable' from command line to 'False'
[0.434s] Level 5:colcon.colcon_core.verb:set package 'lslidar_driver' build argument 'cmake_clean_cache' from command line to 'False'
[0.434s] Level 5:colcon.colcon_core.verb:set package 'lslidar_driver' build argument 'cmake_clean_first' from command line to 'False'
[0.434s] Level 5:colcon.colcon_core.verb:set package 'lslidar_driver' build argument 'cmake_force_configure' from command line to 'False'
[0.434s] Level 5:colcon.colcon_core.verb:set package 'lslidar_driver' build argument 'ament_cmake_args' from command line to 'None'
[0.434s] Level 5:colcon.colcon_core.verb:set package 'lslidar_driver' build argument 'catkin_cmake_args' from command line to 'None'
[0.434s] Level 5:colcon.colcon_core.verb:set package 'lslidar_driver' build argument 'catkin_skip_building_tests' from command line to 'False'
[0.434s] DEBUG:colcon.colcon_core.verb:Building package 'lslidar_driver' with the following arguments: {'ament_cmake_args': None, 'build_base': '/home/mr-cheng/Desktop/Car/Wireless_Lidar/LSLIDAR_N10_ROS2/build/lslidar_driver', 'catkin_cmake_args': None, 'catkin_skip_building_tests': False, 'cmake_args': None, 'cmake_clean_cache': False, 'cmake_clean_first': False, 'cmake_force_configure': False, 'cmake_target': None, 'cmake_target_skip_unavailable': False, 'install_base': '/home/mr-cheng/Desktop/Car/Wireless_Lidar/LSLIDAR_N10_ROS2/install/lslidar_driver', 'merge_install': False, 'path': '/home/mr-cheng/Desktop/Car/Wireless_Lidar/LSLIDAR_N10_ROS2/src/lslidar_driver', 'symlink_install': False, 'test_result_base': None}
[0.435s] INFO:colcon.colcon_core.executor:Executing jobs using 'parallel' executor
[0.435s] DEBUG:colcon.colcon_parallel_executor.executor.parallel:run_until_complete
[0.436s] INFO:colcon.colcon_ros.task.ament_cmake.build:Building ROS package in '/home/mr-cheng/Desktop/Car/Wireless_Lidar/LSLIDAR_N10_ROS2/src/lslidar_msgs' with build type 'ament_cmake'
[0.436s] INFO:colcon.colcon_cmake.task.cmake.build:Building CMake package in '/home/mr-cheng/Desktop/Car/Wireless_Lidar/LSLIDAR_N10_ROS2/src/lslidar_msgs'
[0.440s] INFO:colcon.colcon_core.plugin_system:Skipping extension 'colcon_core.shell.bat': Not used on non-Windows systems
[0.440s] INFO:colcon.colcon_core.shell:Skip shell extension 'powershell' for command environment: Not usable outside of PowerShell
[0.440s] DEBUG:colcon.colcon_core.shell:Skip shell extension 'dsv' for command environment
[0.455s] DEBUG:colcon.colcon_core.event_handler.log_command:Invoking command in '/home/mr-cheng/Desktop/Car/Wireless_Lidar/LSLIDAR_N10_ROS2/build/lslidar_msgs': CMAKE_PREFIX_PATH=${CMAKE_PREFIX_PATH}:/opt/ros/humble /usr/bin/cmake --build /home/mr-cheng/Desktop/Car/Wireless_Lidar/LSLIDAR_N10_ROS2/build/lslidar_msgs -- -j16 -l16
[0.889s] DEBUG:colcon.colcon_core.event_handler.log_command:Invoked command in '/home/mr-cheng/Desktop/Car/Wireless_Lidar/LSLIDAR_N10_ROS2/build/lslidar_msgs' returned '0': CMAKE_PREFIX_PATH=${CMAKE_PREFIX_PATH}:/opt/ros/humble /usr/bin/cmake --build /home/mr-cheng/Desktop/Car/Wireless_Lidar/LSLIDAR_N10_ROS2/build/lslidar_msgs -- -j16 -l16
[0.996s] DEBUG:colcon.colcon_core.event_handler.log_command:Invoking command in '/home/mr-cheng/Desktop/Car/Wireless_Lidar/LSLIDAR_N10_ROS2/build/lslidar_msgs': CMAKE_PREFIX_PATH=${CMAKE_PREFIX_PATH}:/opt/ros/humble /usr/bin/cmake --install /home/mr-cheng/Desktop/Car/Wireless_Lidar/LSLIDAR_N10_ROS2/build/lslidar_msgs
[1.066s] Level 1:colcon.colcon_core.environment:create_environment_scripts_only(lslidar_msgs)
[1.067s] DEBUG:colcon.colcon_core.event_handler.log_command:Invoked command in '/home/mr-cheng/Desktop/Car/Wireless_Lidar/LSLIDAR_N10_ROS2/build/lslidar_msgs' returned '0': CMAKE_PREFIX_PATH=${CMAKE_PREFIX_PATH}:/opt/ros/humble /usr/bin/cmake --install /home/mr-cheng/Desktop/Car/Wireless_Lidar/LSLIDAR_N10_ROS2/build/lslidar_msgs
[1.071s] Level 1:colcon.colcon_core.environment:checking '/home/mr-cheng/Desktop/Car/Wireless_Lidar/LSLIDAR_N10_ROS2/install/lslidar_msgs' for CMake module files
[1.071s] Level 1:colcon.colcon_core.environment:checking '/home/mr-cheng/Desktop/Car/Wireless_Lidar/LSLIDAR_N10_ROS2/install/lslidar_msgs' for CMake config files
[1.072s] Level 1:colcon.colcon_core.shell:create_environment_hook('lslidar_msgs', 'cmake_prefix_path')
[1.073s] INFO:colcon.colcon_core.shell:Creating environment hook '/home/mr-cheng/Desktop/Car/Wireless_Lidar/LSLIDAR_N10_ROS2/install/lslidar_msgs/share/lslidar_msgs/hook/cmake_prefix_path.ps1'
[1.073s] INFO:colcon.colcon_core.shell:Creating environment descriptor '/home/mr-cheng/Desktop/Car/Wireless_Lidar/LSLIDAR_N10_ROS2/install/lslidar_msgs/share/lslidar_msgs/hook/cmake_prefix_path.dsv'
[1.074s] INFO:colcon.colcon_core.shell:Creating environment hook '/home/mr-cheng/Desktop/Car/Wireless_Lidar/LSLIDAR_N10_ROS2/install/lslidar_msgs/share/lslidar_msgs/hook/cmake_prefix_path.sh'
[1.075s] Level 1:colcon.colcon_core.environment:checking '/home/mr-cheng/Desktop/Car/Wireless_Lidar/LSLIDAR_N10_ROS2/install/lslidar_msgs/lib'
[1.075s] Level 1:colcon.colcon_core.shell:create_environment_hook('lslidar_msgs', 'ld_library_path_lib')
[1.075s] INFO:colcon.colcon_core.shell:Creating environment hook '/home/mr-cheng/Desktop/Car/Wireless_Lidar/LSLIDAR_N10_ROS2/install/lslidar_msgs/share/lslidar_msgs/hook/ld_library_path_lib.ps1'
[1.075s] INFO:colcon.colcon_core.shell:Creating environment descriptor '/home/mr-cheng/Desktop/Car/Wireless_Lidar/LSLIDAR_N10_ROS2/install/lslidar_msgs/share/lslidar_msgs/hook/ld_library_path_lib.dsv'
[1.076s] INFO:colcon.colcon_core.shell:Creating environment hook '/home/mr-cheng/Desktop/Car/Wireless_Lidar/LSLIDAR_N10_ROS2/install/lslidar_msgs/share/lslidar_msgs/hook/ld_library_path_lib.sh'
[1.076s] Level 1:colcon.colcon_core.environment:checking '/home/mr-cheng/Desktop/Car/Wireless_Lidar/LSLIDAR_N10_ROS2/install/lslidar_msgs/bin'
[1.076s] Level 1:colcon.colcon_core.environment:checking '/home/mr-cheng/Desktop/Car/Wireless_Lidar/LSLIDAR_N10_ROS2/install/lslidar_msgs/lib/pkgconfig/lslidar_msgs.pc'
[1.076s] Level 1:colcon.colcon_core.environment:checking '/home/mr-cheng/Desktop/Car/Wireless_Lidar/LSLIDAR_N10_ROS2/install/lslidar_msgs/lib/python3.10/site-packages'
[1.076s] Level 1:colcon.colcon_core.environment:checking '/home/mr-cheng/Desktop/Car/Wireless_Lidar/LSLIDAR_N10_ROS2/install/lslidar_msgs/bin'
[1.077s] INFO:colcon.colcon_core.shell:Creating package script '/home/mr-cheng/Desktop/Car/Wireless_Lidar/LSLIDAR_N10_ROS2/install/lslidar_msgs/share/lslidar_msgs/package.ps1'
[1.077s] INFO:colcon.colcon_core.shell:Creating package descriptor '/home/mr-cheng/Desktop/Car/Wireless_Lidar/LSLIDAR_N10_ROS2/install/lslidar_msgs/share/lslidar_msgs/package.dsv'
[1.078s] INFO:colcon.colcon_core.shell:Creating package script '/home/mr-cheng/Desktop/Car/Wireless_Lidar/LSLIDAR_N10_ROS2/install/lslidar_msgs/share/lslidar_msgs/package.sh'
[1.079s] INFO:colcon.colcon_core.shell:Creating package script '/home/mr-cheng/Desktop/Car/Wireless_Lidar/LSLIDAR_N10_ROS2/install/lslidar_msgs/share/lslidar_msgs/package.bash'
[1.080s] INFO:colcon.colcon_core.shell:Creating package script '/home/mr-cheng/Desktop/Car/Wireless_Lidar/LSLIDAR_N10_ROS2/install/lslidar_msgs/share/lslidar_msgs/package.zsh'
[1.080s] Level 1:colcon.colcon_core.environment:create_file_with_runtime_dependencies(/home/mr-cheng/Desktop/Car/Wireless_Lidar/LSLIDAR_N10_ROS2/install/lslidar_msgs/share/colcon-core/packages/lslidar_msgs)
[1.180s] Level 1:colcon.colcon_core.environment:create_environment_scripts_only(lslidar_msgs)
[1.180s] Level 1:colcon.colcon_core.environment:checking '/home/mr-cheng/Desktop/Car/Wireless_Lidar/LSLIDAR_N10_ROS2/install/lslidar_msgs' for CMake module files
[1.181s] Level 1:colcon.colcon_core.environment:checking '/home/mr-cheng/Desktop/Car/Wireless_Lidar/LSLIDAR_N10_ROS2/install/lslidar_msgs' for CMake config files
[1.181s] Level 1:colcon.colcon_core.shell:create_environment_hook('lslidar_msgs', 'cmake_prefix_path')
[1.182s] INFO:colcon.colcon_core.shell:Creating environment hook '/home/mr-cheng/Desktop/Car/Wireless_Lidar/LSLIDAR_N10_ROS2/install/lslidar_msgs/share/lslidar_msgs/hook/cmake_prefix_path.ps1'
[1.182s] INFO:colcon.colcon_core.shell:Creating environment descriptor '/home/mr-cheng/Desktop/Car/Wireless_Lidar/LSLIDAR_N10_ROS2/install/lslidar_msgs/share/lslidar_msgs/hook/cmake_prefix_path.dsv'
[1.182s] INFO:colcon.colcon_core.shell:Creating environment hook '/home/mr-cheng/Desktop/Car/Wireless_Lidar/LSLIDAR_N10_ROS2/install/lslidar_msgs/share/lslidar_msgs/hook/cmake_prefix_path.sh'
[1.183s] Level 1:colcon.colcon_core.environment:checking '/home/mr-cheng/Desktop/Car/Wireless_Lidar/LSLIDAR_N10_ROS2/install/lslidar_msgs/lib'
[1.183s] Level 1:colcon.colcon_core.shell:create_environment_hook('lslidar_msgs', 'ld_library_path_lib')
[1.183s] INFO:colcon.colcon_core.shell:Creating environment hook '/home/mr-cheng/Desktop/Car/Wireless_Lidar/LSLIDAR_N10_ROS2/install/lslidar_msgs/share/lslidar_msgs/hook/ld_library_path_lib.ps1'
[1.183s] INFO:colcon.colcon_core.shell:Creating environment descriptor '/home/mr-cheng/Desktop/Car/Wireless_Lidar/LSLIDAR_N10_ROS2/install/lslidar_msgs/share/lslidar_msgs/hook/ld_library_path_lib.dsv'
[1.183s] INFO:colcon.colcon_core.shell:Creating environment hook '/home/mr-cheng/Desktop/Car/Wireless_Lidar/LSLIDAR_N10_ROS2/install/lslidar_msgs/share/lslidar_msgs/hook/ld_library_path_lib.sh'
[1.184s] Level 1:colcon.colcon_core.environment:checking '/home/mr-cheng/Desktop/Car/Wireless_Lidar/LSLIDAR_N10_ROS2/install/lslidar_msgs/bin'
[1.184s] Level 1:colcon.colcon_core.environment:checking '/home/mr-cheng/Desktop/Car/Wireless_Lidar/LSLIDAR_N10_ROS2/install/lslidar_msgs/lib/pkgconfig/lslidar_msgs.pc'
[1.184s] Level 1:colcon.colcon_core.environment:checking '/home/mr-cheng/Desktop/Car/Wireless_Lidar/LSLIDAR_N10_ROS2/install/lslidar_msgs/lib/python3.10/site-packages'
[1.184s] Level 1:colcon.colcon_core.environment:checking '/home/mr-cheng/Desktop/Car/Wireless_Lidar/LSLIDAR_N10_ROS2/install/lslidar_msgs/bin'
[1.184s] INFO:colcon.colcon_core.shell:Creating package script '/home/mr-cheng/Desktop/Car/Wireless_Lidar/LSLIDAR_N10_ROS2/install/lslidar_msgs/share/lslidar_msgs/package.ps1'
[1.185s] INFO:colcon.colcon_core.shell:Creating package descriptor '/home/mr-cheng/Desktop/Car/Wireless_Lidar/LSLIDAR_N10_ROS2/install/lslidar_msgs/share/lslidar_msgs/package.dsv'
[1.185s] INFO:colcon.colcon_core.shell:Creating package script '/home/mr-cheng/Desktop/Car/Wireless_Lidar/LSLIDAR_N10_ROS2/install/lslidar_msgs/share/lslidar_msgs/package.sh'
[1.186s] INFO:colcon.colcon_core.shell:Creating package script '/home/mr-cheng/Desktop/Car/Wireless_Lidar/LSLIDAR_N10_ROS2/install/lslidar_msgs/share/lslidar_msgs/package.bash'
[1.186s] INFO:colcon.colcon_core.shell:Creating package script '/home/mr-cheng/Desktop/Car/Wireless_Lidar/LSLIDAR_N10_ROS2/install/lslidar_msgs/share/lslidar_msgs/package.zsh'
[1.187s] Level 1:colcon.colcon_core.environment:create_file_with_runtime_dependencies(/home/mr-cheng/Desktop/Car/Wireless_Lidar/LSLIDAR_N10_ROS2/install/lslidar_msgs/share/colcon-core/packages/lslidar_msgs)
[1.187s] INFO:colcon.colcon_ros.task.ament_cmake.build:Building ROS package in '/home/mr-cheng/Desktop/Car/Wireless_Lidar/LSLIDAR_N10_ROS2/src/lslidar_driver' with build type 'ament_cmake'
[1.187s] INFO:colcon.colcon_cmake.task.cmake.build:Building CMake package in '/home/mr-cheng/Desktop/Car/Wireless_Lidar/LSLIDAR_N10_ROS2/src/lslidar_driver'
[1.187s] INFO:colcon.colcon_core.shell:Skip shell extension 'powershell' for command environment: Not usable outside of PowerShell
[1.187s] DEBUG:colcon.colcon_core.shell:Skip shell extension 'dsv' for command environment
[1.199s] DEBUG:colcon.colcon_core.event_handler.log_command:Invoking command in '/home/mr-cheng/Desktop/Car/Wireless_Lidar/LSLIDAR_N10_ROS2/build/lslidar_driver': AMENT_PREFIX_PATH=/home/mr-cheng/Desktop/Car/Wireless_Lidar/LSLIDAR_N10_ROS2/install/lslidar_msgs:${AMENT_PREFIX_PATH} CMAKE_PREFIX_PATH=/home/mr-cheng/Desktop/Car/Wireless_Lidar/LSLIDAR_N10_ROS2/install/lslidar_msgs:/home/mr-cheng/Bag/fastdds/install/fastrtps:/home/mr-cheng/Bag/fastdds/install/foonathan_memory_vendor:/home/mr-cheng/Bag/fastdds/install/fastcdr:/opt/ros/humble LD_LIBRARY_PATH=/home/mr-cheng/Desktop/Car/Wireless_Lidar/LSLIDAR_N10_ROS2/install/lslidar_msgs/lib:${LD_LIBRARY_PATH} PYTHONPATH=/home/mr-cheng/Desktop/Car/Wireless_Lidar/LSLIDAR_N10_ROS2/install/lslidar_msgs/local/lib/python3.10/dist-packages:${PYTHONPATH} /usr/bin/cmake --build /home/mr-cheng/Desktop/Car/Wireless_Lidar/LSLIDAR_N10_ROS2/build/lslidar_driver -- -j16 -l16
[1.332s] DEBUG:colcon.colcon_core.event_handler.log_command:Invoked command in '/home/mr-cheng/Desktop/Car/Wireless_Lidar/LSLIDAR_N10_ROS2/build/lslidar_driver' returned '0': AMENT_PREFIX_PATH=/home/mr-cheng/Desktop/Car/Wireless_Lidar/LSLIDAR_N10_ROS2/install/lslidar_msgs:${AMENT_PREFIX_PATH} CMAKE_PREFIX_PATH=/home/mr-cheng/Desktop/Car/Wireless_Lidar/LSLIDAR_N10_ROS2/install/lslidar_msgs:/home/mr-cheng/Bag/fastdds/install/fastrtps:/home/mr-cheng/Bag/fastdds/install/foonathan_memory_vendor:/home/mr-cheng/Bag/fastdds/install/fastcdr:/opt/ros/humble LD_LIBRARY_PATH=/home/mr-cheng/Desktop/Car/Wireless_Lidar/LSLIDAR_N10_ROS2/install/lslidar_msgs/lib:${LD_LIBRARY_PATH} PYTHONPATH=/home/mr-cheng/Desktop/Car/Wireless_Lidar/LSLIDAR_N10_ROS2/install/lslidar_msgs/local/lib/python3.10/dist-packages:${PYTHONPATH} /usr/bin/cmake --build /home/mr-cheng/Desktop/Car/Wireless_Lidar/LSLIDAR_N10_ROS2/build/lslidar_driver -- -j16 -l16
[1.408s] DEBUG:colcon.colcon_core.event_handler.log_command:Invoking command in '/home/mr-cheng/Desktop/Car/Wireless_Lidar/LSLIDAR_N10_ROS2/build/lslidar_driver': AMENT_PREFIX_PATH=/home/mr-cheng/Desktop/Car/Wireless_Lidar/LSLIDAR_N10_ROS2/install/lslidar_msgs:${AMENT_PREFIX_PATH} CMAKE_PREFIX_PATH=/home/mr-cheng/Desktop/Car/Wireless_Lidar/LSLIDAR_N10_ROS2/install/lslidar_msgs:/home/mr-cheng/Bag/fastdds/install/fastrtps:/home/mr-cheng/Bag/fastdds/install/foonathan_memory_vendor:/home/mr-cheng/Bag/fastdds/install/fastcdr:/opt/ros/humble LD_LIBRARY_PATH=/home/mr-cheng/Desktop/Car/Wireless_Lidar/LSLIDAR_N10_ROS2/install/lslidar_msgs/lib:${LD_LIBRARY_PATH} PYTHONPATH=/home/mr-cheng/Desktop/Car/Wireless_Lidar/LSLIDAR_N10_ROS2/install/lslidar_msgs/local/lib/python3.10/dist-packages:${PYTHONPATH} /usr/bin/cmake --install /home/mr-cheng/Desktop/Car/Wireless_Lidar/LSLIDAR_N10_ROS2/build/lslidar_driver
[1.438s] Level 1:colcon.colcon_core.environment:create_environment_scripts_only(lslidar_driver)
[1.439s] DEBUG:colcon.colcon_core.event_handler.log_command:Invoked command in '/home/mr-cheng/Desktop/Car/Wireless_Lidar/LSLIDAR_N10_ROS2/build/lslidar_driver' returned '0': AMENT_PREFIX_PATH=/home/mr-cheng/Desktop/Car/Wireless_Lidar/LSLIDAR_N10_ROS2/install/lslidar_msgs:${AMENT_PREFIX_PATH} CMAKE_PREFIX_PATH=/home/mr-cheng/Desktop/Car/Wireless_Lidar/LSLIDAR_N10_ROS2/install/lslidar_msgs:/home/mr-cheng/Bag/fastdds/install/fastrtps:/home/mr-cheng/Bag/fastdds/install/foonathan_memory_vendor:/home/mr-cheng/Bag/fastdds/install/fastcdr:/opt/ros/humble LD_LIBRARY_PATH=/home/mr-cheng/Desktop/Car/Wireless_Lidar/LSLIDAR_N10_ROS2/install/lslidar_msgs/lib:${LD_LIBRARY_PATH} PYTHONPATH=/home/mr-cheng/Desktop/Car/Wireless_Lidar/LSLIDAR_N10_ROS2/install/lslidar_msgs/local/lib/python3.10/dist-packages:${PYTHONPATH} /usr/bin/cmake --install /home/mr-cheng/Desktop/Car/Wireless_Lidar/LSLIDAR_N10_ROS2/build/lslidar_driver
[1.439s] Level 1:colcon.colcon_core.environment:checking '/home/mr-cheng/Desktop/Car/Wireless_Lidar/LSLIDAR_N10_ROS2/install/lslidar_driver' for CMake module files
[1.440s] Level 1:colcon.colcon_core.environment:checking '/home/mr-cheng/Desktop/Car/Wireless_Lidar/LSLIDAR_N10_ROS2/install/lslidar_driver' for CMake config files
[1.440s] Level 1:colcon.colcon_core.shell:create_environment_hook('lslidar_driver', 'cmake_prefix_path')
[1.441s] INFO:colcon.colcon_core.shell:Creating environment hook '/home/mr-cheng/Desktop/Car/Wireless_Lidar/LSLIDAR_N10_ROS2/install/lslidar_driver/share/lslidar_driver/hook/cmake_prefix_path.ps1'
[1.441s] INFO:colcon.colcon_core.shell:Creating environment descriptor '/home/mr-cheng/Desktop/Car/Wireless_Lidar/LSLIDAR_N10_ROS2/install/lslidar_driver/share/lslidar_driver/hook/cmake_prefix_path.dsv'
[1.441s] INFO:colcon.colcon_core.shell:Creating environment hook '/home/mr-cheng/Desktop/Car/Wireless_Lidar/LSLIDAR_N10_ROS2/install/lslidar_driver/share/lslidar_driver/hook/cmake_prefix_path.sh'
[1.442s] Level 1:colcon.colcon_core.environment:checking '/home/mr-cheng/Desktop/Car/Wireless_Lidar/LSLIDAR_N10_ROS2/install/lslidar_driver/lib'
[1.442s] Level 1:colcon.colcon_core.environment:checking '/home/mr-cheng/Desktop/Car/Wireless_Lidar/LSLIDAR_N10_ROS2/install/lslidar_driver/bin'
[1.442s] Level 1:colcon.colcon_core.environment:checking '/home/mr-cheng/Desktop/Car/Wireless_Lidar/LSLIDAR_N10_ROS2/install/lslidar_driver/lib/pkgconfig/lslidar_driver.pc'
[1.442s] Level 1:colcon.colcon_core.environment:checking '/home/mr-cheng/Desktop/Car/Wireless_Lidar/LSLIDAR_N10_ROS2/install/lslidar_driver/lib/python3.10/site-packages'
[1.442s] Level 1:colcon.colcon_core.environment:checking '/home/mr-cheng/Desktop/Car/Wireless_Lidar/LSLIDAR_N10_ROS2/install/lslidar_driver/bin'
[1.442s] INFO:colcon.colcon_core.shell:Creating package script '/home/mr-cheng/Desktop/Car/Wireless_Lidar/LSLIDAR_N10_ROS2/install/lslidar_driver/share/lslidar_driver/package.ps1'
[1.443s] INFO:colcon.colcon_core.shell:Creating package descriptor '/home/mr-cheng/Desktop/Car/Wireless_Lidar/LSLIDAR_N10_ROS2/install/lslidar_driver/share/lslidar_driver/package.dsv'
[1.443s] INFO:colcon.colcon_core.shell:Creating package script '/home/mr-cheng/Desktop/Car/Wireless_Lidar/LSLIDAR_N10_ROS2/install/lslidar_driver/share/lslidar_driver/package.sh'
[1.443s] INFO:colcon.colcon_core.shell:Creating package script '/home/mr-cheng/Desktop/Car/Wireless_Lidar/LSLIDAR_N10_ROS2/install/lslidar_driver/share/lslidar_driver/package.bash'
[1.444s] INFO:colcon.colcon_core.shell:Creating package script '/home/mr-cheng/Desktop/Car/Wireless_Lidar/LSLIDAR_N10_ROS2/install/lslidar_driver/share/lslidar_driver/package.zsh'
[1.444s] Level 1:colcon.colcon_core.environment:create_file_with_runtime_dependencies(/home/mr-cheng/Desktop/Car/Wireless_Lidar/LSLIDAR_N10_ROS2/install/lslidar_driver/share/colcon-core/packages/lslidar_driver)
[1.469s] Level 1:colcon.colcon_core.environment:create_environment_scripts_only(lslidar_driver)
[1.470s] Level 1:colcon.colcon_core.environment:checking '/home/mr-cheng/Desktop/Car/Wireless_Lidar/LSLIDAR_N10_ROS2/install/lslidar_driver' for CMake module files
[1.470s] Level 1:colcon.colcon_core.environment:checking '/home/mr-cheng/Desktop/Car/Wireless_Lidar/LSLIDAR_N10_ROS2/install/lslidar_driver' for CMake config files
[1.470s] Level 1:colcon.colcon_core.shell:create_environment_hook('lslidar_driver', 'cmake_prefix_path')
[1.471s] INFO:colcon.colcon_core.shell:Creating environment hook '/home/mr-cheng/Desktop/Car/Wireless_Lidar/LSLIDAR_N10_ROS2/install/lslidar_driver/share/lslidar_driver/hook/cmake_prefix_path.ps1'
[1.471s] INFO:colcon.colcon_core.shell:Creating environment descriptor '/home/mr-cheng/Desktop/Car/Wireless_Lidar/LSLIDAR_N10_ROS2/install/lslidar_driver/share/lslidar_driver/hook/cmake_prefix_path.dsv'
[1.471s] INFO:colcon.colcon_core.shell:Creating environment hook '/home/mr-cheng/Desktop/Car/Wireless_Lidar/LSLIDAR_N10_ROS2/install/lslidar_driver/share/lslidar_driver/hook/cmake_prefix_path.sh'
[1.472s] Level 1:colcon.colcon_core.environment:checking '/home/mr-cheng/Desktop/Car/Wireless_Lidar/LSLIDAR_N10_ROS2/install/lslidar_driver/lib'
[1.472s] Level 1:colcon.colcon_core.environment:checking '/home/mr-cheng/Desktop/Car/Wireless_Lidar/LSLIDAR_N10_ROS2/install/lslidar_driver/bin'
[1.472s] Level 1:colcon.colcon_core.environment:checking '/home/mr-cheng/Desktop/Car/Wireless_Lidar/LSLIDAR_N10_ROS2/install/lslidar_driver/lib/pkgconfig/lslidar_driver.pc'
[1.472s] Level 1:colcon.colcon_core.environment:checking '/home/mr-cheng/Desktop/Car/Wireless_Lidar/LSLIDAR_N10_ROS2/install/lslidar_driver/lib/python3.10/site-packages'
[1.472s] Level 1:colcon.colcon_core.environment:checking '/home/mr-cheng/Desktop/Car/Wireless_Lidar/LSLIDAR_N10_ROS2/install/lslidar_driver/bin'
[1.472s] INFO:colcon.colcon_core.shell:Creating package script '/home/mr-cheng/Desktop/Car/Wireless_Lidar/LSLIDAR_N10_ROS2/install/lslidar_driver/share/lslidar_driver/package.ps1'
[1.473s] INFO:colcon.colcon_core.shell:Creating package descriptor '/home/mr-cheng/Desktop/Car/Wireless_Lidar/LSLIDAR_N10_ROS2/install/lslidar_driver/share/lslidar_driver/package.dsv'
[1.473s] INFO:colcon.colcon_core.shell:Creating package script '/home/mr-cheng/Desktop/Car/Wireless_Lidar/LSLIDAR_N10_ROS2/install/lslidar_driver/share/lslidar_driver/package.sh'
[1.474s] INFO:colcon.colcon_core.shell:Creating package script '/home/mr-cheng/Desktop/Car/Wireless_Lidar/LSLIDAR_N10_ROS2/install/lslidar_driver/share/lslidar_driver/package.bash'
[1.474s] INFO:colcon.colcon_core.shell:Creating package script '/home/mr-cheng/Desktop/Car/Wireless_Lidar/LSLIDAR_N10_ROS2/install/lslidar_driver/share/lslidar_driver/package.zsh'
[1.474s] Level 1:colcon.colcon_core.environment:create_file_with_runtime_dependencies(/home/mr-cheng/Desktop/Car/Wireless_Lidar/LSLIDAR_N10_ROS2/install/lslidar_driver/share/colcon-core/packages/lslidar_driver)
[1.475s] DEBUG:colcon.colcon_parallel_executor.executor.parallel:closing loop
[1.475s] DEBUG:colcon.colcon_parallel_executor.executor.parallel:loop closed
[1.475s] DEBUG:colcon.colcon_parallel_executor.executor.parallel:run_until_complete finished with '0'
[1.475s] DEBUG:colcon.colcon_core.event_reactor:joining thread
[1.481s] INFO:colcon.colcon_core.plugin_system:Skipping extension 'colcon_notification.desktop_notification.terminal_notifier': Not used on non-Darwin systems
[1.481s] INFO:colcon.colcon_core.plugin_system:Skipping extension 'colcon_notification.desktop_notification.win32': Not used on non-Windows systems
[1.481s] INFO:colcon.colcon_notification.desktop_notification:Sending desktop notification using 'notify2'
[1.502s] DEBUG:colcon.colcon_core.event_reactor:joined thread
[1.502s] INFO:colcon.colcon_core.shell:Creating prefix script '/home/mr-cheng/Desktop/Car/Wireless_Lidar/LSLIDAR_N10_ROS2/install/local_setup.ps1'
[1.503s] INFO:colcon.colcon_core.shell:Creating prefix util module '/home/mr-cheng/Desktop/Car/Wireless_Lidar/LSLIDAR_N10_ROS2/install/_local_setup_util_ps1.py'
[1.505s] INFO:colcon.colcon_core.shell:Creating prefix chain script '/home/mr-cheng/Desktop/Car/Wireless_Lidar/LSLIDAR_N10_ROS2/install/setup.ps1'
[1.506s] INFO:colcon.colcon_core.shell:Creating prefix script '/home/mr-cheng/Desktop/Car/Wireless_Lidar/LSLIDAR_N10_ROS2/install/local_setup.sh'
[1.506s] INFO:colcon.colcon_core.shell:Creating prefix util module '/home/mr-cheng/Desktop/Car/Wireless_Lidar/LSLIDAR_N10_ROS2/install/_local_setup_util_sh.py'
[1.507s] INFO:colcon.colcon_core.shell:Creating prefix chain script '/home/mr-cheng/Desktop/Car/Wireless_Lidar/LSLIDAR_N10_ROS2/install/setup.sh'
[1.508s] INFO:colcon.colcon_core.shell:Creating prefix script '/home/mr-cheng/Desktop/Car/Wireless_Lidar/LSLIDAR_N10_ROS2/install/local_setup.bash'
[1.509s] INFO:colcon.colcon_core.shell:Creating prefix chain script '/home/mr-cheng/Desktop/Car/Wireless_Lidar/LSLIDAR_N10_ROS2/install/setup.bash'
[1.510s] INFO:colcon.colcon_core.shell:Creating prefix script '/home/mr-cheng/Desktop/Car/Wireless_Lidar/LSLIDAR_N10_ROS2/install/local_setup.zsh'
[1.510s] INFO:colcon.colcon_core.shell:Creating prefix chain script '/home/mr-cheng/Desktop/Car/Wireless_Lidar/LSLIDAR_N10_ROS2/install/setup.zsh'
