[0.009s] Invoking command in '/home/mr-cheng/Documents/ROS2/Car/build/slam_gmapping': AMENT_PREFIX_PATH=/home/mr-cheng/Documents/ROS2/Car/install/openslam_gmapping:${AMENT_PREFIX_PATH} CMAKE_PREFIX_PATH=/home/mr-cheng/Documents/ROS2/Car/install/openslam_gmapping:/home/mr-cheng/Bag/fastdds/install/fastrtps:/home/mr-cheng/Bag/fastdds/install/foonathan_memory_vendor:/home/mr-cheng/Bag/fastdds/install/fastcdr:/opt/ros/humble LD_LIBRARY_PATH=/home/mr-cheng/Documents/ROS2/Car/install/openslam_gmapping/lib:${LD_LIBRARY_PATH} /usr/bin/cmake --build /home/mr-cheng/Documents/ROS2/Car/build/slam_gmapping -- -j16 -l16
[0.089s] [100%] Built target slam_gmapping
[0.098s] Invoked command in '/home/mr-cheng/Documents/ROS2/Car/build/slam_gmapping' returned '0': AMENT_PREFIX_PATH=/home/mr-cheng/Documents/ROS2/Car/install/openslam_gmapping:${AMENT_PREFIX_PATH} CMAKE_PREFIX_PATH=/home/mr-cheng/Documents/ROS2/Car/install/openslam_gmapping:/home/mr-cheng/Bag/fastdds/install/fastrtps:/home/mr-cheng/Bag/fastdds/install/foonathan_memory_vendor:/home/mr-cheng/Bag/fastdds/install/fastcdr:/opt/ros/humble LD_LIBRARY_PATH=/home/mr-cheng/Documents/ROS2/Car/install/openslam_gmapping/lib:${LD_LIBRARY_PATH} /usr/bin/cmake --build /home/mr-cheng/Documents/ROS2/Car/build/slam_gmapping -- -j16 -l16
[0.118s] Invoking command in '/home/mr-cheng/Documents/ROS2/Car/build/slam_gmapping': AMENT_PREFIX_PATH=/home/mr-cheng/Documents/ROS2/Car/install/openslam_gmapping:${AMENT_PREFIX_PATH} CMAKE_PREFIX_PATH=/home/mr-cheng/Documents/ROS2/Car/install/openslam_gmapping:/home/mr-cheng/Bag/fastdds/install/fastrtps:/home/mr-cheng/Bag/fastdds/install/foonathan_memory_vendor:/home/mr-cheng/Bag/fastdds/install/fastcdr:/opt/ros/humble LD_LIBRARY_PATH=/home/mr-cheng/Documents/ROS2/Car/install/openslam_gmapping/lib:${LD_LIBRARY_PATH} /usr/bin/cmake --install /home/mr-cheng/Documents/ROS2/Car/build/slam_gmapping
[0.125s] -- Install configuration: ""
[0.126s] -- Up-to-date: /home/mr-cheng/Documents/ROS2/Car/install/slam_gmapping/lib/slam_gmapping/slam_gmapping
[0.126s] -- Up-to-date: /home/mr-cheng/Documents/ROS2/Car/install/slam_gmapping/share/slam_gmapping/launch
[0.126s] -- Up-to-date: /home/mr-cheng/Documents/ROS2/Car/install/slam_gmapping/share/slam_gmapping/launch/slam_gmapping.launch.py
[0.126s] -- Up-to-date: /home/mr-cheng/Documents/ROS2/Car/install/slam_gmapping/share/ament_index/resource_index/package_run_dependencies/slam_gmapping
[0.126s] -- Up-to-date: /home/mr-cheng/Documents/ROS2/Car/install/slam_gmapping/share/ament_index/resource_index/parent_prefix_path/slam_gmapping
[0.127s] -- Up-to-date: /home/mr-cheng/Documents/ROS2/Car/install/slam_gmapping/share/slam_gmapping/environment/ament_prefix_path.sh
[0.127s] -- Up-to-date: /home/mr-cheng/Documents/ROS2/Car/install/slam_gmapping/share/slam_gmapping/environment/ament_prefix_path.dsv
[0.127s] -- Up-to-date: /home/mr-cheng/Documents/ROS2/Car/install/slam_gmapping/share/slam_gmapping/environment/path.sh
[0.127s] -- Up-to-date: /home/mr-cheng/Documents/ROS2/Car/install/slam_gmapping/share/slam_gmapping/environment/path.dsv
[0.127s] -- Up-to-date: /home/mr-cheng/Documents/ROS2/Car/install/slam_gmapping/share/slam_gmapping/local_setup.bash
[0.127s] -- Up-to-date: /home/mr-cheng/Documents/ROS2/Car/install/slam_gmapping/share/slam_gmapping/local_setup.sh
[0.127s] -- Up-to-date: /home/mr-cheng/Documents/ROS2/Car/install/slam_gmapping/share/slam_gmapping/local_setup.zsh
[0.127s] -- Up-to-date: /home/mr-cheng/Documents/ROS2/Car/install/slam_gmapping/share/slam_gmapping/local_setup.dsv
[0.128s] -- Installing: /home/mr-cheng/Documents/ROS2/Car/install/slam_gmapping/share/slam_gmapping/package.dsv
[0.128s] -- Up-to-date: /home/mr-cheng/Documents/ROS2/Car/install/slam_gmapping/share/ament_index/resource_index/packages/slam_gmapping
[0.128s] -- Up-to-date: /home/mr-cheng/Documents/ROS2/Car/install/slam_gmapping/share/slam_gmapping/cmake/slam_gmappingConfig.cmake
[0.128s] -- Up-to-date: /home/mr-cheng/Documents/ROS2/Car/install/slam_gmapping/share/slam_gmapping/cmake/slam_gmappingConfig-version.cmake
[0.128s] -- Up-to-date: /home/mr-cheng/Documents/ROS2/Car/install/slam_gmapping/share/slam_gmapping/package.xml
[0.129s] Invoked command in '/home/mr-cheng/Documents/ROS2/Car/build/slam_gmapping' returned '0': AMENT_PREFIX_PATH=/home/mr-cheng/Documents/ROS2/Car/install/openslam_gmapping:${AMENT_PREFIX_PATH} CMAKE_PREFIX_PATH=/home/mr-cheng/Documents/ROS2/Car/install/openslam_gmapping:/home/mr-cheng/Bag/fastdds/install/fastrtps:/home/mr-cheng/Bag/fastdds/install/foonathan_memory_vendor:/home/mr-cheng/Bag/fastdds/install/fastcdr:/opt/ros/humble LD_LIBRARY_PATH=/home/mr-cheng/Documents/ROS2/Car/install/openslam_gmapping/lib:${LD_LIBRARY_PATH} /usr/bin/cmake --install /home/mr-cheng/Documents/ROS2/Car/build/slam_gmapping
