[0.068s] Invoking command in '/home/mr-cheng/Desktop/Car/Car_Control/extra_packages/build/car_interfaces': CMAKE_PREFIX_PATH=${CMAKE_PREFIX_PATH}:/opt/ros/iron /usr/bin/cmake /home/mr-cheng/Desktop/Car/Car_Control/extra_packages/car_interfaces -DCMAKE_INSTALL_PREFIX=/home/mr-cheng/Desktop/Car/Car_Control/extra_packages/install/car_interfaces
[0.077s] -- Found ament_cmake: 2.0.3 (/opt/ros/iron/share/ament_cmake/cmake)
[0.198s] -- Found ament_lint_auto: 0.14.2 (/opt/ros/iron/share/ament_lint_auto/cmake)
[0.253s] -- Found rosidl_default_generators: 1.5.0 (/opt/ros/iron/share/rosidl_default_generators/cmake)
[0.255s] -- Using all available rosidl_typesupport_c: rosidl_typesupport_fastrtps_c;rosidl_typesupport_introspection_c
[0.284s] -- Using all available rosidl_typesupport_cpp: rosidl_typesupport_fastrtps_cpp;rosidl_typesupport_introspection_cpp
[0.310s] -- Found rosidl_adapter: 4.0.1 (/opt/ros/iron/share/rosidl_adapter/cmake)
[0.451s] [31mCMake Error at /opt/ros/iron/share/rosidl_adapter/cmake/rosidl_adapt_interfaces.cmake:57 (message):
[0.451s]   execute_process(/usr/bin/python3.10 -m rosidl_adapter --package-name
[0.451s]   car_interfaces --arguments-file
[0.451s]   /home/mr-cheng/Desktop/Car/Car_Control/extra_packages/build/car_interfaces/rosidl_adapter__arguments__car_interfaces.json
[0.451s]   --output-dir
[0.451s]   /home/mr-cheng/Desktop/Car/Car_Control/extra_packages/build/car_interfaces/rosidl_adapter/car_interfaces
[0.451s]   --output-file
[0.451s]   /home/mr-cheng/Desktop/Car/Car_Control/extra_packages/build/car_interfaces/rosidl_adapter/car_interfaces.idls)
[0.451s]   returned error code 1:
[0.451s] 
[0.452s]   Error processing 'fp32 speed' of 'car_interfaces/car': ''fp32' is an
[0.452s]   invalid message name.  It should have the pattern '^[A-Z][A-Za-z0-9]*$''
[0.452s] 
[0.452s]   Traceback (most recent call last):
[0.452s] 
[0.452s]     File "/usr/lib/python3.10/runpy.py", line 196, in _run_module_as_main
[0.452s]       return _run_code(code, main_globals, None,
[0.452s]     File "/usr/lib/python3.10/runpy.py", line 86, in _run_code
[0.452s]       exec(code, run_globals)
[0.452s]     File "/opt/ros/iron/lib/python3.10/site-packages/rosidl_adapter/__main__.py", line 19, in <module>
[0.452s]       sys.exit(main())
[0.452s]     File "/opt/ros/iron/lib/python3.10/site-packages/rosidl_adapter/main.py", line 53, in main
[0.452s]       abs_idl_file = convert_to_idl(
[0.452s]     File "/opt/ros/iron/lib/python3.10/site-packages/rosidl_adapter/__init__.py", line 19, in convert_to_idl
[0.452s]       return convert_msg_to_idl(
[0.452s]     File "/opt/ros/iron/lib/python3.10/site-packages/rosidl_adapter/msg/__init__.py", line 28, in convert_msg_to_idl
[0.452s]       msg = parse_message_string(package_name, input_file.stem, content)
[0.453s]     File "/opt/ros/iron/lib/python3.10/site-packages/rosidl_adapter/parser.py", line 521, in parse_message_string
[0.453s]       Type(type_string, context_package_name=pkg_name),
[0.453s]     File "/opt/ros/iron/lib/python3.10/site-packages/rosidl_adapter/parser.py", line 278, in __init__
[0.453s]       super(Type, self).__init__(
[0.453s]     File "/opt/ros/iron/lib/python3.10/site-packages/rosidl_adapter/parser.py", line 206, in __init__
[0.453s]       raise InvalidResourceName(
[0.453s] 
[0.453s]   rosidl_adapter.parser.InvalidResourceName: 'fp32' is an invalid message
[0.453s]   name.  It should have the pattern '^[A-Z][A-Za-z0-9]*$'
[0.453s] 
[0.453s] Call Stack (most recent call first):
[0.453s]   /opt/ros/iron/share/rosidl_cmake/cmake/rosidl_generate_interfaces.cmake:132 (rosidl_adapt_interfaces)
[0.453s]   CMakeLists.txt:28 (rosidl_generate_interfaces)
[0.453s] 
[0.453s] [0m
[0.453s] -- Configuring incomplete, errors occurred!
[0.453s] See also "/home/mr-cheng/Desktop/Car/Car_Control/extra_packages/build/car_interfaces/CMakeFiles/CMakeOutput.log".
[0.456s] Invoked command in '/home/mr-cheng/Desktop/Car/Car_Control/extra_packages/build/car_interfaces' returned '1': CMAKE_PREFIX_PATH=${CMAKE_PREFIX_PATH}:/opt/ros/iron /usr/bin/cmake /home/mr-cheng/Desktop/Car/Car_Control/extra_packages/car_interfaces -DCMAKE_INSTALL_PREFIX=/home/mr-cheng/Desktop/Car/Car_Control/extra_packages/install/car_interfaces
