[0.998s] Invoking command in '/home/mr-cheng/Desktop/Car/Car_Sim2Real/src/robot_launch': PYTHONPATH=/home/mr-cheng/Desktop/Car/Car_Sim2Real/build/robot_launch/prefix_override:/home/mr-cheng/Desktop/Car/Car_Sim2Real/install/robot_launch/lib/python3.10/site-packages:${PYTHONPATH} /usr/bin/python3 -W ignore:setup.py install is deprecated setup.py egg_info --egg-base ../../build/robot_launch build --build-base /home/mr-cheng/Desktop/Car/Car_Sim2Real/build/robot_launch/build install --record /home/mr-cheng/Desktop/Car/Car_Sim2Real/build/robot_launch/install.log --single-version-externally-managed install_data
[1.249s] running egg_info
[1.268s] writing ../../build/robot_launch/robot_launch.egg-info/PKG-INFO
[1.268s] writing dependency_links to ../../build/robot_launch/robot_launch.egg-info/dependency_links.txt
[1.268s] writing requirements to ../../build/robot_launch/robot_launch.egg-info/requires.txt
[1.268s] writing top-level names to ../../build/robot_launch/robot_launch.egg-info/top_level.txt
[1.305s] reading manifest file '../../build/robot_launch/robot_launch.egg-info/SOURCES.txt'
[1.306s] writing manifest file '../../build/robot_launch/robot_launch.egg-info/SOURCES.txt'
[1.306s] running build
[1.306s] running build_py
[1.307s] copying robot_launch/__init__.py -> /home/mr-cheng/Desktop/Car/Car_Sim2Real/build/robot_launch/build/lib/robot_launch
[1.307s] running install
[1.312s] running install_lib
[1.331s] running install_data
[1.331s] copying resource/robot_launch -> /home/mr-cheng/Desktop/Car/Car_Sim2Real/install/robot_launch/share/ament_index/resource_index/packages
[1.331s] copying package.xml -> /home/mr-cheng/Desktop/Car/Car_Sim2Real/install/robot_launch/share/robot_launch
[1.332s] copying launch/robot.launch.py -> /home/mr-cheng/Desktop/Car/Car_Sim2Real/install/robot_launch/share/robot_launch/launch
[1.332s] running install_egg_info
[1.351s] removing '/home/mr-cheng/Desktop/Car/Car_Sim2Real/install/robot_launch/lib/python3.10/site-packages/robot_launch-0.0.0-py3.10.egg-info' (and everything under it)
[1.351s] Copying ../../build/robot_launch/robot_launch.egg-info to /home/mr-cheng/Desktop/Car/Car_Sim2Real/install/robot_launch/lib/python3.10/site-packages/robot_launch-0.0.0-py3.10.egg-info
[1.352s] running install_scripts
[1.513s] writing list of installed files to '/home/mr-cheng/Desktop/Car/Car_Sim2Real/build/robot_launch/install.log'
[1.533s] Invoked command in '/home/mr-cheng/Desktop/Car/Car_Sim2Real/src/robot_launch' returned '0': PYTHONPATH=/home/mr-cheng/Desktop/Car/Car_Sim2Real/build/robot_launch/prefix_override:/home/mr-cheng/Desktop/Car/Car_Sim2Real/install/robot_launch/lib/python3.10/site-packages:${PYTHONPATH} /usr/bin/python3 -W ignore:setup.py install is deprecated setup.py egg_info --egg-base ../../build/robot_launch build --build-base /home/mr-cheng/Desktop/Car/Car_Sim2Real/build/robot_launch/build install --record /home/mr-cheng/Desktop/Car/Car_Sim2Real/build/robot_launch/install.log --single-version-externally-managed install_data
