[0.148s] Invoking command in '/home/mr-cheng/Documents/ROS2/Car/build/openslam_gmapping': CMAKE_PREFIX_PATH=${CMAKE_PREFIX_PATH}:/home/mr-cheng/Documents/ROS2/Car/install/robot_description:/opt/ros/humble /usr/bin/cmake --build /home/mr-cheng/Documents/ROS2/Car/build/openslam_gmapping -- -j16 -l16
[0.589s] [ 13%] Built target utils
[0.740s] [ 27%] Built target sensor_base
[0.833s] [ 40%] Built target sensor_range
[0.978s] [ 54%] Built target sensor_odometry
[1.125s] [ 77%] Built target scanmatcher
[1.183s] [100%] Built target gridfastslam
[1.206s] Invoked command in '/home/mr-cheng/Documents/ROS2/Car/build/openslam_gmapping' returned '0': CMAKE_PREFIX_PATH=${CMAKE_PREFIX_PATH}:/home/mr-cheng/Documents/ROS2/Car/install/robot_description:/opt/ros/humble /usr/bin/cmake --build /home/mr-cheng/Documents/ROS2/Car/build/openslam_gmapping -- -j16 -l16
[1.459s] Invoking command in '/home/mr-cheng/Documents/ROS2/Car/build/openslam_gmapping': CMAKE_PREFIX_PATH=${CMAKE_PREFIX_PATH}:/home/mr-cheng/Documents/ROS2/Car/install/robot_description:/opt/ros/humble /usr/bin/cmake --install /home/mr-cheng/Documents/ROS2/Car/build/openslam_gmapping
[1.486s] -- Install configuration: ""
[1.487s] -- Up-to-date: /home/mr-cheng/Documents/ROS2/Car/install/openslam_gmapping/share/openslam_gmapping/environment/library_path.sh
[1.488s] -- Up-to-date: /home/mr-cheng/Documents/ROS2/Car/install/openslam_gmapping/share/openslam_gmapping/environment/library_path.dsv
[1.488s] -- Up-to-date: /home/mr-cheng/Documents/ROS2/Car/install/openslam_gmapping/include/
[1.488s] -- Up-to-date: /home/mr-cheng/Documents/ROS2/Car/install/openslam_gmapping/include//gmapping
[1.489s] -- Up-to-date: /home/mr-cheng/Documents/ROS2/Car/install/openslam_gmapping/include//gmapping/utils
[1.489s] -- Up-to-date: /home/mr-cheng/Documents/ROS2/Car/install/openslam_gmapping/include//gmapping/utils/point.h
[1.489s] -- Up-to-date: /home/mr-cheng/Documents/ROS2/Car/install/openslam_gmapping/include//gmapping/utils/stat.h
[1.490s] -- Up-to-date: /home/mr-cheng/Documents/ROS2/Car/install/openslam_gmapping/include//gmapping/utils/autoptr.h
[1.490s] -- Up-to-date: /home/mr-cheng/Documents/ROS2/Car/install/openslam_gmapping/include//gmapping/utils/commandline.h
[1.490s] -- Up-to-date: /home/mr-cheng/Documents/ROS2/Car/install/openslam_gmapping/include//gmapping/utils/gvalues.h
[1.491s] -- Up-to-date: /home/mr-cheng/Documents/ROS2/Car/install/openslam_gmapping/include//gmapping/utils/macro_params.h
[1.491s] -- Up-to-date: /home/mr-cheng/Documents/ROS2/Car/install/openslam_gmapping/include//gmapping/particlefilter
[1.491s] -- Up-to-date: /home/mr-cheng/Documents/ROS2/Car/install/openslam_gmapping/include//gmapping/particlefilter/particlefilter.h
[1.492s] -- Up-to-date: /home/mr-cheng/Documents/ROS2/Car/install/openslam_gmapping/include//gmapping/log
[1.492s] -- Up-to-date: /home/mr-cheng/Documents/ROS2/Car/install/openslam_gmapping/include//gmapping/log/sensorlog.h
[1.492s] -- Up-to-date: /home/mr-cheng/Documents/ROS2/Car/install/openslam_gmapping/include//gmapping/log/configuration.h
[1.493s] -- Up-to-date: /home/mr-cheng/Documents/ROS2/Car/install/openslam_gmapping/include//gmapping/scanmatcher
[1.493s] -- Up-to-date: /home/mr-cheng/Documents/ROS2/Car/install/openslam_gmapping/include//gmapping/scanmatcher/smmap.h
[1.493s] -- Up-to-date: /home/mr-cheng/Documents/ROS2/Car/install/openslam_gmapping/include//gmapping/scanmatcher/icp.h
[1.494s] -- Up-to-date: /home/mr-cheng/Documents/ROS2/Car/install/openslam_gmapping/include//gmapping/scanmatcher/scanmatcher.h
[1.494s] -- Up-to-date: /home/mr-cheng/Documents/ROS2/Car/install/openslam_gmapping/include//gmapping/grid
[1.512s] -- Up-to-date: /home/mr-cheng/Documents/ROS2/Car/install/openslam_gmapping/include//gmapping/grid/accessstate.h
[1.513s] -- Up-to-date: /home/mr-cheng/Documents/ROS2/Car/install/openslam_gmapping/include//gmapping/grid/harray2d.h
[1.513s] -- Up-to-date: /home/mr-cheng/Documents/ROS2/Car/install/openslam_gmapping/include//gmapping/grid/array2d.h
[1.514s] -- Up-to-date: /home/mr-cheng/Documents/ROS2/Car/install/openslam_gmapping/include//gmapping/grid/map.h
[1.514s] -- Up-to-date: /home/mr-cheng/Documents/ROS2/Car/install/openslam_gmapping/include//gmapping/sensor
[1.514s] -- Up-to-date: /home/mr-cheng/Documents/ROS2/Car/install/openslam_gmapping/include//gmapping/sensor/sensor_range
[1.515s] -- Up-to-date: /home/mr-cheng/Documents/ROS2/Car/install/openslam_gmapping/include//gmapping/sensor/sensor_range/rangereading.h
[1.515s] -- Up-to-date: /home/mr-cheng/Documents/ROS2/Car/install/openslam_gmapping/include//gmapping/sensor/sensor_range/rangesensor.h
[1.515s] -- Up-to-date: /home/mr-cheng/Documents/ROS2/Car/install/openslam_gmapping/include//gmapping/sensor/sensor_base
[1.515s] -- Up-to-date: /home/mr-cheng/Documents/ROS2/Car/install/openslam_gmapping/include//gmapping/sensor/sensor_base/sensorreading.h
[1.516s] -- Up-to-date: /home/mr-cheng/Documents/ROS2/Car/install/openslam_gmapping/include//gmapping/sensor/sensor_base/sensor.h
[1.516s] -- Up-to-date: /home/mr-cheng/Documents/ROS2/Car/install/openslam_gmapping/include//gmapping/sensor/sensor_odometry
[1.516s] -- Up-to-date: /home/mr-cheng/Documents/ROS2/Car/install/openslam_gmapping/include//gmapping/sensor/sensor_odometry/odometryreading.h
[1.516s] -- Up-to-date: /home/mr-cheng/Documents/ROS2/Car/install/openslam_gmapping/include//gmapping/sensor/sensor_odometry/odometrysensor.h
[1.517s] -- Up-to-date: /home/mr-cheng/Documents/ROS2/Car/install/openslam_gmapping/include//gmapping/gridfastslam
[1.517s] -- Up-to-date: /home/mr-cheng/Documents/ROS2/Car/install/openslam_gmapping/include//gmapping/gridfastslam/gridslamprocessor.h
[1.517s] -- Up-to-date: /home/mr-cheng/Documents/ROS2/Car/install/openslam_gmapping/include//gmapping/gridfastslam/gridslamprocessor.hxx
[1.517s] -- Up-to-date: /home/mr-cheng/Documents/ROS2/Car/install/openslam_gmapping/include//gmapping/gridfastslam/motionmodel.h
[1.518s] -- Up-to-date: /home/mr-cheng/Documents/ROS2/Car/install/openslam_gmapping/share/ament_index/resource_index/package_run_dependencies/openslam_gmapping
[1.518s] -- Up-to-date: /home/mr-cheng/Documents/ROS2/Car/install/openslam_gmapping/share/ament_index/resource_index/parent_prefix_path/openslam_gmapping
[1.518s] -- Up-to-date: /home/mr-cheng/Documents/ROS2/Car/install/openslam_gmapping/share/openslam_gmapping/environment/ament_prefix_path.sh
[1.518s] -- Up-to-date: /home/mr-cheng/Documents/ROS2/Car/install/openslam_gmapping/share/openslam_gmapping/environment/ament_prefix_path.dsv
[1.519s] -- Up-to-date: /home/mr-cheng/Documents/ROS2/Car/install/openslam_gmapping/share/openslam_gmapping/environment/path.sh
[1.519s] -- Up-to-date: /home/mr-cheng/Documents/ROS2/Car/install/openslam_gmapping/share/openslam_gmapping/environment/path.dsv
[1.519s] -- Up-to-date: /home/mr-cheng/Documents/ROS2/Car/install/openslam_gmapping/share/openslam_gmapping/local_setup.bash
[1.519s] -- Up-to-date: /home/mr-cheng/Documents/ROS2/Car/install/openslam_gmapping/share/openslam_gmapping/local_setup.sh
[1.519s] -- Up-to-date: /home/mr-cheng/Documents/ROS2/Car/install/openslam_gmapping/share/openslam_gmapping/local_setup.zsh
[1.519s] -- Up-to-date: /home/mr-cheng/Documents/ROS2/Car/install/openslam_gmapping/share/openslam_gmapping/local_setup.dsv
[1.520s] -- Installing: /home/mr-cheng/Documents/ROS2/Car/install/openslam_gmapping/share/openslam_gmapping/package.dsv
[1.520s] -- Up-to-date: /home/mr-cheng/Documents/ROS2/Car/install/openslam_gmapping/share/ament_index/resource_index/packages/openslam_gmapping
[1.520s] -- Up-to-date: /home/mr-cheng/Documents/ROS2/Car/install/openslam_gmapping/share/openslam_gmapping/cmake/ament_cmake_export_libraries-extras.cmake
[1.520s] -- Up-to-date: /home/mr-cheng/Documents/ROS2/Car/install/openslam_gmapping/share/openslam_gmapping/cmake/ament_cmake_export_include_directories-extras.cmake
[1.520s] -- Up-to-date: /home/mr-cheng/Documents/ROS2/Car/install/openslam_gmapping/share/openslam_gmapping/cmake/openslam_gmappingConfig.cmake
[1.534s] -- Up-to-date: /home/mr-cheng/Documents/ROS2/Car/install/openslam_gmapping/share/openslam_gmapping/cmake/openslam_gmappingConfig-version.cmake
[1.534s] -- Up-to-date: /home/mr-cheng/Documents/ROS2/Car/install/openslam_gmapping/share/openslam_gmapping/package.xml
[1.535s] -- Up-to-date: /home/mr-cheng/Documents/ROS2/Car/install/openslam_gmapping/lib/libgridfastslam.a
[1.535s] -- Up-to-date: /home/mr-cheng/Documents/ROS2/Car/install/openslam_gmapping/lib/libscanmatcher.a
[1.535s] -- Up-to-date: /home/mr-cheng/Documents/ROS2/Car/install/openslam_gmapping/share/openslam_gmapping/environment/library_path.sh
[1.535s] -- Up-to-date: /home/mr-cheng/Documents/ROS2/Car/install/openslam_gmapping/share/openslam_gmapping/environment/library_path.dsv
[1.535s] -- Up-to-date: /home/mr-cheng/Documents/ROS2/Car/install/openslam_gmapping/lib/libsensor_base.a
[1.535s] -- Up-to-date: /home/mr-cheng/Documents/ROS2/Car/install/openslam_gmapping/share/openslam_gmapping/environment/library_path.sh
[1.536s] -- Up-to-date: /home/mr-cheng/Documents/ROS2/Car/install/openslam_gmapping/share/openslam_gmapping/environment/library_path.dsv
[1.536s] -- Up-to-date: /home/mr-cheng/Documents/ROS2/Car/install/openslam_gmapping/lib/libsensor_odometry.a
[1.536s] -- Up-to-date: /home/mr-cheng/Documents/ROS2/Car/install/openslam_gmapping/lib/libsensor_range.a
[1.536s] -- Up-to-date: /home/mr-cheng/Documents/ROS2/Car/install/openslam_gmapping/lib/libutils.a
[1.536s] -- Up-to-date: /home/mr-cheng/Documents/ROS2/Car/install/openslam_gmapping/share/openslam_gmapping/environment/library_path.sh
[1.536s] -- Up-to-date: /home/mr-cheng/Documents/ROS2/Car/install/openslam_gmapping/share/openslam_gmapping/environment/library_path.dsv
[1.537s] Invoked command in '/home/mr-cheng/Documents/ROS2/Car/build/openslam_gmapping' returned '0': CMAKE_PREFIX_PATH=${CMAKE_PREFIX_PATH}:/home/mr-cheng/Documents/ROS2/Car/install/robot_description:/opt/ros/humble /usr/bin/cmake --install /home/mr-cheng/Documents/ROS2/Car/build/openslam_gmapping
