[0.529s] DEBUG:colcon:Command line arguments: ['/usr/bin/colcon', 'build']
[0.529s] DEBUG:colcon:Parsed command line arguments: Namespace(log_base=None, log_level=None, verb_name='build', build_base='build', install_base='install', merge_install=False, symlink_install=False, test_result_base=None, continue_on_error=False, executor='parallel', parallel_workers=16, event_handlers=None, ignore_user_meta=False, metas=['./colcon.meta'], base_paths=['.'], packages_ignore=None, packages_ignore_regex=None, paths=None, packages_up_to=None, packages_up_to_regex=None, packages_above=None, packages_above_and_dependencies=None, packages_above_depth=None, packages_select_by_dep=None, packages_skip_by_dep=None, packages_skip_up_to=None, packages_select_build_failed=False, packages_skip_build_finished=False, packages_select_test_failures=False, packages_skip_test_passed=False, packages_select=None, packages_skip=None, packages_select_regex=None, packages_skip_regex=None, packages_start=None, packages_end=None, allow_overriding=[], cmake_args=None, cmake_target=None, cmake_target_skip_unavailable=False, cmake_clean_cache=False, cmake_clean_first=False, cmake_force_configure=False, ament_cmake_args=None, catkin_cmake_args=None, catkin_skip_building_tests=False, verb_parser=<colcon_defaults.argument_parser.defaults.DefaultArgumentsDecorator object at 0x71e91ec42cb0>, verb_extension=<colcon_core.verb.build.BuildVerb object at 0x71e91ed3f730>, main=<bound method BuildVerb.main of <colcon_core.verb.build.BuildVerb object at 0x71e91ed3f730>>)
[0.671s] Level 1:colcon.colcon_core.package_discovery:discover_packages(colcon_meta) check parameters
[0.672s] Level 1:colcon.colcon_core.package_discovery:discover_packages(recursive) check parameters
[0.672s] Level 1:colcon.colcon_core.package_discovery:discover_packages(ignore) check parameters
[0.672s] Level 1:colcon.colcon_core.package_discovery:discover_packages(path) check parameters
[0.672s] Level 1:colcon.colcon_core.package_discovery:discover_packages(colcon_meta) discover
[0.672s] Level 1:colcon.colcon_core.package_discovery:discover_packages(recursive) discover
[0.672s] INFO:colcon.colcon_core.package_discovery:Crawling recursively for packages in '/home/mr-cheng/Documents/ROS2/Car'
[0.672s] Level 1:colcon.colcon_core.package_identification:_identify(.) by extensions ['ignore', 'ignore_ament_install']
[0.672s] Level 1:colcon.colcon_core.package_identification:_identify(.) by extension 'ignore'
[0.673s] Level 1:colcon.colcon_core.package_identification:_identify(.) by extension 'ignore_ament_install'
[0.673s] Level 1:colcon.colcon_core.package_identification:_identify(.) by extensions ['colcon_pkg']
[0.673s] Level 1:colcon.colcon_core.package_identification:_identify(.) by extension 'colcon_pkg'
[0.673s] Level 1:colcon.colcon_core.package_identification:_identify(.) by extensions ['colcon_meta']
[0.673s] Level 1:colcon.colcon_core.package_identification:_identify(.) by extension 'colcon_meta'
[0.673s] Level 1:colcon.colcon_core.package_identification:_identify(.) by extensions ['ros']
[0.673s] Level 1:colcon.colcon_core.package_identification:_identify(.) by extension 'ros'
[0.839s] Level 1:colcon.colcon_core.package_identification:_identify(.) by extensions ['cmake', 'python']
[0.839s] Level 1:colcon.colcon_core.package_identification:_identify(.) by extension 'cmake'
[0.839s] Level 1:colcon.colcon_core.package_identification:_identify(.) by extension 'python'
[0.840s] Level 1:colcon.colcon_core.package_identification:_identify(.) by extensions ['python_setup_py']
[0.840s] Level 1:colcon.colcon_core.package_identification:_identify(.) by extension 'python_setup_py'
[0.840s] Level 1:colcon.colcon_core.package_identification:_identify(build) by extensions ['ignore', 'ignore_ament_install']
[0.840s] Level 1:colcon.colcon_core.package_identification:_identify(build) by extension 'ignore'
[0.840s] Level 1:colcon.colcon_core.package_identification:_identify(build) ignored
[0.840s] Level 1:colcon.colcon_core.package_identification:_identify(config) by extensions ['ignore', 'ignore_ament_install']
[0.841s] Level 1:colcon.colcon_core.package_identification:_identify(config) by extension 'ignore'
[0.841s] Level 1:colcon.colcon_core.package_identification:_identify(config) by extension 'ignore_ament_install'
[0.841s] Level 1:colcon.colcon_core.package_identification:_identify(config) by extensions ['colcon_pkg']
[0.841s] Level 1:colcon.colcon_core.package_identification:_identify(config) by extension 'colcon_pkg'
[0.841s] Level 1:colcon.colcon_core.package_identification:_identify(config) by extensions ['colcon_meta']
[0.841s] Level 1:colcon.colcon_core.package_identification:_identify(config) by extension 'colcon_meta'
[0.855s] Level 1:colcon.colcon_core.package_identification:_identify(config) by extensions ['ros']
[0.855s] Level 1:colcon.colcon_core.package_identification:_identify(config) by extension 'ros'
[0.855s] Level 1:colcon.colcon_core.package_identification:_identify(config) by extensions ['cmake', 'python']
[0.855s] Level 1:colcon.colcon_core.package_identification:_identify(config) by extension 'cmake'
[0.855s] Level 1:colcon.colcon_core.package_identification:_identify(config) by extension 'python'
[0.856s] Level 1:colcon.colcon_core.package_identification:_identify(config) by extensions ['python_setup_py']
[0.856s] Level 1:colcon.colcon_core.package_identification:_identify(config) by extension 'python_setup_py'
[0.856s] Level 1:colcon.colcon_core.package_identification:_identify(install) by extensions ['ignore', 'ignore_ament_install']
[0.856s] Level 1:colcon.colcon_core.package_identification:_identify(install) by extension 'ignore'
[0.856s] Level 1:colcon.colcon_core.package_identification:_identify(install) ignored
[0.857s] Level 1:colcon.colcon_core.package_identification:_identify(log) by extensions ['ignore', 'ignore_ament_install']
[0.857s] Level 1:colcon.colcon_core.package_identification:_identify(log) by extension 'ignore'
[0.857s] Level 1:colcon.colcon_core.package_identification:_identify(log) ignored
[0.857s] Level 1:colcon.colcon_core.package_identification:_identify(src) by extensions ['ignore', 'ignore_ament_install']
[0.857s] Level 1:colcon.colcon_core.package_identification:_identify(src) by extension 'ignore'
[0.857s] Level 1:colcon.colcon_core.package_identification:_identify(src) by extension 'ignore_ament_install'
[0.858s] Level 1:colcon.colcon_core.package_identification:_identify(src) by extensions ['colcon_pkg']
[0.858s] Level 1:colcon.colcon_core.package_identification:_identify(src) by extension 'colcon_pkg'
[0.858s] Level 1:colcon.colcon_core.package_identification:_identify(src) by extensions ['colcon_meta']
[0.858s] Level 1:colcon.colcon_core.package_identification:_identify(src) by extension 'colcon_meta'
[0.858s] Level 1:colcon.colcon_core.package_identification:_identify(src) by extensions ['ros']
[0.858s] Level 1:colcon.colcon_core.package_identification:_identify(src) by extension 'ros'
[0.858s] Level 1:colcon.colcon_core.package_identification:_identify(src) by extensions ['cmake', 'python']
[0.858s] Level 1:colcon.colcon_core.package_identification:_identify(src) by extension 'cmake'
[0.858s] Level 1:colcon.colcon_core.package_identification:_identify(src) by extension 'python'
[0.859s] Level 1:colcon.colcon_core.package_identification:_identify(src) by extensions ['python_setup_py']
[0.859s] Level 1:colcon.colcon_core.package_identification:_identify(src) by extension 'python_setup_py'
[0.859s] Level 1:colcon.colcon_core.package_identification:_identify(src/car_nav2) by extensions ['ignore', 'ignore_ament_install']
[0.859s] Level 1:colcon.colcon_core.package_identification:_identify(src/car_nav2) by extension 'ignore'
[0.859s] Level 1:colcon.colcon_core.package_identification:_identify(src/car_nav2) by extension 'ignore_ament_install'
[0.859s] Level 1:colcon.colcon_core.package_identification:_identify(src/car_nav2) by extensions ['colcon_pkg']
[0.859s] Level 1:colcon.colcon_core.package_identification:_identify(src/car_nav2) by extension 'colcon_pkg'
[0.860s] Level 1:colcon.colcon_core.package_identification:_identify(src/car_nav2) by extensions ['colcon_meta']
[0.860s] Level 1:colcon.colcon_core.package_identification:_identify(src/car_nav2) by extension 'colcon_meta'
[0.860s] Level 1:colcon.colcon_core.package_identification:_identify(src/car_nav2) by extensions ['ros']
[0.860s] Level 1:colcon.colcon_core.package_identification:_identify(src/car_nav2) by extension 'ros'
[0.905s] DEBUG:colcon.colcon_core.package_identification:Package 'src/car_nav2' with type 'ros.ament_cmake' and name 'car_nav2'
[0.906s] Level 1:colcon.colcon_core.package_identification:_identify(src/robot_description) by extensions ['ignore', 'ignore_ament_install']
[0.906s] Level 1:colcon.colcon_core.package_identification:_identify(src/robot_description) by extension 'ignore'
[0.906s] Level 1:colcon.colcon_core.package_identification:_identify(src/robot_description) by extension 'ignore_ament_install'
[0.906s] Level 1:colcon.colcon_core.package_identification:_identify(src/robot_description) by extensions ['colcon_pkg']
[0.906s] Level 1:colcon.colcon_core.package_identification:_identify(src/robot_description) by extension 'colcon_pkg'
[0.906s] Level 1:colcon.colcon_core.package_identification:_identify(src/robot_description) by extensions ['colcon_meta']
[0.906s] Level 1:colcon.colcon_core.package_identification:_identify(src/robot_description) by extension 'colcon_meta'
[0.906s] Level 1:colcon.colcon_core.package_identification:_identify(src/robot_description) by extensions ['ros']
[0.907s] Level 1:colcon.colcon_core.package_identification:_identify(src/robot_description) by extension 'ros'
[0.908s] DEBUG:colcon.colcon_core.package_identification:Package 'src/robot_description' with type 'ros.ament_python' and name 'robot_description'
[0.908s] Level 1:colcon.colcon_core.package_identification:_identify(src/slam_gmapping) by extensions ['ignore', 'ignore_ament_install']
[0.908s] Level 1:colcon.colcon_core.package_identification:_identify(src/slam_gmapping) by extension 'ignore'
[0.908s] Level 1:colcon.colcon_core.package_identification:_identify(src/slam_gmapping) by extension 'ignore_ament_install'
[0.908s] Level 1:colcon.colcon_core.package_identification:_identify(src/slam_gmapping) by extensions ['colcon_pkg']
[0.908s] Level 1:colcon.colcon_core.package_identification:_identify(src/slam_gmapping) by extension 'colcon_pkg'
[0.908s] Level 1:colcon.colcon_core.package_identification:_identify(src/slam_gmapping) by extensions ['colcon_meta']
[0.909s] Level 1:colcon.colcon_core.package_identification:_identify(src/slam_gmapping) by extension 'colcon_meta'
[0.909s] Level 1:colcon.colcon_core.package_identification:_identify(src/slam_gmapping) by extensions ['ros']
[0.909s] Level 1:colcon.colcon_core.package_identification:_identify(src/slam_gmapping) by extension 'ros'
[0.909s] Level 1:colcon.colcon_core.package_identification:_identify(src/slam_gmapping) by extensions ['cmake', 'python']
[0.909s] Level 1:colcon.colcon_core.package_identification:_identify(src/slam_gmapping) by extension 'cmake'
[0.909s] Level 1:colcon.colcon_core.package_identification:_identify(src/slam_gmapping) by extension 'python'
[0.909s] Level 1:colcon.colcon_core.package_identification:_identify(src/slam_gmapping) by extensions ['python_setup_py']
[0.909s] Level 1:colcon.colcon_core.package_identification:_identify(src/slam_gmapping) by extension 'python_setup_py'
[0.910s] Level 1:colcon.colcon_core.package_identification:_identify(src/slam_gmapping/openslam_gmapping) by extensions ['ignore', 'ignore_ament_install']
[0.910s] Level 1:colcon.colcon_core.package_identification:_identify(src/slam_gmapping/openslam_gmapping) by extension 'ignore'
[0.910s] Level 1:colcon.colcon_core.package_identification:_identify(src/slam_gmapping/openslam_gmapping) by extension 'ignore_ament_install'
[0.910s] Level 1:colcon.colcon_core.package_identification:_identify(src/slam_gmapping/openslam_gmapping) by extensions ['colcon_pkg']
[0.910s] Level 1:colcon.colcon_core.package_identification:_identify(src/slam_gmapping/openslam_gmapping) by extension 'colcon_pkg'
[0.910s] Level 1:colcon.colcon_core.package_identification:_identify(src/slam_gmapping/openslam_gmapping) by extensions ['colcon_meta']
[0.910s] Level 1:colcon.colcon_core.package_identification:_identify(src/slam_gmapping/openslam_gmapping) by extension 'colcon_meta'
[0.911s] Level 1:colcon.colcon_core.package_identification:_identify(src/slam_gmapping/openslam_gmapping) by extensions ['ros']
[0.911s] Level 1:colcon.colcon_core.package_identification:_identify(src/slam_gmapping/openslam_gmapping) by extension 'ros'
[0.912s] DEBUG:colcon.colcon_core.package_identification:Package 'src/slam_gmapping/openslam_gmapping' with type 'ros.ament_cmake' and name 'openslam_gmapping'
[0.912s] Level 1:colcon.colcon_core.package_identification:_identify(src/slam_gmapping/slam_gmapping) by extensions ['ignore', 'ignore_ament_install']
[0.912s] Level 1:colcon.colcon_core.package_identification:_identify(src/slam_gmapping/slam_gmapping) by extension 'ignore'
[0.912s] Level 1:colcon.colcon_core.package_identification:_identify(src/slam_gmapping/slam_gmapping) by extension 'ignore_ament_install'
[0.912s] Level 1:colcon.colcon_core.package_identification:_identify(src/slam_gmapping/slam_gmapping) by extensions ['colcon_pkg']
[0.913s] Level 1:colcon.colcon_core.package_identification:_identify(src/slam_gmapping/slam_gmapping) by extension 'colcon_pkg'
[0.913s] Level 1:colcon.colcon_core.package_identification:_identify(src/slam_gmapping/slam_gmapping) by extensions ['colcon_meta']
[0.913s] Level 1:colcon.colcon_core.package_identification:_identify(src/slam_gmapping/slam_gmapping) by extension 'colcon_meta'
[0.913s] Level 1:colcon.colcon_core.package_identification:_identify(src/slam_gmapping/slam_gmapping) by extensions ['ros']
[0.913s] Level 1:colcon.colcon_core.package_identification:_identify(src/slam_gmapping/slam_gmapping) by extension 'ros'
[0.930s] DEBUG:colcon.colcon_core.package_identification:Package 'src/slam_gmapping/slam_gmapping' with type 'ros.ament_cmake' and name 'slam_gmapping'
[0.930s] Level 1:colcon.colcon_core.package_discovery:discover_packages(recursive) using defaults
[0.930s] Level 1:colcon.colcon_core.package_discovery:discover_packages(ignore) discover
[0.930s] Level 1:colcon.colcon_core.package_discovery:discover_packages(ignore) using defaults
[0.930s] Level 1:colcon.colcon_core.package_discovery:discover_packages(path) discover
[0.930s] Level 1:colcon.colcon_core.package_discovery:discover_packages(path) using defaults
[1.057s] Level 1:colcon.colcon_core.package_discovery:discover_packages(prefix_path) check parameters
[1.057s] Level 1:colcon.colcon_core.package_discovery:discover_packages(prefix_path) discover
[1.077s] DEBUG:colcon.colcon_installed_package_information.package_discovery:Found 4 installed packages in /home/mr-cheng/Documents/ROS2/Car/install
[1.078s] DEBUG:colcon.colcon_installed_package_information.package_discovery:Found 3 installed packages in /home/mr-cheng/Bag/fastdds/install
[1.082s] DEBUG:colcon.colcon_installed_package_information.package_discovery:Found 395 installed packages in /opt/ros/humble
[1.087s] Level 1:colcon.colcon_core.package_discovery:discover_packages(prefix_path) using defaults
[1.350s] Level 5:colcon.colcon_core.verb:set package 'car_nav2' build argument 'cmake_args' from command line to 'None'
[1.350s] Level 5:colcon.colcon_core.verb:set package 'car_nav2' build argument 'cmake_target' from command line to 'None'
[1.350s] Level 5:colcon.colcon_core.verb:set package 'car_nav2' build argument 'cmake_target_skip_unavailable' from command line to 'False'
[1.350s] Level 5:colcon.colcon_core.verb:set package 'car_nav2' build argument 'cmake_clean_cache' from command line to 'False'
[1.351s] Level 5:colcon.colcon_core.verb:set package 'car_nav2' build argument 'cmake_clean_first' from command line to 'False'
[1.351s] Level 5:colcon.colcon_core.verb:set package 'car_nav2' build argument 'cmake_force_configure' from command line to 'False'
[1.351s] Level 5:colcon.colcon_core.verb:set package 'car_nav2' build argument 'ament_cmake_args' from command line to 'None'
[1.351s] Level 5:colcon.colcon_core.verb:set package 'car_nav2' build argument 'catkin_cmake_args' from command line to 'None'
[1.351s] Level 5:colcon.colcon_core.verb:set package 'car_nav2' build argument 'catkin_skip_building_tests' from command line to 'False'
[1.351s] DEBUG:colcon.colcon_core.verb:Building package 'car_nav2' with the following arguments: {'ament_cmake_args': None, 'build_base': '/home/mr-cheng/Documents/ROS2/Car/build/car_nav2', 'catkin_cmake_args': None, 'catkin_skip_building_tests': False, 'cmake_args': None, 'cmake_clean_cache': False, 'cmake_clean_first': False, 'cmake_force_configure': False, 'cmake_target': None, 'cmake_target_skip_unavailable': False, 'install_base': '/home/mr-cheng/Documents/ROS2/Car/install/car_nav2', 'merge_install': False, 'path': '/home/mr-cheng/Documents/ROS2/Car/src/car_nav2', 'symlink_install': False, 'test_result_base': None}
[1.352s] Level 5:colcon.colcon_core.verb:set package 'openslam_gmapping' build argument 'cmake_args' from command line to 'None'
[1.352s] Level 5:colcon.colcon_core.verb:set package 'openslam_gmapping' build argument 'cmake_target' from command line to 'None'
[1.352s] Level 5:colcon.colcon_core.verb:set package 'openslam_gmapping' build argument 'cmake_target_skip_unavailable' from command line to 'False'
[1.352s] Level 5:colcon.colcon_core.verb:set package 'openslam_gmapping' build argument 'cmake_clean_cache' from command line to 'False'
[1.352s] Level 5:colcon.colcon_core.verb:set package 'openslam_gmapping' build argument 'cmake_clean_first' from command line to 'False'
[1.352s] Level 5:colcon.colcon_core.verb:set package 'openslam_gmapping' build argument 'cmake_force_configure' from command line to 'False'
[1.352s] Level 5:colcon.colcon_core.verb:set package 'openslam_gmapping' build argument 'ament_cmake_args' from command line to 'None'
[1.352s] Level 5:colcon.colcon_core.verb:set package 'openslam_gmapping' build argument 'catkin_cmake_args' from command line to 'None'
[1.352s] Level 5:colcon.colcon_core.verb:set package 'openslam_gmapping' build argument 'catkin_skip_building_tests' from command line to 'False'
[1.353s] DEBUG:colcon.colcon_core.verb:Building package 'openslam_gmapping' with the following arguments: {'ament_cmake_args': None, 'build_base': '/home/mr-cheng/Documents/ROS2/Car/build/openslam_gmapping', 'catkin_cmake_args': None, 'catkin_skip_building_tests': False, 'cmake_args': None, 'cmake_clean_cache': False, 'cmake_clean_first': False, 'cmake_force_configure': False, 'cmake_target': None, 'cmake_target_skip_unavailable': False, 'install_base': '/home/mr-cheng/Documents/ROS2/Car/install/openslam_gmapping', 'merge_install': False, 'path': '/home/mr-cheng/Documents/ROS2/Car/src/slam_gmapping/openslam_gmapping', 'symlink_install': False, 'test_result_base': None}
[1.380s] Level 5:colcon.colcon_core.verb:set package 'robot_description' build argument 'cmake_args' from command line to 'None'
[1.380s] Level 5:colcon.colcon_core.verb:set package 'robot_description' build argument 'cmake_target' from command line to 'None'
[1.380s] Level 5:colcon.colcon_core.verb:set package 'robot_description' build argument 'cmake_target_skip_unavailable' from command line to 'False'
[1.380s] Level 5:colcon.colcon_core.verb:set package 'robot_description' build argument 'cmake_clean_cache' from command line to 'False'
[1.380s] Level 5:colcon.colcon_core.verb:set package 'robot_description' build argument 'cmake_clean_first' from command line to 'False'
[1.380s] Level 5:colcon.colcon_core.verb:set package 'robot_description' build argument 'cmake_force_configure' from command line to 'False'
[1.380s] Level 5:colcon.colcon_core.verb:set package 'robot_description' build argument 'ament_cmake_args' from command line to 'None'
[1.380s] Level 5:colcon.colcon_core.verb:set package 'robot_description' build argument 'catkin_cmake_args' from command line to 'None'
[1.380s] Level 5:colcon.colcon_core.verb:set package 'robot_description' build argument 'catkin_skip_building_tests' from command line to 'False'
[1.380s] DEBUG:colcon.colcon_core.verb:Building package 'robot_description' with the following arguments: {'ament_cmake_args': None, 'build_base': '/home/mr-cheng/Documents/ROS2/Car/build/robot_description', 'catkin_cmake_args': None, 'catkin_skip_building_tests': False, 'cmake_args': None, 'cmake_clean_cache': False, 'cmake_clean_first': False, 'cmake_force_configure': False, 'cmake_target': None, 'cmake_target_skip_unavailable': False, 'install_base': '/home/mr-cheng/Documents/ROS2/Car/install/robot_description', 'merge_install': False, 'path': '/home/mr-cheng/Documents/ROS2/Car/src/robot_description', 'symlink_install': False, 'test_result_base': None}
[1.381s] Level 5:colcon.colcon_core.verb:set package 'slam_gmapping' build argument 'cmake_args' from command line to 'None'
[1.381s] Level 5:colcon.colcon_core.verb:set package 'slam_gmapping' build argument 'cmake_target' from command line to 'None'
[1.381s] Level 5:colcon.colcon_core.verb:set package 'slam_gmapping' build argument 'cmake_target_skip_unavailable' from command line to 'False'
[1.382s] Level 5:colcon.colcon_core.verb:set package 'slam_gmapping' build argument 'cmake_clean_cache' from command line to 'False'
[1.382s] Level 5:colcon.colcon_core.verb:set package 'slam_gmapping' build argument 'cmake_clean_first' from command line to 'False'
[1.382s] Level 5:colcon.colcon_core.verb:set package 'slam_gmapping' build argument 'cmake_force_configure' from command line to 'False'
[1.382s] Level 5:colcon.colcon_core.verb:set package 'slam_gmapping' build argument 'ament_cmake_args' from command line to 'None'
[1.382s] Level 5:colcon.colcon_core.verb:set package 'slam_gmapping' build argument 'catkin_cmake_args' from command line to 'None'
[1.382s] Level 5:colcon.colcon_core.verb:set package 'slam_gmapping' build argument 'catkin_skip_building_tests' from command line to 'False'
[1.382s] DEBUG:colcon.colcon_core.verb:Building package 'slam_gmapping' with the following arguments: {'ament_cmake_args': None, 'build_base': '/home/mr-cheng/Documents/ROS2/Car/build/slam_gmapping', 'catkin_cmake_args': None, 'catkin_skip_building_tests': False, 'cmake_args': None, 'cmake_clean_cache': False, 'cmake_clean_first': False, 'cmake_force_configure': False, 'cmake_target': None, 'cmake_target_skip_unavailable': False, 'install_base': '/home/mr-cheng/Documents/ROS2/Car/install/slam_gmapping', 'merge_install': False, 'path': '/home/mr-cheng/Documents/ROS2/Car/src/slam_gmapping/slam_gmapping', 'symlink_install': False, 'test_result_base': None}
[1.382s] INFO:colcon.colcon_core.executor:Executing jobs using 'parallel' executor
[1.394s] DEBUG:colcon.colcon_parallel_executor.executor.parallel:run_until_complete
[1.394s] INFO:colcon.colcon_ros.task.ament_cmake.build:Building ROS package in '/home/mr-cheng/Documents/ROS2/Car/src/slam_gmapping/openslam_gmapping' with build type 'ament_cmake'
[1.394s] INFO:colcon.colcon_cmake.task.cmake.build:Building CMake package in '/home/mr-cheng/Documents/ROS2/Car/src/slam_gmapping/openslam_gmapping'
[1.415s] INFO:colcon.colcon_core.plugin_system:Skipping extension 'colcon_core.shell.bat': Not used on non-Windows systems
[1.415s] INFO:colcon.colcon_core.shell:Skip shell extension 'powershell' for command environment: Not usable outside of PowerShell
[1.416s] DEBUG:colcon.colcon_core.shell:Skip shell extension 'dsv' for command environment
[1.510s] INFO:colcon.colcon_ros.task.ament_cmake.build:Building ROS package in '/home/mr-cheng/Documents/ROS2/Car/src/car_nav2' with build type 'ament_cmake'
[1.510s] INFO:colcon.colcon_cmake.task.cmake.build:Building CMake package in '/home/mr-cheng/Documents/ROS2/Car/src/car_nav2'
[1.511s] INFO:colcon.colcon_core.shell:Skip shell extension 'powershell' for command environment: Not usable outside of PowerShell
[1.511s] DEBUG:colcon.colcon_core.shell:Skip shell extension 'dsv' for command environment
[1.555s] INFO:colcon.colcon_ros.task.ament_python.build:Building ROS package in '/home/mr-cheng/Documents/ROS2/Car/src/robot_description' with build type 'ament_python'
[1.555s] Level 1:colcon.colcon_core.shell:create_environment_hook('robot_description', 'ament_prefix_path')
[1.556s] INFO:colcon.colcon_core.shell:Creating environment hook '/home/mr-cheng/Documents/ROS2/Car/install/robot_description/share/robot_description/hook/ament_prefix_path.ps1'
[1.557s] INFO:colcon.colcon_core.shell:Creating environment descriptor '/home/mr-cheng/Documents/ROS2/Car/install/robot_description/share/robot_description/hook/ament_prefix_path.dsv'
[1.558s] INFO:colcon.colcon_core.shell:Creating environment hook '/home/mr-cheng/Documents/ROS2/Car/install/robot_description/share/robot_description/hook/ament_prefix_path.sh'
[1.560s] INFO:colcon.colcon_core.shell:Skip shell extension 'powershell' for command environment: Not usable outside of PowerShell
[1.560s] DEBUG:colcon.colcon_core.shell:Skip shell extension 'dsv' for command environment
[1.602s] DEBUG:colcon.colcon_core.event_handler.log_command:Invoking command in '/home/mr-cheng/Documents/ROS2/Car/build/openslam_gmapping': CMAKE_PREFIX_PATH=${CMAKE_PREFIX_PATH}:/home/mr-cheng/Documents/ROS2/Car/install/robot_description:/opt/ros/humble /usr/bin/cmake --build /home/mr-cheng/Documents/ROS2/Car/build/openslam_gmapping -- -j16 -l16
[2.503s] INFO:colcon.colcon_core.task.python.build:Building Python package in '/home/mr-cheng/Documents/ROS2/Car/src/robot_description'
[2.503s] INFO:colcon.colcon_core.shell:Skip shell extension 'powershell' for command environment: Not usable outside of PowerShell
[2.503s] DEBUG:colcon.colcon_core.shell:Skip shell extension 'dsv' for command environment
[2.548s] DEBUG:colcon.colcon_core.event_handler.log_command:Invoking command in '/home/mr-cheng/Documents/ROS2/Car/build/car_nav2': CMAKE_PREFIX_PATH=${CMAKE_PREFIX_PATH}:/home/mr-cheng/Documents/ROS2/Car/install/robot_description:/opt/ros/humble /usr/bin/cmake --build /home/mr-cheng/Documents/ROS2/Car/build/car_nav2 -- -j16 -l16
[2.710s] DEBUG:colcon.colcon_core.event_handler.log_command:Invoked command in '/home/mr-cheng/Documents/ROS2/Car/build/car_nav2' returned '0': CMAKE_PREFIX_PATH=${CMAKE_PREFIX_PATH}:/home/mr-cheng/Documents/ROS2/Car/install/robot_description:/opt/ros/humble /usr/bin/cmake --build /home/mr-cheng/Documents/ROS2/Car/build/car_nav2 -- -j16 -l16
[2.906s] DEBUG:colcon.colcon_core.event_handler.log_command:Invoked command in '/home/mr-cheng/Documents/ROS2/Car/build/openslam_gmapping' returned '0': CMAKE_PREFIX_PATH=${CMAKE_PREFIX_PATH}:/home/mr-cheng/Documents/ROS2/Car/install/robot_description:/opt/ros/humble /usr/bin/cmake --build /home/mr-cheng/Documents/ROS2/Car/build/openslam_gmapping -- -j16 -l16
[3.143s] DEBUG:colcon.colcon_core.event_handler.log_command:Invoking command in '/home/mr-cheng/Documents/ROS2/Car/build/car_nav2': CMAKE_PREFIX_PATH=${CMAKE_PREFIX_PATH}:/home/mr-cheng/Documents/ROS2/Car/install/robot_description:/opt/ros/humble /usr/bin/cmake --install /home/mr-cheng/Documents/ROS2/Car/build/car_nav2
[3.250s] Level 1:colcon.colcon_core.environment:create_environment_scripts_only(car_nav2)
[3.254s] DEBUG:colcon.colcon_core.event_handler.log_command:Invoked command in '/home/mr-cheng/Documents/ROS2/Car/build/car_nav2' returned '0': CMAKE_PREFIX_PATH=${CMAKE_PREFIX_PATH}:/home/mr-cheng/Documents/ROS2/Car/install/robot_description:/opt/ros/humble /usr/bin/cmake --install /home/mr-cheng/Documents/ROS2/Car/build/car_nav2
[3.261s] Level 1:colcon.colcon_core.environment:checking '/home/mr-cheng/Documents/ROS2/Car/install/car_nav2' for CMake module files
[3.268s] Level 1:colcon.colcon_core.environment:checking '/home/mr-cheng/Documents/ROS2/Car/install/car_nav2' for CMake config files
[3.268s] Level 1:colcon.colcon_core.shell:create_environment_hook('car_nav2', 'cmake_prefix_path')
[3.269s] INFO:colcon.colcon_core.shell:Creating environment hook '/home/mr-cheng/Documents/ROS2/Car/install/car_nav2/share/car_nav2/hook/cmake_prefix_path.ps1'
[3.273s] INFO:colcon.colcon_core.shell:Creating environment descriptor '/home/mr-cheng/Documents/ROS2/Car/install/car_nav2/share/car_nav2/hook/cmake_prefix_path.dsv'
[3.281s] INFO:colcon.colcon_core.shell:Creating environment hook '/home/mr-cheng/Documents/ROS2/Car/install/car_nav2/share/car_nav2/hook/cmake_prefix_path.sh'
[3.288s] Level 1:colcon.colcon_core.environment:checking '/home/mr-cheng/Documents/ROS2/Car/install/car_nav2/bin'
[3.289s] Level 1:colcon.colcon_core.environment:checking '/home/mr-cheng/Documents/ROS2/Car/install/car_nav2/lib/pkgconfig/car_nav2.pc'
[3.290s] Level 1:colcon.colcon_core.environment:checking '/home/mr-cheng/Documents/ROS2/Car/install/car_nav2/lib/python3.10/site-packages'
[3.290s] Level 1:colcon.colcon_core.environment:checking '/home/mr-cheng/Documents/ROS2/Car/install/car_nav2/bin'
[3.291s] INFO:colcon.colcon_core.shell:Creating package script '/home/mr-cheng/Documents/ROS2/Car/install/car_nav2/share/car_nav2/package.ps1'
[3.298s] INFO:colcon.colcon_core.shell:Creating package descriptor '/home/mr-cheng/Documents/ROS2/Car/install/car_nav2/share/car_nav2/package.dsv'
[3.313s] INFO:colcon.colcon_core.shell:Creating package script '/home/mr-cheng/Documents/ROS2/Car/install/car_nav2/share/car_nav2/package.sh'
[3.327s] INFO:colcon.colcon_core.shell:Creating package script '/home/mr-cheng/Documents/ROS2/Car/install/car_nav2/share/car_nav2/package.bash'
[3.329s] INFO:colcon.colcon_core.shell:Creating package script '/home/mr-cheng/Documents/ROS2/Car/install/car_nav2/share/car_nav2/package.zsh'
[3.330s] Level 1:colcon.colcon_core.environment:create_file_with_runtime_dependencies(/home/mr-cheng/Documents/ROS2/Car/install/car_nav2/share/colcon-core/packages/car_nav2)
[3.475s] DEBUG:colcon.colcon_core.event_handler.log_command:Invoking command in '/home/mr-cheng/Documents/ROS2/Car/build/openslam_gmapping': CMAKE_PREFIX_PATH=${CMAKE_PREFIX_PATH}:/home/mr-cheng/Documents/ROS2/Car/install/robot_description:/opt/ros/humble /usr/bin/cmake --install /home/mr-cheng/Documents/ROS2/Car/build/openslam_gmapping
[3.535s] Level 1:colcon.colcon_core.environment:create_environment_scripts_only(openslam_gmapping)
[3.536s] Level 1:colcon.colcon_core.environment:checking '/home/mr-cheng/Documents/ROS2/Car/install/openslam_gmapping' for CMake module files
[3.537s] Level 1:colcon.colcon_core.environment:checking '/home/mr-cheng/Documents/ROS2/Car/install/openslam_gmapping' for CMake config files
[3.538s] Level 1:colcon.colcon_core.shell:create_environment_hook('openslam_gmapping', 'cmake_prefix_path')
[3.538s] INFO:colcon.colcon_core.shell:Creating environment hook '/home/mr-cheng/Documents/ROS2/Car/install/openslam_gmapping/share/openslam_gmapping/hook/cmake_prefix_path.ps1'
[3.539s] INFO:colcon.colcon_core.shell:Creating environment descriptor '/home/mr-cheng/Documents/ROS2/Car/install/openslam_gmapping/share/openslam_gmapping/hook/cmake_prefix_path.dsv'
[3.540s] INFO:colcon.colcon_core.shell:Creating environment hook '/home/mr-cheng/Documents/ROS2/Car/install/openslam_gmapping/share/openslam_gmapping/hook/cmake_prefix_path.sh'
[3.541s] Level 1:colcon.colcon_core.environment:checking '/home/mr-cheng/Documents/ROS2/Car/install/openslam_gmapping/lib'
[3.541s] Level 1:colcon.colcon_core.environment:checking '/home/mr-cheng/Documents/ROS2/Car/install/openslam_gmapping/bin'
[3.541s] Level 1:colcon.colcon_core.environment:checking '/home/mr-cheng/Documents/ROS2/Car/install/openslam_gmapping/lib/pkgconfig/openslam_gmapping.pc'
[3.542s] Level 1:colcon.colcon_core.environment:checking '/home/mr-cheng/Documents/ROS2/Car/install/openslam_gmapping/lib/python3.10/site-packages'
[3.542s] Level 1:colcon.colcon_core.environment:checking '/home/mr-cheng/Documents/ROS2/Car/install/openslam_gmapping/bin'
[3.543s] INFO:colcon.colcon_core.shell:Creating package script '/home/mr-cheng/Documents/ROS2/Car/install/openslam_gmapping/share/openslam_gmapping/package.ps1'
[3.555s] DEBUG:colcon.colcon_core.event_handler.log_command:Invoked command in '/home/mr-cheng/Documents/ROS2/Car/build/openslam_gmapping' returned '0': CMAKE_PREFIX_PATH=${CMAKE_PREFIX_PATH}:/home/mr-cheng/Documents/ROS2/Car/install/robot_description:/opt/ros/humble /usr/bin/cmake --install /home/mr-cheng/Documents/ROS2/Car/build/openslam_gmapping
[3.556s] INFO:colcon.colcon_core.shell:Creating package descriptor '/home/mr-cheng/Documents/ROS2/Car/install/openslam_gmapping/share/openslam_gmapping/package.dsv'
[3.557s] INFO:colcon.colcon_core.shell:Creating package script '/home/mr-cheng/Documents/ROS2/Car/install/openslam_gmapping/share/openslam_gmapping/package.sh'
[3.558s] INFO:colcon.colcon_core.shell:Creating package script '/home/mr-cheng/Documents/ROS2/Car/install/openslam_gmapping/share/openslam_gmapping/package.bash'
[3.559s] INFO:colcon.colcon_core.shell:Creating package script '/home/mr-cheng/Documents/ROS2/Car/install/openslam_gmapping/share/openslam_gmapping/package.zsh'
[3.559s] Level 1:colcon.colcon_core.environment:create_file_with_runtime_dependencies(/home/mr-cheng/Documents/ROS2/Car/install/openslam_gmapping/share/colcon-core/packages/openslam_gmapping)
[3.665s] Level 1:colcon.colcon_core.environment:create_environment_scripts_only(car_nav2)
[3.666s] Level 1:colcon.colcon_core.environment:checking '/home/mr-cheng/Documents/ROS2/Car/install/car_nav2' for CMake module files
[3.667s] Level 1:colcon.colcon_core.environment:checking '/home/mr-cheng/Documents/ROS2/Car/install/car_nav2' for CMake config files
[3.668s] Level 1:colcon.colcon_core.shell:create_environment_hook('car_nav2', 'cmake_prefix_path')
[3.668s] INFO:colcon.colcon_core.shell:Creating environment hook '/home/mr-cheng/Documents/ROS2/Car/install/car_nav2/share/car_nav2/hook/cmake_prefix_path.ps1'
[3.669s] INFO:colcon.colcon_core.shell:Creating environment descriptor '/home/mr-cheng/Documents/ROS2/Car/install/car_nav2/share/car_nav2/hook/cmake_prefix_path.dsv'
[3.670s] INFO:colcon.colcon_core.shell:Creating environment hook '/home/mr-cheng/Documents/ROS2/Car/install/car_nav2/share/car_nav2/hook/cmake_prefix_path.sh'
[3.671s] Level 1:colcon.colcon_core.environment:checking '/home/mr-cheng/Documents/ROS2/Car/install/car_nav2/bin'
[3.671s] Level 1:colcon.colcon_core.environment:checking '/home/mr-cheng/Documents/ROS2/Car/install/car_nav2/lib/pkgconfig/car_nav2.pc'
[3.671s] Level 1:colcon.colcon_core.environment:checking '/home/mr-cheng/Documents/ROS2/Car/install/car_nav2/lib/python3.10/site-packages'
[3.672s] Level 1:colcon.colcon_core.environment:checking '/home/mr-cheng/Documents/ROS2/Car/install/car_nav2/bin'
[3.672s] INFO:colcon.colcon_core.shell:Creating package script '/home/mr-cheng/Documents/ROS2/Car/install/car_nav2/share/car_nav2/package.ps1'
[3.673s] INFO:colcon.colcon_core.shell:Creating package descriptor '/home/mr-cheng/Documents/ROS2/Car/install/car_nav2/share/car_nav2/package.dsv'
[3.674s] INFO:colcon.colcon_core.shell:Creating package script '/home/mr-cheng/Documents/ROS2/Car/install/car_nav2/share/car_nav2/package.sh'
[3.675s] INFO:colcon.colcon_core.shell:Creating package script '/home/mr-cheng/Documents/ROS2/Car/install/car_nav2/share/car_nav2/package.bash'
[3.676s] INFO:colcon.colcon_core.shell:Creating package script '/home/mr-cheng/Documents/ROS2/Car/install/car_nav2/share/car_nav2/package.zsh'
[3.685s] Level 1:colcon.colcon_core.environment:create_file_with_runtime_dependencies(/home/mr-cheng/Documents/ROS2/Car/install/car_nav2/share/colcon-core/packages/car_nav2)
[4.061s] Level 1:colcon.colcon_core.environment:create_environment_scripts_only(openslam_gmapping)
[4.062s] Level 1:colcon.colcon_core.environment:checking '/home/mr-cheng/Documents/ROS2/Car/install/openslam_gmapping' for CMake module files
[4.063s] Level 1:colcon.colcon_core.environment:checking '/home/mr-cheng/Documents/ROS2/Car/install/openslam_gmapping' for CMake config files
[4.064s] Level 1:colcon.colcon_core.shell:create_environment_hook('openslam_gmapping', 'cmake_prefix_path')
[4.064s] INFO:colcon.colcon_core.shell:Creating environment hook '/home/mr-cheng/Documents/ROS2/Car/install/openslam_gmapping/share/openslam_gmapping/hook/cmake_prefix_path.ps1'
[4.065s] INFO:colcon.colcon_core.shell:Creating environment descriptor '/home/mr-cheng/Documents/ROS2/Car/install/openslam_gmapping/share/openslam_gmapping/hook/cmake_prefix_path.dsv'
[4.066s] INFO:colcon.colcon_core.shell:Creating environment hook '/home/mr-cheng/Documents/ROS2/Car/install/openslam_gmapping/share/openslam_gmapping/hook/cmake_prefix_path.sh'
[4.067s] Level 1:colcon.colcon_core.environment:checking '/home/mr-cheng/Documents/ROS2/Car/install/openslam_gmapping/lib'
[4.067s] Level 1:colcon.colcon_core.environment:checking '/home/mr-cheng/Documents/ROS2/Car/install/openslam_gmapping/bin'
[4.067s] Level 1:colcon.colcon_core.environment:checking '/home/mr-cheng/Documents/ROS2/Car/install/openslam_gmapping/lib/pkgconfig/openslam_gmapping.pc'
[4.068s] Level 1:colcon.colcon_core.environment:checking '/home/mr-cheng/Documents/ROS2/Car/install/openslam_gmapping/lib/python3.10/site-packages'
[4.068s] Level 1:colcon.colcon_core.environment:checking '/home/mr-cheng/Documents/ROS2/Car/install/openslam_gmapping/bin'
[4.069s] INFO:colcon.colcon_core.shell:Creating package script '/home/mr-cheng/Documents/ROS2/Car/install/openslam_gmapping/share/openslam_gmapping/package.ps1'
[4.070s] INFO:colcon.colcon_core.shell:Creating package descriptor '/home/mr-cheng/Documents/ROS2/Car/install/openslam_gmapping/share/openslam_gmapping/package.dsv'
[4.071s] INFO:colcon.colcon_core.shell:Creating package script '/home/mr-cheng/Documents/ROS2/Car/install/openslam_gmapping/share/openslam_gmapping/package.sh'
[4.072s] INFO:colcon.colcon_core.shell:Creating package script '/home/mr-cheng/Documents/ROS2/Car/install/openslam_gmapping/share/openslam_gmapping/package.bash'
[4.073s] INFO:colcon.colcon_core.shell:Creating package script '/home/mr-cheng/Documents/ROS2/Car/install/openslam_gmapping/share/openslam_gmapping/package.zsh'
[4.073s] Level 1:colcon.colcon_core.environment:create_file_with_runtime_dependencies(/home/mr-cheng/Documents/ROS2/Car/install/openslam_gmapping/share/colcon-core/packages/openslam_gmapping)
[4.075s] INFO:colcon.colcon_ros.task.ament_cmake.build:Building ROS package in '/home/mr-cheng/Documents/ROS2/Car/src/slam_gmapping/slam_gmapping' with build type 'ament_cmake'
[4.075s] INFO:colcon.colcon_cmake.task.cmake.build:Building CMake package in '/home/mr-cheng/Documents/ROS2/Car/src/slam_gmapping/slam_gmapping'
[4.076s] INFO:colcon.colcon_core.shell:Skip shell extension 'powershell' for command environment: Not usable outside of PowerShell
[4.076s] DEBUG:colcon.colcon_core.shell:Skip shell extension 'dsv' for command environment
[4.188s] DEBUG:colcon.colcon_core.event_handler.log_command:Invoking command in '/home/mr-cheng/Documents/ROS2/Car/src/robot_description': PYTHONPATH=/home/mr-cheng/Documents/ROS2/Car/build/robot_description/prefix_override:/home/mr-cheng/Documents/ROS2/Car/install/robot_description/lib/python3.10/site-packages:${PYTHONPATH} /usr/bin/python3 -W ignore:setup.py install is deprecated setup.py egg_info --egg-base ../../build/robot_description build --build-base /home/mr-cheng/Documents/ROS2/Car/build/robot_description/build install --record /home/mr-cheng/Documents/ROS2/Car/build/robot_description/install.log --single-version-externally-managed install_data
[4.226s] DEBUG:colcon.colcon_core.event_handler.log_command:Invoking command in '/home/mr-cheng/Documents/ROS2/Car/build/slam_gmapping': CMAKE_PREFIX_PATH=/home/mr-cheng/Documents/ROS2/Car/install/openslam_gmapping:/home/mr-cheng/Documents/ROS2/Car/install/slam_gmapping:/home/mr-cheng/Documents/ROS2/Car/install/car_nav2:/home/mr-cheng/Bag/fastdds/install/fastrtps:/home/mr-cheng/Bag/fastdds/install/foonathan_memory_vendor:/home/mr-cheng/Bag/fastdds/install/fastcdr:/home/mr-cheng/Documents/ROS2/Car/install/robot_description:/opt/ros/humble /usr/bin/cmake --build /home/mr-cheng/Documents/ROS2/Car/build/slam_gmapping -- -j16 -l16
[4.702s] DEBUG:colcon.colcon_core.event_handler.log_command:Invoked command in '/home/mr-cheng/Documents/ROS2/Car/build/slam_gmapping' returned '0': CMAKE_PREFIX_PATH=/home/mr-cheng/Documents/ROS2/Car/install/openslam_gmapping:/home/mr-cheng/Documents/ROS2/Car/install/slam_gmapping:/home/mr-cheng/Documents/ROS2/Car/install/car_nav2:/home/mr-cheng/Bag/fastdds/install/fastrtps:/home/mr-cheng/Bag/fastdds/install/foonathan_memory_vendor:/home/mr-cheng/Bag/fastdds/install/fastcdr:/home/mr-cheng/Documents/ROS2/Car/install/robot_description:/opt/ros/humble /usr/bin/cmake --build /home/mr-cheng/Documents/ROS2/Car/build/slam_gmapping -- -j16 -l16
[5.232s] DEBUG:colcon.colcon_core.event_handler.log_command:Invoking command in '/home/mr-cheng/Documents/ROS2/Car/build/slam_gmapping': CMAKE_PREFIX_PATH=/home/mr-cheng/Documents/ROS2/Car/install/openslam_gmapping:/home/mr-cheng/Documents/ROS2/Car/install/slam_gmapping:/home/mr-cheng/Documents/ROS2/Car/install/car_nav2:/home/mr-cheng/Bag/fastdds/install/fastrtps:/home/mr-cheng/Bag/fastdds/install/foonathan_memory_vendor:/home/mr-cheng/Bag/fastdds/install/fastcdr:/home/mr-cheng/Documents/ROS2/Car/install/robot_description:/opt/ros/humble /usr/bin/cmake --install /home/mr-cheng/Documents/ROS2/Car/build/slam_gmapping
[5.319s] Level 1:colcon.colcon_core.environment:create_environment_scripts_only(slam_gmapping)
[5.320s] Level 1:colcon.colcon_core.environment:checking '/home/mr-cheng/Documents/ROS2/Car/install/slam_gmapping' for CMake module files
[5.321s] Level 1:colcon.colcon_core.environment:checking '/home/mr-cheng/Documents/ROS2/Car/install/slam_gmapping' for CMake config files
[5.322s] Level 1:colcon.colcon_core.shell:create_environment_hook('slam_gmapping', 'cmake_prefix_path')
[5.322s] INFO:colcon.colcon_core.shell:Creating environment hook '/home/mr-cheng/Documents/ROS2/Car/install/slam_gmapping/share/slam_gmapping/hook/cmake_prefix_path.ps1'
[5.323s] INFO:colcon.colcon_core.shell:Creating environment descriptor '/home/mr-cheng/Documents/ROS2/Car/install/slam_gmapping/share/slam_gmapping/hook/cmake_prefix_path.dsv'
[5.324s] DEBUG:colcon.colcon_core.event_handler.log_command:Invoked command in '/home/mr-cheng/Documents/ROS2/Car/build/slam_gmapping' returned '0': CMAKE_PREFIX_PATH=/home/mr-cheng/Documents/ROS2/Car/install/openslam_gmapping:/home/mr-cheng/Documents/ROS2/Car/install/slam_gmapping:/home/mr-cheng/Documents/ROS2/Car/install/car_nav2:/home/mr-cheng/Bag/fastdds/install/fastrtps:/home/mr-cheng/Bag/fastdds/install/foonathan_memory_vendor:/home/mr-cheng/Bag/fastdds/install/fastcdr:/home/mr-cheng/Documents/ROS2/Car/install/robot_description:/opt/ros/humble /usr/bin/cmake --install /home/mr-cheng/Documents/ROS2/Car/build/slam_gmapping
[5.324s] INFO:colcon.colcon_core.shell:Creating environment hook '/home/mr-cheng/Documents/ROS2/Car/install/slam_gmapping/share/slam_gmapping/hook/cmake_prefix_path.sh'
[5.325s] Level 1:colcon.colcon_core.environment:checking '/home/mr-cheng/Documents/ROS2/Car/install/slam_gmapping/lib'
[5.326s] Level 1:colcon.colcon_core.environment:checking '/home/mr-cheng/Documents/ROS2/Car/install/slam_gmapping/bin'
[5.326s] Level 1:colcon.colcon_core.environment:checking '/home/mr-cheng/Documents/ROS2/Car/install/slam_gmapping/lib/pkgconfig/slam_gmapping.pc'
[5.327s] Level 1:colcon.colcon_core.environment:checking '/home/mr-cheng/Documents/ROS2/Car/install/slam_gmapping/lib/python3.10/site-packages'
[5.329s] Level 1:colcon.colcon_core.environment:checking '/home/mr-cheng/Documents/ROS2/Car/install/slam_gmapping/bin'
[5.330s] INFO:colcon.colcon_core.shell:Creating package script '/home/mr-cheng/Documents/ROS2/Car/install/slam_gmapping/share/slam_gmapping/package.ps1'
[5.331s] INFO:colcon.colcon_core.shell:Creating package descriptor '/home/mr-cheng/Documents/ROS2/Car/install/slam_gmapping/share/slam_gmapping/package.dsv'
[5.332s] INFO:colcon.colcon_core.shell:Creating package script '/home/mr-cheng/Documents/ROS2/Car/install/slam_gmapping/share/slam_gmapping/package.sh'
[5.332s] INFO:colcon.colcon_core.shell:Creating package script '/home/mr-cheng/Documents/ROS2/Car/install/slam_gmapping/share/slam_gmapping/package.bash'
[5.333s] INFO:colcon.colcon_core.shell:Creating package script '/home/mr-cheng/Documents/ROS2/Car/install/slam_gmapping/share/slam_gmapping/package.zsh'
[5.334s] Level 1:colcon.colcon_core.environment:create_file_with_runtime_dependencies(/home/mr-cheng/Documents/ROS2/Car/install/slam_gmapping/share/colcon-core/packages/slam_gmapping)
[5.447s] Level 1:colcon.colcon_core.environment:create_environment_scripts_only(slam_gmapping)
[5.447s] Level 1:colcon.colcon_core.environment:checking '/home/mr-cheng/Documents/ROS2/Car/install/slam_gmapping' for CMake module files
[5.448s] Level 1:colcon.colcon_core.environment:checking '/home/mr-cheng/Documents/ROS2/Car/install/slam_gmapping' for CMake config files
[5.449s] Level 1:colcon.colcon_core.shell:create_environment_hook('slam_gmapping', 'cmake_prefix_path')
[5.449s] INFO:colcon.colcon_core.shell:Creating environment hook '/home/mr-cheng/Documents/ROS2/Car/install/slam_gmapping/share/slam_gmapping/hook/cmake_prefix_path.ps1'
[5.450s] INFO:colcon.colcon_core.shell:Creating environment descriptor '/home/mr-cheng/Documents/ROS2/Car/install/slam_gmapping/share/slam_gmapping/hook/cmake_prefix_path.dsv'
[5.451s] INFO:colcon.colcon_core.shell:Creating environment hook '/home/mr-cheng/Documents/ROS2/Car/install/slam_gmapping/share/slam_gmapping/hook/cmake_prefix_path.sh'
[5.452s] Level 1:colcon.colcon_core.environment:checking '/home/mr-cheng/Documents/ROS2/Car/install/slam_gmapping/lib'
[5.452s] Level 1:colcon.colcon_core.environment:checking '/home/mr-cheng/Documents/ROS2/Car/install/slam_gmapping/bin'
[5.452s] Level 1:colcon.colcon_core.environment:checking '/home/mr-cheng/Documents/ROS2/Car/install/slam_gmapping/lib/pkgconfig/slam_gmapping.pc'
[5.453s] Level 1:colcon.colcon_core.environment:checking '/home/mr-cheng/Documents/ROS2/Car/install/slam_gmapping/lib/python3.10/site-packages'
[5.453s] Level 1:colcon.colcon_core.environment:checking '/home/mr-cheng/Documents/ROS2/Car/install/slam_gmapping/bin'
[5.454s] INFO:colcon.colcon_core.shell:Creating package script '/home/mr-cheng/Documents/ROS2/Car/install/slam_gmapping/share/slam_gmapping/package.ps1'
[5.455s] INFO:colcon.colcon_core.shell:Creating package descriptor '/home/mr-cheng/Documents/ROS2/Car/install/slam_gmapping/share/slam_gmapping/package.dsv'
[5.456s] INFO:colcon.colcon_core.shell:Creating package script '/home/mr-cheng/Documents/ROS2/Car/install/slam_gmapping/share/slam_gmapping/package.sh'
[5.456s] INFO:colcon.colcon_core.shell:Creating package script '/home/mr-cheng/Documents/ROS2/Car/install/slam_gmapping/share/slam_gmapping/package.bash'
[5.457s] INFO:colcon.colcon_core.shell:Creating package script '/home/mr-cheng/Documents/ROS2/Car/install/slam_gmapping/share/slam_gmapping/package.zsh'
[5.458s] Level 1:colcon.colcon_core.environment:create_file_with_runtime_dependencies(/home/mr-cheng/Documents/ROS2/Car/install/slam_gmapping/share/colcon-core/packages/slam_gmapping)
[6.316s] Level 1:colcon.colcon_core.environment:checking '/home/mr-cheng/Documents/ROS2/Car/install/robot_description' for CMake module files
[6.317s] Level 1:colcon.colcon_core.environment:checking '/home/mr-cheng/Documents/ROS2/Car/install/robot_description' for CMake config files
[6.319s] Level 1:colcon.colcon_core.environment:checking '/home/mr-cheng/Documents/ROS2/Car/install/robot_description/lib'
[6.319s] Level 1:colcon.colcon_core.environment:checking '/home/mr-cheng/Documents/ROS2/Car/install/robot_description/bin'
[6.319s] Level 1:colcon.colcon_core.environment:checking '/home/mr-cheng/Documents/ROS2/Car/install/robot_description/lib/pkgconfig/robot_description.pc'
[6.320s] Level 1:colcon.colcon_core.environment:checking '/home/mr-cheng/Documents/ROS2/Car/install/robot_description/lib/python3.10/site-packages'
[6.320s] Level 1:colcon.colcon_core.shell:create_environment_hook('robot_description', 'pythonpath')
[6.320s] INFO:colcon.colcon_core.shell:Creating environment hook '/home/mr-cheng/Documents/ROS2/Car/install/robot_description/share/robot_description/hook/pythonpath.ps1'
[6.321s] INFO:colcon.colcon_core.shell:Creating environment descriptor '/home/mr-cheng/Documents/ROS2/Car/install/robot_description/share/robot_description/hook/pythonpath.dsv'
[6.321s] DEBUG:colcon.colcon_core.event_handler.log_command:Invoked command in '/home/mr-cheng/Documents/ROS2/Car/src/robot_description' returned '0': PYTHONPATH=/home/mr-cheng/Documents/ROS2/Car/build/robot_description/prefix_override:/home/mr-cheng/Documents/ROS2/Car/install/robot_description/lib/python3.10/site-packages:${PYTHONPATH} /usr/bin/python3 -W ignore:setup.py install is deprecated setup.py egg_info --egg-base ../../build/robot_description build --build-base /home/mr-cheng/Documents/ROS2/Car/build/robot_description/build install --record /home/mr-cheng/Documents/ROS2/Car/build/robot_description/install.log --single-version-externally-managed install_data
[6.322s] INFO:colcon.colcon_core.shell:Creating environment hook '/home/mr-cheng/Documents/ROS2/Car/install/robot_description/share/robot_description/hook/pythonpath.sh'
[6.323s] Level 1:colcon.colcon_core.environment:checking '/home/mr-cheng/Documents/ROS2/Car/install/robot_description/bin'
[6.324s] Level 1:colcon.colcon_core.environment:create_environment_scripts_only(robot_description)
[6.324s] INFO:colcon.colcon_core.shell:Creating package script '/home/mr-cheng/Documents/ROS2/Car/install/robot_description/share/robot_description/package.ps1'
[6.325s] INFO:colcon.colcon_core.shell:Creating package descriptor '/home/mr-cheng/Documents/ROS2/Car/install/robot_description/share/robot_description/package.dsv'
[6.326s] INFO:colcon.colcon_core.shell:Creating package script '/home/mr-cheng/Documents/ROS2/Car/install/robot_description/share/robot_description/package.sh'
[6.327s] INFO:colcon.colcon_core.shell:Creating package script '/home/mr-cheng/Documents/ROS2/Car/install/robot_description/share/robot_description/package.bash'
[6.328s] INFO:colcon.colcon_core.shell:Creating package script '/home/mr-cheng/Documents/ROS2/Car/install/robot_description/share/robot_description/package.zsh'
[6.334s] Level 1:colcon.colcon_core.environment:create_file_with_runtime_dependencies(/home/mr-cheng/Documents/ROS2/Car/install/robot_description/share/colcon-core/packages/robot_description)
[6.338s] DEBUG:colcon.colcon_parallel_executor.executor.parallel:closing loop
[6.338s] DEBUG:colcon.colcon_parallel_executor.executor.parallel:loop closed
[6.338s] DEBUG:colcon.colcon_parallel_executor.executor.parallel:run_until_complete finished with '0'
[6.339s] DEBUG:colcon.colcon_core.event_reactor:joining thread
[6.362s] INFO:colcon.colcon_core.plugin_system:Skipping extension 'colcon_notification.desktop_notification.terminal_notifier': Not used on non-Darwin systems
[6.363s] INFO:colcon.colcon_core.plugin_system:Skipping extension 'colcon_notification.desktop_notification.win32': Not used on non-Windows systems
[6.363s] INFO:colcon.colcon_notification.desktop_notification:Sending desktop notification using 'notify2'
[6.408s] DEBUG:colcon.colcon_core.event_reactor:joined thread
[6.409s] INFO:colcon.colcon_core.shell:Creating prefix script '/home/mr-cheng/Documents/ROS2/Car/install/local_setup.ps1'
[6.411s] INFO:colcon.colcon_core.shell:Creating prefix util module '/home/mr-cheng/Documents/ROS2/Car/install/_local_setup_util_ps1.py'
[6.414s] INFO:colcon.colcon_core.shell:Creating prefix chain script '/home/mr-cheng/Documents/ROS2/Car/install/setup.ps1'
[6.419s] INFO:colcon.colcon_core.shell:Creating prefix script '/home/mr-cheng/Documents/ROS2/Car/install/local_setup.sh'
[6.425s] INFO:colcon.colcon_core.shell:Creating prefix util module '/home/mr-cheng/Documents/ROS2/Car/install/_local_setup_util_sh.py'
[6.430s] INFO:colcon.colcon_core.shell:Creating prefix chain script '/home/mr-cheng/Documents/ROS2/Car/install/setup.sh'
[6.432s] INFO:colcon.colcon_core.shell:Creating prefix script '/home/mr-cheng/Documents/ROS2/Car/install/local_setup.bash'
[6.443s] INFO:colcon.colcon_core.shell:Creating prefix chain script '/home/mr-cheng/Documents/ROS2/Car/install/setup.bash'
[6.446s] INFO:colcon.colcon_core.shell:Creating prefix script '/home/mr-cheng/Documents/ROS2/Car/install/local_setup.zsh'
[6.447s] INFO:colcon.colcon_core.shell:Creating prefix chain script '/home/mr-cheng/Documents/ROS2/Car/install/setup.zsh'
