[0.828s] Invoking command in '/home/mr-cheng/Documents/ROS2/Car/src/robot_description': PYTHONPATH=/home/mr-cheng/Documents/ROS2/Car/build/robot_description/prefix_override:/home/mr-cheng/Documents/ROS2/Car/install/robot_description/lib/python3.10/site-packages:${PYTHONPATH} /usr/bin/python3 setup.py egg_info --egg-base ../../build/robot_description build --build-base /home/mr-cheng/Documents/ROS2/Car/build/robot_description/build install --record /home/mr-cheng/Documents/ROS2/Car/build/robot_description/install.log --single-version-externally-managed
[1.115s] running egg_info
[1.115s] writing ../../build/robot_description/robot_description.egg-info/PKG-INFO
[1.116s] writing dependency_links to ../../build/robot_description/robot_description.egg-info/dependency_links.txt
[1.116s] writing entry points to ../../build/robot_description/robot_description.egg-info/entry_points.txt
[1.116s] writing requirements to ../../build/robot_description/robot_description.egg-info/requires.txt
[1.116s] writing top-level names to ../../build/robot_description/robot_description.egg-info/top_level.txt
[1.118s] reading manifest file '../../build/robot_description/robot_description.egg-info/SOURCES.txt'
[1.119s] writing manifest file '../../build/robot_description/robot_description.egg-info/SOURCES.txt'
[1.119s] running build
[1.119s] running build_py
[1.119s] running install
[1.119s] /usr/lib/python3/dist-packages/setuptools/command/install.py:34: SetuptoolsDeprecationWarning: setup.py install is deprecated. Use build and pip and other standards-based tools.
[1.119s]   warnings.warn(
[1.120s] running install_lib
[1.120s] running install_data
[1.121s] copying urdf/robot_gazebo.urdf -> /home/mr-cheng/Documents/ROS2/Car/install/robot_description/share/robot_description/urdf
[1.121s] running install_egg_info
[1.123s] removing '/home/mr-cheng/Documents/ROS2/Car/install/robot_description/lib/python3.10/site-packages/robot_description-0.0.0-py3.10.egg-info' (and everything under it)
[1.123s] Copying ../../build/robot_description/robot_description.egg-info to /home/mr-cheng/Documents/ROS2/Car/install/robot_description/lib/python3.10/site-packages/robot_description-0.0.0-py3.10.egg-info
[1.124s] running install_scripts
[1.142s] writing list of installed files to '/home/mr-cheng/Documents/ROS2/Car/build/robot_description/install.log'
[1.160s] Invoked command in '/home/mr-cheng/Documents/ROS2/Car/src/robot_description' returned '0': PYTHONPATH=/home/mr-cheng/Documents/ROS2/Car/build/robot_description/prefix_override:/home/mr-cheng/Documents/ROS2/Car/install/robot_description/lib/python3.10/site-packages:${PYTHONPATH} /usr/bin/python3 setup.py egg_info --egg-base ../../build/robot_description build --build-base /home/mr-cheng/Documents/ROS2/Car/build/robot_description/build install --record /home/mr-cheng/Documents/ROS2/Car/build/robot_description/install.log --single-version-externally-managed
