[0.959s] DEBUG:colcon:Command line arguments: ['/usr/bin/colcon', 'build']
[0.959s] DEBUG:colcon:Parsed command line arguments: Namespace(log_base=None, log_level=None, verb_name='build', build_base='build', install_base='install', merge_install=False, symlink_install=False, test_result_base=None, continue_on_error=False, executor='parallel', parallel_workers=16, event_handlers=None, ignore_user_meta=False, metas=['./colcon.meta'], base_paths=['.'], packages_ignore=None, packages_ignore_regex=None, paths=None, packages_up_to=None, packages_up_to_regex=None, packages_above=None, packages_above_and_dependencies=None, packages_above_depth=None, packages_select_by_dep=None, packages_skip_by_dep=None, packages_skip_up_to=None, packages_select_build_failed=False, packages_skip_build_finished=False, packages_select_test_failures=False, packages_skip_test_passed=False, packages_select=None, packages_skip=None, packages_select_regex=None, packages_skip_regex=None, packages_start=None, packages_end=None, allow_overriding=[], cmake_args=None, cmake_target=None, cmake_target_skip_unavailable=False, cmake_clean_cache=False, cmake_clean_first=False, cmake_force_configure=False, ament_cmake_args=None, catkin_cmake_args=None, catkin_skip_building_tests=False, verb_parser=<colcon_defaults.argument_parser.defaults.DefaultArgumentsDecorator object at 0x7f2d12fcf400>, verb_extension=<colcon_core.verb.build.BuildVerb object at 0x7f2d12f4d900>, main=<bound method BuildVerb.main of <colcon_core.verb.build.BuildVerb object at 0x7f2d12f4d900>>)
[1.003s] Level 1:colcon.colcon_core.package_discovery:discover_packages(colcon_meta) check parameters
[1.003s] Level 1:colcon.colcon_core.package_discovery:discover_packages(recursive) check parameters
[1.003s] Level 1:colcon.colcon_core.package_discovery:discover_packages(ignore) check parameters
[1.003s] Level 1:colcon.colcon_core.package_discovery:discover_packages(path) check parameters
[1.004s] Level 1:colcon.colcon_core.package_discovery:discover_packages(colcon_meta) discover
[1.004s] Level 1:colcon.colcon_core.package_discovery:discover_packages(recursive) discover
[1.004s] INFO:colcon.colcon_core.package_discovery:Crawling recursively for packages in '/home/mr-cheng/Desktop/Car/Wireless_Lidar/extra_packages'
[1.004s] Level 1:colcon.colcon_core.package_identification:_identify(.) by extensions ['ignore', 'ignore_ament_install']
[1.004s] Level 1:colcon.colcon_core.package_identification:_identify(.) by extension 'ignore'
[1.004s] Level 1:colcon.colcon_core.package_identification:_identify(.) by extension 'ignore_ament_install'
[1.004s] Level 1:colcon.colcon_core.package_identification:_identify(.) by extensions ['colcon_pkg']
[1.004s] Level 1:colcon.colcon_core.package_identification:_identify(.) by extension 'colcon_pkg'
[1.004s] Level 1:colcon.colcon_core.package_identification:_identify(.) by extensions ['colcon_meta']
[1.004s] Level 1:colcon.colcon_core.package_identification:_identify(.) by extension 'colcon_meta'
[1.004s] Level 1:colcon.colcon_core.package_identification:_identify(.) by extensions ['ros']
[1.004s] Level 1:colcon.colcon_core.package_identification:_identify(.) by extension 'ros'
[1.025s] Level 1:colcon.colcon_core.package_identification:_identify(.) by extensions ['cmake', 'python']
[1.025s] Level 1:colcon.colcon_core.package_identification:_identify(.) by extension 'cmake'
[1.025s] Level 1:colcon.colcon_core.package_identification:_identify(.) by extension 'python'
[1.025s] Level 1:colcon.colcon_core.package_identification:_identify(.) by extensions ['python_setup_py']
[1.025s] Level 1:colcon.colcon_core.package_identification:_identify(.) by extension 'python_setup_py'
[1.025s] Level 1:colcon.colcon_core.package_identification:_identify(build) by extensions ['ignore', 'ignore_ament_install']
[1.025s] Level 1:colcon.colcon_core.package_identification:_identify(build) by extension 'ignore'
[1.025s] Level 1:colcon.colcon_core.package_identification:_identify(build) ignored
[1.025s] Level 1:colcon.colcon_core.package_identification:_identify(install) by extensions ['ignore', 'ignore_ament_install']
[1.025s] Level 1:colcon.colcon_core.package_identification:_identify(install) by extension 'ignore'
[1.025s] Level 1:colcon.colcon_core.package_identification:_identify(install) ignored
[1.026s] Level 1:colcon.colcon_core.package_identification:_identify(log) by extensions ['ignore', 'ignore_ament_install']
[1.026s] Level 1:colcon.colcon_core.package_identification:_identify(log) by extension 'ignore'
[1.026s] Level 1:colcon.colcon_core.package_identification:_identify(log) ignored
[1.026s] Level 1:colcon.colcon_core.package_identification:_identify(wireless_lidar) by extensions ['ignore', 'ignore_ament_install']
[1.026s] Level 1:colcon.colcon_core.package_identification:_identify(wireless_lidar) by extension 'ignore'
[1.026s] Level 1:colcon.colcon_core.package_identification:_identify(wireless_lidar) by extension 'ignore_ament_install'
[1.026s] Level 1:colcon.colcon_core.package_identification:_identify(wireless_lidar) by extensions ['colcon_pkg']
[1.026s] Level 1:colcon.colcon_core.package_identification:_identify(wireless_lidar) by extension 'colcon_pkg'
[1.026s] Level 1:colcon.colcon_core.package_identification:_identify(wireless_lidar) by extensions ['colcon_meta']
[1.026s] Level 1:colcon.colcon_core.package_identification:_identify(wireless_lidar) by extension 'colcon_meta'
[1.026s] Level 1:colcon.colcon_core.package_identification:_identify(wireless_lidar) by extensions ['ros']
[1.026s] Level 1:colcon.colcon_core.package_identification:_identify(wireless_lidar) by extension 'ros'
[1.029s] DEBUG:colcon.colcon_core.package_identification:Package 'wireless_lidar' with type 'ros.ament_cmake' and name 'wireless_lidar'
[1.029s] Level 1:colcon.colcon_core.package_discovery:discover_packages(recursive) using defaults
[1.029s] Level 1:colcon.colcon_core.package_discovery:discover_packages(ignore) discover
[1.029s] Level 1:colcon.colcon_core.package_discovery:discover_packages(ignore) using defaults
[1.029s] Level 1:colcon.colcon_core.package_discovery:discover_packages(path) discover
[1.029s] Level 1:colcon.colcon_core.package_discovery:discover_packages(path) using defaults
[1.115s] Level 1:colcon.colcon_core.package_discovery:discover_packages(prefix_path) check parameters
[1.115s] Level 1:colcon.colcon_core.package_discovery:discover_packages(prefix_path) discover
[1.144s] DEBUG:colcon.colcon_installed_package_information.package_discovery:Found 3 installed packages in /home/mr-cheng/Bag/fastdds/install
[1.162s] DEBUG:colcon.colcon_installed_package_information.package_discovery:Found 282 installed packages in /opt/ros/iron
[1.164s] Level 1:colcon.colcon_core.package_discovery:discover_packages(prefix_path) using defaults
[1.252s] Level 5:colcon.colcon_core.verb:set package 'wireless_lidar' build argument 'cmake_args' from command line to 'None'
[1.252s] Level 5:colcon.colcon_core.verb:set package 'wireless_lidar' build argument 'cmake_target' from command line to 'None'
[1.252s] Level 5:colcon.colcon_core.verb:set package 'wireless_lidar' build argument 'cmake_target_skip_unavailable' from command line to 'False'
[1.252s] Level 5:colcon.colcon_core.verb:set package 'wireless_lidar' build argument 'cmake_clean_cache' from command line to 'False'
[1.252s] Level 5:colcon.colcon_core.verb:set package 'wireless_lidar' build argument 'cmake_clean_first' from command line to 'False'
[1.252s] Level 5:colcon.colcon_core.verb:set package 'wireless_lidar' build argument 'cmake_force_configure' from command line to 'False'
[1.252s] Level 5:colcon.colcon_core.verb:set package 'wireless_lidar' build argument 'ament_cmake_args' from command line to 'None'
[1.252s] Level 5:colcon.colcon_core.verb:set package 'wireless_lidar' build argument 'catkin_cmake_args' from command line to 'None'
[1.252s] Level 5:colcon.colcon_core.verb:set package 'wireless_lidar' build argument 'catkin_skip_building_tests' from command line to 'False'
[1.252s] DEBUG:colcon.colcon_core.verb:Building package 'wireless_lidar' with the following arguments: {'ament_cmake_args': None, 'build_base': '/home/mr-cheng/Desktop/Car/Wireless_Lidar/extra_packages/build/wireless_lidar', 'catkin_cmake_args': None, 'catkin_skip_building_tests': False, 'cmake_args': None, 'cmake_clean_cache': False, 'cmake_clean_first': False, 'cmake_force_configure': False, 'cmake_target': None, 'cmake_target_skip_unavailable': False, 'install_base': '/home/mr-cheng/Desktop/Car/Wireless_Lidar/extra_packages/install/wireless_lidar', 'merge_install': False, 'path': '/home/mr-cheng/Desktop/Car/Wireless_Lidar/extra_packages/wireless_lidar', 'symlink_install': False, 'test_result_base': None}
[1.266s] INFO:colcon.colcon_core.executor:Executing jobs using 'parallel' executor
[1.281s] DEBUG:colcon.colcon_parallel_executor.executor.parallel:run_until_complete
[1.281s] INFO:colcon.colcon_ros.task.ament_cmake.build:Building ROS package in '/home/mr-cheng/Desktop/Car/Wireless_Lidar/extra_packages/wireless_lidar' with build type 'ament_cmake'
[1.281s] INFO:colcon.colcon_cmake.task.cmake.build:Building CMake package in '/home/mr-cheng/Desktop/Car/Wireless_Lidar/extra_packages/wireless_lidar'
[1.298s] INFO:colcon.colcon_core.plugin_system:Skipping extension 'colcon_core.shell.bat': Not used on non-Windows systems
[1.298s] INFO:colcon.colcon_core.shell:Skip shell extension 'powershell' for command environment: Not usable outside of PowerShell
[1.298s] DEBUG:colcon.colcon_core.shell:Skip shell extension 'dsv' for command environment
[1.350s] DEBUG:colcon.colcon_core.event_handler.log_command:Invoking command in '/home/mr-cheng/Desktop/Car/Wireless_Lidar/extra_packages/build/wireless_lidar': CMAKE_PREFIX_PATH=${CMAKE_PREFIX_PATH}:/opt/ros/iron /usr/bin/cmake --build /home/mr-cheng/Desktop/Car/Wireless_Lidar/extra_packages/build/wireless_lidar -- -j16 -l16
[5.004s] DEBUG:colcon.colcon_core.event_handler.log_command:Invoked command in '/home/mr-cheng/Desktop/Car/Wireless_Lidar/extra_packages/build/wireless_lidar' returned '0': CMAKE_PREFIX_PATH=${CMAKE_PREFIX_PATH}:/opt/ros/iron /usr/bin/cmake --build /home/mr-cheng/Desktop/Car/Wireless_Lidar/extra_packages/build/wireless_lidar -- -j16 -l16
[5.077s] DEBUG:colcon.colcon_core.event_handler.log_command:Invoking command in '/home/mr-cheng/Desktop/Car/Wireless_Lidar/extra_packages/build/wireless_lidar': CMAKE_PREFIX_PATH=${CMAKE_PREFIX_PATH}:/opt/ros/iron /usr/bin/cmake --install /home/mr-cheng/Desktop/Car/Wireless_Lidar/extra_packages/build/wireless_lidar
[5.142s] Level 1:colcon.colcon_core.environment:create_environment_scripts_only(wireless_lidar)
[5.143s] DEBUG:colcon.colcon_core.event_handler.log_command:Invoked command in '/home/mr-cheng/Desktop/Car/Wireless_Lidar/extra_packages/build/wireless_lidar' returned '0': CMAKE_PREFIX_PATH=${CMAKE_PREFIX_PATH}:/opt/ros/iron /usr/bin/cmake --install /home/mr-cheng/Desktop/Car/Wireless_Lidar/extra_packages/build/wireless_lidar
[5.165s] Level 1:colcon.colcon_core.environment:checking '/home/mr-cheng/Desktop/Car/Wireless_Lidar/extra_packages/install/wireless_lidar' for CMake module files
[5.166s] Level 1:colcon.colcon_core.environment:checking '/home/mr-cheng/Desktop/Car/Wireless_Lidar/extra_packages/install/wireless_lidar' for CMake config files
[5.166s] Level 1:colcon.colcon_core.shell:create_environment_hook('wireless_lidar', 'cmake_prefix_path')
[5.181s] INFO:colcon.colcon_core.shell:Creating environment hook '/home/mr-cheng/Desktop/Car/Wireless_Lidar/extra_packages/install/wireless_lidar/share/wireless_lidar/hook/cmake_prefix_path.ps1'
[5.182s] INFO:colcon.colcon_core.shell:Creating environment descriptor '/home/mr-cheng/Desktop/Car/Wireless_Lidar/extra_packages/install/wireless_lidar/share/wireless_lidar/hook/cmake_prefix_path.dsv'
[5.182s] INFO:colcon.colcon_core.shell:Creating environment hook '/home/mr-cheng/Desktop/Car/Wireless_Lidar/extra_packages/install/wireless_lidar/share/wireless_lidar/hook/cmake_prefix_path.sh'
[5.183s] Level 1:colcon.colcon_core.environment:checking '/home/mr-cheng/Desktop/Car/Wireless_Lidar/extra_packages/install/wireless_lidar/lib'
[5.183s] Level 1:colcon.colcon_core.shell:create_environment_hook('wireless_lidar', 'ld_library_path_lib')
[5.199s] INFO:colcon.colcon_core.shell:Creating environment hook '/home/mr-cheng/Desktop/Car/Wireless_Lidar/extra_packages/install/wireless_lidar/share/wireless_lidar/hook/ld_library_path_lib.ps1'
[5.199s] INFO:colcon.colcon_core.shell:Creating environment descriptor '/home/mr-cheng/Desktop/Car/Wireless_Lidar/extra_packages/install/wireless_lidar/share/wireless_lidar/hook/ld_library_path_lib.dsv'
[5.200s] INFO:colcon.colcon_core.shell:Creating environment hook '/home/mr-cheng/Desktop/Car/Wireless_Lidar/extra_packages/install/wireless_lidar/share/wireless_lidar/hook/ld_library_path_lib.sh'
[5.200s] Level 1:colcon.colcon_core.environment:checking '/home/mr-cheng/Desktop/Car/Wireless_Lidar/extra_packages/install/wireless_lidar/bin'
[5.200s] Level 1:colcon.colcon_core.environment:checking '/home/mr-cheng/Desktop/Car/Wireless_Lidar/extra_packages/install/wireless_lidar/lib/pkgconfig/wireless_lidar.pc'
[5.200s] Level 1:colcon.colcon_core.environment:checking '/home/mr-cheng/Desktop/Car/Wireless_Lidar/extra_packages/install/wireless_lidar/lib/python3.10/site-packages'
[5.200s] Level 1:colcon.colcon_core.shell:create_environment_hook('wireless_lidar', 'pythonpath')
[5.215s] INFO:colcon.colcon_core.shell:Creating environment hook '/home/mr-cheng/Desktop/Car/Wireless_Lidar/extra_packages/install/wireless_lidar/share/wireless_lidar/hook/pythonpath.ps1'
[5.216s] INFO:colcon.colcon_core.shell:Creating environment descriptor '/home/mr-cheng/Desktop/Car/Wireless_Lidar/extra_packages/install/wireless_lidar/share/wireless_lidar/hook/pythonpath.dsv'
[5.216s] INFO:colcon.colcon_core.shell:Creating environment hook '/home/mr-cheng/Desktop/Car/Wireless_Lidar/extra_packages/install/wireless_lidar/share/wireless_lidar/hook/pythonpath.sh'
[5.216s] Level 1:colcon.colcon_core.environment:checking '/home/mr-cheng/Desktop/Car/Wireless_Lidar/extra_packages/install/wireless_lidar/bin'
[5.232s] INFO:colcon.colcon_core.shell:Creating package script '/home/mr-cheng/Desktop/Car/Wireless_Lidar/extra_packages/install/wireless_lidar/share/wireless_lidar/package.ps1'
[5.233s] INFO:colcon.colcon_core.shell:Creating package descriptor '/home/mr-cheng/Desktop/Car/Wireless_Lidar/extra_packages/install/wireless_lidar/share/wireless_lidar/package.dsv'
[5.233s] INFO:colcon.colcon_core.shell:Creating package script '/home/mr-cheng/Desktop/Car/Wireless_Lidar/extra_packages/install/wireless_lidar/share/wireless_lidar/package.sh'
[5.234s] INFO:colcon.colcon_core.shell:Creating package script '/home/mr-cheng/Desktop/Car/Wireless_Lidar/extra_packages/install/wireless_lidar/share/wireless_lidar/package.bash'
[5.235s] INFO:colcon.colcon_core.shell:Creating package script '/home/mr-cheng/Desktop/Car/Wireless_Lidar/extra_packages/install/wireless_lidar/share/wireless_lidar/package.zsh'
[5.235s] Level 1:colcon.colcon_core.environment:create_file_with_runtime_dependencies(/home/mr-cheng/Desktop/Car/Wireless_Lidar/extra_packages/install/wireless_lidar/share/colcon-core/packages/wireless_lidar)
[5.316s] Level 1:colcon.colcon_core.environment:create_environment_scripts_only(wireless_lidar)
[5.332s] Level 1:colcon.colcon_core.environment:checking '/home/mr-cheng/Desktop/Car/Wireless_Lidar/extra_packages/install/wireless_lidar' for CMake module files
[5.333s] Level 1:colcon.colcon_core.environment:checking '/home/mr-cheng/Desktop/Car/Wireless_Lidar/extra_packages/install/wireless_lidar' for CMake config files
[5.334s] Level 1:colcon.colcon_core.shell:create_environment_hook('wireless_lidar', 'cmake_prefix_path')
[5.349s] INFO:colcon.colcon_core.shell:Creating environment hook '/home/mr-cheng/Desktop/Car/Wireless_Lidar/extra_packages/install/wireless_lidar/share/wireless_lidar/hook/cmake_prefix_path.ps1'
[5.350s] INFO:colcon.colcon_core.shell:Creating environment descriptor '/home/mr-cheng/Desktop/Car/Wireless_Lidar/extra_packages/install/wireless_lidar/share/wireless_lidar/hook/cmake_prefix_path.dsv'
[5.350s] INFO:colcon.colcon_core.shell:Creating environment hook '/home/mr-cheng/Desktop/Car/Wireless_Lidar/extra_packages/install/wireless_lidar/share/wireless_lidar/hook/cmake_prefix_path.sh'
[5.351s] Level 1:colcon.colcon_core.environment:checking '/home/mr-cheng/Desktop/Car/Wireless_Lidar/extra_packages/install/wireless_lidar/lib'
[5.351s] Level 1:colcon.colcon_core.shell:create_environment_hook('wireless_lidar', 'ld_library_path_lib')
[5.367s] INFO:colcon.colcon_core.shell:Creating environment hook '/home/mr-cheng/Desktop/Car/Wireless_Lidar/extra_packages/install/wireless_lidar/share/wireless_lidar/hook/ld_library_path_lib.ps1'
[5.367s] INFO:colcon.colcon_core.shell:Creating environment descriptor '/home/mr-cheng/Desktop/Car/Wireless_Lidar/extra_packages/install/wireless_lidar/share/wireless_lidar/hook/ld_library_path_lib.dsv'
[5.367s] INFO:colcon.colcon_core.shell:Creating environment hook '/home/mr-cheng/Desktop/Car/Wireless_Lidar/extra_packages/install/wireless_lidar/share/wireless_lidar/hook/ld_library_path_lib.sh'
[5.368s] Level 1:colcon.colcon_core.environment:checking '/home/mr-cheng/Desktop/Car/Wireless_Lidar/extra_packages/install/wireless_lidar/bin'
[5.368s] Level 1:colcon.colcon_core.environment:checking '/home/mr-cheng/Desktop/Car/Wireless_Lidar/extra_packages/install/wireless_lidar/lib/pkgconfig/wireless_lidar.pc'
[5.368s] Level 1:colcon.colcon_core.environment:checking '/home/mr-cheng/Desktop/Car/Wireless_Lidar/extra_packages/install/wireless_lidar/lib/python3.10/site-packages'
[5.368s] Level 1:colcon.colcon_core.shell:create_environment_hook('wireless_lidar', 'pythonpath')
[5.385s] INFO:colcon.colcon_core.shell:Creating environment hook '/home/mr-cheng/Desktop/Car/Wireless_Lidar/extra_packages/install/wireless_lidar/share/wireless_lidar/hook/pythonpath.ps1'
[5.386s] INFO:colcon.colcon_core.shell:Creating environment descriptor '/home/mr-cheng/Desktop/Car/Wireless_Lidar/extra_packages/install/wireless_lidar/share/wireless_lidar/hook/pythonpath.dsv'
[5.386s] INFO:colcon.colcon_core.shell:Creating environment hook '/home/mr-cheng/Desktop/Car/Wireless_Lidar/extra_packages/install/wireless_lidar/share/wireless_lidar/hook/pythonpath.sh'
[5.387s] Level 1:colcon.colcon_core.environment:checking '/home/mr-cheng/Desktop/Car/Wireless_Lidar/extra_packages/install/wireless_lidar/bin'
[5.403s] INFO:colcon.colcon_core.shell:Creating package script '/home/mr-cheng/Desktop/Car/Wireless_Lidar/extra_packages/install/wireless_lidar/share/wireless_lidar/package.ps1'
[5.404s] INFO:colcon.colcon_core.shell:Creating package descriptor '/home/mr-cheng/Desktop/Car/Wireless_Lidar/extra_packages/install/wireless_lidar/share/wireless_lidar/package.dsv'
[5.405s] INFO:colcon.colcon_core.shell:Creating package script '/home/mr-cheng/Desktop/Car/Wireless_Lidar/extra_packages/install/wireless_lidar/share/wireless_lidar/package.sh'
[5.405s] INFO:colcon.colcon_core.shell:Creating package script '/home/mr-cheng/Desktop/Car/Wireless_Lidar/extra_packages/install/wireless_lidar/share/wireless_lidar/package.bash'
[5.405s] INFO:colcon.colcon_core.shell:Creating package script '/home/mr-cheng/Desktop/Car/Wireless_Lidar/extra_packages/install/wireless_lidar/share/wireless_lidar/package.zsh'
[5.406s] Level 1:colcon.colcon_core.environment:create_file_with_runtime_dependencies(/home/mr-cheng/Desktop/Car/Wireless_Lidar/extra_packages/install/wireless_lidar/share/colcon-core/packages/wireless_lidar)
[5.406s] DEBUG:colcon.colcon_parallel_executor.executor.parallel:closing loop
[5.406s] DEBUG:colcon.colcon_parallel_executor.executor.parallel:loop closed
[5.406s] DEBUG:colcon.colcon_parallel_executor.executor.parallel:run_until_complete finished with '0'
[5.406s] DEBUG:colcon.colcon_core.event_reactor:joining thread
[5.426s] INFO:colcon.colcon_core.plugin_system:Skipping extension 'colcon_notification.desktop_notification.terminal_notifier': Not used on non-Darwin systems
[5.427s] INFO:colcon.colcon_core.plugin_system:Skipping extension 'colcon_notification.desktop_notification.win32': Not used on non-Windows systems
[5.427s] INFO:colcon.colcon_notification.desktop_notification:Sending desktop notification using 'notify2'
[5.441s] DEBUG:colcon.colcon_core.event_reactor:joined thread
[5.459s] INFO:colcon.colcon_core.shell:Creating prefix script '/home/mr-cheng/Desktop/Car/Wireless_Lidar/extra_packages/install/local_setup.ps1'
[5.460s] INFO:colcon.colcon_core.shell:Creating prefix util module '/home/mr-cheng/Desktop/Car/Wireless_Lidar/extra_packages/install/_local_setup_util_ps1.py'
[5.461s] INFO:colcon.colcon_core.shell:Creating prefix chain script '/home/mr-cheng/Desktop/Car/Wireless_Lidar/extra_packages/install/setup.ps1'
[5.478s] INFO:colcon.colcon_core.shell:Creating prefix script '/home/mr-cheng/Desktop/Car/Wireless_Lidar/extra_packages/install/local_setup.sh'
[5.478s] INFO:colcon.colcon_core.shell:Creating prefix util module '/home/mr-cheng/Desktop/Car/Wireless_Lidar/extra_packages/install/_local_setup_util_sh.py'
[5.478s] INFO:colcon.colcon_core.shell:Creating prefix chain script '/home/mr-cheng/Desktop/Car/Wireless_Lidar/extra_packages/install/setup.sh'
[5.495s] INFO:colcon.colcon_core.shell:Creating prefix script '/home/mr-cheng/Desktop/Car/Wireless_Lidar/extra_packages/install/local_setup.bash'
[5.496s] INFO:colcon.colcon_core.shell:Creating prefix chain script '/home/mr-cheng/Desktop/Car/Wireless_Lidar/extra_packages/install/setup.bash'
[5.513s] INFO:colcon.colcon_core.shell:Creating prefix script '/home/mr-cheng/Desktop/Car/Wireless_Lidar/extra_packages/install/local_setup.zsh'
[5.513s] INFO:colcon.colcon_core.shell:Creating prefix chain script '/home/mr-cheng/Desktop/Car/Wireless_Lidar/extra_packages/install/setup.zsh'
