[0.135s] DEBUG:colcon:Command line arguments: ['/usr/bin/colcon', 'build']
[0.135s] DEBUG:colcon:Parsed command line arguments: Namespace(log_base=None, log_level=None, verb_name='build', build_base='build', install_base='install', merge_install=False, symlink_install=False, test_result_base=None, continue_on_error=False, executor='parallel', parallel_workers=16, event_handlers=None, ignore_user_meta=False, metas=['./colcon.meta'], base_paths=['.'], packages_ignore=None, packages_ignore_regex=None, paths=None, packages_up_to=None, packages_up_to_regex=None, packages_above=None, packages_above_and_dependencies=None, packages_above_depth=None, packages_select_by_dep=None, packages_skip_by_dep=None, packages_skip_up_to=None, packages_select_build_failed=False, packages_skip_build_finished=False, packages_select_test_failures=False, packages_skip_test_passed=False, packages_select=None, packages_skip=None, packages_select_regex=None, packages_skip_regex=None, packages_start=None, packages_end=None, allow_overriding=[], cmake_args=None, cmake_target=None, cmake_target_skip_unavailable=False, cmake_clean_cache=False, cmake_clean_first=False, cmake_force_configure=False, ament_cmake_args=None, catkin_cmake_args=None, catkin_skip_building_tests=False, verb_parser=<colcon_defaults.argument_parser.defaults.DefaultArgumentsDecorator object at 0x75980233ea10>, verb_extension=<colcon_core.verb.build.BuildVerb object at 0x75980243b400>, main=<bound method BuildVerb.main of <colcon_core.verb.build.BuildVerb object at 0x75980243b400>>)
[0.177s] Level 1:colcon.colcon_core.package_discovery:discover_packages(colcon_meta) check parameters
[0.177s] Level 1:colcon.colcon_core.package_discovery:discover_packages(recursive) check parameters
[0.177s] Level 1:colcon.colcon_core.package_discovery:discover_packages(ignore) check parameters
[0.177s] Level 1:colcon.colcon_core.package_discovery:discover_packages(path) check parameters
[0.178s] Level 1:colcon.colcon_core.package_discovery:discover_packages(colcon_meta) discover
[0.178s] Level 1:colcon.colcon_core.package_discovery:discover_packages(recursive) discover
[0.178s] INFO:colcon.colcon_core.package_discovery:Crawling recursively for packages in '/home/mr-cheng/Documents/ROS2/Car'
[0.178s] Level 1:colcon.colcon_core.package_identification:_identify(.) by extensions ['ignore', 'ignore_ament_install']
[0.178s] Level 1:colcon.colcon_core.package_identification:_identify(.) by extension 'ignore'
[0.178s] Level 1:colcon.colcon_core.package_identification:_identify(.) by extension 'ignore_ament_install'
[0.178s] Level 1:colcon.colcon_core.package_identification:_identify(.) by extensions ['colcon_pkg']
[0.178s] Level 1:colcon.colcon_core.package_identification:_identify(.) by extension 'colcon_pkg'
[0.178s] Level 1:colcon.colcon_core.package_identification:_identify(.) by extensions ['colcon_meta']
[0.178s] Level 1:colcon.colcon_core.package_identification:_identify(.) by extension 'colcon_meta'
[0.178s] Level 1:colcon.colcon_core.package_identification:_identify(.) by extensions ['ros']
[0.178s] Level 1:colcon.colcon_core.package_identification:_identify(.) by extension 'ros'
[0.205s] Level 1:colcon.colcon_core.package_identification:_identify(.) by extensions ['cmake', 'python']
[0.205s] Level 1:colcon.colcon_core.package_identification:_identify(.) by extension 'cmake'
[0.205s] Level 1:colcon.colcon_core.package_identification:_identify(.) by extension 'python'
[0.205s] Level 1:colcon.colcon_core.package_identification:_identify(.) by extensions ['python_setup_py']
[0.205s] Level 1:colcon.colcon_core.package_identification:_identify(.) by extension 'python_setup_py'
[0.205s] Level 1:colcon.colcon_core.package_identification:_identify(build) by extensions ['ignore', 'ignore_ament_install']
[0.205s] Level 1:colcon.colcon_core.package_identification:_identify(build) by extension 'ignore'
[0.205s] Level 1:colcon.colcon_core.package_identification:_identify(build) ignored
[0.205s] Level 1:colcon.colcon_core.package_identification:_identify(config) by extensions ['ignore', 'ignore_ament_install']
[0.205s] Level 1:colcon.colcon_core.package_identification:_identify(config) by extension 'ignore'
[0.205s] Level 1:colcon.colcon_core.package_identification:_identify(config) by extension 'ignore_ament_install'
[0.206s] Level 1:colcon.colcon_core.package_identification:_identify(config) by extensions ['colcon_pkg']
[0.206s] Level 1:colcon.colcon_core.package_identification:_identify(config) by extension 'colcon_pkg'
[0.206s] Level 1:colcon.colcon_core.package_identification:_identify(config) by extensions ['colcon_meta']
[0.206s] Level 1:colcon.colcon_core.package_identification:_identify(config) by extension 'colcon_meta'
[0.206s] Level 1:colcon.colcon_core.package_identification:_identify(config) by extensions ['ros']
[0.206s] Level 1:colcon.colcon_core.package_identification:_identify(config) by extension 'ros'
[0.206s] Level 1:colcon.colcon_core.package_identification:_identify(config) by extensions ['cmake', 'python']
[0.206s] Level 1:colcon.colcon_core.package_identification:_identify(config) by extension 'cmake'
[0.206s] Level 1:colcon.colcon_core.package_identification:_identify(config) by extension 'python'
[0.206s] Level 1:colcon.colcon_core.package_identification:_identify(config) by extensions ['python_setup_py']
[0.206s] Level 1:colcon.colcon_core.package_identification:_identify(config) by extension 'python_setup_py'
[0.206s] Level 1:colcon.colcon_core.package_identification:_identify(install) by extensions ['ignore', 'ignore_ament_install']
[0.206s] Level 1:colcon.colcon_core.package_identification:_identify(install) by extension 'ignore'
[0.206s] Level 1:colcon.colcon_core.package_identification:_identify(install) ignored
[0.206s] Level 1:colcon.colcon_core.package_identification:_identify(log) by extensions ['ignore', 'ignore_ament_install']
[0.206s] Level 1:colcon.colcon_core.package_identification:_identify(log) by extension 'ignore'
[0.207s] Level 1:colcon.colcon_core.package_identification:_identify(log) ignored
[0.207s] Level 1:colcon.colcon_core.package_identification:_identify(src) by extensions ['ignore', 'ignore_ament_install']
[0.207s] Level 1:colcon.colcon_core.package_identification:_identify(src) by extension 'ignore'
[0.207s] Level 1:colcon.colcon_core.package_identification:_identify(src) by extension 'ignore_ament_install'
[0.207s] Level 1:colcon.colcon_core.package_identification:_identify(src) by extensions ['colcon_pkg']
[0.207s] Level 1:colcon.colcon_core.package_identification:_identify(src) by extension 'colcon_pkg'
[0.207s] Level 1:colcon.colcon_core.package_identification:_identify(src) by extensions ['colcon_meta']
[0.207s] Level 1:colcon.colcon_core.package_identification:_identify(src) by extension 'colcon_meta'
[0.207s] Level 1:colcon.colcon_core.package_identification:_identify(src) by extensions ['ros']
[0.207s] Level 1:colcon.colcon_core.package_identification:_identify(src) by extension 'ros'
[0.207s] Level 1:colcon.colcon_core.package_identification:_identify(src) by extensions ['cmake', 'python']
[0.207s] Level 1:colcon.colcon_core.package_identification:_identify(src) by extension 'cmake'
[0.207s] Level 1:colcon.colcon_core.package_identification:_identify(src) by extension 'python'
[0.207s] Level 1:colcon.colcon_core.package_identification:_identify(src) by extensions ['python_setup_py']
[0.207s] Level 1:colcon.colcon_core.package_identification:_identify(src) by extension 'python_setup_py'
[0.207s] Level 1:colcon.colcon_core.package_identification:_identify(src/car_nav2) by extensions ['ignore', 'ignore_ament_install']
[0.207s] Level 1:colcon.colcon_core.package_identification:_identify(src/car_nav2) by extension 'ignore'
[0.207s] Level 1:colcon.colcon_core.package_identification:_identify(src/car_nav2) by extension 'ignore_ament_install'
[0.208s] Level 1:colcon.colcon_core.package_identification:_identify(src/car_nav2) by extensions ['colcon_pkg']
[0.208s] Level 1:colcon.colcon_core.package_identification:_identify(src/car_nav2) by extension 'colcon_pkg'
[0.208s] Level 1:colcon.colcon_core.package_identification:_identify(src/car_nav2) by extensions ['colcon_meta']
[0.208s] Level 1:colcon.colcon_core.package_identification:_identify(src/car_nav2) by extension 'colcon_meta'
[0.208s] Level 1:colcon.colcon_core.package_identification:_identify(src/car_nav2) by extensions ['ros']
[0.208s] Level 1:colcon.colcon_core.package_identification:_identify(src/car_nav2) by extension 'ros'
[0.211s] DEBUG:colcon.colcon_core.package_identification:Package 'src/car_nav2' with type 'ros.ament_cmake' and name 'car_nav2'
[0.211s] Level 1:colcon.colcon_core.package_identification:_identify(src/robot_description) by extensions ['ignore', 'ignore_ament_install']
[0.212s] Level 1:colcon.colcon_core.package_identification:_identify(src/robot_description) by extension 'ignore'
[0.212s] Level 1:colcon.colcon_core.package_identification:_identify(src/robot_description) by extension 'ignore_ament_install'
[0.212s] Level 1:colcon.colcon_core.package_identification:_identify(src/robot_description) by extensions ['colcon_pkg']
[0.213s] Level 1:colcon.colcon_core.package_identification:_identify(src/robot_description) by extension 'colcon_pkg'
[0.213s] Level 1:colcon.colcon_core.package_identification:_identify(src/robot_description) by extensions ['colcon_meta']
[0.213s] Level 1:colcon.colcon_core.package_identification:_identify(src/robot_description) by extension 'colcon_meta'
[0.213s] Level 1:colcon.colcon_core.package_identification:_identify(src/robot_description) by extensions ['ros']
[0.213s] Level 1:colcon.colcon_core.package_identification:_identify(src/robot_description) by extension 'ros'
[0.214s] DEBUG:colcon.colcon_core.package_identification:Package 'src/robot_description' with type 'ros.ament_python' and name 'robot_description'
[0.214s] Level 1:colcon.colcon_core.package_identification:_identify(src/slam_gmapping) by extensions ['ignore', 'ignore_ament_install']
[0.214s] Level 1:colcon.colcon_core.package_identification:_identify(src/slam_gmapping) by extension 'ignore'
[0.214s] Level 1:colcon.colcon_core.package_identification:_identify(src/slam_gmapping) by extension 'ignore_ament_install'
[0.214s] Level 1:colcon.colcon_core.package_identification:_identify(src/slam_gmapping) by extensions ['colcon_pkg']
[0.214s] Level 1:colcon.colcon_core.package_identification:_identify(src/slam_gmapping) by extension 'colcon_pkg'
[0.214s] Level 1:colcon.colcon_core.package_identification:_identify(src/slam_gmapping) by extensions ['colcon_meta']
[0.214s] Level 1:colcon.colcon_core.package_identification:_identify(src/slam_gmapping) by extension 'colcon_meta'
[0.214s] Level 1:colcon.colcon_core.package_identification:_identify(src/slam_gmapping) by extensions ['ros']
[0.214s] Level 1:colcon.colcon_core.package_identification:_identify(src/slam_gmapping) by extension 'ros'
[0.214s] Level 1:colcon.colcon_core.package_identification:_identify(src/slam_gmapping) by extensions ['cmake', 'python']
[0.214s] Level 1:colcon.colcon_core.package_identification:_identify(src/slam_gmapping) by extension 'cmake'
[0.214s] Level 1:colcon.colcon_core.package_identification:_identify(src/slam_gmapping) by extension 'python'
[0.215s] Level 1:colcon.colcon_core.package_identification:_identify(src/slam_gmapping) by extensions ['python_setup_py']
[0.215s] Level 1:colcon.colcon_core.package_identification:_identify(src/slam_gmapping) by extension 'python_setup_py'
[0.215s] Level 1:colcon.colcon_core.package_identification:_identify(src/slam_gmapping/openslam_gmapping) by extensions ['ignore', 'ignore_ament_install']
[0.215s] Level 1:colcon.colcon_core.package_identification:_identify(src/slam_gmapping/openslam_gmapping) by extension 'ignore'
[0.215s] Level 1:colcon.colcon_core.package_identification:_identify(src/slam_gmapping/openslam_gmapping) by extension 'ignore_ament_install'
[0.215s] Level 1:colcon.colcon_core.package_identification:_identify(src/slam_gmapping/openslam_gmapping) by extensions ['colcon_pkg']
[0.215s] Level 1:colcon.colcon_core.package_identification:_identify(src/slam_gmapping/openslam_gmapping) by extension 'colcon_pkg'
[0.215s] Level 1:colcon.colcon_core.package_identification:_identify(src/slam_gmapping/openslam_gmapping) by extensions ['colcon_meta']
[0.215s] Level 1:colcon.colcon_core.package_identification:_identify(src/slam_gmapping/openslam_gmapping) by extension 'colcon_meta'
[0.215s] Level 1:colcon.colcon_core.package_identification:_identify(src/slam_gmapping/openslam_gmapping) by extensions ['ros']
[0.215s] Level 1:colcon.colcon_core.package_identification:_identify(src/slam_gmapping/openslam_gmapping) by extension 'ros'
[0.216s] DEBUG:colcon.colcon_core.package_identification:Package 'src/slam_gmapping/openslam_gmapping' with type 'ros.ament_cmake' and name 'openslam_gmapping'
[0.216s] Level 1:colcon.colcon_core.package_identification:_identify(src/slam_gmapping/slam_gmapping) by extensions ['ignore', 'ignore_ament_install']
[0.216s] Level 1:colcon.colcon_core.package_identification:_identify(src/slam_gmapping/slam_gmapping) by extension 'ignore'
[0.216s] Level 1:colcon.colcon_core.package_identification:_identify(src/slam_gmapping/slam_gmapping) by extension 'ignore_ament_install'
[0.216s] Level 1:colcon.colcon_core.package_identification:_identify(src/slam_gmapping/slam_gmapping) by extensions ['colcon_pkg']
[0.216s] Level 1:colcon.colcon_core.package_identification:_identify(src/slam_gmapping/slam_gmapping) by extension 'colcon_pkg'
[0.216s] Level 1:colcon.colcon_core.package_identification:_identify(src/slam_gmapping/slam_gmapping) by extensions ['colcon_meta']
[0.216s] Level 1:colcon.colcon_core.package_identification:_identify(src/slam_gmapping/slam_gmapping) by extension 'colcon_meta'
[0.216s] Level 1:colcon.colcon_core.package_identification:_identify(src/slam_gmapping/slam_gmapping) by extensions ['ros']
[0.216s] Level 1:colcon.colcon_core.package_identification:_identify(src/slam_gmapping/slam_gmapping) by extension 'ros'
[0.218s] DEBUG:colcon.colcon_core.package_identification:Package 'src/slam_gmapping/slam_gmapping' with type 'ros.ament_cmake' and name 'slam_gmapping'
[0.218s] Level 1:colcon.colcon_core.package_discovery:discover_packages(recursive) using defaults
[0.218s] Level 1:colcon.colcon_core.package_discovery:discover_packages(ignore) discover
[0.218s] Level 1:colcon.colcon_core.package_discovery:discover_packages(ignore) using defaults
[0.218s] Level 1:colcon.colcon_core.package_discovery:discover_packages(path) discover
[0.218s] Level 1:colcon.colcon_core.package_discovery:discover_packages(path) using defaults
[0.241s] Level 1:colcon.colcon_core.package_discovery:discover_packages(prefix_path) check parameters
[0.241s] Level 1:colcon.colcon_core.package_discovery:discover_packages(prefix_path) discover
[0.244s] DEBUG:colcon.colcon_installed_package_information.package_discovery:Found 3 installed packages in /home/mr-cheng/Bag/fastdds/install
[0.247s] DEBUG:colcon.colcon_installed_package_information.package_discovery:Found 400 installed packages in /opt/ros/humble
[0.249s] Level 1:colcon.colcon_core.package_discovery:discover_packages(prefix_path) using defaults
[0.308s] Level 5:colcon.colcon_core.verb:set package 'car_nav2' build argument 'cmake_args' from command line to 'None'
[0.308s] Level 5:colcon.colcon_core.verb:set package 'car_nav2' build argument 'cmake_target' from command line to 'None'
[0.308s] Level 5:colcon.colcon_core.verb:set package 'car_nav2' build argument 'cmake_target_skip_unavailable' from command line to 'False'
[0.308s] Level 5:colcon.colcon_core.verb:set package 'car_nav2' build argument 'cmake_clean_cache' from command line to 'False'
[0.308s] Level 5:colcon.colcon_core.verb:set package 'car_nav2' build argument 'cmake_clean_first' from command line to 'False'
[0.308s] Level 5:colcon.colcon_core.verb:set package 'car_nav2' build argument 'cmake_force_configure' from command line to 'False'
[0.308s] Level 5:colcon.colcon_core.verb:set package 'car_nav2' build argument 'ament_cmake_args' from command line to 'None'
[0.308s] Level 5:colcon.colcon_core.verb:set package 'car_nav2' build argument 'catkin_cmake_args' from command line to 'None'
[0.308s] Level 5:colcon.colcon_core.verb:set package 'car_nav2' build argument 'catkin_skip_building_tests' from command line to 'False'
[0.308s] DEBUG:colcon.colcon_core.verb:Building package 'car_nav2' with the following arguments: {'ament_cmake_args': None, 'build_base': '/home/mr-cheng/Documents/ROS2/Car/build/car_nav2', 'catkin_cmake_args': None, 'catkin_skip_building_tests': False, 'cmake_args': None, 'cmake_clean_cache': False, 'cmake_clean_first': False, 'cmake_force_configure': False, 'cmake_target': None, 'cmake_target_skip_unavailable': False, 'install_base': '/home/mr-cheng/Documents/ROS2/Car/install/car_nav2', 'merge_install': False, 'path': '/home/mr-cheng/Documents/ROS2/Car/src/car_nav2', 'symlink_install': False, 'test_result_base': None}
[0.309s] Level 5:colcon.colcon_core.verb:set package 'openslam_gmapping' build argument 'cmake_args' from command line to 'None'
[0.309s] Level 5:colcon.colcon_core.verb:set package 'openslam_gmapping' build argument 'cmake_target' from command line to 'None'
[0.309s] Level 5:colcon.colcon_core.verb:set package 'openslam_gmapping' build argument 'cmake_target_skip_unavailable' from command line to 'False'
[0.309s] Level 5:colcon.colcon_core.verb:set package 'openslam_gmapping' build argument 'cmake_clean_cache' from command line to 'False'
[0.309s] Level 5:colcon.colcon_core.verb:set package 'openslam_gmapping' build argument 'cmake_clean_first' from command line to 'False'
[0.309s] Level 5:colcon.colcon_core.verb:set package 'openslam_gmapping' build argument 'cmake_force_configure' from command line to 'False'
[0.309s] Level 5:colcon.colcon_core.verb:set package 'openslam_gmapping' build argument 'ament_cmake_args' from command line to 'None'
[0.309s] Level 5:colcon.colcon_core.verb:set package 'openslam_gmapping' build argument 'catkin_cmake_args' from command line to 'None'
[0.309s] Level 5:colcon.colcon_core.verb:set package 'openslam_gmapping' build argument 'catkin_skip_building_tests' from command line to 'False'
[0.309s] DEBUG:colcon.colcon_core.verb:Building package 'openslam_gmapping' with the following arguments: {'ament_cmake_args': None, 'build_base': '/home/mr-cheng/Documents/ROS2/Car/build/openslam_gmapping', 'catkin_cmake_args': None, 'catkin_skip_building_tests': False, 'cmake_args': None, 'cmake_clean_cache': False, 'cmake_clean_first': False, 'cmake_force_configure': False, 'cmake_target': None, 'cmake_target_skip_unavailable': False, 'install_base': '/home/mr-cheng/Documents/ROS2/Car/install/openslam_gmapping', 'merge_install': False, 'path': '/home/mr-cheng/Documents/ROS2/Car/src/slam_gmapping/openslam_gmapping', 'symlink_install': False, 'test_result_base': None}
[0.309s] Level 5:colcon.colcon_core.verb:set package 'robot_description' build argument 'cmake_args' from command line to 'None'
[0.309s] Level 5:colcon.colcon_core.verb:set package 'robot_description' build argument 'cmake_target' from command line to 'None'
[0.309s] Level 5:colcon.colcon_core.verb:set package 'robot_description' build argument 'cmake_target_skip_unavailable' from command line to 'False'
[0.309s] Level 5:colcon.colcon_core.verb:set package 'robot_description' build argument 'cmake_clean_cache' from command line to 'False'
[0.309s] Level 5:colcon.colcon_core.verb:set package 'robot_description' build argument 'cmake_clean_first' from command line to 'False'
[0.309s] Level 5:colcon.colcon_core.verb:set package 'robot_description' build argument 'cmake_force_configure' from command line to 'False'
[0.309s] Level 5:colcon.colcon_core.verb:set package 'robot_description' build argument 'ament_cmake_args' from command line to 'None'
[0.309s] Level 5:colcon.colcon_core.verb:set package 'robot_description' build argument 'catkin_cmake_args' from command line to 'None'
[0.310s] Level 5:colcon.colcon_core.verb:set package 'robot_description' build argument 'catkin_skip_building_tests' from command line to 'False'
[0.310s] DEBUG:colcon.colcon_core.verb:Building package 'robot_description' with the following arguments: {'ament_cmake_args': None, 'build_base': '/home/mr-cheng/Documents/ROS2/Car/build/robot_description', 'catkin_cmake_args': None, 'catkin_skip_building_tests': False, 'cmake_args': None, 'cmake_clean_cache': False, 'cmake_clean_first': False, 'cmake_force_configure': False, 'cmake_target': None, 'cmake_target_skip_unavailable': False, 'install_base': '/home/mr-cheng/Documents/ROS2/Car/install/robot_description', 'merge_install': False, 'path': '/home/mr-cheng/Documents/ROS2/Car/src/robot_description', 'symlink_install': False, 'test_result_base': None}
[0.310s] Level 5:colcon.colcon_core.verb:set package 'slam_gmapping' build argument 'cmake_args' from command line to 'None'
[0.310s] Level 5:colcon.colcon_core.verb:set package 'slam_gmapping' build argument 'cmake_target' from command line to 'None'
[0.310s] Level 5:colcon.colcon_core.verb:set package 'slam_gmapping' build argument 'cmake_target_skip_unavailable' from command line to 'False'
[0.310s] Level 5:colcon.colcon_core.verb:set package 'slam_gmapping' build argument 'cmake_clean_cache' from command line to 'False'
[0.310s] Level 5:colcon.colcon_core.verb:set package 'slam_gmapping' build argument 'cmake_clean_first' from command line to 'False'
[0.310s] Level 5:colcon.colcon_core.verb:set package 'slam_gmapping' build argument 'cmake_force_configure' from command line to 'False'
[0.310s] Level 5:colcon.colcon_core.verb:set package 'slam_gmapping' build argument 'ament_cmake_args' from command line to 'None'
[0.310s] Level 5:colcon.colcon_core.verb:set package 'slam_gmapping' build argument 'catkin_cmake_args' from command line to 'None'
[0.310s] Level 5:colcon.colcon_core.verb:set package 'slam_gmapping' build argument 'catkin_skip_building_tests' from command line to 'False'
[0.310s] DEBUG:colcon.colcon_core.verb:Building package 'slam_gmapping' with the following arguments: {'ament_cmake_args': None, 'build_base': '/home/mr-cheng/Documents/ROS2/Car/build/slam_gmapping', 'catkin_cmake_args': None, 'catkin_skip_building_tests': False, 'cmake_args': None, 'cmake_clean_cache': False, 'cmake_clean_first': False, 'cmake_force_configure': False, 'cmake_target': None, 'cmake_target_skip_unavailable': False, 'install_base': '/home/mr-cheng/Documents/ROS2/Car/install/slam_gmapping', 'merge_install': False, 'path': '/home/mr-cheng/Documents/ROS2/Car/src/slam_gmapping/slam_gmapping', 'symlink_install': False, 'test_result_base': None}
[0.310s] INFO:colcon.colcon_core.executor:Executing jobs using 'parallel' executor
[0.311s] DEBUG:colcon.colcon_parallel_executor.executor.parallel:run_until_complete
[0.312s] INFO:colcon.colcon_ros.task.ament_cmake.build:Building ROS package in '/home/mr-cheng/Documents/ROS2/Car/src/slam_gmapping/openslam_gmapping' with build type 'ament_cmake'
[0.312s] INFO:colcon.colcon_cmake.task.cmake.build:Building CMake package in '/home/mr-cheng/Documents/ROS2/Car/src/slam_gmapping/openslam_gmapping'
[0.315s] INFO:colcon.colcon_core.plugin_system:Skipping extension 'colcon_core.shell.bat': Not used on non-Windows systems
[0.315s] INFO:colcon.colcon_core.shell:Skip shell extension 'powershell' for command environment: Not usable outside of PowerShell
[0.315s] DEBUG:colcon.colcon_core.shell:Skip shell extension 'dsv' for command environment
[0.333s] INFO:colcon.colcon_ros.task.ament_cmake.build:Building ROS package in '/home/mr-cheng/Documents/ROS2/Car/src/car_nav2' with build type 'ament_cmake'
[0.333s] INFO:colcon.colcon_cmake.task.cmake.build:Building CMake package in '/home/mr-cheng/Documents/ROS2/Car/src/car_nav2'
[0.334s] INFO:colcon.colcon_core.shell:Skip shell extension 'powershell' for command environment: Not usable outside of PowerShell
[0.334s] DEBUG:colcon.colcon_core.shell:Skip shell extension 'dsv' for command environment
[0.337s] INFO:colcon.colcon_ros.task.ament_python.build:Building ROS package in '/home/mr-cheng/Documents/ROS2/Car/src/robot_description' with build type 'ament_python'
[0.337s] Level 1:colcon.colcon_core.shell:create_environment_hook('robot_description', 'ament_prefix_path')
[0.338s] INFO:colcon.colcon_core.shell:Creating environment hook '/home/mr-cheng/Documents/ROS2/Car/install/robot_description/share/robot_description/hook/ament_prefix_path.ps1'
[0.338s] INFO:colcon.colcon_core.shell:Creating environment descriptor '/home/mr-cheng/Documents/ROS2/Car/install/robot_description/share/robot_description/hook/ament_prefix_path.dsv'
[0.339s] INFO:colcon.colcon_core.shell:Creating environment hook '/home/mr-cheng/Documents/ROS2/Car/install/robot_description/share/robot_description/hook/ament_prefix_path.sh'
[0.340s] INFO:colcon.colcon_core.shell:Skip shell extension 'powershell' for command environment: Not usable outside of PowerShell
[0.340s] DEBUG:colcon.colcon_core.shell:Skip shell extension 'dsv' for command environment
[0.351s] DEBUG:colcon.colcon_core.event_handler.log_command:Invoking command in '/home/mr-cheng/Documents/ROS2/Car/build/openslam_gmapping': CMAKE_PREFIX_PATH=${CMAKE_PREFIX_PATH}:/opt/ros/humble /usr/bin/cmake --build /home/mr-cheng/Documents/ROS2/Car/build/openslam_gmapping -- -j16 -l16
[0.354s] DEBUG:colcon.colcon_core.event_handler.log_command:Invoking command in '/home/mr-cheng/Documents/ROS2/Car/build/car_nav2': CMAKE_PREFIX_PATH=${CMAKE_PREFIX_PATH}:/opt/ros/humble /usr/bin/cmake --build /home/mr-cheng/Documents/ROS2/Car/build/car_nav2 -- -j16 -l16
[0.648s] INFO:colcon.colcon_core.task.python.build:Building Python package in '/home/mr-cheng/Documents/ROS2/Car/src/robot_description'
[0.648s] INFO:colcon.colcon_core.shell:Skip shell extension 'powershell' for command environment: Not usable outside of PowerShell
[0.649s] DEBUG:colcon.colcon_core.shell:Skip shell extension 'dsv' for command environment
[0.654s] DEBUG:colcon.colcon_core.event_handler.log_command:Invoked command in '/home/mr-cheng/Documents/ROS2/Car/build/openslam_gmapping' returned '0': CMAKE_PREFIX_PATH=${CMAKE_PREFIX_PATH}:/opt/ros/humble /usr/bin/cmake --build /home/mr-cheng/Documents/ROS2/Car/build/openslam_gmapping -- -j16 -l16
[0.655s] DEBUG:colcon.colcon_core.event_handler.log_command:Invoked command in '/home/mr-cheng/Documents/ROS2/Car/build/car_nav2' returned '0': CMAKE_PREFIX_PATH=${CMAKE_PREFIX_PATH}:/opt/ros/humble /usr/bin/cmake --build /home/mr-cheng/Documents/ROS2/Car/build/car_nav2 -- -j16 -l16
[0.689s] DEBUG:colcon.colcon_core.event_handler.log_command:Invoking command in '/home/mr-cheng/Documents/ROS2/Car/build/car_nav2': CMAKE_PREFIX_PATH=${CMAKE_PREFIX_PATH}:/opt/ros/humble /usr/bin/cmake --install /home/mr-cheng/Documents/ROS2/Car/build/car_nav2
[0.695s] DEBUG:colcon.colcon_core.event_handler.log_command:Invoking command in '/home/mr-cheng/Documents/ROS2/Car/build/openslam_gmapping': CMAKE_PREFIX_PATH=${CMAKE_PREFIX_PATH}:/opt/ros/humble /usr/bin/cmake --install /home/mr-cheng/Documents/ROS2/Car/build/openslam_gmapping
[0.703s] Level 1:colcon.colcon_core.environment:create_environment_scripts_only(car_nav2)
[0.710s] Level 1:colcon.colcon_core.environment:checking '/home/mr-cheng/Documents/ROS2/Car/install/car_nav2' for CMake module files
[0.711s] Level 1:colcon.colcon_core.environment:checking '/home/mr-cheng/Documents/ROS2/Car/install/car_nav2' for CMake config files
[0.713s] Level 1:colcon.colcon_core.shell:create_environment_hook('car_nav2', 'cmake_prefix_path')
[0.713s] INFO:colcon.colcon_core.shell:Creating environment hook '/home/mr-cheng/Documents/ROS2/Car/install/car_nav2/share/car_nav2/hook/cmake_prefix_path.ps1'
[0.714s] INFO:colcon.colcon_core.shell:Creating environment descriptor '/home/mr-cheng/Documents/ROS2/Car/install/car_nav2/share/car_nav2/hook/cmake_prefix_path.dsv'
[0.714s] INFO:colcon.colcon_core.shell:Creating environment hook '/home/mr-cheng/Documents/ROS2/Car/install/car_nav2/share/car_nav2/hook/cmake_prefix_path.sh'
[0.715s] Level 1:colcon.colcon_core.environment:checking '/home/mr-cheng/Documents/ROS2/Car/install/car_nav2/bin'
[0.715s] Level 1:colcon.colcon_core.environment:checking '/home/mr-cheng/Documents/ROS2/Car/install/car_nav2/lib/pkgconfig/car_nav2.pc'
[0.716s] Level 1:colcon.colcon_core.environment:checking '/home/mr-cheng/Documents/ROS2/Car/install/car_nav2/lib/python3.10/site-packages'
[0.716s] Level 1:colcon.colcon_core.environment:checking '/home/mr-cheng/Documents/ROS2/Car/install/car_nav2/bin'
[0.716s] INFO:colcon.colcon_core.shell:Creating package script '/home/mr-cheng/Documents/ROS2/Car/install/car_nav2/share/car_nav2/package.ps1'
[0.717s] DEBUG:colcon.colcon_core.event_handler.log_command:Invoked command in '/home/mr-cheng/Documents/ROS2/Car/build/car_nav2' returned '0': CMAKE_PREFIX_PATH=${CMAKE_PREFIX_PATH}:/opt/ros/humble /usr/bin/cmake --install /home/mr-cheng/Documents/ROS2/Car/build/car_nav2
[0.719s] INFO:colcon.colcon_core.shell:Creating package descriptor '/home/mr-cheng/Documents/ROS2/Car/install/car_nav2/share/car_nav2/package.dsv'
[0.719s] INFO:colcon.colcon_core.shell:Creating package script '/home/mr-cheng/Documents/ROS2/Car/install/car_nav2/share/car_nav2/package.sh'
[0.721s] INFO:colcon.colcon_core.shell:Creating package script '/home/mr-cheng/Documents/ROS2/Car/install/car_nav2/share/car_nav2/package.bash'
[0.723s] INFO:colcon.colcon_core.shell:Creating package script '/home/mr-cheng/Documents/ROS2/Car/install/car_nav2/share/car_nav2/package.zsh'
[0.724s] Level 1:colcon.colcon_core.environment:create_file_with_runtime_dependencies(/home/mr-cheng/Documents/ROS2/Car/install/car_nav2/share/colcon-core/packages/car_nav2)
[0.727s] Level 1:colcon.colcon_core.environment:create_environment_scripts_only(openslam_gmapping)
[0.728s] Level 1:colcon.colcon_core.environment:checking '/home/mr-cheng/Documents/ROS2/Car/install/openslam_gmapping' for CMake module files
[0.728s] DEBUG:colcon.colcon_core.event_handler.log_command:Invoked command in '/home/mr-cheng/Documents/ROS2/Car/build/openslam_gmapping' returned '0': CMAKE_PREFIX_PATH=${CMAKE_PREFIX_PATH}:/opt/ros/humble /usr/bin/cmake --install /home/mr-cheng/Documents/ROS2/Car/build/openslam_gmapping
[0.729s] Level 1:colcon.colcon_core.environment:checking '/home/mr-cheng/Documents/ROS2/Car/install/openslam_gmapping' for CMake config files
[0.729s] Level 1:colcon.colcon_core.shell:create_environment_hook('openslam_gmapping', 'cmake_prefix_path')
[0.730s] INFO:colcon.colcon_core.shell:Creating environment hook '/home/mr-cheng/Documents/ROS2/Car/install/openslam_gmapping/share/openslam_gmapping/hook/cmake_prefix_path.ps1'
[0.730s] INFO:colcon.colcon_core.shell:Creating environment descriptor '/home/mr-cheng/Documents/ROS2/Car/install/openslam_gmapping/share/openslam_gmapping/hook/cmake_prefix_path.dsv'
[0.730s] INFO:colcon.colcon_core.shell:Creating environment hook '/home/mr-cheng/Documents/ROS2/Car/install/openslam_gmapping/share/openslam_gmapping/hook/cmake_prefix_path.sh'
[0.731s] Level 1:colcon.colcon_core.environment:checking '/home/mr-cheng/Documents/ROS2/Car/install/openslam_gmapping/lib'
[0.731s] Level 1:colcon.colcon_core.environment:checking '/home/mr-cheng/Documents/ROS2/Car/install/openslam_gmapping/bin'
[0.731s] Level 1:colcon.colcon_core.environment:checking '/home/mr-cheng/Documents/ROS2/Car/install/openslam_gmapping/lib/pkgconfig/openslam_gmapping.pc'
[0.731s] Level 1:colcon.colcon_core.environment:checking '/home/mr-cheng/Documents/ROS2/Car/install/openslam_gmapping/lib/python3.10/site-packages'
[0.732s] Level 1:colcon.colcon_core.environment:checking '/home/mr-cheng/Documents/ROS2/Car/install/openslam_gmapping/bin'
[0.732s] INFO:colcon.colcon_core.shell:Creating package script '/home/mr-cheng/Documents/ROS2/Car/install/openslam_gmapping/share/openslam_gmapping/package.ps1'
[0.732s] INFO:colcon.colcon_core.shell:Creating package descriptor '/home/mr-cheng/Documents/ROS2/Car/install/openslam_gmapping/share/openslam_gmapping/package.dsv'
[0.733s] INFO:colcon.colcon_core.shell:Creating package script '/home/mr-cheng/Documents/ROS2/Car/install/openslam_gmapping/share/openslam_gmapping/package.sh'
[0.733s] INFO:colcon.colcon_core.shell:Creating package script '/home/mr-cheng/Documents/ROS2/Car/install/openslam_gmapping/share/openslam_gmapping/package.bash'
[0.733s] INFO:colcon.colcon_core.shell:Creating package script '/home/mr-cheng/Documents/ROS2/Car/install/openslam_gmapping/share/openslam_gmapping/package.zsh'
[0.734s] Level 1:colcon.colcon_core.environment:create_file_with_runtime_dependencies(/home/mr-cheng/Documents/ROS2/Car/install/openslam_gmapping/share/colcon-core/packages/openslam_gmapping)
[0.749s] Level 1:colcon.colcon_core.environment:create_environment_scripts_only(car_nav2)
[0.749s] Level 1:colcon.colcon_core.environment:checking '/home/mr-cheng/Documents/ROS2/Car/install/car_nav2' for CMake module files
[0.750s] Level 1:colcon.colcon_core.environment:checking '/home/mr-cheng/Documents/ROS2/Car/install/car_nav2' for CMake config files
[0.750s] Level 1:colcon.colcon_core.shell:create_environment_hook('car_nav2', 'cmake_prefix_path')
[0.750s] INFO:colcon.colcon_core.shell:Creating environment hook '/home/mr-cheng/Documents/ROS2/Car/install/car_nav2/share/car_nav2/hook/cmake_prefix_path.ps1'
[0.750s] INFO:colcon.colcon_core.shell:Creating environment descriptor '/home/mr-cheng/Documents/ROS2/Car/install/car_nav2/share/car_nav2/hook/cmake_prefix_path.dsv'
[0.751s] INFO:colcon.colcon_core.shell:Creating environment hook '/home/mr-cheng/Documents/ROS2/Car/install/car_nav2/share/car_nav2/hook/cmake_prefix_path.sh'
[0.751s] Level 1:colcon.colcon_core.environment:checking '/home/mr-cheng/Documents/ROS2/Car/install/car_nav2/bin'
[0.751s] Level 1:colcon.colcon_core.environment:checking '/home/mr-cheng/Documents/ROS2/Car/install/car_nav2/lib/pkgconfig/car_nav2.pc'
[0.752s] Level 1:colcon.colcon_core.environment:checking '/home/mr-cheng/Documents/ROS2/Car/install/car_nav2/lib/python3.10/site-packages'
[0.752s] Level 1:colcon.colcon_core.environment:checking '/home/mr-cheng/Documents/ROS2/Car/install/car_nav2/bin'
[0.752s] INFO:colcon.colcon_core.shell:Creating package script '/home/mr-cheng/Documents/ROS2/Car/install/car_nav2/share/car_nav2/package.ps1'
[0.753s] INFO:colcon.colcon_core.shell:Creating package descriptor '/home/mr-cheng/Documents/ROS2/Car/install/car_nav2/share/car_nav2/package.dsv'
[0.753s] INFO:colcon.colcon_core.shell:Creating package script '/home/mr-cheng/Documents/ROS2/Car/install/car_nav2/share/car_nav2/package.sh'
[0.754s] INFO:colcon.colcon_core.shell:Creating package script '/home/mr-cheng/Documents/ROS2/Car/install/car_nav2/share/car_nav2/package.bash'
[0.754s] INFO:colcon.colcon_core.shell:Creating package script '/home/mr-cheng/Documents/ROS2/Car/install/car_nav2/share/car_nav2/package.zsh'
[0.754s] Level 1:colcon.colcon_core.environment:create_file_with_runtime_dependencies(/home/mr-cheng/Documents/ROS2/Car/install/car_nav2/share/colcon-core/packages/car_nav2)
[0.763s] Level 1:colcon.colcon_core.environment:create_environment_scripts_only(openslam_gmapping)
[0.764s] Level 1:colcon.colcon_core.environment:checking '/home/mr-cheng/Documents/ROS2/Car/install/openslam_gmapping' for CMake module files
[0.765s] Level 1:colcon.colcon_core.environment:checking '/home/mr-cheng/Documents/ROS2/Car/install/openslam_gmapping' for CMake config files
[0.765s] Level 1:colcon.colcon_core.shell:create_environment_hook('openslam_gmapping', 'cmake_prefix_path')
[0.765s] INFO:colcon.colcon_core.shell:Creating environment hook '/home/mr-cheng/Documents/ROS2/Car/install/openslam_gmapping/share/openslam_gmapping/hook/cmake_prefix_path.ps1'
[0.766s] INFO:colcon.colcon_core.shell:Creating environment descriptor '/home/mr-cheng/Documents/ROS2/Car/install/openslam_gmapping/share/openslam_gmapping/hook/cmake_prefix_path.dsv'
[0.767s] INFO:colcon.colcon_core.shell:Creating environment hook '/home/mr-cheng/Documents/ROS2/Car/install/openslam_gmapping/share/openslam_gmapping/hook/cmake_prefix_path.sh'
[0.767s] Level 1:colcon.colcon_core.environment:checking '/home/mr-cheng/Documents/ROS2/Car/install/openslam_gmapping/lib'
[0.767s] Level 1:colcon.colcon_core.environment:checking '/home/mr-cheng/Documents/ROS2/Car/install/openslam_gmapping/bin'
[0.768s] Level 1:colcon.colcon_core.environment:checking '/home/mr-cheng/Documents/ROS2/Car/install/openslam_gmapping/lib/pkgconfig/openslam_gmapping.pc'
[0.768s] Level 1:colcon.colcon_core.environment:checking '/home/mr-cheng/Documents/ROS2/Car/install/openslam_gmapping/lib/python3.10/site-packages'
[0.768s] Level 1:colcon.colcon_core.environment:checking '/home/mr-cheng/Documents/ROS2/Car/install/openslam_gmapping/bin'
[0.769s] INFO:colcon.colcon_core.shell:Creating package script '/home/mr-cheng/Documents/ROS2/Car/install/openslam_gmapping/share/openslam_gmapping/package.ps1'
[0.770s] INFO:colcon.colcon_core.shell:Creating package descriptor '/home/mr-cheng/Documents/ROS2/Car/install/openslam_gmapping/share/openslam_gmapping/package.dsv'
[0.770s] INFO:colcon.colcon_core.shell:Creating package script '/home/mr-cheng/Documents/ROS2/Car/install/openslam_gmapping/share/openslam_gmapping/package.sh'
[0.771s] INFO:colcon.colcon_core.shell:Creating package script '/home/mr-cheng/Documents/ROS2/Car/install/openslam_gmapping/share/openslam_gmapping/package.bash'
[0.771s] INFO:colcon.colcon_core.shell:Creating package script '/home/mr-cheng/Documents/ROS2/Car/install/openslam_gmapping/share/openslam_gmapping/package.zsh'
[0.772s] Level 1:colcon.colcon_core.environment:create_file_with_runtime_dependencies(/home/mr-cheng/Documents/ROS2/Car/install/openslam_gmapping/share/colcon-core/packages/openslam_gmapping)
[0.772s] INFO:colcon.colcon_ros.task.ament_cmake.build:Building ROS package in '/home/mr-cheng/Documents/ROS2/Car/src/slam_gmapping/slam_gmapping' with build type 'ament_cmake'
[0.773s] INFO:colcon.colcon_cmake.task.cmake.build:Building CMake package in '/home/mr-cheng/Documents/ROS2/Car/src/slam_gmapping/slam_gmapping'
[0.773s] INFO:colcon.colcon_core.shell:Skip shell extension 'powershell' for command environment: Not usable outside of PowerShell
[0.775s] DEBUG:colcon.colcon_core.shell:Skip shell extension 'dsv' for command environment
[0.788s] DEBUG:colcon.colcon_core.event_handler.log_command:Invoking command in '/home/mr-cheng/Documents/ROS2/Car/build/slam_gmapping': AMENT_PREFIX_PATH=/home/mr-cheng/Documents/ROS2/Car/install/openslam_gmapping:${AMENT_PREFIX_PATH} CMAKE_PREFIX_PATH=/home/mr-cheng/Documents/ROS2/Car/install/openslam_gmapping:/home/mr-cheng/Bag/fastdds/install/fastrtps:/home/mr-cheng/Bag/fastdds/install/foonathan_memory_vendor:/home/mr-cheng/Bag/fastdds/install/fastcdr:/opt/ros/humble LD_LIBRARY_PATH=/home/mr-cheng/Documents/ROS2/Car/install/openslam_gmapping/lib:${LD_LIBRARY_PATH} /usr/bin/cmake --build /home/mr-cheng/Documents/ROS2/Car/build/slam_gmapping -- -j16 -l16
[0.881s] DEBUG:colcon.colcon_core.event_handler.log_command:Invoked command in '/home/mr-cheng/Documents/ROS2/Car/build/slam_gmapping' returned '0': AMENT_PREFIX_PATH=/home/mr-cheng/Documents/ROS2/Car/install/openslam_gmapping:${AMENT_PREFIX_PATH} CMAKE_PREFIX_PATH=/home/mr-cheng/Documents/ROS2/Car/install/openslam_gmapping:/home/mr-cheng/Bag/fastdds/install/fastrtps:/home/mr-cheng/Bag/fastdds/install/foonathan_memory_vendor:/home/mr-cheng/Bag/fastdds/install/fastcdr:/opt/ros/humble LD_LIBRARY_PATH=/home/mr-cheng/Documents/ROS2/Car/install/openslam_gmapping/lib:${LD_LIBRARY_PATH} /usr/bin/cmake --build /home/mr-cheng/Documents/ROS2/Car/build/slam_gmapping -- -j16 -l16
[0.910s] DEBUG:colcon.colcon_core.event_handler.log_command:Invoking command in '/home/mr-cheng/Documents/ROS2/Car/build/slam_gmapping': AMENT_PREFIX_PATH=/home/mr-cheng/Documents/ROS2/Car/install/openslam_gmapping:${AMENT_PREFIX_PATH} CMAKE_PREFIX_PATH=/home/mr-cheng/Documents/ROS2/Car/install/openslam_gmapping:/home/mr-cheng/Bag/fastdds/install/fastrtps:/home/mr-cheng/Bag/fastdds/install/foonathan_memory_vendor:/home/mr-cheng/Bag/fastdds/install/fastcdr:/opt/ros/humble LD_LIBRARY_PATH=/home/mr-cheng/Documents/ROS2/Car/install/openslam_gmapping/lib:${LD_LIBRARY_PATH} /usr/bin/cmake --install /home/mr-cheng/Documents/ROS2/Car/build/slam_gmapping
[0.924s] Level 1:colcon.colcon_core.environment:create_environment_scripts_only(slam_gmapping)
[0.924s] Level 1:colcon.colcon_core.environment:checking '/home/mr-cheng/Documents/ROS2/Car/install/slam_gmapping' for CMake module files
[0.925s] DEBUG:colcon.colcon_core.event_handler.log_command:Invoked command in '/home/mr-cheng/Documents/ROS2/Car/build/slam_gmapping' returned '0': AMENT_PREFIX_PATH=/home/mr-cheng/Documents/ROS2/Car/install/openslam_gmapping:${AMENT_PREFIX_PATH} CMAKE_PREFIX_PATH=/home/mr-cheng/Documents/ROS2/Car/install/openslam_gmapping:/home/mr-cheng/Bag/fastdds/install/fastrtps:/home/mr-cheng/Bag/fastdds/install/foonathan_memory_vendor:/home/mr-cheng/Bag/fastdds/install/fastcdr:/opt/ros/humble LD_LIBRARY_PATH=/home/mr-cheng/Documents/ROS2/Car/install/openslam_gmapping/lib:${LD_LIBRARY_PATH} /usr/bin/cmake --install /home/mr-cheng/Documents/ROS2/Car/build/slam_gmapping
[0.925s] Level 1:colcon.colcon_core.environment:checking '/home/mr-cheng/Documents/ROS2/Car/install/slam_gmapping' for CMake config files
[0.926s] Level 1:colcon.colcon_core.shell:create_environment_hook('slam_gmapping', 'cmake_prefix_path')
[0.926s] INFO:colcon.colcon_core.shell:Creating environment hook '/home/mr-cheng/Documents/ROS2/Car/install/slam_gmapping/share/slam_gmapping/hook/cmake_prefix_path.ps1'
[0.927s] INFO:colcon.colcon_core.shell:Creating environment descriptor '/home/mr-cheng/Documents/ROS2/Car/install/slam_gmapping/share/slam_gmapping/hook/cmake_prefix_path.dsv'
[0.927s] INFO:colcon.colcon_core.shell:Creating environment hook '/home/mr-cheng/Documents/ROS2/Car/install/slam_gmapping/share/slam_gmapping/hook/cmake_prefix_path.sh'
[0.927s] Level 1:colcon.colcon_core.environment:checking '/home/mr-cheng/Documents/ROS2/Car/install/slam_gmapping/lib'
[0.927s] Level 1:colcon.colcon_core.environment:checking '/home/mr-cheng/Documents/ROS2/Car/install/slam_gmapping/bin'
[0.928s] Level 1:colcon.colcon_core.environment:checking '/home/mr-cheng/Documents/ROS2/Car/install/slam_gmapping/lib/pkgconfig/slam_gmapping.pc'
[0.928s] Level 1:colcon.colcon_core.environment:checking '/home/mr-cheng/Documents/ROS2/Car/install/slam_gmapping/lib/python3.10/site-packages'
[0.928s] Level 1:colcon.colcon_core.environment:checking '/home/mr-cheng/Documents/ROS2/Car/install/slam_gmapping/bin'
[0.928s] INFO:colcon.colcon_core.shell:Creating package script '/home/mr-cheng/Documents/ROS2/Car/install/slam_gmapping/share/slam_gmapping/package.ps1'
[0.929s] INFO:colcon.colcon_core.shell:Creating package descriptor '/home/mr-cheng/Documents/ROS2/Car/install/slam_gmapping/share/slam_gmapping/package.dsv'
[0.929s] INFO:colcon.colcon_core.shell:Creating package script '/home/mr-cheng/Documents/ROS2/Car/install/slam_gmapping/share/slam_gmapping/package.sh'
[0.930s] INFO:colcon.colcon_core.shell:Creating package script '/home/mr-cheng/Documents/ROS2/Car/install/slam_gmapping/share/slam_gmapping/package.bash'
[0.930s] INFO:colcon.colcon_core.shell:Creating package script '/home/mr-cheng/Documents/ROS2/Car/install/slam_gmapping/share/slam_gmapping/package.zsh'
[0.930s] Level 1:colcon.colcon_core.environment:create_file_with_runtime_dependencies(/home/mr-cheng/Documents/ROS2/Car/install/slam_gmapping/share/colcon-core/packages/slam_gmapping)
[0.962s] Level 1:colcon.colcon_core.environment:create_environment_scripts_only(slam_gmapping)
[0.962s] Level 1:colcon.colcon_core.environment:checking '/home/mr-cheng/Documents/ROS2/Car/install/slam_gmapping' for CMake module files
[0.963s] Level 1:colcon.colcon_core.environment:checking '/home/mr-cheng/Documents/ROS2/Car/install/slam_gmapping' for CMake config files
[0.964s] Level 1:colcon.colcon_core.shell:create_environment_hook('slam_gmapping', 'cmake_prefix_path')
[0.965s] INFO:colcon.colcon_core.shell:Creating environment hook '/home/mr-cheng/Documents/ROS2/Car/install/slam_gmapping/share/slam_gmapping/hook/cmake_prefix_path.ps1'
[0.966s] INFO:colcon.colcon_core.shell:Creating environment descriptor '/home/mr-cheng/Documents/ROS2/Car/install/slam_gmapping/share/slam_gmapping/hook/cmake_prefix_path.dsv'
[0.967s] INFO:colcon.colcon_core.shell:Creating environment hook '/home/mr-cheng/Documents/ROS2/Car/install/slam_gmapping/share/slam_gmapping/hook/cmake_prefix_path.sh'
[0.968s] Level 1:colcon.colcon_core.environment:checking '/home/mr-cheng/Documents/ROS2/Car/install/slam_gmapping/lib'
[0.968s] Level 1:colcon.colcon_core.environment:checking '/home/mr-cheng/Documents/ROS2/Car/install/slam_gmapping/bin'
[0.968s] Level 1:colcon.colcon_core.environment:checking '/home/mr-cheng/Documents/ROS2/Car/install/slam_gmapping/lib/pkgconfig/slam_gmapping.pc'
[0.968s] Level 1:colcon.colcon_core.environment:checking '/home/mr-cheng/Documents/ROS2/Car/install/slam_gmapping/lib/python3.10/site-packages'
[0.968s] Level 1:colcon.colcon_core.environment:checking '/home/mr-cheng/Documents/ROS2/Car/install/slam_gmapping/bin'
[0.969s] INFO:colcon.colcon_core.shell:Creating package script '/home/mr-cheng/Documents/ROS2/Car/install/slam_gmapping/share/slam_gmapping/package.ps1'
[0.969s] INFO:colcon.colcon_core.shell:Creating package descriptor '/home/mr-cheng/Documents/ROS2/Car/install/slam_gmapping/share/slam_gmapping/package.dsv'
[0.970s] INFO:colcon.colcon_core.shell:Creating package script '/home/mr-cheng/Documents/ROS2/Car/install/slam_gmapping/share/slam_gmapping/package.sh'
[0.970s] INFO:colcon.colcon_core.shell:Creating package script '/home/mr-cheng/Documents/ROS2/Car/install/slam_gmapping/share/slam_gmapping/package.bash'
[0.971s] INFO:colcon.colcon_core.shell:Creating package script '/home/mr-cheng/Documents/ROS2/Car/install/slam_gmapping/share/slam_gmapping/package.zsh'
[0.971s] Level 1:colcon.colcon_core.environment:create_file_with_runtime_dependencies(/home/mr-cheng/Documents/ROS2/Car/install/slam_gmapping/share/colcon-core/packages/slam_gmapping)
[1.489s] DEBUG:colcon.colcon_core.event_handler.log_command:Invoking command in '/home/mr-cheng/Documents/ROS2/Car/src/robot_description': PYTHONPATH=/home/mr-cheng/Documents/ROS2/Car/build/robot_description/prefix_override:/home/mr-cheng/Documents/ROS2/Car/install/robot_description/lib/python3.10/site-packages:${PYTHONPATH} /usr/bin/python3 -W ignore:setup.py install is deprecated setup.py egg_info --egg-base ../../build/robot_description build --build-base /home/mr-cheng/Documents/ROS2/Car/build/robot_description/build install --record /home/mr-cheng/Documents/ROS2/Car/build/robot_description/install.log --single-version-externally-managed install_data
[2.157s] Level 1:colcon.colcon_core.environment:checking '/home/mr-cheng/Documents/ROS2/Car/install/robot_description' for CMake module files
[2.158s] DEBUG:colcon.colcon_core.event_handler.log_command:Invoked command in '/home/mr-cheng/Documents/ROS2/Car/src/robot_description' returned '0': PYTHONPATH=/home/mr-cheng/Documents/ROS2/Car/build/robot_description/prefix_override:/home/mr-cheng/Documents/ROS2/Car/install/robot_description/lib/python3.10/site-packages:${PYTHONPATH} /usr/bin/python3 -W ignore:setup.py install is deprecated setup.py egg_info --egg-base ../../build/robot_description build --build-base /home/mr-cheng/Documents/ROS2/Car/build/robot_description/build install --record /home/mr-cheng/Documents/ROS2/Car/build/robot_description/install.log --single-version-externally-managed install_data
[2.158s] Level 1:colcon.colcon_core.environment:checking '/home/mr-cheng/Documents/ROS2/Car/install/robot_description' for CMake config files
[2.158s] Level 1:colcon.colcon_core.environment:checking '/home/mr-cheng/Documents/ROS2/Car/install/robot_description/lib'
[2.158s] Level 1:colcon.colcon_core.environment:checking '/home/mr-cheng/Documents/ROS2/Car/install/robot_description/bin'
[2.159s] Level 1:colcon.colcon_core.environment:checking '/home/mr-cheng/Documents/ROS2/Car/install/robot_description/lib/pkgconfig/robot_description.pc'
[2.159s] Level 1:colcon.colcon_core.environment:checking '/home/mr-cheng/Documents/ROS2/Car/install/robot_description/lib/python3.10/site-packages'
[2.159s] Level 1:colcon.colcon_core.shell:create_environment_hook('robot_description', 'pythonpath')
[2.159s] INFO:colcon.colcon_core.shell:Creating environment hook '/home/mr-cheng/Documents/ROS2/Car/install/robot_description/share/robot_description/hook/pythonpath.ps1'
[2.160s] INFO:colcon.colcon_core.shell:Creating environment descriptor '/home/mr-cheng/Documents/ROS2/Car/install/robot_description/share/robot_description/hook/pythonpath.dsv'
[2.160s] INFO:colcon.colcon_core.shell:Creating environment hook '/home/mr-cheng/Documents/ROS2/Car/install/robot_description/share/robot_description/hook/pythonpath.sh'
[2.161s] Level 1:colcon.colcon_core.environment:checking '/home/mr-cheng/Documents/ROS2/Car/install/robot_description/bin'
[2.161s] Level 1:colcon.colcon_core.environment:create_environment_scripts_only(robot_description)
[2.161s] INFO:colcon.colcon_core.shell:Creating package script '/home/mr-cheng/Documents/ROS2/Car/install/robot_description/share/robot_description/package.ps1'
[2.162s] INFO:colcon.colcon_core.shell:Creating package descriptor '/home/mr-cheng/Documents/ROS2/Car/install/robot_description/share/robot_description/package.dsv'
[2.162s] INFO:colcon.colcon_core.shell:Creating package script '/home/mr-cheng/Documents/ROS2/Car/install/robot_description/share/robot_description/package.sh'
[2.163s] INFO:colcon.colcon_core.shell:Creating package script '/home/mr-cheng/Documents/ROS2/Car/install/robot_description/share/robot_description/package.bash'
[2.163s] INFO:colcon.colcon_core.shell:Creating package script '/home/mr-cheng/Documents/ROS2/Car/install/robot_description/share/robot_description/package.zsh'
[2.164s] Level 1:colcon.colcon_core.environment:create_file_with_runtime_dependencies(/home/mr-cheng/Documents/ROS2/Car/install/robot_description/share/colcon-core/packages/robot_description)
[2.165s] DEBUG:colcon.colcon_parallel_executor.executor.parallel:closing loop
[2.165s] DEBUG:colcon.colcon_parallel_executor.executor.parallel:loop closed
[2.165s] DEBUG:colcon.colcon_parallel_executor.executor.parallel:run_until_complete finished with '0'
[2.165s] DEBUG:colcon.colcon_core.event_reactor:joining thread
[2.171s] INFO:colcon.colcon_core.plugin_system:Skipping extension 'colcon_notification.desktop_notification.terminal_notifier': Not used on non-Darwin systems
[2.171s] INFO:colcon.colcon_core.plugin_system:Skipping extension 'colcon_notification.desktop_notification.win32': Not used on non-Windows systems
[2.171s] INFO:colcon.colcon_notification.desktop_notification:Sending desktop notification using 'notify2'
[2.190s] DEBUG:colcon.colcon_core.event_reactor:joined thread
[2.190s] INFO:colcon.colcon_core.shell:Creating prefix script '/home/mr-cheng/Documents/ROS2/Car/install/local_setup.ps1'
[2.192s] INFO:colcon.colcon_core.shell:Creating prefix util module '/home/mr-cheng/Documents/ROS2/Car/install/_local_setup_util_ps1.py'
[2.194s] INFO:colcon.colcon_core.shell:Creating prefix chain script '/home/mr-cheng/Documents/ROS2/Car/install/setup.ps1'
[2.195s] INFO:colcon.colcon_core.shell:Creating prefix script '/home/mr-cheng/Documents/ROS2/Car/install/local_setup.sh'
[2.196s] INFO:colcon.colcon_core.shell:Creating prefix util module '/home/mr-cheng/Documents/ROS2/Car/install/_local_setup_util_sh.py'
[2.197s] INFO:colcon.colcon_core.shell:Creating prefix chain script '/home/mr-cheng/Documents/ROS2/Car/install/setup.sh'
[2.198s] INFO:colcon.colcon_core.shell:Creating prefix script '/home/mr-cheng/Documents/ROS2/Car/install/local_setup.bash'
[2.199s] INFO:colcon.colcon_core.shell:Creating prefix chain script '/home/mr-cheng/Documents/ROS2/Car/install/setup.bash'
[2.200s] INFO:colcon.colcon_core.shell:Creating prefix script '/home/mr-cheng/Documents/ROS2/Car/install/local_setup.zsh'
[2.201s] INFO:colcon.colcon_core.shell:Creating prefix chain script '/home/mr-cheng/Documents/ROS2/Car/install/setup.zsh'
