[0.973s] DEBUG:colcon:Command line arguments: ['/usr/bin/colcon', 'build']
[0.973s] DEBUG:colcon:Parsed command line arguments: Namespace(log_base=None, log_level=None, verb_name='build', build_base='build', install_base='install', merge_install=False, symlink_install=False, test_result_base=None, continue_on_error=False, executor='parallel', parallel_workers=16, event_handlers=None, ignore_user_meta=False, metas=['./colcon.meta'], base_paths=['.'], packages_ignore=None, packages_ignore_regex=None, paths=None, packages_up_to=None, packages_up_to_regex=None, packages_above=None, packages_above_and_dependencies=None, packages_above_depth=None, packages_select_by_dep=None, packages_skip_by_dep=None, packages_skip_up_to=None, packages_select_build_failed=False, packages_skip_build_finished=False, packages_select_test_failures=False, packages_skip_test_passed=False, packages_select=None, packages_skip=None, packages_select_regex=None, packages_skip_regex=None, packages_start=None, packages_end=None, allow_overriding=[], cmake_args=None, cmake_target=None, cmake_target_skip_unavailable=False, cmake_clean_cache=False, cmake_clean_first=False, cmake_force_configure=False, ament_cmake_args=None, catkin_cmake_args=None, catkin_skip_building_tests=False, verb_parser=<colcon_defaults.argument_parser.defaults.DefaultArgumentsDecorator object at 0x7f26b3c4ca30>, verb_extension=<colcon_core.verb.build.BuildVerb object at 0x7f26b3c4fc40>, main=<bound method BuildVerb.main of <colcon_core.verb.build.BuildVerb object at 0x7f26b3c4fc40>>)
[1.017s] Level 1:colcon.colcon_core.package_discovery:discover_packages(colcon_meta) check parameters
[1.017s] Level 1:colcon.colcon_core.package_discovery:discover_packages(recursive) check parameters
[1.017s] Level 1:colcon.colcon_core.package_discovery:discover_packages(ignore) check parameters
[1.017s] Level 1:colcon.colcon_core.package_discovery:discover_packages(path) check parameters
[1.017s] Level 1:colcon.colcon_core.package_discovery:discover_packages(colcon_meta) discover
[1.017s] Level 1:colcon.colcon_core.package_discovery:discover_packages(recursive) discover
[1.018s] INFO:colcon.colcon_core.package_discovery:Crawling recursively for packages in '/home/mr-cheng/Desktop/Car/Car_Control/extra_packages'
[1.018s] Level 1:colcon.colcon_core.package_identification:_identify(.) by extensions ['ignore', 'ignore_ament_install']
[1.018s] Level 1:colcon.colcon_core.package_identification:_identify(.) by extension 'ignore'
[1.018s] Level 1:colcon.colcon_core.package_identification:_identify(.) by extension 'ignore_ament_install'
[1.018s] Level 1:colcon.colcon_core.package_identification:_identify(.) by extensions ['colcon_pkg']
[1.018s] Level 1:colcon.colcon_core.package_identification:_identify(.) by extension 'colcon_pkg'
[1.018s] Level 1:colcon.colcon_core.package_identification:_identify(.) by extensions ['colcon_meta']
[1.018s] Level 1:colcon.colcon_core.package_identification:_identify(.) by extension 'colcon_meta'
[1.018s] Level 1:colcon.colcon_core.package_identification:_identify(.) by extensions ['ros']
[1.018s] Level 1:colcon.colcon_core.package_identification:_identify(.) by extension 'ros'
[1.027s] Level 1:colcon.colcon_core.package_identification:_identify(.) by extensions ['cmake', 'python']
[1.027s] Level 1:colcon.colcon_core.package_identification:_identify(.) by extension 'cmake'
[1.027s] Level 1:colcon.colcon_core.package_identification:_identify(.) by extension 'python'
[1.027s] Level 1:colcon.colcon_core.package_identification:_identify(.) by extensions ['python_setup_py']
[1.027s] Level 1:colcon.colcon_core.package_identification:_identify(.) by extension 'python_setup_py'
[1.027s] Level 1:colcon.colcon_core.package_identification:_identify(build) by extensions ['ignore', 'ignore_ament_install']
[1.027s] Level 1:colcon.colcon_core.package_identification:_identify(build) by extension 'ignore'
[1.027s] Level 1:colcon.colcon_core.package_identification:_identify(build) ignored
[1.027s] Level 1:colcon.colcon_core.package_identification:_identify(car_interfaces) by extensions ['ignore', 'ignore_ament_install']
[1.027s] Level 1:colcon.colcon_core.package_identification:_identify(car_interfaces) by extension 'ignore'
[1.028s] Level 1:colcon.colcon_core.package_identification:_identify(car_interfaces) by extension 'ignore_ament_install'
[1.028s] Level 1:colcon.colcon_core.package_identification:_identify(car_interfaces) by extensions ['colcon_pkg']
[1.028s] Level 1:colcon.colcon_core.package_identification:_identify(car_interfaces) by extension 'colcon_pkg'
[1.028s] Level 1:colcon.colcon_core.package_identification:_identify(car_interfaces) by extensions ['colcon_meta']
[1.028s] Level 1:colcon.colcon_core.package_identification:_identify(car_interfaces) by extension 'colcon_meta'
[1.028s] Level 1:colcon.colcon_core.package_identification:_identify(car_interfaces) by extensions ['ros']
[1.028s] Level 1:colcon.colcon_core.package_identification:_identify(car_interfaces) by extension 'ros'
[1.030s] DEBUG:colcon.colcon_core.package_identification:Package 'car_interfaces' with type 'ros.ament_cmake' and name 'car_interfaces'
[1.030s] Level 1:colcon.colcon_core.package_identification:_identify(install) by extensions ['ignore', 'ignore_ament_install']
[1.030s] Level 1:colcon.colcon_core.package_identification:_identify(install) by extension 'ignore'
[1.030s] Level 1:colcon.colcon_core.package_identification:_identify(install) ignored
[1.030s] Level 1:colcon.colcon_core.package_identification:_identify(log) by extensions ['ignore', 'ignore_ament_install']
[1.030s] Level 1:colcon.colcon_core.package_identification:_identify(log) by extension 'ignore'
[1.030s] Level 1:colcon.colcon_core.package_identification:_identify(log) ignored
[1.030s] Level 1:colcon.colcon_core.package_discovery:discover_packages(recursive) using defaults
[1.030s] Level 1:colcon.colcon_core.package_discovery:discover_packages(ignore) discover
[1.030s] Level 1:colcon.colcon_core.package_discovery:discover_packages(ignore) using defaults
[1.030s] Level 1:colcon.colcon_core.package_discovery:discover_packages(path) discover
[1.030s] Level 1:colcon.colcon_core.package_discovery:discover_packages(path) using defaults
[1.118s] Level 1:colcon.colcon_core.package_discovery:discover_packages(prefix_path) check parameters
[1.118s] Level 1:colcon.colcon_core.package_discovery:discover_packages(prefix_path) discover
[1.148s] DEBUG:colcon.colcon_installed_package_information.package_discovery:Found 3 installed packages in /home/mr-cheng/Bag/fastdds/install
[1.163s] DEBUG:colcon.colcon_installed_package_information.package_discovery:Found 282 installed packages in /opt/ros/iron
[1.164s] Level 1:colcon.colcon_core.package_discovery:discover_packages(prefix_path) using defaults
[1.249s] Level 5:colcon.colcon_core.verb:set package 'car_interfaces' build argument 'cmake_args' from command line to 'None'
[1.249s] Level 5:colcon.colcon_core.verb:set package 'car_interfaces' build argument 'cmake_target' from command line to 'None'
[1.249s] Level 5:colcon.colcon_core.verb:set package 'car_interfaces' build argument 'cmake_target_skip_unavailable' from command line to 'False'
[1.249s] Level 5:colcon.colcon_core.verb:set package 'car_interfaces' build argument 'cmake_clean_cache' from command line to 'False'
[1.249s] Level 5:colcon.colcon_core.verb:set package 'car_interfaces' build argument 'cmake_clean_first' from command line to 'False'
[1.249s] Level 5:colcon.colcon_core.verb:set package 'car_interfaces' build argument 'cmake_force_configure' from command line to 'False'
[1.249s] Level 5:colcon.colcon_core.verb:set package 'car_interfaces' build argument 'ament_cmake_args' from command line to 'None'
[1.249s] Level 5:colcon.colcon_core.verb:set package 'car_interfaces' build argument 'catkin_cmake_args' from command line to 'None'
[1.249s] Level 5:colcon.colcon_core.verb:set package 'car_interfaces' build argument 'catkin_skip_building_tests' from command line to 'False'
[1.249s] DEBUG:colcon.colcon_core.verb:Building package 'car_interfaces' with the following arguments: {'ament_cmake_args': None, 'build_base': '/home/mr-cheng/Desktop/Car/Car_Control/extra_packages/build/car_interfaces', 'catkin_cmake_args': None, 'catkin_skip_building_tests': False, 'cmake_args': None, 'cmake_clean_cache': False, 'cmake_clean_first': False, 'cmake_force_configure': False, 'cmake_target': None, 'cmake_target_skip_unavailable': False, 'install_base': '/home/mr-cheng/Desktop/Car/Car_Control/extra_packages/install/car_interfaces', 'merge_install': False, 'path': '/home/mr-cheng/Desktop/Car/Car_Control/extra_packages/car_interfaces', 'symlink_install': False, 'test_result_base': None}
[1.263s] INFO:colcon.colcon_core.executor:Executing jobs using 'parallel' executor
[1.279s] DEBUG:colcon.colcon_parallel_executor.executor.parallel:run_until_complete
[1.279s] INFO:colcon.colcon_ros.task.ament_cmake.build:Building ROS package in '/home/mr-cheng/Desktop/Car/Car_Control/extra_packages/car_interfaces' with build type 'ament_cmake'
[1.279s] INFO:colcon.colcon_cmake.task.cmake.build:Building CMake package in '/home/mr-cheng/Desktop/Car/Car_Control/extra_packages/car_interfaces'
[1.295s] INFO:colcon.colcon_core.plugin_system:Skipping extension 'colcon_core.shell.bat': Not used on non-Windows systems
[1.295s] INFO:colcon.colcon_core.shell:Skip shell extension 'powershell' for command environment: Not usable outside of PowerShell
[1.295s] DEBUG:colcon.colcon_core.shell:Skip shell extension 'dsv' for command environment
[1.344s] DEBUG:colcon.colcon_core.event_handler.log_command:Invoking command in '/home/mr-cheng/Desktop/Car/Car_Control/extra_packages/build/car_interfaces': CMAKE_PREFIX_PATH=${CMAKE_PREFIX_PATH}:/opt/ros/iron /usr/bin/cmake /home/mr-cheng/Desktop/Car/Car_Control/extra_packages/car_interfaces -DCMAKE_INSTALL_PREFIX=/home/mr-cheng/Desktop/Car/Car_Control/extra_packages/install/car_interfaces
[1.730s] DEBUG:colcon.colcon_core.event_handler.log_command:Invoked command in '/home/mr-cheng/Desktop/Car/Car_Control/extra_packages/build/car_interfaces' returned '1': CMAKE_PREFIX_PATH=${CMAKE_PREFIX_PATH}:/opt/ros/iron /usr/bin/cmake /home/mr-cheng/Desktop/Car/Car_Control/extra_packages/car_interfaces -DCMAKE_INSTALL_PREFIX=/home/mr-cheng/Desktop/Car/Car_Control/extra_packages/install/car_interfaces
[1.738s] Level 1:colcon.colcon_core.environment:create_environment_scripts_only(car_interfaces)
[1.754s] Level 1:colcon.colcon_core.environment:checking '/home/mr-cheng/Desktop/Car/Car_Control/extra_packages/install/car_interfaces' for CMake module files
[1.755s] Level 1:colcon.colcon_core.environment:checking '/home/mr-cheng/Desktop/Car/Car_Control/extra_packages/install/car_interfaces' for CMake config files
[1.755s] Level 1:colcon.colcon_core.environment:checking '/home/mr-cheng/Desktop/Car/Car_Control/extra_packages/install/car_interfaces/bin'
[1.755s] Level 1:colcon.colcon_core.environment:checking '/home/mr-cheng/Desktop/Car/Car_Control/extra_packages/install/car_interfaces/lib/pkgconfig/car_interfaces.pc'
[1.755s] Level 1:colcon.colcon_core.environment:checking '/home/mr-cheng/Desktop/Car/Car_Control/extra_packages/install/car_interfaces/lib/python3.10/site-packages'
[1.755s] Level 1:colcon.colcon_core.environment:checking '/home/mr-cheng/Desktop/Car/Car_Control/extra_packages/install/car_interfaces/bin'
[1.770s] INFO:colcon.colcon_core.shell:Creating package script '/home/mr-cheng/Desktop/Car/Car_Control/extra_packages/install/car_interfaces/share/car_interfaces/package.ps1'
[1.771s] INFO:colcon.colcon_core.shell:Creating package descriptor '/home/mr-cheng/Desktop/Car/Car_Control/extra_packages/install/car_interfaces/share/car_interfaces/package.dsv'
[1.771s] INFO:colcon.colcon_core.shell:Creating package script '/home/mr-cheng/Desktop/Car/Car_Control/extra_packages/install/car_interfaces/share/car_interfaces/package.sh'
[1.771s] INFO:colcon.colcon_core.shell:Creating package script '/home/mr-cheng/Desktop/Car/Car_Control/extra_packages/install/car_interfaces/share/car_interfaces/package.bash'
[1.772s] INFO:colcon.colcon_core.shell:Creating package script '/home/mr-cheng/Desktop/Car/Car_Control/extra_packages/install/car_interfaces/share/car_interfaces/package.zsh'
[1.773s] Level 1:colcon.colcon_core.environment:create_file_with_runtime_dependencies(/home/mr-cheng/Desktop/Car/Car_Control/extra_packages/install/car_interfaces/share/colcon-core/packages/car_interfaces)
[1.783s] DEBUG:colcon.colcon_parallel_executor.executor.parallel:closing loop
[1.783s] DEBUG:colcon.colcon_parallel_executor.executor.parallel:loop closed
[1.783s] DEBUG:colcon.colcon_parallel_executor.executor.parallel:run_until_complete finished with '1'
[1.784s] DEBUG:colcon.colcon_core.event_reactor:joining thread
[1.807s] INFO:colcon.colcon_core.plugin_system:Skipping extension 'colcon_notification.desktop_notification.terminal_notifier': Not used on non-Darwin systems
[1.807s] INFO:colcon.colcon_core.plugin_system:Skipping extension 'colcon_notification.desktop_notification.win32': Not used on non-Windows systems
[1.807s] INFO:colcon.colcon_notification.desktop_notification:Sending desktop notification using 'notify2'
[1.817s] DEBUG:colcon.colcon_core.event_reactor:joined thread
[1.832s] INFO:colcon.colcon_core.shell:Creating prefix script '/home/mr-cheng/Desktop/Car/Car_Control/extra_packages/install/local_setup.ps1'
[1.833s] INFO:colcon.colcon_core.shell:Creating prefix util module '/home/mr-cheng/Desktop/Car/Car_Control/extra_packages/install/_local_setup_util_ps1.py'
[1.834s] INFO:colcon.colcon_core.shell:Creating prefix chain script '/home/mr-cheng/Desktop/Car/Car_Control/extra_packages/install/setup.ps1'
[1.850s] INFO:colcon.colcon_core.shell:Creating prefix script '/home/mr-cheng/Desktop/Car/Car_Control/extra_packages/install/local_setup.sh'
[1.850s] INFO:colcon.colcon_core.shell:Creating prefix util module '/home/mr-cheng/Desktop/Car/Car_Control/extra_packages/install/_local_setup_util_sh.py'
[1.851s] INFO:colcon.colcon_core.shell:Creating prefix chain script '/home/mr-cheng/Desktop/Car/Car_Control/extra_packages/install/setup.sh'
[1.866s] INFO:colcon.colcon_core.shell:Creating prefix script '/home/mr-cheng/Desktop/Car/Car_Control/extra_packages/install/local_setup.bash'
[1.866s] INFO:colcon.colcon_core.shell:Creating prefix chain script '/home/mr-cheng/Desktop/Car/Car_Control/extra_packages/install/setup.bash'
[1.881s] INFO:colcon.colcon_core.shell:Creating prefix script '/home/mr-cheng/Desktop/Car/Car_Control/extra_packages/install/local_setup.zsh'
[1.882s] INFO:colcon.colcon_core.shell:Creating prefix chain script '/home/mr-cheng/Desktop/Car/Car_Control/extra_packages/install/setup.zsh'
