[0.026s] Invoking command in '/home/mr-cheng/Documents/ROS2/Car/build/openslam_gmapping': CMAKE_PREFIX_PATH=${CMAKE_PREFIX_PATH}:/home/mr-cheng/Documents/ROS2/Car/install/robot_description:/opt/ros/humble /usr/bin/cmake --build /home/mr-cheng/Documents/ROS2/Car/build/openslam_gmapping -- -j16 -l16
[0.048s] -- Found ament_cmake: 1.3.8 (/opt/ros/humble/share/ament_cmake/cmake)
[0.450s] -- Configuring done
[0.468s] -- Generating done
[0.470s] -- Build files have been written to: /home/mr-cheng/Documents/ROS2/Car/build/openslam_gmapping
[0.488s] [35m[1mConsolidate compiler generated dependencies of target sensor_base[0m
[0.488s] [35m[1mConsolidate compiler generated dependencies of target utils[0m
[0.498s] [  9%] [32mBuilding CXX object sensor/sensor_base/CMakeFiles/sensor_base.dir/sensor.cpp.o[0m
[0.498s] [  9%] [32mBuilding CXX object sensor/sensor_base/CMakeFiles/sensor_base.dir/sensorreading.cpp.o[0m
[0.498s] [ 13%] [32mBuilding CXX object utils/CMakeFiles/utils.dir/movement.cpp.o[0m
[0.498s] [ 18%] [32mBuilding CXX object utils/CMakeFiles/utils.dir/stat.cpp.o[0m
[0.705s] [ 22%] [32m[1mLinking CXX static library libsensor_base.a[0m
[0.817s] [ 27%] [32m[1mLinking CXX static library libutils.a[0m
[0.972s] [ 27%] Built target utils
[0.972s] [ 27%] Built target sensor_base
[0.981s] [35m[1mConsolidate compiler generated dependencies of target sensor_odometry[0m
[0.981s] [35m[1mConsolidate compiler generated dependencies of target sensor_range[0m
[0.993s] [ 40%] [32mBuilding CXX object sensor/sensor_odometry/CMakeFiles/sensor_odometry.dir/odometrysensor.cpp.o[0m
[0.993s] [ 40%] [32mBuilding CXX object sensor/sensor_range/CMakeFiles/sensor_range.dir/rangereading.cpp.o[0m
[0.993s] [ 45%] [32mBuilding CXX object sensor/sensor_odometry/CMakeFiles/sensor_odometry.dir/odometryreading.cpp.o[0m
[0.993s] [ 45%] [32mBuilding CXX object sensor/sensor_range/CMakeFiles/sensor_range.dir/rangesensor.cpp.o[0m
[1.275s] [ 50%] [32m[1mLinking CXX static library libsensor_odometry.a[0m
[1.327s] [ 50%] Built target sensor_odometry
[1.394s] [ 54%] [32m[1mLinking CXX static library libsensor_range.a[0m
[1.442s] [ 54%] Built target sensor_range
[1.452s] [35m[1mConsolidate compiler generated dependencies of target scanmatcher[0m
[1.464s] [ 59%] [32mBuilding CXX object scanmatcher/CMakeFiles/scanmatcher.dir/eig3.cpp.o[0m
[1.464s] [ 63%] [32mBuilding CXX object scanmatcher/CMakeFiles/scanmatcher.dir/scanmatcher.cpp.o[0m
[1.464s] [ 68%] [32mBuilding CXX object scanmatcher/CMakeFiles/scanmatcher.dir/scanmatcherprocessor.cpp.o[0m
[1.464s] [ 72%] [32mBuilding CXX object scanmatcher/CMakeFiles/scanmatcher.dir/smmap.cpp.o[0m
[2.574s] [ 77%] [32m[1mLinking CXX static library libscanmatcher.a[0m
[2.624s] [ 77%] Built target scanmatcher
[2.634s] [35m[1mConsolidate compiler generated dependencies of target gridfastslam[0m
[2.647s] [ 86%] [32mBuilding CXX object gridfastslam/CMakeFiles/gridfastslam.dir/gridslamprocessor.cpp.o[0m
[2.647s] [ 86%] [32mBuilding CXX object gridfastslam/CMakeFiles/gridfastslam.dir/gfsreader.cpp.o[0m
[2.647s] [ 90%] [32mBuilding CXX object gridfastslam/CMakeFiles/gridfastslam.dir/gridslamprocessor_tree.cpp.o[0m
[2.647s] [ 95%] [32mBuilding CXX object gridfastslam/CMakeFiles/gridfastslam.dir/motionmodel.cpp.o[0m
[3.941s] [100%] [32m[1mLinking CXX static library libgridfastslam.a[0m
[3.994s] [100%] Built target gridfastslam
[4.003s] Invoked command in '/home/mr-cheng/Documents/ROS2/Car/build/openslam_gmapping' returned '0': CMAKE_PREFIX_PATH=${CMAKE_PREFIX_PATH}:/home/mr-cheng/Documents/ROS2/Car/install/robot_description:/opt/ros/humble /usr/bin/cmake --build /home/mr-cheng/Documents/ROS2/Car/build/openslam_gmapping -- -j16 -l16
[4.024s] Invoking command in '/home/mr-cheng/Documents/ROS2/Car/build/openslam_gmapping': CMAKE_PREFIX_PATH=${CMAKE_PREFIX_PATH}:/home/mr-cheng/Documents/ROS2/Car/install/robot_description:/opt/ros/humble /usr/bin/cmake --install /home/mr-cheng/Documents/ROS2/Car/build/openslam_gmapping
[4.030s] -- Install configuration: ""
[4.030s] -- Up-to-date: /home/mr-cheng/Documents/ROS2/Car/install/openslam_gmapping/share/openslam_gmapping/environment/library_path.sh
[4.031s] -- Installing: /home/mr-cheng/Documents/ROS2/Car/install/openslam_gmapping/share/openslam_gmapping/environment/library_path.dsv
[4.031s] -- Up-to-date: /home/mr-cheng/Documents/ROS2/Car/install/openslam_gmapping/include/
[4.031s] -- Up-to-date: /home/mr-cheng/Documents/ROS2/Car/install/openslam_gmapping/include//gmapping
[4.031s] -- Up-to-date: /home/mr-cheng/Documents/ROS2/Car/install/openslam_gmapping/include//gmapping/utils
[4.031s] -- Installing: /home/mr-cheng/Documents/ROS2/Car/install/openslam_gmapping/include//gmapping/utils/point.h
[4.031s] -- Installing: /home/mr-cheng/Documents/ROS2/Car/install/openslam_gmapping/include//gmapping/utils/stat.h
[4.031s] -- Installing: /home/mr-cheng/Documents/ROS2/Car/install/openslam_gmapping/include//gmapping/utils/autoptr.h
[4.031s] -- Installing: /home/mr-cheng/Documents/ROS2/Car/install/openslam_gmapping/include//gmapping/utils/commandline.h
[4.031s] -- Installing: /home/mr-cheng/Documents/ROS2/Car/install/openslam_gmapping/include//gmapping/utils/gvalues.h
[4.031s] -- Installing: /home/mr-cheng/Documents/ROS2/Car/install/openslam_gmapping/include//gmapping/utils/macro_params.h
[4.032s] -- Up-to-date: /home/mr-cheng/Documents/ROS2/Car/install/openslam_gmapping/include//gmapping/particlefilter
[4.032s] -- Installing: /home/mr-cheng/Documents/ROS2/Car/install/openslam_gmapping/include//gmapping/particlefilter/particlefilter.h
[4.032s] -- Up-to-date: /home/mr-cheng/Documents/ROS2/Car/install/openslam_gmapping/include//gmapping/log
[4.032s] -- Installing: /home/mr-cheng/Documents/ROS2/Car/install/openslam_gmapping/include//gmapping/log/sensorlog.h
[4.032s] -- Installing: /home/mr-cheng/Documents/ROS2/Car/install/openslam_gmapping/include//gmapping/log/configuration.h
[4.032s] -- Up-to-date: /home/mr-cheng/Documents/ROS2/Car/install/openslam_gmapping/include//gmapping/scanmatcher
[4.032s] -- Installing: /home/mr-cheng/Documents/ROS2/Car/install/openslam_gmapping/include//gmapping/scanmatcher/smmap.h
[4.032s] -- Installing: /home/mr-cheng/Documents/ROS2/Car/install/openslam_gmapping/include//gmapping/scanmatcher/icp.h
[4.032s] -- Installing: /home/mr-cheng/Documents/ROS2/Car/install/openslam_gmapping/include//gmapping/scanmatcher/scanmatcher.h
[4.032s] -- Up-to-date: /home/mr-cheng/Documents/ROS2/Car/install/openslam_gmapping/include//gmapping/grid
[4.032s] -- Installing: /home/mr-cheng/Documents/ROS2/Car/install/openslam_gmapping/include//gmapping/grid/accessstate.h
[4.033s] -- Installing: /home/mr-cheng/Documents/ROS2/Car/install/openslam_gmapping/include//gmapping/grid/harray2d.h
[4.033s] -- Installing: /home/mr-cheng/Documents/ROS2/Car/install/openslam_gmapping/include//gmapping/grid/array2d.h
[4.033s] -- Installing: /home/mr-cheng/Documents/ROS2/Car/install/openslam_gmapping/include//gmapping/grid/map.h
[4.033s] -- Up-to-date: /home/mr-cheng/Documents/ROS2/Car/install/openslam_gmapping/include//gmapping/sensor
[4.033s] -- Up-to-date: /home/mr-cheng/Documents/ROS2/Car/install/openslam_gmapping/include//gmapping/sensor/sensor_range
[4.033s] -- Installing: /home/mr-cheng/Documents/ROS2/Car/install/openslam_gmapping/include//gmapping/sensor/sensor_range/rangereading.h
[4.033s] -- Installing: /home/mr-cheng/Documents/ROS2/Car/install/openslam_gmapping/include//gmapping/sensor/sensor_range/rangesensor.h
[4.033s] -- Up-to-date: /home/mr-cheng/Documents/ROS2/Car/install/openslam_gmapping/include//gmapping/sensor/sensor_base
[4.033s] -- Installing: /home/mr-cheng/Documents/ROS2/Car/install/openslam_gmapping/include//gmapping/sensor/sensor_base/sensorreading.h
[4.033s] -- Installing: /home/mr-cheng/Documents/ROS2/Car/install/openslam_gmapping/include//gmapping/sensor/sensor_base/sensor.h
[4.033s] -- Up-to-date: /home/mr-cheng/Documents/ROS2/Car/install/openslam_gmapping/include//gmapping/sensor/sensor_odometry
[4.033s] -- Installing: /home/mr-cheng/Documents/ROS2/Car/install/openslam_gmapping/include//gmapping/sensor/sensor_odometry/odometryreading.h
[4.033s] -- Installing: /home/mr-cheng/Documents/ROS2/Car/install/openslam_gmapping/include//gmapping/sensor/sensor_odometry/odometrysensor.h
[4.034s] -- Up-to-date: /home/mr-cheng/Documents/ROS2/Car/install/openslam_gmapping/include//gmapping/gridfastslam
[4.034s] -- Installing: /home/mr-cheng/Documents/ROS2/Car/install/openslam_gmapping/include//gmapping/gridfastslam/gridslamprocessor.h
[4.034s] -- Installing: /home/mr-cheng/Documents/ROS2/Car/install/openslam_gmapping/include//gmapping/gridfastslam/gridslamprocessor.hxx
[4.034s] -- Installing: /home/mr-cheng/Documents/ROS2/Car/install/openslam_gmapping/include//gmapping/gridfastslam/motionmodel.h
[4.034s] -- Up-to-date: /home/mr-cheng/Documents/ROS2/Car/install/openslam_gmapping/share/ament_index/resource_index/package_run_dependencies/openslam_gmapping
[4.034s] -- Installing: /home/mr-cheng/Documents/ROS2/Car/install/openslam_gmapping/share/ament_index/resource_index/parent_prefix_path/openslam_gmapping
[4.034s] -- Up-to-date: /home/mr-cheng/Documents/ROS2/Car/install/openslam_gmapping/share/openslam_gmapping/environment/ament_prefix_path.sh
[4.034s] -- Installing: /home/mr-cheng/Documents/ROS2/Car/install/openslam_gmapping/share/openslam_gmapping/environment/ament_prefix_path.dsv
[4.034s] -- Up-to-date: /home/mr-cheng/Documents/ROS2/Car/install/openslam_gmapping/share/openslam_gmapping/environment/path.sh
[4.035s] -- Installing: /home/mr-cheng/Documents/ROS2/Car/install/openslam_gmapping/share/openslam_gmapping/environment/path.dsv
[4.035s] -- Up-to-date: /home/mr-cheng/Documents/ROS2/Car/install/openslam_gmapping/share/openslam_gmapping/local_setup.bash
[4.035s] -- Up-to-date: /home/mr-cheng/Documents/ROS2/Car/install/openslam_gmapping/share/openslam_gmapping/local_setup.sh
[4.035s] -- Up-to-date: /home/mr-cheng/Documents/ROS2/Car/install/openslam_gmapping/share/openslam_gmapping/local_setup.zsh
[4.035s] -- Installing: /home/mr-cheng/Documents/ROS2/Car/install/openslam_gmapping/share/openslam_gmapping/local_setup.dsv
[4.035s] -- Installing: /home/mr-cheng/Documents/ROS2/Car/install/openslam_gmapping/share/openslam_gmapping/package.dsv
[4.035s] -- Up-to-date: /home/mr-cheng/Documents/ROS2/Car/install/openslam_gmapping/share/ament_index/resource_index/packages/openslam_gmapping
[4.036s] -- Up-to-date: /home/mr-cheng/Documents/ROS2/Car/install/openslam_gmapping/share/openslam_gmapping/cmake/ament_cmake_export_libraries-extras.cmake
[4.036s] -- Up-to-date: /home/mr-cheng/Documents/ROS2/Car/install/openslam_gmapping/share/openslam_gmapping/cmake/ament_cmake_export_include_directories-extras.cmake
[4.036s] -- Up-to-date: /home/mr-cheng/Documents/ROS2/Car/install/openslam_gmapping/share/openslam_gmapping/cmake/openslam_gmappingConfig.cmake
[4.036s] -- Up-to-date: /home/mr-cheng/Documents/ROS2/Car/install/openslam_gmapping/share/openslam_gmapping/cmake/openslam_gmappingConfig-version.cmake
[4.036s] -- Installing: /home/mr-cheng/Documents/ROS2/Car/install/openslam_gmapping/share/openslam_gmapping/package.xml
[4.036s] -- Installing: /home/mr-cheng/Documents/ROS2/Car/install/openslam_gmapping/lib/libgridfastslam.a
[4.036s] -- Installing: /home/mr-cheng/Documents/ROS2/Car/install/openslam_gmapping/lib/libscanmatcher.a
[4.037s] -- Up-to-date: /home/mr-cheng/Documents/ROS2/Car/install/openslam_gmapping/share/openslam_gmapping/environment/library_path.sh
[4.037s] -- Up-to-date: /home/mr-cheng/Documents/ROS2/Car/install/openslam_gmapping/share/openslam_gmapping/environment/library_path.dsv
[4.037s] -- Installing: /home/mr-cheng/Documents/ROS2/Car/install/openslam_gmapping/lib/libsensor_base.a
[4.037s] -- Up-to-date: /home/mr-cheng/Documents/ROS2/Car/install/openslam_gmapping/share/openslam_gmapping/environment/library_path.sh
[4.037s] -- Up-to-date: /home/mr-cheng/Documents/ROS2/Car/install/openslam_gmapping/share/openslam_gmapping/environment/library_path.dsv
[4.037s] -- Installing: /home/mr-cheng/Documents/ROS2/Car/install/openslam_gmapping/lib/libsensor_odometry.a
[4.037s] -- Installing: /home/mr-cheng/Documents/ROS2/Car/install/openslam_gmapping/lib/libsensor_range.a
[4.038s] -- Installing: /home/mr-cheng/Documents/ROS2/Car/install/openslam_gmapping/lib/libutils.a
[4.038s] -- Up-to-date: /home/mr-cheng/Documents/ROS2/Car/install/openslam_gmapping/share/openslam_gmapping/environment/library_path.sh
[4.038s] -- Up-to-date: /home/mr-cheng/Documents/ROS2/Car/install/openslam_gmapping/share/openslam_gmapping/environment/library_path.dsv
[4.040s] Invoked command in '/home/mr-cheng/Documents/ROS2/Car/build/openslam_gmapping' returned '0': CMAKE_PREFIX_PATH=${CMAKE_PREFIX_PATH}:/home/mr-cheng/Documents/ROS2/Car/install/robot_description:/opt/ros/humble /usr/bin/cmake --install /home/mr-cheng/Documents/ROS2/Car/build/openslam_gmapping
