[1.239s] Invoking command in '/home/mr-cheng/Desktop/Car/Car_Sim2Real/src/robot_description': PYTHONPATH=/home/mr-cheng/Desktop/Car/Car_Sim2Real/build/robot_description/prefix_override:/home/mr-cheng/Desktop/Car/Car_Sim2Real/install/robot_description/lib/python3.10/site-packages:${PYTHONPATH} /usr/bin/python3 -W ignore:setup.py install is deprecated setup.py egg_info --egg-base ../../build/robot_description build --build-base /home/mr-cheng/Desktop/Car/Car_Sim2Real/build/robot_description/build install --record /home/mr-cheng/Desktop/Car/Car_Sim2Real/build/robot_description/install.log --single-version-externally-managed install_data
[1.486s] running egg_info
[1.504s] writing ../../build/robot_description/robot_description.egg-info/PKG-INFO
[1.504s] writing dependency_links to ../../build/robot_description/robot_description.egg-info/dependency_links.txt
[1.505s] writing requirements to ../../build/robot_description/robot_description.egg-info/requires.txt
[1.505s] writing top-level names to ../../build/robot_description/robot_description.egg-info/top_level.txt
[1.542s] reading manifest file '../../build/robot_description/robot_description.egg-info/SOURCES.txt'
[1.543s] writing manifest file '../../build/robot_description/robot_description.egg-info/SOURCES.txt'
[1.543s] running build
[1.543s] running build_py
[1.544s] copying robot_description/__init__.py -> /home/mr-cheng/Desktop/Car/Car_Sim2Real/build/robot_description/build/lib/robot_description
[1.544s] running install
[1.550s] running install_lib
[1.568s] running install_data
[1.569s] copying resource/robot_description -> /home/mr-cheng/Desktop/Car/Car_Sim2Real/install/robot_description/share/ament_index/resource_index/packages
[1.569s] copying package.xml -> /home/mr-cheng/Desktop/Car/Car_Sim2Real/install/robot_description/share/robot_description
[1.569s] copying launch/robot_description.launch.py -> /home/mr-cheng/Desktop/Car/Car_Sim2Real/install/robot_description/share/robot_description/launch
[1.569s] copying urdf/装配体2.SLDASM.csv -> /home/mr-cheng/Desktop/Car/Car_Sim2Real/install/robot_description/share/robot_description/urdf
[1.569s] copying urdf/装配体2.SLDASM.urdf -> /home/mr-cheng/Desktop/Car/Car_Sim2Real/install/robot_description/share/robot_description/urdf
[1.569s] copying meshes/Laser_Link.STL -> /home/mr-cheng/Desktop/Car/Car_Sim2Real/install/robot_description/share/robot_description/meshes
[1.570s] copying meshes/Imu_Link.STL -> /home/mr-cheng/Desktop/Car/Car_Sim2Real/install/robot_description/share/robot_description/meshes
[1.571s] copying meshes/base_link.STL -> /home/mr-cheng/Desktop/Car/Car_Sim2Real/install/robot_description/share/robot_description/meshes
[1.572s] running install_egg_info
[1.593s] removing '/home/mr-cheng/Desktop/Car/Car_Sim2Real/install/robot_description/lib/python3.10/site-packages/robot_description-0.0.0-py3.10.egg-info' (and everything under it)
[1.593s] Copying ../../build/robot_description/robot_description.egg-info to /home/mr-cheng/Desktop/Car/Car_Sim2Real/install/robot_description/lib/python3.10/site-packages/robot_description-0.0.0-py3.10.egg-info
[1.596s] running install_scripts
[1.760s] writing list of installed files to '/home/mr-cheng/Desktop/Car/Car_Sim2Real/build/robot_description/install.log'
[1.781s] Invoked command in '/home/mr-cheng/Desktop/Car/Car_Sim2Real/src/robot_description' returned '0': PYTHONPATH=/home/mr-cheng/Desktop/Car/Car_Sim2Real/build/robot_description/prefix_override:/home/mr-cheng/Desktop/Car/Car_Sim2Real/install/robot_description/lib/python3.10/site-packages:${PYTHONPATH} /usr/bin/python3 -W ignore:setup.py install is deprecated setup.py egg_info --egg-base ../../build/robot_description build --build-base /home/mr-cheng/Desktop/Car/Car_Sim2Real/build/robot_description/build install --record /home/mr-cheng/Desktop/Car/Car_Sim2Real/build/robot_description/install.log --single-version-externally-managed install_data
