[0.067s] Invoking command in '/home/mr-cheng/Desktop/Car/Wireless_Lidar/extra_packages/build/wireless_lidar': CMAKE_PREFIX_PATH=${CMAKE_PREFIX_PATH}:/opt/ros/iron /usr/bin/cmake /home/mr-cheng/Desktop/Car/Wireless_Lidar/extra_packages/wireless_lidar -DCMAKE_INSTALL_PREFIX=/home/mr-cheng/Desktop/Car/Wireless_Lidar/extra_packages/install/wireless_lidar
[0.166s] -- The C compiler identification is GNU 11.4.0
[0.310s] -- The CXX compiler identification is GNU 11.4.0
[0.320s] -- Detecting C compiler ABI info
[0.409s] -- Detecting C compiler ABI info - done
[0.417s] -- Check for working C compiler: /usr/bin/cc - skipped
[0.417s] -- Detecting C compile features
[0.418s] -- Detecting C compile features - done
[0.422s] -- Detecting CXX compiler ABI info
[0.488s] -- Detecting CXX compiler ABI info - done
[0.496s] -- Check for working CXX compiler: /usr/bin/c++ - skipped
[0.496s] -- Detecting CXX compile features
[0.496s] -- Detecting CXX compile features - done
[0.501s] -- Found ament_cmake: 2.0.3 (/opt/ros/iron/share/ament_cmake/cmake)
[0.652s] -- Found Python3: /usr/bin/python3.10 (found version "3.10.12") found components: Interpreter 
[0.740s] -- Found ament_lint_auto: 0.14.2 (/opt/ros/iron/share/ament_lint_auto/cmake)
[0.839s] -- Found rosidl_default_generators: 1.5.0 (/opt/ros/iron/share/rosidl_default_generators/cmake)
[0.845s] -- Using all available rosidl_typesupport_c: rosidl_typesupport_fastrtps_c;rosidl_typesupport_introspection_c
[0.900s] -- Using all available rosidl_typesupport_cpp: rosidl_typesupport_fastrtps_cpp;rosidl_typesupport_introspection_cpp
[0.946s] -- Found rosidl_adapter: 4.0.1 (/opt/ros/iron/share/rosidl_adapter/cmake)
[1.097s] [31mCMake Error at /opt/ros/iron/share/rosidl_adapter/cmake/rosidl_adapt_interfaces.cmake:57 (message):
[1.097s]   execute_process(/usr/bin/python3.10 -m rosidl_adapter --package-name
[1.097s]   wireless_lidar --arguments-file
[1.097s]   /home/mr-cheng/Desktop/Car/Wireless_Lidar/extra_packages/build/wireless_lidar/rosidl_adapter__arguments__wireless_lidar.json
[1.097s]   --output-dir
[1.097s]   /home/mr-cheng/Desktop/Car/Wireless_Lidar/extra_packages/build/wireless_lidar/rosidl_adapter/wireless_lidar
[1.097s]   --output-file
[1.097s]   /home/mr-cheng/Desktop/Car/Wireless_Lidar/extra_packages/build/wireless_lidar/rosidl_adapter/wireless_lidar.idls)
[1.097s]   returned error code 1:
[1.097s] 
[1.098s]   Traceback (most recent call last):
[1.098s] 
[1.098s]     File "/usr/lib/python3.10/runpy.py", line 196, in _run_module_as_main
[1.098s]       return _run_code(code, main_globals, None,
[1.098s]     File "/usr/lib/python3.10/runpy.py", line 86, in _run_code
[1.098s]       exec(code, run_globals)
[1.098s]     File "/opt/ros/iron/lib/python3.10/site-packages/rosidl_adapter/__main__.py", line 19, in <module>
[1.098s]       sys.exit(main())
[1.098s]     File "/opt/ros/iron/lib/python3.10/site-packages/rosidl_adapter/main.py", line 53, in main
[1.098s]       abs_idl_file = convert_to_idl(
[1.098s]     File "/opt/ros/iron/lib/python3.10/site-packages/rosidl_adapter/__init__.py", line 19, in convert_to_idl
[1.098s]       return convert_msg_to_idl(
[1.098s]     File "/opt/ros/iron/lib/python3.10/site-packages/rosidl_adapter/msg/__init__.py", line 28, in convert_msg_to_idl
[1.098s]       msg = parse_message_string(package_name, input_file.stem, content)
[1.098s]     File "/opt/ros/iron/lib/python3.10/site-packages/rosidl_adapter/parser.py", line 545, in parse_message_string
[1.098s]       msg = MessageSpecification(pkg_name, msg_name, fields, constants)
[1.098s]     File "/opt/ros/iron/lib/python3.10/site-packages/rosidl_adapter/parser.py", line 389, in __init__
[1.099s]       self.base_type = BaseType(
[1.099s]     File "/opt/ros/iron/lib/python3.10/site-packages/rosidl_adapter/parser.py", line 206, in __init__
[1.099s]       raise InvalidResourceName(
[1.099s] 
[1.099s]   rosidl_adapter.parser.InvalidResourceName: 'pointdata' is an invalid
[1.099s]   message name.  It should have the pattern '^[A-Z][A-Za-z0-9]*$'
[1.099s] 
[1.099s] Call Stack (most recent call first):
[1.099s]   /opt/ros/iron/share/rosidl_cmake/cmake/rosidl_generate_interfaces.cmake:132 (rosidl_adapt_interfaces)
[1.099s]   CMakeLists.txt:28 (rosidl_generate_interfaces)
[1.099s] 
[1.099s] [0m
[1.099s] -- Configuring incomplete, errors occurred!
[1.099s] See also "/home/mr-cheng/Desktop/Car/Wireless_Lidar/extra_packages/build/wireless_lidar/CMakeFiles/CMakeOutput.log".
[1.104s] Invoked command in '/home/mr-cheng/Desktop/Car/Wireless_Lidar/extra_packages/build/wireless_lidar' returned '1': CMAKE_PREFIX_PATH=${CMAKE_PREFIX_PATH}:/opt/ros/iron /usr/bin/cmake /home/mr-cheng/Desktop/Car/Wireless_Lidar/extra_packages/wireless_lidar -DCMAKE_INSTALL_PREFIX=/home/mr-cheng/Desktop/Car/Wireless_Lidar/extra_packages/install/wireless_lidar
