[0.066s] Invoking command in '/home/mr-cheng/Desktop/Car/Car_Control/extra_packages/build/car_interfaces': CMAKE_PREFIX_PATH=${CMAKE_PREFIX_PATH}:/opt/ros/iron /usr/bin/cmake /home/mr-cheng/Desktop/Car/Car_Control/extra_packages/car_interfaces -DCMAKE_INSTALL_PREFIX=/home/mr-cheng/Desktop/Car/Car_Control/extra_packages/install/car_interfaces
[0.076s] -- Found ament_cmake: 2.0.3 (/opt/ros/iron/share/ament_cmake/cmake)
[0.194s] -- Found ament_lint_auto: 0.14.2 (/opt/ros/iron/share/ament_lint_auto/cmake)
[0.248s] -- Found rosidl_default_generators: 1.5.0 (/opt/ros/iron/share/rosidl_default_generators/cmake)
[0.250s] -- Using all available rosidl_typesupport_c: rosidl_typesupport_fastrtps_c;rosidl_typesupport_introspection_c
[0.279s] -- Using all available rosidl_typesupport_cpp: rosidl_typesupport_fastrtps_cpp;rosidl_typesupport_introspection_cpp
[0.305s] -- Found rosidl_adapter: 4.0.1 (/opt/ros/iron/share/rosidl_adapter/cmake)
[0.445s] [31mCMake Error at /opt/ros/iron/share/rosidl_adapter/cmake/rosidl_adapt_interfaces.cmake:57 (message):
[0.445s]   execute_process(/usr/bin/python3.10 -m rosidl_adapter --package-name
[0.445s]   car_interfaces --arguments-file
[0.445s]   /home/mr-cheng/Desktop/Car/Car_Control/extra_packages/build/car_interfaces/rosidl_adapter__arguments__car_interfaces.json
[0.445s]   --output-dir
[0.445s]   /home/mr-cheng/Desktop/Car/Car_Control/extra_packages/build/car_interfaces/rosidl_adapter/car_interfaces
[0.445s]   --output-file
[0.445s]   /home/mr-cheng/Desktop/Car/Car_Control/extra_packages/build/car_interfaces/rosidl_adapter/car_interfaces.idls)
[0.445s]   returned error code 1:
[0.445s] 
[0.445s]   Traceback (most recent call last):
[0.445s] 
[0.445s]     File "/usr/lib/python3.10/runpy.py", line 196, in _run_module_as_main
[0.446s]       return _run_code(code, main_globals, None,
[0.446s]     File "/usr/lib/python3.10/runpy.py", line 86, in _run_code
[0.446s]       exec(code, run_globals)
[0.446s]     File "/opt/ros/iron/lib/python3.10/site-packages/rosidl_adapter/__main__.py", line 19, in <module>
[0.446s]       sys.exit(main())
[0.446s]     File "/opt/ros/iron/lib/python3.10/site-packages/rosidl_adapter/main.py", line 53, in main
[0.446s]       abs_idl_file = convert_to_idl(
[0.446s]     File "/opt/ros/iron/lib/python3.10/site-packages/rosidl_adapter/__init__.py", line 19, in convert_to_idl
[0.446s]       return convert_msg_to_idl(
[0.446s]     File "/opt/ros/iron/lib/python3.10/site-packages/rosidl_adapter/msg/__init__.py", line 28, in convert_msg_to_idl
[0.446s]       msg = parse_message_string(package_name, input_file.stem, content)
[0.446s]     File "/opt/ros/iron/lib/python3.10/site-packages/rosidl_adapter/parser.py", line 545, in parse_message_string
[0.446s]       msg = MessageSpecification(pkg_name, msg_name, fields, constants)
[0.446s]     File "/opt/ros/iron/lib/python3.10/site-packages/rosidl_adapter/parser.py", line 389, in __init__
[0.446s]       self.base_type = BaseType(
[0.446s]     File "/opt/ros/iron/lib/python3.10/site-packages/rosidl_adapter/parser.py", line 206, in __init__
[0.446s]       raise InvalidResourceName(
[0.446s] 
[0.447s]   rosidl_adapter.parser.InvalidResourceName: 'car' is an invalid message
[0.447s]   name.  It should have the pattern '^[A-Z][A-Za-z0-9]*$'
[0.447s] 
[0.447s] Call Stack (most recent call first):
[0.447s]   /opt/ros/iron/share/rosidl_cmake/cmake/rosidl_generate_interfaces.cmake:132 (rosidl_adapt_interfaces)
[0.447s]   CMakeLists.txt:28 (rosidl_generate_interfaces)
[0.447s] 
[0.447s] [0m
[0.447s] -- Configuring incomplete, errors occurred!
[0.447s] See also "/home/mr-cheng/Desktop/Car/Car_Control/extra_packages/build/car_interfaces/CMakeFiles/CMakeOutput.log".
[0.449s] Invoked command in '/home/mr-cheng/Desktop/Car/Car_Control/extra_packages/build/car_interfaces' returned '1': CMAKE_PREFIX_PATH=${CMAKE_PREFIX_PATH}:/opt/ros/iron /usr/bin/cmake /home/mr-cheng/Desktop/Car/Car_Control/extra_packages/car_interfaces -DCMAKE_INSTALL_PREFIX=/home/mr-cheng/Desktop/Car/Car_Control/extra_packages/install/car_interfaces
