[0.067s] Invoking command in '/home/mr-cheng/Desktop/Car/Wireless_Lidar/extra_packages/build/wireless_lidar': CMAKE_PREFIX_PATH=${CMAKE_PREFIX_PATH}:/opt/ros/iron /usr/bin/cmake /home/mr-cheng/Desktop/Car/Wireless_Lidar/extra_packages/wireless_lidar -DCMAKE_INSTALL_PREFIX=/home/mr-cheng/Desktop/Car/Wireless_Lidar/extra_packages/install/wireless_lidar
[0.076s] -- Found ament_cmake: 2.0.3 (/opt/ros/iron/share/ament_cmake/cmake)
[0.200s] -- Found ament_lint_auto: 0.14.2 (/opt/ros/iron/share/ament_lint_auto/cmake)
[0.272s] -- Found rosidl_default_generators: 1.5.0 (/opt/ros/iron/share/rosidl_default_generators/cmake)
[0.274s] -- Using all available rosidl_typesupport_c: rosidl_typesupport_fastrtps_c;rosidl_typesupport_introspection_c
[0.303s] -- Using all available rosidl_typesupport_cpp: rosidl_typesupport_fastrtps_cpp;rosidl_typesupport_introspection_cpp
[0.330s] -- Found rosidl_adapter: 4.0.1 (/opt/ros/iron/share/rosidl_adapter/cmake)
[0.477s] [31mCMake Error at /opt/ros/iron/share/rosidl_adapter/cmake/rosidl_adapt_interfaces.cmake:57 (message):
[0.477s]   execute_process(/usr/bin/python3.10 -m rosidl_adapter --package-name
[0.477s]   wireless_lidar --arguments-file
[0.478s]   /home/mr-cheng/Desktop/Car/Wireless_Lidar/extra_packages/build/wireless_lidar/rosidl_adapter__arguments__wireless_lidar.json
[0.478s]   --output-dir
[0.478s]   /home/mr-cheng/Desktop/Car/Wireless_Lidar/extra_packages/build/wireless_lidar/rosidl_adapter/wireless_lidar
[0.478s]   --output-file
[0.478s]   /home/mr-cheng/Desktop/Car/Wireless_Lidar/extra_packages/build/wireless_lidar/rosidl_adapter/wireless_lidar.idls)
[0.478s]   returned error code 1:
[0.478s] 
[0.478s]   Error processing 'pointdata[16] data' of 'wireless_lidar/LidarData':
[0.478s]   ''pointdata' is an invalid message name.  It should have the pattern
[0.478s]   '^[A-Z][A-Za-z0-9]*$''
[0.478s] 
[0.478s]   Traceback (most recent call last):
[0.478s] 
[0.478s]     File "/usr/lib/python3.10/runpy.py", line 196, in _run_module_as_main
[0.478s]       return _run_code(code, main_globals, None,
[0.478s]     File "/usr/lib/python3.10/runpy.py", line 86, in _run_code
[0.478s]       exec(code, run_globals)
[0.479s]     File "/opt/ros/iron/lib/python3.10/site-packages/rosidl_adapter/__main__.py", line 19, in <module>
[0.479s]       sys.exit(main())
[0.479s]     File "/opt/ros/iron/lib/python3.10/site-packages/rosidl_adapter/main.py", line 53, in main
[0.479s]       abs_idl_file = convert_to_idl(
[0.479s]     File "/opt/ros/iron/lib/python3.10/site-packages/rosidl_adapter/__init__.py", line 19, in convert_to_idl
[0.479s]       return convert_msg_to_idl(
[0.479s]     File "/opt/ros/iron/lib/python3.10/site-packages/rosidl_adapter/msg/__init__.py", line 28, in convert_msg_to_idl
[0.479s]       msg = parse_message_string(package_name, input_file.stem, content)
[0.479s]     File "/opt/ros/iron/lib/python3.10/site-packages/rosidl_adapter/parser.py", line 521, in parse_message_string
[0.479s]       Type(type_string, context_package_name=pkg_name),
[0.479s]     File "/opt/ros/iron/lib/python3.10/site-packages/rosidl_adapter/parser.py", line 278, in __init__
[0.479s]       super(Type, self).__init__(
[0.479s]     File "/opt/ros/iron/lib/python3.10/site-packages/rosidl_adapter/parser.py", line 206, in __init__
[0.479s]       raise InvalidResourceName(
[0.479s] 
[0.479s]   rosidl_adapter.parser.InvalidResourceName: 'pointdata' is an invalid
[0.479s]   message name.  It should have the pattern '^[A-Z][A-Za-z0-9]*$'
[0.480s] 
[0.480s] Call Stack (most recent call first):
[0.480s]   /opt/ros/iron/share/rosidl_cmake/cmake/rosidl_generate_interfaces.cmake:132 (rosidl_adapt_interfaces)
[0.480s]   CMakeLists.txt:28 (rosidl_generate_interfaces)
[0.480s] 
[0.480s] [0m
[0.480s] -- Configuring incomplete, errors occurred!
[0.480s] See also "/home/mr-cheng/Desktop/Car/Wireless_Lidar/extra_packages/build/wireless_lidar/CMakeFiles/CMakeOutput.log".
[0.482s] Invoked command in '/home/mr-cheng/Desktop/Car/Wireless_Lidar/extra_packages/build/wireless_lidar' returned '1': CMAKE_PREFIX_PATH=${CMAKE_PREFIX_PATH}:/opt/ros/iron /usr/bin/cmake /home/mr-cheng/Desktop/Car/Wireless_Lidar/extra_packages/wireless_lidar -DCMAKE_INSTALL_PREFIX=/home/mr-cheng/Desktop/Car/Wireless_Lidar/extra_packages/install/wireless_lidar
