[35m[1mConsolidate compiler generated dependencies of target slam_gmapping[0m
[ 50%] [32mBuilding CXX object CMakeFiles/slam_gmapping.dir/src/slam_gmapping.cpp.o[0m
[100%] [32m[1mLinking CXX executable slam_gmapping[0m
[100%] Built target slam_gmapping
-- Install configuration: ""
-- Installing: /home/mr-cheng/Documents/ROS2/Car/install/slam_gmapping/lib/slam_gmapping/slam_gmapping
-- Set runtime path of "/home/mr-cheng/Documents/ROS2/Car/install/slam_gmapping/lib/slam_gmapping/slam_gmapping" to ""
-- Up-to-date: /home/mr-cheng/Documents/ROS2/Car/install/slam_gmapping/share/slam_gmapping/launch
-- Up-to-date: /home/mr-cheng/Documents/ROS2/Car/install/slam_gmapping/share/slam_gmapping/launch/slam_gmapping.launch.py
-- Up-to-date: /home/mr-cheng/Documents/ROS2/Car/install/slam_gmapping/share/ament_index/resource_index/package_run_dependencies/slam_gmapping
-- Up-to-date: /home/mr-cheng/Documents/ROS2/Car/install/slam_gmapping/share/ament_index/resource_index/parent_prefix_path/slam_gmapping
-- Up-to-date: /home/mr-cheng/Documents/ROS2/Car/install/slam_gmapping/share/slam_gmapping/environment/ament_prefix_path.sh
-- Up-to-date: /home/mr-cheng/Documents/ROS2/Car/install/slam_gmapping/share/slam_gmapping/environment/ament_prefix_path.dsv
-- Up-to-date: /home/mr-cheng/Documents/ROS2/Car/install/slam_gmapping/share/slam_gmapping/environment/path.sh
-- Up-to-date: /home/mr-cheng/Documents/ROS2/Car/install/slam_gmapping/share/slam_gmapping/environment/path.dsv
-- Up-to-date: /home/mr-cheng/Documents/ROS2/Car/install/slam_gmapping/share/slam_gmapping/local_setup.bash
-- Up-to-date: /home/mr-cheng/Documents/ROS2/Car/install/slam_gmapping/share/slam_gmapping/local_setup.sh
-- Up-to-date: /home/mr-cheng/Documents/ROS2/Car/install/slam_gmapping/share/slam_gmapping/local_setup.zsh
-- Up-to-date: /home/mr-cheng/Documents/ROS2/Car/install/slam_gmapping/share/slam_gmapping/local_setup.dsv
-- Installing: /home/mr-cheng/Documents/ROS2/Car/install/slam_gmapping/share/slam_gmapping/package.dsv
-- Up-to-date: /home/mr-cheng/Documents/ROS2/Car/install/slam_gmapping/share/ament_index/resource_index/packages/slam_gmapping
-- Up-to-date: /home/mr-cheng/Documents/ROS2/Car/install/slam_gmapping/share/slam_gmapping/cmake/slam_gmappingConfig.cmake
-- Up-to-date: /home/mr-cheng/Documents/ROS2/Car/install/slam_gmapping/share/slam_gmapping/cmake/slam_gmappingConfig-version.cmake
-- Up-to-date: /home/mr-cheng/Documents/ROS2/Car/install/slam_gmapping/share/slam_gmapping/package.xml
