[0.028s] Invoking command in '/home/mr-cheng/Documents/ROS2/Car/build/openslam_gmapping': CMAKE_PREFIX_PATH=${CMAKE_PREFIX_PATH}:/home/mr-cheng/Documents/ROS2/Car/install/robot_description:/opt/ros/humble /usr/bin/cmake --build /home/mr-cheng/Documents/ROS2/Car/build/openslam_gmapping -- -j16 -l16
[0.104s] [ 27%] Built target utils
[0.104s] [ 27%] Built target sensor_base
[0.123s] [ 54%] Built target sensor_odometry
[0.123s] [ 54%] Built target sensor_range
[0.143s] [ 77%] Built target scanmatcher
[0.163s] [100%] Built target gridfastslam
[0.240s] Invoked command in '/home/mr-cheng/Documents/ROS2/Car/build/openslam_gmapping' returned '0': CMAKE_PREFIX_PATH=${CMAKE_PREFIX_PATH}:/home/mr-cheng/Documents/ROS2/Car/install/robot_description:/opt/ros/humble /usr/bin/cmake --build /home/mr-cheng/Documents/ROS2/Car/build/openslam_gmapping -- -j16 -l16
[0.267s] Invoking command in '/home/mr-cheng/Documents/ROS2/Car/build/openslam_gmapping': CMAKE_PREFIX_PATH=${CMAKE_PREFIX_PATH}:/home/mr-cheng/Documents/ROS2/Car/install/robot_description:/opt/ros/humble /usr/bin/cmake --install /home/mr-cheng/Documents/ROS2/Car/build/openslam_gmapping
[0.278s] -- Install configuration: ""
[0.278s] -- Up-to-date: /home/mr-cheng/Documents/ROS2/Car/install/openslam_gmapping/share/openslam_gmapping/environment/library_path.sh
[0.278s] -- Up-to-date: /home/mr-cheng/Documents/ROS2/Car/install/openslam_gmapping/share/openslam_gmapping/environment/library_path.dsv
[0.279s] -- Up-to-date: /home/mr-cheng/Documents/ROS2/Car/install/openslam_gmapping/include/
[0.279s] -- Up-to-date: /home/mr-cheng/Documents/ROS2/Car/install/openslam_gmapping/include//gmapping
[0.279s] -- Up-to-date: /home/mr-cheng/Documents/ROS2/Car/install/openslam_gmapping/include//gmapping/utils
[0.279s] -- Up-to-date: /home/mr-cheng/Documents/ROS2/Car/install/openslam_gmapping/include//gmapping/utils/point.h
[0.279s] -- Up-to-date: /home/mr-cheng/Documents/ROS2/Car/install/openslam_gmapping/include//gmapping/utils/stat.h
[0.279s] -- Up-to-date: /home/mr-cheng/Documents/ROS2/Car/install/openslam_gmapping/include//gmapping/utils/autoptr.h
[0.280s] -- Up-to-date: /home/mr-cheng/Documents/ROS2/Car/install/openslam_gmapping/include//gmapping/utils/commandline.h
[0.280s] -- Up-to-date: /home/mr-cheng/Documents/ROS2/Car/install/openslam_gmapping/include//gmapping/utils/gvalues.h
[0.280s] -- Up-to-date: /home/mr-cheng/Documents/ROS2/Car/install/openslam_gmapping/include//gmapping/utils/macro_params.h
[0.280s] -- Up-to-date: /home/mr-cheng/Documents/ROS2/Car/install/openslam_gmapping/include//gmapping/particlefilter
[0.281s] -- Up-to-date: /home/mr-cheng/Documents/ROS2/Car/install/openslam_gmapping/include//gmapping/particlefilter/particlefilter.h
[0.281s] -- Up-to-date: /home/mr-cheng/Documents/ROS2/Car/install/openslam_gmapping/include//gmapping/log
[0.281s] -- Up-to-date: /home/mr-cheng/Documents/ROS2/Car/install/openslam_gmapping/include//gmapping/log/sensorlog.h
[0.281s] -- Up-to-date: /home/mr-cheng/Documents/ROS2/Car/install/openslam_gmapping/include//gmapping/log/configuration.h
[0.281s] -- Up-to-date: /home/mr-cheng/Documents/ROS2/Car/install/openslam_gmapping/include//gmapping/scanmatcher
[0.282s] -- Up-to-date: /home/mr-cheng/Documents/ROS2/Car/install/openslam_gmapping/include//gmapping/scanmatcher/smmap.h
[0.282s] -- Up-to-date: /home/mr-cheng/Documents/ROS2/Car/install/openslam_gmapping/include//gmapping/scanmatcher/icp.h
[0.282s] -- Up-to-date: /home/mr-cheng/Documents/ROS2/Car/install/openslam_gmapping/include//gmapping/scanmatcher/scanmatcher.h
[0.282s] -- Up-to-date: /home/mr-cheng/Documents/ROS2/Car/install/openslam_gmapping/include//gmapping/grid
[0.283s] -- Up-to-date: /home/mr-cheng/Documents/ROS2/Car/install/openslam_gmapping/include//gmapping/grid/accessstate.h
[0.283s] -- Up-to-date: /home/mr-cheng/Documents/ROS2/Car/install/openslam_gmapping/include//gmapping/grid/harray2d.h
[0.283s] -- Up-to-date: /home/mr-cheng/Documents/ROS2/Car/install/openslam_gmapping/include//gmapping/grid/array2d.h
[0.283s] -- Up-to-date: /home/mr-cheng/Documents/ROS2/Car/install/openslam_gmapping/include//gmapping/grid/map.h
[0.284s] -- Up-to-date: /home/mr-cheng/Documents/ROS2/Car/install/openslam_gmapping/include//gmapping/sensor
[0.284s] -- Up-to-date: /home/mr-cheng/Documents/ROS2/Car/install/openslam_gmapping/include//gmapping/sensor/sensor_range
[0.284s] -- Up-to-date: /home/mr-cheng/Documents/ROS2/Car/install/openslam_gmapping/include//gmapping/sensor/sensor_range/rangereading.h
[0.284s] -- Up-to-date: /home/mr-cheng/Documents/ROS2/Car/install/openslam_gmapping/include//gmapping/sensor/sensor_range/rangesensor.h
[0.284s] -- Up-to-date: /home/mr-cheng/Documents/ROS2/Car/install/openslam_gmapping/include//gmapping/sensor/sensor_base
[0.284s] -- Up-to-date: /home/mr-cheng/Documents/ROS2/Car/install/openslam_gmapping/include//gmapping/sensor/sensor_base/sensorreading.h
[0.284s] -- Up-to-date: /home/mr-cheng/Documents/ROS2/Car/install/openslam_gmapping/include//gmapping/sensor/sensor_base/sensor.h
[0.285s] -- Up-to-date: /home/mr-cheng/Documents/ROS2/Car/install/openslam_gmapping/include//gmapping/sensor/sensor_odometry
[0.285s] -- Up-to-date: /home/mr-cheng/Documents/ROS2/Car/install/openslam_gmapping/include//gmapping/sensor/sensor_odometry/odometryreading.h
[0.286s] -- Up-to-date: /home/mr-cheng/Documents/ROS2/Car/install/openslam_gmapping/include//gmapping/sensor/sensor_odometry/odometrysensor.h
[0.286s] -- Up-to-date: /home/mr-cheng/Documents/ROS2/Car/install/openslam_gmapping/include//gmapping/gridfastslam
[0.286s] -- Up-to-date: /home/mr-cheng/Documents/ROS2/Car/install/openslam_gmapping/include//gmapping/gridfastslam/gridslamprocessor.h
[0.286s] -- Up-to-date: /home/mr-cheng/Documents/ROS2/Car/install/openslam_gmapping/include//gmapping/gridfastslam/gridslamprocessor.hxx
[0.287s] -- Up-to-date: /home/mr-cheng/Documents/ROS2/Car/install/openslam_gmapping/include//gmapping/gridfastslam/motionmodel.h
[0.287s] -- Up-to-date: /home/mr-cheng/Documents/ROS2/Car/install/openslam_gmapping/share/ament_index/resource_index/package_run_dependencies/openslam_gmapping
[0.288s] -- Up-to-date: /home/mr-cheng/Documents/ROS2/Car/install/openslam_gmapping/share/ament_index/resource_index/parent_prefix_path/openslam_gmapping
[0.289s] -- Up-to-date: /home/mr-cheng/Documents/ROS2/Car/install/openslam_gmapping/share/openslam_gmapping/environment/ament_prefix_path.sh
[0.289s] -- Up-to-date: /home/mr-cheng/Documents/ROS2/Car/install/openslam_gmapping/share/openslam_gmapping/environment/ament_prefix_path.dsv
[0.289s] -- Up-to-date: /home/mr-cheng/Documents/ROS2/Car/install/openslam_gmapping/share/openslam_gmapping/environment/path.sh
[0.290s] -- Up-to-date: /home/mr-cheng/Documents/ROS2/Car/install/openslam_gmapping/share/openslam_gmapping/environment/path.dsv
[0.290s] -- Up-to-date: /home/mr-cheng/Documents/ROS2/Car/install/openslam_gmapping/share/openslam_gmapping/local_setup.bash
[0.290s] -- Up-to-date: /home/mr-cheng/Documents/ROS2/Car/install/openslam_gmapping/share/openslam_gmapping/local_setup.sh
[0.291s] -- Up-to-date: /home/mr-cheng/Documents/ROS2/Car/install/openslam_gmapping/share/openslam_gmapping/local_setup.zsh
[0.291s] -- Up-to-date: /home/mr-cheng/Documents/ROS2/Car/install/openslam_gmapping/share/openslam_gmapping/local_setup.dsv
[0.291s] -- Installing: /home/mr-cheng/Documents/ROS2/Car/install/openslam_gmapping/share/openslam_gmapping/package.dsv
[0.292s] -- Up-to-date: /home/mr-cheng/Documents/ROS2/Car/install/openslam_gmapping/share/ament_index/resource_index/packages/openslam_gmapping
[0.293s] -- Up-to-date: /home/mr-cheng/Documents/ROS2/Car/install/openslam_gmapping/share/openslam_gmapping/cmake/ament_cmake_export_libraries-extras.cmake
[0.293s] -- Up-to-date: /home/mr-cheng/Documents/ROS2/Car/install/openslam_gmapping/share/openslam_gmapping/cmake/ament_cmake_export_include_directories-extras.cmake
[0.293s] -- Up-to-date: /home/mr-cheng/Documents/ROS2/Car/install/openslam_gmapping/share/openslam_gmapping/cmake/openslam_gmappingConfig.cmake
[0.293s] -- Up-to-date: /home/mr-cheng/Documents/ROS2/Car/install/openslam_gmapping/share/openslam_gmapping/cmake/openslam_gmappingConfig-version.cmake
[0.294s] -- Up-to-date: /home/mr-cheng/Documents/ROS2/Car/install/openslam_gmapping/share/openslam_gmapping/package.xml
[0.294s] -- Up-to-date: /home/mr-cheng/Documents/ROS2/Car/install/openslam_gmapping/lib/libgridfastslam.a
[0.294s] -- Up-to-date: /home/mr-cheng/Documents/ROS2/Car/install/openslam_gmapping/lib/libscanmatcher.a
[0.295s] -- Up-to-date: /home/mr-cheng/Documents/ROS2/Car/install/openslam_gmapping/share/openslam_gmapping/environment/library_path.sh
[0.296s] -- Up-to-date: /home/mr-cheng/Documents/ROS2/Car/install/openslam_gmapping/share/openslam_gmapping/environment/library_path.dsv
[0.296s] -- Up-to-date: /home/mr-cheng/Documents/ROS2/Car/install/openslam_gmapping/lib/libsensor_base.a
[0.296s] -- Up-to-date: /home/mr-cheng/Documents/ROS2/Car/install/openslam_gmapping/share/openslam_gmapping/environment/library_path.sh
[0.297s] -- Up-to-date: /home/mr-cheng/Documents/ROS2/Car/install/openslam_gmapping/share/openslam_gmapping/environment/library_path.dsv
[0.297s] -- Up-to-date: /home/mr-cheng/Documents/ROS2/Car/install/openslam_gmapping/lib/libsensor_odometry.a
[0.297s] -- Up-to-date: /home/mr-cheng/Documents/ROS2/Car/install/openslam_gmapping/lib/libsensor_range.a
[0.297s] -- Up-to-date: /home/mr-cheng/Documents/ROS2/Car/install/openslam_gmapping/lib/libutils.a
[0.297s] -- Up-to-date: /home/mr-cheng/Documents/ROS2/Car/install/openslam_gmapping/share/openslam_gmapping/environment/library_path.sh
[0.297s] -- Up-to-date: /home/mr-cheng/Documents/ROS2/Car/install/openslam_gmapping/share/openslam_gmapping/environment/library_path.dsv
[0.298s] Invoked command in '/home/mr-cheng/Documents/ROS2/Car/build/openslam_gmapping' returned '0': CMAKE_PREFIX_PATH=${CMAKE_PREFIX_PATH}:/home/mr-cheng/Documents/ROS2/Car/install/robot_description:/opt/ros/humble /usr/bin/cmake --install /home/mr-cheng/Documents/ROS2/Car/build/openslam_gmapping
