[0.014s] Invoking command in '/home/mr-cheng/Documents/ROS2/Car/build/car_nav2': CMAKE_PREFIX_PATH=${CMAKE_PREFIX_PATH}:/opt/ros/humble /usr/bin/cmake /home/mr-cheng/Documents/ROS2/Car/src/car_nav2 -DCMAKE_INSTALL_PREFIX=/home/mr-cheng/Documents/ROS2/Car/install/car_nav2
[0.132s] -- The C compiler identification is GNU 11.4.0
[0.249s] -- The CXX compiler identification is GNU 11.4.0
[0.264s] -- Detecting C compiler ABI info
[0.324s] -- Detecting C compiler ABI info - done
[0.331s] -- Check for working C compiler: /usr/bin/cc - skipped
[0.333s] -- Detecting C compile features
[0.334s] -- Detecting C compile features - done
[0.337s] -- Detecting CXX compiler ABI info
[0.406s] -- Detecting CXX compiler ABI info - done
[0.414s] -- Check for working CXX compiler: /usr/bin/c++ - skipped
[0.414s] -- Detecting CXX compile features
[0.414s] -- Detecting CXX compile features - done
[0.417s] -- Found ament_cmake: 1.3.8 (/opt/ros/humble/share/ament_cmake/cmake)
[0.558s] -- Found Python3: /usr/bin/python3 (found version "3.10.12") found components: Interpreter 
[0.669s] -- Found nav2_bringup: 1.1.13 (/opt/ros/humble/share/nav2_bringup/cmake)
[0.672s] -- Found ament_lint_auto: 0.12.10 (/opt/ros/humble/share/ament_lint_auto/cmake)
[0.764s] -- Added test 'flake8' to check Python code syntax and style conventions
[0.765s] -- Added test 'lint_cmake' to check CMake code style
[0.766s] -- Added test 'pep257' to check Python code against some of the docstring style conventions in PEP 257
[0.767s] -- Added test 'xmllint' to check XML markup files
[0.768s] -- Configuring done
[0.770s] -- Generating done
[0.771s] -- Build files have been written to: /home/mr-cheng/Documents/ROS2/Car/build/car_nav2
[0.775s] Invoked command in '/home/mr-cheng/Documents/ROS2/Car/build/car_nav2' returned '0': CMAKE_PREFIX_PATH=${CMAKE_PREFIX_PATH}:/opt/ros/humble /usr/bin/cmake /home/mr-cheng/Documents/ROS2/Car/src/car_nav2 -DCMAKE_INSTALL_PREFIX=/home/mr-cheng/Documents/ROS2/Car/install/car_nav2
[0.776s] Invoking command in '/home/mr-cheng/Documents/ROS2/Car/build/car_nav2': CMAKE_PREFIX_PATH=${CMAKE_PREFIX_PATH}:/opt/ros/humble /usr/bin/cmake --build /home/mr-cheng/Documents/ROS2/Car/build/car_nav2 -- -j16 -l16
[0.808s] Invoked command in '/home/mr-cheng/Documents/ROS2/Car/build/car_nav2' returned '0': CMAKE_PREFIX_PATH=${CMAKE_PREFIX_PATH}:/opt/ros/humble /usr/bin/cmake --build /home/mr-cheng/Documents/ROS2/Car/build/car_nav2 -- -j16 -l16
[0.826s] Invoking command in '/home/mr-cheng/Documents/ROS2/Car/build/car_nav2': CMAKE_PREFIX_PATH=${CMAKE_PREFIX_PATH}:/opt/ros/humble /usr/bin/cmake --install /home/mr-cheng/Documents/ROS2/Car/build/car_nav2
[0.832s] -- Install configuration: ""
[0.832s] -- Installing: /home/mr-cheng/Documents/ROS2/Car/install/car_nav2/share/car_nav2/launch
[0.832s] -- Installing: /home/mr-cheng/Documents/ROS2/Car/install/car_nav2/share/car_nav2/launch/car_nav2.launch.py
[0.832s] -- Installing: /home/mr-cheng/Documents/ROS2/Car/install/car_nav2/share/car_nav2/param
[0.832s] -- Installing: /home/mr-cheng/Documents/ROS2/Car/install/car_nav2/share/car_nav2/param/car_nav2_param.yaml
[0.832s] -- Installing: /home/mr-cheng/Documents/ROS2/Car/install/car_nav2/share/car_nav2/maps
[0.833s] -- Installing: /home/mr-cheng/Documents/ROS2/Car/install/car_nav2/share/car_nav2/maps/Sim_Map
[0.833s] -- Installing: /home/mr-cheng/Documents/ROS2/Car/install/car_nav2/share/car_nav2/maps/Sim_Map/sim_map.pgm
[0.833s] -- Installing: /home/mr-cheng/Documents/ROS2/Car/install/car_nav2/share/car_nav2/maps/Sim_Map/sim_map.yaml
[0.833s] -- Installing: /home/mr-cheng/Documents/ROS2/Car/install/car_nav2/share/ament_index/resource_index/package_run_dependencies/car_nav2
[0.833s] -- Installing: /home/mr-cheng/Documents/ROS2/Car/install/car_nav2/share/ament_index/resource_index/parent_prefix_path/car_nav2
[0.833s] -- Installing: /home/mr-cheng/Documents/ROS2/Car/install/car_nav2/share/car_nav2/environment/ament_prefix_path.sh
[0.833s] -- Installing: /home/mr-cheng/Documents/ROS2/Car/install/car_nav2/share/car_nav2/environment/ament_prefix_path.dsv
[0.833s] -- Installing: /home/mr-cheng/Documents/ROS2/Car/install/car_nav2/share/car_nav2/environment/path.sh
[0.833s] -- Installing: /home/mr-cheng/Documents/ROS2/Car/install/car_nav2/share/car_nav2/environment/path.dsv
[0.834s] -- Installing: /home/mr-cheng/Documents/ROS2/Car/install/car_nav2/share/car_nav2/local_setup.bash
[0.834s] -- Installing: /home/mr-cheng/Documents/ROS2/Car/install/car_nav2/share/car_nav2/local_setup.sh
[0.834s] -- Installing: /home/mr-cheng/Documents/ROS2/Car/install/car_nav2/share/car_nav2/local_setup.zsh
[0.834s] -- Installing: /home/mr-cheng/Documents/ROS2/Car/install/car_nav2/share/car_nav2/local_setup.dsv
[0.834s] -- Installing: /home/mr-cheng/Documents/ROS2/Car/install/car_nav2/share/car_nav2/package.dsv
[0.834s] -- Installing: /home/mr-cheng/Documents/ROS2/Car/install/car_nav2/share/ament_index/resource_index/packages/car_nav2
[0.834s] -- Installing: /home/mr-cheng/Documents/ROS2/Car/install/car_nav2/share/car_nav2/cmake/car_nav2Config.cmake
[0.834s] -- Installing: /home/mr-cheng/Documents/ROS2/Car/install/car_nav2/share/car_nav2/cmake/car_nav2Config-version.cmake
[0.834s] -- Installing: /home/mr-cheng/Documents/ROS2/Car/install/car_nav2/share/car_nav2/package.xml
[0.836s] Invoked command in '/home/mr-cheng/Documents/ROS2/Car/build/car_nav2' returned '0': CMAKE_PREFIX_PATH=${CMAKE_PREFIX_PATH}:/opt/ros/humble /usr/bin/cmake --install /home/mr-cheng/Documents/ROS2/Car/build/car_nav2
