[1.286s] Invoking command in '/home/mr-cheng/Documents/ROS2/Car/src/gmapping': PYTHONPATH=/home/mr-cheng/Documents/ROS2/Car/build/gmapping/prefix_override:/home/mr-cheng/Documents/ROS2/Car/install/gmapping/lib/python3.10/site-packages:${PYTHONPATH} /usr/bin/python3 setup.py egg_info --egg-base ../../build/gmapping build --build-base /home/mr-cheng/Documents/ROS2/Car/build/gmapping/build install --record /home/mr-cheng/Documents/ROS2/Car/build/gmapping/install.log --single-version-externally-managed
[1.527s] running egg_info
[1.528s] creating ../../build/gmapping/gmapping.egg-info
[1.528s] writing ../../build/gmapping/gmapping.egg-info/PKG-INFO
[1.528s] writing dependency_links to ../../build/gmapping/gmapping.egg-info/dependency_links.txt
[1.528s] writing entry points to ../../build/gmapping/gmapping.egg-info/entry_points.txt
[1.528s] writing requirements to ../../build/gmapping/gmapping.egg-info/requires.txt
[1.529s] writing top-level names to ../../build/gmapping/gmapping.egg-info/top_level.txt
[1.529s] writing manifest file '../../build/gmapping/gmapping.egg-info/SOURCES.txt'
[1.530s] reading manifest file '../../build/gmapping/gmapping.egg-info/SOURCES.txt'
[1.530s] writing manifest file '../../build/gmapping/gmapping.egg-info/SOURCES.txt'
[1.531s] running build
[1.531s] running build_py
[1.531s] creating /home/mr-cheng/Documents/ROS2/Car/build/gmapping/build
[1.531s] creating /home/mr-cheng/Documents/ROS2/Car/build/gmapping/build/lib
[1.531s] creating /home/mr-cheng/Documents/ROS2/Car/build/gmapping/build/lib/gmapping
[1.531s] copying gmapping/__init__.py -> /home/mr-cheng/Documents/ROS2/Car/build/gmapping/build/lib/gmapping
[1.531s] running install
[1.531s] /usr/lib/python3/dist-packages/setuptools/command/install.py:34: SetuptoolsDeprecationWarning: setup.py install is deprecated. Use build and pip and other standards-based tools.
[1.531s]   warnings.warn(
[1.531s] running install_lib
[1.532s] creating /home/mr-cheng/Documents/ROS2/Car/install/gmapping/lib/python3.10/site-packages/gmapping
[1.532s] copying /home/mr-cheng/Documents/ROS2/Car/build/gmapping/build/lib/gmapping/__init__.py -> /home/mr-cheng/Documents/ROS2/Car/install/gmapping/lib/python3.10/site-packages/gmapping
[1.532s] byte-compiling /home/mr-cheng/Documents/ROS2/Car/install/gmapping/lib/python3.10/site-packages/gmapping/__init__.py to __init__.cpython-310.pyc
[1.532s] running install_data
[1.533s] creating /home/mr-cheng/Documents/ROS2/Car/install/gmapping/share/ament_index
[1.533s] creating /home/mr-cheng/Documents/ROS2/Car/install/gmapping/share/ament_index/resource_index
[1.533s] creating /home/mr-cheng/Documents/ROS2/Car/install/gmapping/share/ament_index/resource_index/packages
[1.533s] copying resource/gmapping -> /home/mr-cheng/Documents/ROS2/Car/install/gmapping/share/ament_index/resource_index/packages
[1.533s] copying package.xml -> /home/mr-cheng/Documents/ROS2/Car/install/gmapping/share/gmapping
[1.533s] running install_egg_info
[1.535s] Copying ../../build/gmapping/gmapping.egg-info to /home/mr-cheng/Documents/ROS2/Car/install/gmapping/lib/python3.10/site-packages/gmapping-0.0.0-py3.10.egg-info
[1.535s] running install_scripts
[1.554s] writing list of installed files to '/home/mr-cheng/Documents/ROS2/Car/build/gmapping/install.log'
[1.635s] Invoked command in '/home/mr-cheng/Documents/ROS2/Car/src/gmapping' returned '0': PYTHONPATH=/home/mr-cheng/Documents/ROS2/Car/build/gmapping/prefix_override:/home/mr-cheng/Documents/ROS2/Car/install/gmapping/lib/python3.10/site-packages:${PYTHONPATH} /usr/bin/python3 setup.py egg_info --egg-base ../../build/gmapping build --build-base /home/mr-cheng/Documents/ROS2/Car/build/gmapping/build install --record /home/mr-cheng/Documents/ROS2/Car/build/gmapping/install.log --single-version-externally-managed
