[0.011s] Invoking command in '/home/mr-cheng/Documents/ROS2/Car/build/slam_gmapping': CMAKE_PREFIX_PATH=/home/mr-cheng/Documents/ROS2/Car/install/openslam_gmapping:/home/mr-cheng/Documents/ROS2/Car/install/slam_gmapping:/home/mr-cheng/Documents/ROS2/Car/install/car_nav2:/home/mr-cheng/Bag/fastdds/install/fastrtps:/home/mr-cheng/Bag/fastdds/install/foonathan_memory_vendor:/home/mr-cheng/Bag/fastdds/install/fastcdr:/home/mr-cheng/Documents/ROS2/Car/install/robot_description:/opt/ros/humble /usr/bin/cmake --build /home/mr-cheng/Documents/ROS2/Car/build/slam_gmapping -- -j16 -l16
[0.032s] [0m -fuse-ld=lld -Wl,--disable-new-dtags[0m
[0.032s] -- Found ament_cmake: 1.3.8 (/opt/ros/humble/share/ament_cmake/cmake)
[0.167s] -- Found std_msgs: 4.2.3 (/opt/ros/humble/share/std_msgs/cmake)
[0.240s] -- Found rosidl_generator_c: 3.1.5 (/opt/ros/humble/share/rosidl_generator_c/cmake)
[0.247s] -- Found rosidl_adapter: 3.1.5 (/opt/ros/humble/share/rosidl_adapter/cmake)
[0.256s] -- Found rosidl_generator_cpp: 3.1.5 (/opt/ros/humble/share/rosidl_generator_cpp/cmake)
[0.272s] -- Using all available rosidl_typesupport_c: rosidl_typesupport_fastrtps_c;rosidl_typesupport_introspection_c
[0.291s] -- Using all available rosidl_typesupport_cpp: rosidl_typesupport_fastrtps_cpp;rosidl_typesupport_introspection_cpp
[0.348s] -- Found nav_msgs: 4.2.3 (/opt/ros/humble/share/nav_msgs/cmake)
[0.474s] -- Found tf2: 0.25.6 (/opt/ros/humble/share/tf2/cmake)
[0.483s] -- Found tf2_ros: 0.25.6 (/opt/ros/humble/share/tf2_ros/cmake)
[0.602s] -- Found rmw_implementation_cmake: 6.1.1 (/opt/ros/humble/share/rmw_implementation_cmake/cmake)
[0.604s] -- Found rmw_fastrtps_cpp: 6.2.6 (/opt/ros/humble/share/rmw_fastrtps_cpp/cmake)
[0.731s] -- Using RMW implementation 'rmw_fastrtps_cpp' as default
[1.158s] -- Found tf2_geometry_msgs: 0.25.6 (/opt/ros/humble/share/tf2_geometry_msgs/cmake)
[1.164s] -- Found eigen3_cmake_module: 0.1.1 (/opt/ros/humble/share/eigen3_cmake_module/cmake)
[1.165s] -- Ensuring Eigen3 include directory is part of orocos-kdl CMake target
[1.174s] -- Found sensor_msgs: 4.2.3 (/opt/ros/humble/share/sensor_msgs/cmake)
[1.258s] -- Found visualization_msgs: 4.2.3 (/opt/ros/humble/share/visualization_msgs/cmake)
[1.379s] -- Found openslam_gmapping: 0.1.2 (/home/mr-cheng/Documents/ROS2/Car/install/openslam_gmapping/share/openslam_gmapping/cmake)
[1.381s] -- Found ament_lint_auto: 0.12.10 (/opt/ros/humble/share/ament_lint_auto/cmake)
[1.524s] -- Added test 'cppcheck' to perform static code analysis on C / C++ code
[1.524s] -- Configured cppcheck include dirs: /home/mr-cheng/Documents/ROS2/Car/src/slam_gmapping/slam_gmapping/include
[1.524s] -- Configured cppcheck exclude dirs and/or files: 
[1.524s] -- Added test 'flake8' to check Python code syntax and style conventions
[1.525s] -- Added test 'lint_cmake' to check CMake code style
[1.525s] -- Added test 'pep257' to check Python code against some of the docstring style conventions in PEP 257
[1.526s] -- Added test 'uncrustify' to check C / C++ code style
[1.526s] -- Configured uncrustify additional arguments: 
[1.526s] -- Added test 'xmllint' to check XML markup files
[1.527s] -- Configuring done
[1.543s] -- Generating done
[1.545s] -- Build files have been written to: /home/mr-cheng/Documents/ROS2/Car/build/slam_gmapping
[1.568s] [35m[1mConsolidate compiler generated dependencies of target slam_gmapping[0m
[1.585s] [ 50%] [32mBuilding CXX object CMakeFiles/slam_gmapping.dir/src/slam_gmapping.cpp.o[0m
[1.803s] In file included from [01m[K/home/mr-cheng/Documents/ROS2/Car/src/slam_gmapping/slam_gmapping/include/slam_gmapping/slam_gmapping.h:38[m[K,
[1.803s]                  from [01m[K/home/mr-cheng/Documents/ROS2/Car/src/slam_gmapping/slam_gmapping/src/slam_gmapping.cpp:24[m[K:
[1.803s] [01m[K/opt/ros/humble/include/tf2_geometry_msgs/tf2_geometry_msgs/tf2_geometry_msgs.h:35:2:[m[K [01;35m[Kwarning: [m[K#warning This header is obsolete, please include tf2_geometry_msgs/tf2_geometry_msgs.hpp instead [[01;35m[K]8;;https://gcc.gnu.org/onlinedocs/gcc/Warning-Options.html#index-Wcpp-Wcpp]8;;[m[K]
[1.803s]    35 | #[01;35m[Kwarning[m[K This header is obsolete, please include tf2_geometry_msgs/tf2_geometry_msgs.hpp instead
[1.803s]       |  [01;35m[K^~~~~~~[m[K
[4.000s] In file included from [01m[K/home/mr-cheng/Documents/ROS2/Car/install/openslam_gmapping/include/gmapping/gridfastslam/gridslamprocessor.h:9[m[K,
[4.000s]                  from [01m[K/home/mr-cheng/Documents/ROS2/Car/src/slam_gmapping/slam_gmapping/include/slam_gmapping/slam_gmapping.h:45[m[K,
[4.000s]                  from [01m[K/home/mr-cheng/Documents/ROS2/Car/src/slam_gmapping/slam_gmapping/src/slam_gmapping.cpp:24[m[K:
[4.000s] [01m[K/home/mr-cheng/Documents/ROS2/Car/install/openslam_gmapping/include/gmapping/particlefilter/particlefilter.h:[m[K In function ‘[01m[Kvoid rle(OutputIterator&, const Iterator&, const Iterator&)[m[K’:
[4.000s] [01m[K/home/mr-cheng/Documents/ROS2/Car/install/openslam_gmapping/include/gmapping/particlefilter/particlefilter.h:140:9:[m[K [01;35m[Kwarning: [m[Kthis ‘[01m[Kif[m[K’ clause does not guard... [[01;35m[K]8;;https://gcc.gnu.org/onlinedocs/gcc/Warning-Options.html#index-Wmisleading-indentation-Wmisleading-indentation]8;;[m[K]
[4.000s]   140 |         [01;35m[Kif[m[K (count>0)
[4.000s]       |         [01;35m[K^~[m[K
[4.000s] [01m[K/home/mr-cheng/Documents/ROS2/Car/install/openslam_gmapping/include/gmapping/particlefilter/particlefilter.h:142:17:[m[K [01;36m[Knote: [m[K...this statement, but the latter is misleadingly indented as if it were guarded by the ‘[01m[Kif[m[K’
[4.001s]   142 |                 [01;36m[Kout[m[K++;
[4.001s]       |                 [01;36m[K^~~[m[K
[12.347s] [100%] [32m[1mLinking CXX executable slam_gmapping[0m
[12.834s] [100%] Built target slam_gmapping
[12.843s] Invoked command in '/home/mr-cheng/Documents/ROS2/Car/build/slam_gmapping' returned '0': CMAKE_PREFIX_PATH=/home/mr-cheng/Documents/ROS2/Car/install/openslam_gmapping:/home/mr-cheng/Documents/ROS2/Car/install/slam_gmapping:/home/mr-cheng/Documents/ROS2/Car/install/car_nav2:/home/mr-cheng/Bag/fastdds/install/fastrtps:/home/mr-cheng/Bag/fastdds/install/foonathan_memory_vendor:/home/mr-cheng/Bag/fastdds/install/fastcdr:/home/mr-cheng/Documents/ROS2/Car/install/robot_description:/opt/ros/humble /usr/bin/cmake --build /home/mr-cheng/Documents/ROS2/Car/build/slam_gmapping -- -j16 -l16
[12.863s] Invoking command in '/home/mr-cheng/Documents/ROS2/Car/build/slam_gmapping': CMAKE_PREFIX_PATH=/home/mr-cheng/Documents/ROS2/Car/install/openslam_gmapping:/home/mr-cheng/Documents/ROS2/Car/install/slam_gmapping:/home/mr-cheng/Documents/ROS2/Car/install/car_nav2:/home/mr-cheng/Bag/fastdds/install/fastrtps:/home/mr-cheng/Bag/fastdds/install/foonathan_memory_vendor:/home/mr-cheng/Bag/fastdds/install/fastcdr:/home/mr-cheng/Documents/ROS2/Car/install/robot_description:/opt/ros/humble /usr/bin/cmake --install /home/mr-cheng/Documents/ROS2/Car/build/slam_gmapping
[12.869s] -- Install configuration: ""
[12.869s] -- Installing: /home/mr-cheng/Documents/ROS2/Car/install/slam_gmapping/lib/slam_gmapping/slam_gmapping
[12.875s] -- Set runtime path of "/home/mr-cheng/Documents/ROS2/Car/install/slam_gmapping/lib/slam_gmapping/slam_gmapping" to ""
[12.875s] -- Up-to-date: /home/mr-cheng/Documents/ROS2/Car/install/slam_gmapping/share/slam_gmapping/launch
[12.875s] -- Installing: /home/mr-cheng/Documents/ROS2/Car/install/slam_gmapping/share/slam_gmapping/launch/slam_gmapping.launch.py
[12.875s] -- Installing: /home/mr-cheng/Documents/ROS2/Car/install/slam_gmapping/share/ament_index/resource_index/package_run_dependencies/slam_gmapping
[12.875s] -- Installing: /home/mr-cheng/Documents/ROS2/Car/install/slam_gmapping/share/ament_index/resource_index/parent_prefix_path/slam_gmapping
[12.875s] -- Up-to-date: /home/mr-cheng/Documents/ROS2/Car/install/slam_gmapping/share/slam_gmapping/environment/ament_prefix_path.sh
[12.875s] -- Installing: /home/mr-cheng/Documents/ROS2/Car/install/slam_gmapping/share/slam_gmapping/environment/ament_prefix_path.dsv
[12.876s] -- Up-to-date: /home/mr-cheng/Documents/ROS2/Car/install/slam_gmapping/share/slam_gmapping/environment/path.sh
[12.876s] -- Installing: /home/mr-cheng/Documents/ROS2/Car/install/slam_gmapping/share/slam_gmapping/environment/path.dsv
[12.876s] -- Up-to-date: /home/mr-cheng/Documents/ROS2/Car/install/slam_gmapping/share/slam_gmapping/local_setup.bash
[12.876s] -- Up-to-date: /home/mr-cheng/Documents/ROS2/Car/install/slam_gmapping/share/slam_gmapping/local_setup.sh
[12.876s] -- Up-to-date: /home/mr-cheng/Documents/ROS2/Car/install/slam_gmapping/share/slam_gmapping/local_setup.zsh
[12.876s] -- Installing: /home/mr-cheng/Documents/ROS2/Car/install/slam_gmapping/share/slam_gmapping/local_setup.dsv
[12.877s] -- Installing: /home/mr-cheng/Documents/ROS2/Car/install/slam_gmapping/share/slam_gmapping/package.dsv
[12.877s] -- Up-to-date: /home/mr-cheng/Documents/ROS2/Car/install/slam_gmapping/share/ament_index/resource_index/packages/slam_gmapping
[12.877s] -- Up-to-date: /home/mr-cheng/Documents/ROS2/Car/install/slam_gmapping/share/slam_gmapping/cmake/slam_gmappingConfig.cmake
[12.877s] -- Up-to-date: /home/mr-cheng/Documents/ROS2/Car/install/slam_gmapping/share/slam_gmapping/cmake/slam_gmappingConfig-version.cmake
[12.877s] -- Installing: /home/mr-cheng/Documents/ROS2/Car/install/slam_gmapping/share/slam_gmapping/package.xml
[12.878s] Invoked command in '/home/mr-cheng/Documents/ROS2/Car/build/slam_gmapping' returned '0': CMAKE_PREFIX_PATH=/home/mr-cheng/Documents/ROS2/Car/install/openslam_gmapping:/home/mr-cheng/Documents/ROS2/Car/install/slam_gmapping:/home/mr-cheng/Documents/ROS2/Car/install/car_nav2:/home/mr-cheng/Bag/fastdds/install/fastrtps:/home/mr-cheng/Bag/fastdds/install/foonathan_memory_vendor:/home/mr-cheng/Bag/fastdds/install/fastcdr:/home/mr-cheng/Documents/ROS2/Car/install/robot_description:/opt/ros/humble /usr/bin/cmake --install /home/mr-cheng/Documents/ROS2/Car/build/slam_gmapping
