[0.117s] DEBUG:colcon:Command line arguments: ['/usr/bin/colcon', 'build']
[0.117s] DEBUG:colcon:Parsed command line arguments: Namespace(log_base=None, log_level=None, verb_name='build', build_base='build', install_base='install', merge_install=False, symlink_install=False, test_result_base=None, continue_on_error=False, executor='parallel', parallel_workers=16, event_handlers=None, ignore_user_meta=False, metas=['./colcon.meta'], base_paths=['.'], packages_ignore=None, packages_ignore_regex=None, paths=None, packages_up_to=None, packages_up_to_regex=None, packages_above=None, packages_above_and_dependencies=None, packages_above_depth=None, packages_select_by_dep=None, packages_skip_by_dep=None, packages_skip_up_to=None, packages_select_build_failed=False, packages_skip_build_finished=False, packages_select_test_failures=False, packages_skip_test_passed=False, packages_select=None, packages_skip=None, packages_select_regex=None, packages_skip_regex=None, packages_start=None, packages_end=None, allow_overriding=[], cmake_args=None, cmake_target=None, cmake_target_skip_unavailable=False, cmake_clean_cache=False, cmake_clean_first=False, cmake_force_configure=False, ament_cmake_args=None, catkin_cmake_args=None, catkin_skip_building_tests=False, verb_parser=<colcon_defaults.argument_parser.defaults.DefaultArgumentsDecorator object at 0x722600f4aa70>, verb_extension=<colcon_core.verb.build.BuildVerb object at 0x722601047460>, main=<bound method BuildVerb.main of <colcon_core.verb.build.BuildVerb object at 0x722601047460>>)
[0.174s] Level 1:colcon.colcon_core.package_discovery:discover_packages(colcon_meta) check parameters
[0.174s] Level 1:colcon.colcon_core.package_discovery:discover_packages(recursive) check parameters
[0.174s] Level 1:colcon.colcon_core.package_discovery:discover_packages(ignore) check parameters
[0.174s] Level 1:colcon.colcon_core.package_discovery:discover_packages(path) check parameters
[0.174s] Level 1:colcon.colcon_core.package_discovery:discover_packages(colcon_meta) discover
[0.174s] Level 1:colcon.colcon_core.package_discovery:discover_packages(recursive) discover
[0.174s] INFO:colcon.colcon_core.package_discovery:Crawling recursively for packages in '/home/mr-cheng/Desktop/Car/Wireless_Lidar/LSLIDAR_N10_ROS2'
[0.174s] Level 1:colcon.colcon_core.package_identification:_identify(.) by extensions ['ignore', 'ignore_ament_install']
[0.174s] Level 1:colcon.colcon_core.package_identification:_identify(.) by extension 'ignore'
[0.174s] Level 1:colcon.colcon_core.package_identification:_identify(.) by extension 'ignore_ament_install'
[0.174s] Level 1:colcon.colcon_core.package_identification:_identify(.) by extensions ['colcon_pkg']
[0.174s] Level 1:colcon.colcon_core.package_identification:_identify(.) by extension 'colcon_pkg'
[0.175s] Level 1:colcon.colcon_core.package_identification:_identify(.) by extensions ['colcon_meta']
[0.175s] Level 1:colcon.colcon_core.package_identification:_identify(.) by extension 'colcon_meta'
[0.175s] Level 1:colcon.colcon_core.package_identification:_identify(.) by extensions ['ros']
[0.175s] Level 1:colcon.colcon_core.package_identification:_identify(.) by extension 'ros'
[0.202s] Level 1:colcon.colcon_core.package_identification:_identify(.) by extensions ['cmake', 'python']
[0.202s] Level 1:colcon.colcon_core.package_identification:_identify(.) by extension 'cmake'
[0.202s] Level 1:colcon.colcon_core.package_identification:_identify(.) by extension 'python'
[0.202s] Level 1:colcon.colcon_core.package_identification:_identify(.) by extensions ['python_setup_py']
[0.202s] Level 1:colcon.colcon_core.package_identification:_identify(.) by extension 'python_setup_py'
[0.202s] Level 1:colcon.colcon_core.package_identification:_identify(build) by extensions ['ignore', 'ignore_ament_install']
[0.202s] Level 1:colcon.colcon_core.package_identification:_identify(build) by extension 'ignore'
[0.203s] Level 1:colcon.colcon_core.package_identification:_identify(build) ignored
[0.203s] Level 1:colcon.colcon_core.package_identification:_identify(install) by extensions ['ignore', 'ignore_ament_install']
[0.203s] Level 1:colcon.colcon_core.package_identification:_identify(install) by extension 'ignore'
[0.203s] Level 1:colcon.colcon_core.package_identification:_identify(install) ignored
[0.203s] Level 1:colcon.colcon_core.package_identification:_identify(log) by extensions ['ignore', 'ignore_ament_install']
[0.203s] Level 1:colcon.colcon_core.package_identification:_identify(log) by extension 'ignore'
[0.203s] Level 1:colcon.colcon_core.package_identification:_identify(log) ignored
[0.203s] Level 1:colcon.colcon_core.package_identification:_identify(src) by extensions ['ignore', 'ignore_ament_install']
[0.203s] Level 1:colcon.colcon_core.package_identification:_identify(src) by extension 'ignore'
[0.203s] Level 1:colcon.colcon_core.package_identification:_identify(src) by extension 'ignore_ament_install'
[0.203s] Level 1:colcon.colcon_core.package_identification:_identify(src) by extensions ['colcon_pkg']
[0.203s] Level 1:colcon.colcon_core.package_identification:_identify(src) by extension 'colcon_pkg'
[0.203s] Level 1:colcon.colcon_core.package_identification:_identify(src) by extensions ['colcon_meta']
[0.203s] Level 1:colcon.colcon_core.package_identification:_identify(src) by extension 'colcon_meta'
[0.203s] Level 1:colcon.colcon_core.package_identification:_identify(src) by extensions ['ros']
[0.203s] Level 1:colcon.colcon_core.package_identification:_identify(src) by extension 'ros'
[0.204s] Level 1:colcon.colcon_core.package_identification:_identify(src) by extensions ['cmake', 'python']
[0.204s] Level 1:colcon.colcon_core.package_identification:_identify(src) by extension 'cmake'
[0.204s] Level 1:colcon.colcon_core.package_identification:_identify(src) by extension 'python'
[0.204s] Level 1:colcon.colcon_core.package_identification:_identify(src) by extensions ['python_setup_py']
[0.204s] Level 1:colcon.colcon_core.package_identification:_identify(src) by extension 'python_setup_py'
[0.204s] Level 1:colcon.colcon_core.package_identification:_identify(src/lslidar_driver) by extensions ['ignore', 'ignore_ament_install']
[0.204s] Level 1:colcon.colcon_core.package_identification:_identify(src/lslidar_driver) by extension 'ignore'
[0.204s] Level 1:colcon.colcon_core.package_identification:_identify(src/lslidar_driver) by extension 'ignore_ament_install'
[0.204s] Level 1:colcon.colcon_core.package_identification:_identify(src/lslidar_driver) by extensions ['colcon_pkg']
[0.204s] Level 1:colcon.colcon_core.package_identification:_identify(src/lslidar_driver) by extension 'colcon_pkg'
[0.204s] Level 1:colcon.colcon_core.package_identification:_identify(src/lslidar_driver) by extensions ['colcon_meta']
[0.204s] Level 1:colcon.colcon_core.package_identification:_identify(src/lslidar_driver) by extension 'colcon_meta'
[0.204s] Level 1:colcon.colcon_core.package_identification:_identify(src/lslidar_driver) by extensions ['ros']
[0.204s] Level 1:colcon.colcon_core.package_identification:_identify(src/lslidar_driver) by extension 'ros'
[0.208s] DEBUG:colcon.colcon_core.package_identification:Package 'src/lslidar_driver' with type 'ros.ament_cmake' and name 'lslidar_driver'
[0.208s] Level 1:colcon.colcon_core.package_identification:_identify(src/lslidar_msgs) by extensions ['ignore', 'ignore_ament_install']
[0.208s] Level 1:colcon.colcon_core.package_identification:_identify(src/lslidar_msgs) by extension 'ignore'
[0.208s] Level 1:colcon.colcon_core.package_identification:_identify(src/lslidar_msgs) by extension 'ignore_ament_install'
[0.208s] Level 1:colcon.colcon_core.package_identification:_identify(src/lslidar_msgs) by extensions ['colcon_pkg']
[0.208s] Level 1:colcon.colcon_core.package_identification:_identify(src/lslidar_msgs) by extension 'colcon_pkg'
[0.208s] Level 1:colcon.colcon_core.package_identification:_identify(src/lslidar_msgs) by extensions ['colcon_meta']
[0.208s] Level 1:colcon.colcon_core.package_identification:_identify(src/lslidar_msgs) by extension 'colcon_meta'
[0.208s] Level 1:colcon.colcon_core.package_identification:_identify(src/lslidar_msgs) by extensions ['ros']
[0.208s] Level 1:colcon.colcon_core.package_identification:_identify(src/lslidar_msgs) by extension 'ros'
[0.209s] DEBUG:colcon.colcon_core.package_identification:Package 'src/lslidar_msgs' with type 'ros.ament_cmake' and name 'lslidar_msgs'
[0.209s] Level 1:colcon.colcon_core.package_discovery:discover_packages(recursive) using defaults
[0.209s] Level 1:colcon.colcon_core.package_discovery:discover_packages(ignore) discover
[0.209s] Level 1:colcon.colcon_core.package_discovery:discover_packages(ignore) using defaults
[0.209s] Level 1:colcon.colcon_core.package_discovery:discover_packages(path) discover
[0.209s] Level 1:colcon.colcon_core.package_discovery:discover_packages(path) using defaults
[0.233s] Level 1:colcon.colcon_core.package_discovery:discover_packages(prefix_path) check parameters
[0.233s] Level 1:colcon.colcon_core.package_discovery:discover_packages(prefix_path) discover
[0.236s] DEBUG:colcon.colcon_installed_package_information.package_discovery:Found 3 installed packages in /home/mr-cheng/Bag/fastdds/install
[0.237s] DEBUG:colcon.colcon_installed_package_information.package_discovery:Found 395 installed packages in /opt/ros/humble
[0.239s] Level 1:colcon.colcon_core.package_discovery:discover_packages(prefix_path) using defaults
[0.287s] Level 5:colcon.colcon_core.verb:set package 'lslidar_msgs' build argument 'cmake_args' from command line to 'None'
[0.287s] Level 5:colcon.colcon_core.verb:set package 'lslidar_msgs' build argument 'cmake_target' from command line to 'None'
[0.287s] Level 5:colcon.colcon_core.verb:set package 'lslidar_msgs' build argument 'cmake_target_skip_unavailable' from command line to 'False'
[0.287s] Level 5:colcon.colcon_core.verb:set package 'lslidar_msgs' build argument 'cmake_clean_cache' from command line to 'False'
[0.287s] Level 5:colcon.colcon_core.verb:set package 'lslidar_msgs' build argument 'cmake_clean_first' from command line to 'False'
[0.287s] Level 5:colcon.colcon_core.verb:set package 'lslidar_msgs' build argument 'cmake_force_configure' from command line to 'False'
[0.287s] Level 5:colcon.colcon_core.verb:set package 'lslidar_msgs' build argument 'ament_cmake_args' from command line to 'None'
[0.287s] Level 5:colcon.colcon_core.verb:set package 'lslidar_msgs' build argument 'catkin_cmake_args' from command line to 'None'
[0.287s] Level 5:colcon.colcon_core.verb:set package 'lslidar_msgs' build argument 'catkin_skip_building_tests' from command line to 'False'
[0.287s] DEBUG:colcon.colcon_core.verb:Building package 'lslidar_msgs' with the following arguments: {'ament_cmake_args': None, 'build_base': '/home/mr-cheng/Desktop/Car/Wireless_Lidar/LSLIDAR_N10_ROS2/build/lslidar_msgs', 'catkin_cmake_args': None, 'catkin_skip_building_tests': False, 'cmake_args': None, 'cmake_clean_cache': False, 'cmake_clean_first': False, 'cmake_force_configure': False, 'cmake_target': None, 'cmake_target_skip_unavailable': False, 'install_base': '/home/mr-cheng/Desktop/Car/Wireless_Lidar/LSLIDAR_N10_ROS2/install/lslidar_msgs', 'merge_install': False, 'path': '/home/mr-cheng/Desktop/Car/Wireless_Lidar/LSLIDAR_N10_ROS2/src/lslidar_msgs', 'symlink_install': False, 'test_result_base': None}
[0.287s] Level 5:colcon.colcon_core.verb:set package 'lslidar_driver' build argument 'cmake_args' from command line to 'None'
[0.287s] Level 5:colcon.colcon_core.verb:set package 'lslidar_driver' build argument 'cmake_target' from command line to 'None'
[0.287s] Level 5:colcon.colcon_core.verb:set package 'lslidar_driver' build argument 'cmake_target_skip_unavailable' from command line to 'False'
[0.287s] Level 5:colcon.colcon_core.verb:set package 'lslidar_driver' build argument 'cmake_clean_cache' from command line to 'False'
[0.287s] Level 5:colcon.colcon_core.verb:set package 'lslidar_driver' build argument 'cmake_clean_first' from command line to 'False'
[0.287s] Level 5:colcon.colcon_core.verb:set package 'lslidar_driver' build argument 'cmake_force_configure' from command line to 'False'
[0.287s] Level 5:colcon.colcon_core.verb:set package 'lslidar_driver' build argument 'ament_cmake_args' from command line to 'None'
[0.287s] Level 5:colcon.colcon_core.verb:set package 'lslidar_driver' build argument 'catkin_cmake_args' from command line to 'None'
[0.287s] Level 5:colcon.colcon_core.verb:set package 'lslidar_driver' build argument 'catkin_skip_building_tests' from command line to 'False'
[0.288s] DEBUG:colcon.colcon_core.verb:Building package 'lslidar_driver' with the following arguments: {'ament_cmake_args': None, 'build_base': '/home/mr-cheng/Desktop/Car/Wireless_Lidar/LSLIDAR_N10_ROS2/build/lslidar_driver', 'catkin_cmake_args': None, 'catkin_skip_building_tests': False, 'cmake_args': None, 'cmake_clean_cache': False, 'cmake_clean_first': False, 'cmake_force_configure': False, 'cmake_target': None, 'cmake_target_skip_unavailable': False, 'install_base': '/home/mr-cheng/Desktop/Car/Wireless_Lidar/LSLIDAR_N10_ROS2/install/lslidar_driver', 'merge_install': False, 'path': '/home/mr-cheng/Desktop/Car/Wireless_Lidar/LSLIDAR_N10_ROS2/src/lslidar_driver', 'symlink_install': False, 'test_result_base': None}
[0.288s] INFO:colcon.colcon_core.executor:Executing jobs using 'parallel' executor
[0.288s] DEBUG:colcon.colcon_parallel_executor.executor.parallel:run_until_complete
[0.289s] INFO:colcon.colcon_ros.task.ament_cmake.build:Building ROS package in '/home/mr-cheng/Desktop/Car/Wireless_Lidar/LSLIDAR_N10_ROS2/src/lslidar_msgs' with build type 'ament_cmake'
[0.289s] INFO:colcon.colcon_cmake.task.cmake.build:Building CMake package in '/home/mr-cheng/Desktop/Car/Wireless_Lidar/LSLIDAR_N10_ROS2/src/lslidar_msgs'
[0.293s] INFO:colcon.colcon_core.plugin_system:Skipping extension 'colcon_core.shell.bat': Not used on non-Windows systems
[0.293s] INFO:colcon.colcon_core.shell:Skip shell extension 'powershell' for command environment: Not usable outside of PowerShell
[0.293s] DEBUG:colcon.colcon_core.shell:Skip shell extension 'dsv' for command environment
[0.306s] DEBUG:colcon.colcon_core.event_handler.log_command:Invoking command in '/home/mr-cheng/Desktop/Car/Wireless_Lidar/LSLIDAR_N10_ROS2/build/lslidar_msgs': CMAKE_PREFIX_PATH=${CMAKE_PREFIX_PATH}:/opt/ros/humble /usr/bin/cmake --build /home/mr-cheng/Desktop/Car/Wireless_Lidar/LSLIDAR_N10_ROS2/build/lslidar_msgs -- -j16 -l16
[0.743s] DEBUG:colcon.colcon_core.event_handler.log_command:Invoked command in '/home/mr-cheng/Desktop/Car/Wireless_Lidar/LSLIDAR_N10_ROS2/build/lslidar_msgs' returned '0': CMAKE_PREFIX_PATH=${CMAKE_PREFIX_PATH}:/opt/ros/humble /usr/bin/cmake --build /home/mr-cheng/Desktop/Car/Wireless_Lidar/LSLIDAR_N10_ROS2/build/lslidar_msgs -- -j16 -l16
[0.853s] DEBUG:colcon.colcon_core.event_handler.log_command:Invoking command in '/home/mr-cheng/Desktop/Car/Wireless_Lidar/LSLIDAR_N10_ROS2/build/lslidar_msgs': CMAKE_PREFIX_PATH=${CMAKE_PREFIX_PATH}:/opt/ros/humble /usr/bin/cmake --install /home/mr-cheng/Desktop/Car/Wireless_Lidar/LSLIDAR_N10_ROS2/build/lslidar_msgs
[0.917s] Level 1:colcon.colcon_core.environment:create_environment_scripts_only(lslidar_msgs)
[0.917s] DEBUG:colcon.colcon_core.event_handler.log_command:Invoked command in '/home/mr-cheng/Desktop/Car/Wireless_Lidar/LSLIDAR_N10_ROS2/build/lslidar_msgs' returned '0': CMAKE_PREFIX_PATH=${CMAKE_PREFIX_PATH}:/opt/ros/humble /usr/bin/cmake --install /home/mr-cheng/Desktop/Car/Wireless_Lidar/LSLIDAR_N10_ROS2/build/lslidar_msgs
[0.922s] Level 1:colcon.colcon_core.environment:checking '/home/mr-cheng/Desktop/Car/Wireless_Lidar/LSLIDAR_N10_ROS2/install/lslidar_msgs' for CMake module files
[0.923s] Level 1:colcon.colcon_core.environment:checking '/home/mr-cheng/Desktop/Car/Wireless_Lidar/LSLIDAR_N10_ROS2/install/lslidar_msgs' for CMake config files
[0.923s] Level 1:colcon.colcon_core.shell:create_environment_hook('lslidar_msgs', 'cmake_prefix_path')
[0.923s] INFO:colcon.colcon_core.shell:Creating environment hook '/home/mr-cheng/Desktop/Car/Wireless_Lidar/LSLIDAR_N10_ROS2/install/lslidar_msgs/share/lslidar_msgs/hook/cmake_prefix_path.ps1'
[0.924s] INFO:colcon.colcon_core.shell:Creating environment descriptor '/home/mr-cheng/Desktop/Car/Wireless_Lidar/LSLIDAR_N10_ROS2/install/lslidar_msgs/share/lslidar_msgs/hook/cmake_prefix_path.dsv'
[0.925s] INFO:colcon.colcon_core.shell:Creating environment hook '/home/mr-cheng/Desktop/Car/Wireless_Lidar/LSLIDAR_N10_ROS2/install/lslidar_msgs/share/lslidar_msgs/hook/cmake_prefix_path.sh'
[0.926s] Level 1:colcon.colcon_core.environment:checking '/home/mr-cheng/Desktop/Car/Wireless_Lidar/LSLIDAR_N10_ROS2/install/lslidar_msgs/lib'
[0.926s] Level 1:colcon.colcon_core.shell:create_environment_hook('lslidar_msgs', 'ld_library_path_lib')
[0.926s] INFO:colcon.colcon_core.shell:Creating environment hook '/home/mr-cheng/Desktop/Car/Wireless_Lidar/LSLIDAR_N10_ROS2/install/lslidar_msgs/share/lslidar_msgs/hook/ld_library_path_lib.ps1'
[0.926s] INFO:colcon.colcon_core.shell:Creating environment descriptor '/home/mr-cheng/Desktop/Car/Wireless_Lidar/LSLIDAR_N10_ROS2/install/lslidar_msgs/share/lslidar_msgs/hook/ld_library_path_lib.dsv'
[0.926s] INFO:colcon.colcon_core.shell:Creating environment hook '/home/mr-cheng/Desktop/Car/Wireless_Lidar/LSLIDAR_N10_ROS2/install/lslidar_msgs/share/lslidar_msgs/hook/ld_library_path_lib.sh'
[0.927s] Level 1:colcon.colcon_core.environment:checking '/home/mr-cheng/Desktop/Car/Wireless_Lidar/LSLIDAR_N10_ROS2/install/lslidar_msgs/bin'
[0.927s] Level 1:colcon.colcon_core.environment:checking '/home/mr-cheng/Desktop/Car/Wireless_Lidar/LSLIDAR_N10_ROS2/install/lslidar_msgs/lib/pkgconfig/lslidar_msgs.pc'
[0.927s] Level 1:colcon.colcon_core.environment:checking '/home/mr-cheng/Desktop/Car/Wireless_Lidar/LSLIDAR_N10_ROS2/install/lslidar_msgs/lib/python3.10/site-packages'
[0.927s] Level 1:colcon.colcon_core.environment:checking '/home/mr-cheng/Desktop/Car/Wireless_Lidar/LSLIDAR_N10_ROS2/install/lslidar_msgs/bin'
[0.928s] INFO:colcon.colcon_core.shell:Creating package script '/home/mr-cheng/Desktop/Car/Wireless_Lidar/LSLIDAR_N10_ROS2/install/lslidar_msgs/share/lslidar_msgs/package.ps1'
[0.928s] INFO:colcon.colcon_core.shell:Creating package descriptor '/home/mr-cheng/Desktop/Car/Wireless_Lidar/LSLIDAR_N10_ROS2/install/lslidar_msgs/share/lslidar_msgs/package.dsv'
[0.929s] INFO:colcon.colcon_core.shell:Creating package script '/home/mr-cheng/Desktop/Car/Wireless_Lidar/LSLIDAR_N10_ROS2/install/lslidar_msgs/share/lslidar_msgs/package.sh'
[0.930s] INFO:colcon.colcon_core.shell:Creating package script '/home/mr-cheng/Desktop/Car/Wireless_Lidar/LSLIDAR_N10_ROS2/install/lslidar_msgs/share/lslidar_msgs/package.bash'
[0.931s] INFO:colcon.colcon_core.shell:Creating package script '/home/mr-cheng/Desktop/Car/Wireless_Lidar/LSLIDAR_N10_ROS2/install/lslidar_msgs/share/lslidar_msgs/package.zsh'
[0.931s] Level 1:colcon.colcon_core.environment:create_file_with_runtime_dependencies(/home/mr-cheng/Desktop/Car/Wireless_Lidar/LSLIDAR_N10_ROS2/install/lslidar_msgs/share/colcon-core/packages/lslidar_msgs)
[1.034s] Level 1:colcon.colcon_core.environment:create_environment_scripts_only(lslidar_msgs)
[1.034s] Level 1:colcon.colcon_core.environment:checking '/home/mr-cheng/Desktop/Car/Wireless_Lidar/LSLIDAR_N10_ROS2/install/lslidar_msgs' for CMake module files
[1.034s] Level 1:colcon.colcon_core.environment:checking '/home/mr-cheng/Desktop/Car/Wireless_Lidar/LSLIDAR_N10_ROS2/install/lslidar_msgs' for CMake config files
[1.035s] Level 1:colcon.colcon_core.shell:create_environment_hook('lslidar_msgs', 'cmake_prefix_path')
[1.035s] INFO:colcon.colcon_core.shell:Creating environment hook '/home/mr-cheng/Desktop/Car/Wireless_Lidar/LSLIDAR_N10_ROS2/install/lslidar_msgs/share/lslidar_msgs/hook/cmake_prefix_path.ps1'
[1.036s] INFO:colcon.colcon_core.shell:Creating environment descriptor '/home/mr-cheng/Desktop/Car/Wireless_Lidar/LSLIDAR_N10_ROS2/install/lslidar_msgs/share/lslidar_msgs/hook/cmake_prefix_path.dsv'
[1.036s] INFO:colcon.colcon_core.shell:Creating environment hook '/home/mr-cheng/Desktop/Car/Wireless_Lidar/LSLIDAR_N10_ROS2/install/lslidar_msgs/share/lslidar_msgs/hook/cmake_prefix_path.sh'
[1.036s] Level 1:colcon.colcon_core.environment:checking '/home/mr-cheng/Desktop/Car/Wireless_Lidar/LSLIDAR_N10_ROS2/install/lslidar_msgs/lib'
[1.037s] Level 1:colcon.colcon_core.shell:create_environment_hook('lslidar_msgs', 'ld_library_path_lib')
[1.037s] INFO:colcon.colcon_core.shell:Creating environment hook '/home/mr-cheng/Desktop/Car/Wireless_Lidar/LSLIDAR_N10_ROS2/install/lslidar_msgs/share/lslidar_msgs/hook/ld_library_path_lib.ps1'
[1.037s] INFO:colcon.colcon_core.shell:Creating environment descriptor '/home/mr-cheng/Desktop/Car/Wireless_Lidar/LSLIDAR_N10_ROS2/install/lslidar_msgs/share/lslidar_msgs/hook/ld_library_path_lib.dsv'
[1.037s] INFO:colcon.colcon_core.shell:Creating environment hook '/home/mr-cheng/Desktop/Car/Wireless_Lidar/LSLIDAR_N10_ROS2/install/lslidar_msgs/share/lslidar_msgs/hook/ld_library_path_lib.sh'
[1.038s] Level 1:colcon.colcon_core.environment:checking '/home/mr-cheng/Desktop/Car/Wireless_Lidar/LSLIDAR_N10_ROS2/install/lslidar_msgs/bin'
[1.038s] Level 1:colcon.colcon_core.environment:checking '/home/mr-cheng/Desktop/Car/Wireless_Lidar/LSLIDAR_N10_ROS2/install/lslidar_msgs/lib/pkgconfig/lslidar_msgs.pc'
[1.038s] Level 1:colcon.colcon_core.environment:checking '/home/mr-cheng/Desktop/Car/Wireless_Lidar/LSLIDAR_N10_ROS2/install/lslidar_msgs/lib/python3.10/site-packages'
[1.038s] Level 1:colcon.colcon_core.environment:checking '/home/mr-cheng/Desktop/Car/Wireless_Lidar/LSLIDAR_N10_ROS2/install/lslidar_msgs/bin'
[1.038s] INFO:colcon.colcon_core.shell:Creating package script '/home/mr-cheng/Desktop/Car/Wireless_Lidar/LSLIDAR_N10_ROS2/install/lslidar_msgs/share/lslidar_msgs/package.ps1'
[1.039s] INFO:colcon.colcon_core.shell:Creating package descriptor '/home/mr-cheng/Desktop/Car/Wireless_Lidar/LSLIDAR_N10_ROS2/install/lslidar_msgs/share/lslidar_msgs/package.dsv'
[1.039s] INFO:colcon.colcon_core.shell:Creating package script '/home/mr-cheng/Desktop/Car/Wireless_Lidar/LSLIDAR_N10_ROS2/install/lslidar_msgs/share/lslidar_msgs/package.sh'
[1.040s] INFO:colcon.colcon_core.shell:Creating package script '/home/mr-cheng/Desktop/Car/Wireless_Lidar/LSLIDAR_N10_ROS2/install/lslidar_msgs/share/lslidar_msgs/package.bash'
[1.040s] INFO:colcon.colcon_core.shell:Creating package script '/home/mr-cheng/Desktop/Car/Wireless_Lidar/LSLIDAR_N10_ROS2/install/lslidar_msgs/share/lslidar_msgs/package.zsh'
[1.040s] Level 1:colcon.colcon_core.environment:create_file_with_runtime_dependencies(/home/mr-cheng/Desktop/Car/Wireless_Lidar/LSLIDAR_N10_ROS2/install/lslidar_msgs/share/colcon-core/packages/lslidar_msgs)
[1.041s] INFO:colcon.colcon_ros.task.ament_cmake.build:Building ROS package in '/home/mr-cheng/Desktop/Car/Wireless_Lidar/LSLIDAR_N10_ROS2/src/lslidar_driver' with build type 'ament_cmake'
[1.041s] INFO:colcon.colcon_cmake.task.cmake.build:Building CMake package in '/home/mr-cheng/Desktop/Car/Wireless_Lidar/LSLIDAR_N10_ROS2/src/lslidar_driver'
[1.041s] INFO:colcon.colcon_core.shell:Skip shell extension 'powershell' for command environment: Not usable outside of PowerShell
[1.041s] DEBUG:colcon.colcon_core.shell:Skip shell extension 'dsv' for command environment
[1.052s] DEBUG:colcon.colcon_core.event_handler.log_command:Invoking command in '/home/mr-cheng/Desktop/Car/Wireless_Lidar/LSLIDAR_N10_ROS2/build/lslidar_driver': AMENT_PREFIX_PATH=/home/mr-cheng/Desktop/Car/Wireless_Lidar/LSLIDAR_N10_ROS2/install/lslidar_msgs:${AMENT_PREFIX_PATH} CMAKE_PREFIX_PATH=/home/mr-cheng/Desktop/Car/Wireless_Lidar/LSLIDAR_N10_ROS2/install/lslidar_msgs:/home/mr-cheng/Bag/fastdds/install/fastrtps:/home/mr-cheng/Bag/fastdds/install/foonathan_memory_vendor:/home/mr-cheng/Bag/fastdds/install/fastcdr:/opt/ros/humble LD_LIBRARY_PATH=/home/mr-cheng/Desktop/Car/Wireless_Lidar/LSLIDAR_N10_ROS2/install/lslidar_msgs/lib:${LD_LIBRARY_PATH} PYTHONPATH=/home/mr-cheng/Desktop/Car/Wireless_Lidar/LSLIDAR_N10_ROS2/install/lslidar_msgs/local/lib/python3.10/dist-packages:${PYTHONPATH} /usr/bin/cmake --build /home/mr-cheng/Desktop/Car/Wireless_Lidar/LSLIDAR_N10_ROS2/build/lslidar_driver -- -j16 -l16
[1.193s] DEBUG:colcon.colcon_core.event_handler.log_command:Invoked command in '/home/mr-cheng/Desktop/Car/Wireless_Lidar/LSLIDAR_N10_ROS2/build/lslidar_driver' returned '0': AMENT_PREFIX_PATH=/home/mr-cheng/Desktop/Car/Wireless_Lidar/LSLIDAR_N10_ROS2/install/lslidar_msgs:${AMENT_PREFIX_PATH} CMAKE_PREFIX_PATH=/home/mr-cheng/Desktop/Car/Wireless_Lidar/LSLIDAR_N10_ROS2/install/lslidar_msgs:/home/mr-cheng/Bag/fastdds/install/fastrtps:/home/mr-cheng/Bag/fastdds/install/foonathan_memory_vendor:/home/mr-cheng/Bag/fastdds/install/fastcdr:/opt/ros/humble LD_LIBRARY_PATH=/home/mr-cheng/Desktop/Car/Wireless_Lidar/LSLIDAR_N10_ROS2/install/lslidar_msgs/lib:${LD_LIBRARY_PATH} PYTHONPATH=/home/mr-cheng/Desktop/Car/Wireless_Lidar/LSLIDAR_N10_ROS2/install/lslidar_msgs/local/lib/python3.10/dist-packages:${PYTHONPATH} /usr/bin/cmake --build /home/mr-cheng/Desktop/Car/Wireless_Lidar/LSLIDAR_N10_ROS2/build/lslidar_driver -- -j16 -l16
[1.225s] DEBUG:colcon.colcon_core.event_handler.log_command:Invoking command in '/home/mr-cheng/Desktop/Car/Wireless_Lidar/LSLIDAR_N10_ROS2/build/lslidar_driver': AMENT_PREFIX_PATH=/home/mr-cheng/Desktop/Car/Wireless_Lidar/LSLIDAR_N10_ROS2/install/lslidar_msgs:${AMENT_PREFIX_PATH} CMAKE_PREFIX_PATH=/home/mr-cheng/Desktop/Car/Wireless_Lidar/LSLIDAR_N10_ROS2/install/lslidar_msgs:/home/mr-cheng/Bag/fastdds/install/fastrtps:/home/mr-cheng/Bag/fastdds/install/foonathan_memory_vendor:/home/mr-cheng/Bag/fastdds/install/fastcdr:/opt/ros/humble LD_LIBRARY_PATH=/home/mr-cheng/Desktop/Car/Wireless_Lidar/LSLIDAR_N10_ROS2/install/lslidar_msgs/lib:${LD_LIBRARY_PATH} PYTHONPATH=/home/mr-cheng/Desktop/Car/Wireless_Lidar/LSLIDAR_N10_ROS2/install/lslidar_msgs/local/lib/python3.10/dist-packages:${PYTHONPATH} /usr/bin/cmake --install /home/mr-cheng/Desktop/Car/Wireless_Lidar/LSLIDAR_N10_ROS2/build/lslidar_driver
[1.244s] Level 1:colcon.colcon_core.environment:create_environment_scripts_only(lslidar_driver)
[1.244s] DEBUG:colcon.colcon_core.event_handler.log_command:Invoked command in '/home/mr-cheng/Desktop/Car/Wireless_Lidar/LSLIDAR_N10_ROS2/build/lslidar_driver' returned '0': AMENT_PREFIX_PATH=/home/mr-cheng/Desktop/Car/Wireless_Lidar/LSLIDAR_N10_ROS2/install/lslidar_msgs:${AMENT_PREFIX_PATH} CMAKE_PREFIX_PATH=/home/mr-cheng/Desktop/Car/Wireless_Lidar/LSLIDAR_N10_ROS2/install/lslidar_msgs:/home/mr-cheng/Bag/fastdds/install/fastrtps:/home/mr-cheng/Bag/fastdds/install/foonathan_memory_vendor:/home/mr-cheng/Bag/fastdds/install/fastcdr:/opt/ros/humble LD_LIBRARY_PATH=/home/mr-cheng/Desktop/Car/Wireless_Lidar/LSLIDAR_N10_ROS2/install/lslidar_msgs/lib:${LD_LIBRARY_PATH} PYTHONPATH=/home/mr-cheng/Desktop/Car/Wireless_Lidar/LSLIDAR_N10_ROS2/install/lslidar_msgs/local/lib/python3.10/dist-packages:${PYTHONPATH} /usr/bin/cmake --install /home/mr-cheng/Desktop/Car/Wireless_Lidar/LSLIDAR_N10_ROS2/build/lslidar_driver
[1.245s] Level 1:colcon.colcon_core.environment:checking '/home/mr-cheng/Desktop/Car/Wireless_Lidar/LSLIDAR_N10_ROS2/install/lslidar_driver' for CMake module files
[1.245s] Level 1:colcon.colcon_core.environment:checking '/home/mr-cheng/Desktop/Car/Wireless_Lidar/LSLIDAR_N10_ROS2/install/lslidar_driver' for CMake config files
[1.245s] Level 1:colcon.colcon_core.shell:create_environment_hook('lslidar_driver', 'cmake_prefix_path')
[1.246s] INFO:colcon.colcon_core.shell:Creating environment hook '/home/mr-cheng/Desktop/Car/Wireless_Lidar/LSLIDAR_N10_ROS2/install/lslidar_driver/share/lslidar_driver/hook/cmake_prefix_path.ps1'
[1.246s] INFO:colcon.colcon_core.shell:Creating environment descriptor '/home/mr-cheng/Desktop/Car/Wireless_Lidar/LSLIDAR_N10_ROS2/install/lslidar_driver/share/lslidar_driver/hook/cmake_prefix_path.dsv'
[1.246s] INFO:colcon.colcon_core.shell:Creating environment hook '/home/mr-cheng/Desktop/Car/Wireless_Lidar/LSLIDAR_N10_ROS2/install/lslidar_driver/share/lslidar_driver/hook/cmake_prefix_path.sh'
[1.247s] Level 1:colcon.colcon_core.environment:checking '/home/mr-cheng/Desktop/Car/Wireless_Lidar/LSLIDAR_N10_ROS2/install/lslidar_driver/lib'
[1.247s] Level 1:colcon.colcon_core.environment:checking '/home/mr-cheng/Desktop/Car/Wireless_Lidar/LSLIDAR_N10_ROS2/install/lslidar_driver/bin'
[1.247s] Level 1:colcon.colcon_core.environment:checking '/home/mr-cheng/Desktop/Car/Wireless_Lidar/LSLIDAR_N10_ROS2/install/lslidar_driver/lib/pkgconfig/lslidar_driver.pc'
[1.247s] Level 1:colcon.colcon_core.environment:checking '/home/mr-cheng/Desktop/Car/Wireless_Lidar/LSLIDAR_N10_ROS2/install/lslidar_driver/lib/python3.10/site-packages'
[1.247s] Level 1:colcon.colcon_core.environment:checking '/home/mr-cheng/Desktop/Car/Wireless_Lidar/LSLIDAR_N10_ROS2/install/lslidar_driver/bin'
[1.248s] INFO:colcon.colcon_core.shell:Creating package script '/home/mr-cheng/Desktop/Car/Wireless_Lidar/LSLIDAR_N10_ROS2/install/lslidar_driver/share/lslidar_driver/package.ps1'
[1.248s] INFO:colcon.colcon_core.shell:Creating package descriptor '/home/mr-cheng/Desktop/Car/Wireless_Lidar/LSLIDAR_N10_ROS2/install/lslidar_driver/share/lslidar_driver/package.dsv'
[1.248s] INFO:colcon.colcon_core.shell:Creating package script '/home/mr-cheng/Desktop/Car/Wireless_Lidar/LSLIDAR_N10_ROS2/install/lslidar_driver/share/lslidar_driver/package.sh'
[1.249s] INFO:colcon.colcon_core.shell:Creating package script '/home/mr-cheng/Desktop/Car/Wireless_Lidar/LSLIDAR_N10_ROS2/install/lslidar_driver/share/lslidar_driver/package.bash'
[1.249s] INFO:colcon.colcon_core.shell:Creating package script '/home/mr-cheng/Desktop/Car/Wireless_Lidar/LSLIDAR_N10_ROS2/install/lslidar_driver/share/lslidar_driver/package.zsh'
[1.249s] Level 1:colcon.colcon_core.environment:create_file_with_runtime_dependencies(/home/mr-cheng/Desktop/Car/Wireless_Lidar/LSLIDAR_N10_ROS2/install/lslidar_driver/share/colcon-core/packages/lslidar_driver)
[1.275s] Level 1:colcon.colcon_core.environment:create_environment_scripts_only(lslidar_driver)
[1.275s] Level 1:colcon.colcon_core.environment:checking '/home/mr-cheng/Desktop/Car/Wireless_Lidar/LSLIDAR_N10_ROS2/install/lslidar_driver' for CMake module files
[1.276s] Level 1:colcon.colcon_core.environment:checking '/home/mr-cheng/Desktop/Car/Wireless_Lidar/LSLIDAR_N10_ROS2/install/lslidar_driver' for CMake config files
[1.276s] Level 1:colcon.colcon_core.shell:create_environment_hook('lslidar_driver', 'cmake_prefix_path')
[1.276s] INFO:colcon.colcon_core.shell:Creating environment hook '/home/mr-cheng/Desktop/Car/Wireless_Lidar/LSLIDAR_N10_ROS2/install/lslidar_driver/share/lslidar_driver/hook/cmake_prefix_path.ps1'
[1.276s] INFO:colcon.colcon_core.shell:Creating environment descriptor '/home/mr-cheng/Desktop/Car/Wireless_Lidar/LSLIDAR_N10_ROS2/install/lslidar_driver/share/lslidar_driver/hook/cmake_prefix_path.dsv'
[1.277s] INFO:colcon.colcon_core.shell:Creating environment hook '/home/mr-cheng/Desktop/Car/Wireless_Lidar/LSLIDAR_N10_ROS2/install/lslidar_driver/share/lslidar_driver/hook/cmake_prefix_path.sh'
[1.277s] Level 1:colcon.colcon_core.environment:checking '/home/mr-cheng/Desktop/Car/Wireless_Lidar/LSLIDAR_N10_ROS2/install/lslidar_driver/lib'
[1.277s] Level 1:colcon.colcon_core.environment:checking '/home/mr-cheng/Desktop/Car/Wireless_Lidar/LSLIDAR_N10_ROS2/install/lslidar_driver/bin'
[1.277s] Level 1:colcon.colcon_core.environment:checking '/home/mr-cheng/Desktop/Car/Wireless_Lidar/LSLIDAR_N10_ROS2/install/lslidar_driver/lib/pkgconfig/lslidar_driver.pc'
[1.277s] Level 1:colcon.colcon_core.environment:checking '/home/mr-cheng/Desktop/Car/Wireless_Lidar/LSLIDAR_N10_ROS2/install/lslidar_driver/lib/python3.10/site-packages'
[1.278s] Level 1:colcon.colcon_core.environment:checking '/home/mr-cheng/Desktop/Car/Wireless_Lidar/LSLIDAR_N10_ROS2/install/lslidar_driver/bin'
[1.278s] INFO:colcon.colcon_core.shell:Creating package script '/home/mr-cheng/Desktop/Car/Wireless_Lidar/LSLIDAR_N10_ROS2/install/lslidar_driver/share/lslidar_driver/package.ps1'
[1.278s] INFO:colcon.colcon_core.shell:Creating package descriptor '/home/mr-cheng/Desktop/Car/Wireless_Lidar/LSLIDAR_N10_ROS2/install/lslidar_driver/share/lslidar_driver/package.dsv'
[1.279s] INFO:colcon.colcon_core.shell:Creating package script '/home/mr-cheng/Desktop/Car/Wireless_Lidar/LSLIDAR_N10_ROS2/install/lslidar_driver/share/lslidar_driver/package.sh'
[1.279s] INFO:colcon.colcon_core.shell:Creating package script '/home/mr-cheng/Desktop/Car/Wireless_Lidar/LSLIDAR_N10_ROS2/install/lslidar_driver/share/lslidar_driver/package.bash'
[1.280s] INFO:colcon.colcon_core.shell:Creating package script '/home/mr-cheng/Desktop/Car/Wireless_Lidar/LSLIDAR_N10_ROS2/install/lslidar_driver/share/lslidar_driver/package.zsh'
[1.280s] Level 1:colcon.colcon_core.environment:create_file_with_runtime_dependencies(/home/mr-cheng/Desktop/Car/Wireless_Lidar/LSLIDAR_N10_ROS2/install/lslidar_driver/share/colcon-core/packages/lslidar_driver)
[1.280s] DEBUG:colcon.colcon_parallel_executor.executor.parallel:closing loop
[1.280s] DEBUG:colcon.colcon_parallel_executor.executor.parallel:loop closed
[1.281s] DEBUG:colcon.colcon_parallel_executor.executor.parallel:run_until_complete finished with '0'
[1.281s] DEBUG:colcon.colcon_core.event_reactor:joining thread
[1.287s] INFO:colcon.colcon_core.plugin_system:Skipping extension 'colcon_notification.desktop_notification.terminal_notifier': Not used on non-Darwin systems
[1.287s] INFO:colcon.colcon_core.plugin_system:Skipping extension 'colcon_notification.desktop_notification.win32': Not used on non-Windows systems
[1.287s] INFO:colcon.colcon_notification.desktop_notification:Sending desktop notification using 'notify2'
[1.330s] DEBUG:colcon.colcon_core.event_reactor:joined thread
[1.330s] INFO:colcon.colcon_core.shell:Creating prefix script '/home/mr-cheng/Desktop/Car/Wireless_Lidar/LSLIDAR_N10_ROS2/install/local_setup.ps1'
[1.332s] INFO:colcon.colcon_core.shell:Creating prefix util module '/home/mr-cheng/Desktop/Car/Wireless_Lidar/LSLIDAR_N10_ROS2/install/_local_setup_util_ps1.py'
[1.334s] INFO:colcon.colcon_core.shell:Creating prefix chain script '/home/mr-cheng/Desktop/Car/Wireless_Lidar/LSLIDAR_N10_ROS2/install/setup.ps1'
[1.335s] INFO:colcon.colcon_core.shell:Creating prefix script '/home/mr-cheng/Desktop/Car/Wireless_Lidar/LSLIDAR_N10_ROS2/install/local_setup.sh'
[1.335s] INFO:colcon.colcon_core.shell:Creating prefix util module '/home/mr-cheng/Desktop/Car/Wireless_Lidar/LSLIDAR_N10_ROS2/install/_local_setup_util_sh.py'
[1.336s] INFO:colcon.colcon_core.shell:Creating prefix chain script '/home/mr-cheng/Desktop/Car/Wireless_Lidar/LSLIDAR_N10_ROS2/install/setup.sh'
[1.337s] INFO:colcon.colcon_core.shell:Creating prefix script '/home/mr-cheng/Desktop/Car/Wireless_Lidar/LSLIDAR_N10_ROS2/install/local_setup.bash'
[1.337s] INFO:colcon.colcon_core.shell:Creating prefix chain script '/home/mr-cheng/Desktop/Car/Wireless_Lidar/LSLIDAR_N10_ROS2/install/setup.bash'
[1.338s] INFO:colcon.colcon_core.shell:Creating prefix script '/home/mr-cheng/Desktop/Car/Wireless_Lidar/LSLIDAR_N10_ROS2/install/local_setup.zsh'
[1.339s] INFO:colcon.colcon_core.shell:Creating prefix chain script '/home/mr-cheng/Desktop/Car/Wireless_Lidar/LSLIDAR_N10_ROS2/install/setup.zsh'
