[3.417s] Invoking command in '/home/mr-cheng/Documents/ROS2/Car/src/robot_description': PYTHONPATH=/home/mr-cheng/Documents/ROS2/Car/build/robot_description/prefix_override:/home/mr-cheng/Documents/ROS2/Car/install/robot_description/lib/python3.10/site-packages:${PYTHONPATH} /usr/bin/python3 -W ignore:setup.py install is deprecated setup.py egg_info --egg-base ../../build/robot_description build --build-base /home/mr-cheng/Documents/ROS2/Car/build/robot_description/build install --record /home/mr-cheng/Documents/ROS2/Car/build/robot_description/install.log --single-version-externally-managed install_data
[4.123s] running egg_info
[4.172s] writing ../../build/robot_description/robot_description.egg-info/PKG-INFO
[4.173s] writing dependency_links to ../../build/robot_description/robot_description.egg-info/dependency_links.txt
[4.174s] writing requirements to ../../build/robot_description/robot_description.egg-info/requires.txt
[4.174s] writing top-level names to ../../build/robot_description/robot_description.egg-info/top_level.txt
[4.286s] reading manifest file '../../build/robot_description/robot_description.egg-info/SOURCES.txt'
[4.298s] writing manifest file '../../build/robot_description/robot_description.egg-info/SOURCES.txt'
[4.298s] running build
[4.298s] running build_py
[4.299s] copying robot_description/__init__.py -> /home/mr-cheng/Documents/ROS2/Car/build/robot_description/build/lib/robot_description
[4.299s] running install
[4.325s] running install_lib
[4.406s] running install_data
[4.406s] copying resource/robot_description -> /home/mr-cheng/Documents/ROS2/Car/install/robot_description/share/ament_index/resource_index/packages
[4.406s] copying package.xml -> /home/mr-cheng/Documents/ROS2/Car/install/robot_description/share/robot_description
[4.407s] copying launch/gazebo.launch.py -> /home/mr-cheng/Documents/ROS2/Car/install/robot_description/share/robot_description/launch
[4.407s] copying launch/robot_model.launch.py -> /home/mr-cheng/Documents/ROS2/Car/install/robot_description/share/robot_description/launch
[4.407s] copying launch/gazebo.launch.py -> /home/mr-cheng/Documents/ROS2/Car/install/robot_description/share/robot_description/launch
[4.408s] copying launch/robot_model.launch.py -> /home/mr-cheng/Documents/ROS2/Car/install/robot_description/share/robot_description/launch
[4.408s] copying urdf/robot_gazebo.urdf -> /home/mr-cheng/Documents/ROS2/Car/install/robot_description/share/robot_description/urdf
[4.408s] running install_egg_info
[4.465s] removing '/home/mr-cheng/Documents/ROS2/Car/install/robot_description/lib/python3.10/site-packages/robot_description-0.0.0-py3.10.egg-info' (and everything under it)
[4.465s] Copying ../../build/robot_description/robot_description.egg-info to /home/mr-cheng/Documents/ROS2/Car/install/robot_description/lib/python3.10/site-packages/robot_description-0.0.0-py3.10.egg-info
[4.469s] running install_scripts
[4.897s] writing list of installed files to '/home/mr-cheng/Documents/ROS2/Car/build/robot_description/install.log'
[4.941s] Invoked command in '/home/mr-cheng/Documents/ROS2/Car/src/robot_description' returned '0': PYTHONPATH=/home/mr-cheng/Documents/ROS2/Car/build/robot_description/prefix_override:/home/mr-cheng/Documents/ROS2/Car/install/robot_description/lib/python3.10/site-packages:${PYTHONPATH} /usr/bin/python3 -W ignore:setup.py install is deprecated setup.py egg_info --egg-base ../../build/robot_description build --build-base /home/mr-cheng/Documents/ROS2/Car/build/robot_description/build install --record /home/mr-cheng/Documents/ROS2/Car/build/robot_description/install.log --single-version-externally-managed install_data
