-- Found ament_cmake: 2.0.3 (/opt/ros/iron/share/ament_cmake/cmake)
-- Found ament_lint_auto: 0.14.2 (/opt/ros/iron/share/ament_lint_auto/cmake)
-- Found rosidl_default_generators: 1.5.0 (/opt/ros/iron/share/rosidl_default_generators/cmake)
-- Using all available rosidl_typesupport_c: rosidl_typesupport_fastrtps_c;rosidl_typesupport_introspection_c
-- Using all available rosidl_typesupport_cpp: rosidl_typesupport_fastrtps_cpp;rosidl_typesupport_introspection_cpp
-- Found rosidl_adapter: 4.0.1 (/opt/ros/iron/share/rosidl_adapter/cmake)
-- Found ament_cmake_ros: 0.11.2 (/opt/ros/iron/share/ament_cmake_ros/cmake)
-- Using all available rosidl_typesupport_c: rosidl_typesupport_fastrtps_c;rosidl_typesupport_introspection_c
-- Using all available rosidl_typesupport_cpp: rosidl_typesupport_fastrtps_cpp;rosidl_typesupport_introspection_cpp
-- Found PythonInterp: /usr/bin/python3 (found suitable version "3.10.12", minimum required is "3.6") 
-- Found python_cmake_module: 0.10.2 (/opt/ros/iron/share/python_cmake_module/cmake)
-- Found PythonLibs: /usr/lib/x86_64-linux-gnu/libpython3.10.so (found suitable version "3.10.12", minimum required is "3.5") 
-- Using PYTHON_EXECUTABLE: /usr/bin/python3
-- Using PYTHON_INCLUDE_DIRS: /usr/include/python3.10
-- Using PYTHON_LIBRARIES: /usr/lib/x86_64-linux-gnu/libpython3.10.so
-- Found PythonExtra: .so  
-- Added test 'lint_cmake' to check CMake code style
-- Added test 'xmllint' to check XML markup files
-- Configuring done
-- Generating done
-- Build files have been written to: /home/mr-cheng/Desktop/Car/Wireless_Lidar/extra_packages/build/wireless_lidar
[  2%] [34m[1mGenerating type hashes for ROS interfaces[0m
[  2%] Built target ament_cmake_python_copy_wireless_lidar
[  2%] Built target wireless_lidar__rosidl_generator_type_description
[  4%] [34m[1mGenerating C code for ROS interfaces[0m
[  6%] [34m[1mGenerating C++ code for ROS interfaces[0m
running egg_info
creating wireless_lidar.egg-info
writing wireless_lidar.egg-info/PKG-INFO
writing dependency_links to wireless_lidar.egg-info/dependency_links.txt
writing top-level names to wireless_lidar.egg-info/top_level.txt
writing manifest file 'wireless_lidar.egg-info/SOURCES.txt'
reading manifest file 'wireless_lidar.egg-info/SOURCES.txt'
writing manifest file 'wireless_lidar.egg-info/SOURCES.txt'
[  6%] Built target ament_cmake_python_build_wireless_lidar_egg
[  6%] Built target wireless_lidar__cpp
[  9%] [32mBuilding C object CMakeFiles/wireless_lidar__rosidl_generator_c.dir/rosidl_generator_c/wireless_lidar/msg/detail/point_data__description.c.o[0m
[ 15%] [32mBuilding C object CMakeFiles/wireless_lidar__rosidl_generator_c.dir/rosidl_generator_c/wireless_lidar/msg/detail/point_data__type_support.c.o[0m
[ 15%] [32mBuilding C object CMakeFiles/wireless_lidar__rosidl_generator_c.dir/rosidl_generator_c/wireless_lidar/msg/detail/lidar_data__description.c.o[0m
[ 15%] [32mBuilding C object CMakeFiles/wireless_lidar__rosidl_generator_c.dir/rosidl_generator_c/wireless_lidar/msg/detail/point_data__functions.c.o[0m
[ 18%] [32mBuilding C object CMakeFiles/wireless_lidar__rosidl_generator_c.dir/rosidl_generator_c/wireless_lidar/msg/detail/lidar_data__functions.c.o[0m
[ 20%] [32mBuilding C object CMakeFiles/wireless_lidar__rosidl_generator_c.dir/rosidl_generator_c/wireless_lidar/msg/detail/lidar_data__type_support.c.o[0m
[ 22%] [32m[1mLinking C shared library libwireless_lidar__rosidl_generator_c.so[0m
[ 22%] Built target wireless_lidar__rosidl_generator_c
[ 27%] [34m[1mGenerating C++ type support dispatch for ROS interfaces[0m
[ 27%] [34m[1mGenerating C introspection for ROS interfaces[0m
[ 29%] [34m[1mGenerating C++ type support for eProsima Fast-RTPS[0m
[ 31%] [34m[1mGenerating C++ introspection for ROS interfaces[0m
[ 34%] [34m[1mGenerating C type support dispatch for ROS interfaces[0m
[ 36%] [34m[1mGenerating C type support for eProsima Fast-RTPS[0m
[ 40%] [32mBuilding CXX object CMakeFiles/wireless_lidar__rosidl_typesupport_cpp.dir/rosidl_typesupport_cpp/wireless_lidar/msg/point_data__type_support.cpp.o[0m
[ 40%] [32mBuilding CXX object CMakeFiles/wireless_lidar__rosidl_typesupport_cpp.dir/rosidl_typesupport_cpp/wireless_lidar/msg/lidar_data__type_support.cpp.o[0m
[ 45%] [32mBuilding CXX object CMakeFiles/wireless_lidar__rosidl_typesupport_c.dir/rosidl_typesupport_c/wireless_lidar/msg/point_data__type_support.cpp.o[0m
[ 45%] [32mBuilding CXX object CMakeFiles/wireless_lidar__rosidl_typesupport_c.dir/rosidl_typesupport_c/wireless_lidar/msg/lidar_data__type_support.cpp.o[0m
[ 47%] [32mBuilding CXX object CMakeFiles/wireless_lidar__rosidl_typesupport_introspection_cpp.dir/rosidl_typesupport_introspection_cpp/wireless_lidar/msg/detail/point_data__type_support.cpp.o[0m
[ 50%] [32mBuilding CXX object CMakeFiles/wireless_lidar__rosidl_typesupport_introspection_cpp.dir/rosidl_typesupport_introspection_cpp/wireless_lidar/msg/detail/lidar_data__type_support.cpp.o[0m
[ 52%] [32mBuilding C object CMakeFiles/wireless_lidar__rosidl_typesupport_introspection_c.dir/rosidl_typesupport_introspection_c/wireless_lidar/msg/detail/lidar_data__type_support.c.o[0m
[ 54%] [32mBuilding C object CMakeFiles/wireless_lidar__rosidl_typesupport_introspection_c.dir/rosidl_typesupport_introspection_c/wireless_lidar/msg/detail/point_data__type_support.c.o[0m
[ 59%] [32mBuilding CXX object CMakeFiles/wireless_lidar__rosidl_typesupport_fastrtps_cpp.dir/rosidl_typesupport_fastrtps_cpp/wireless_lidar/msg/detail/dds_fastrtps/point_data__type_support.cpp.o[0m
[ 59%] [32mBuilding CXX object CMakeFiles/wireless_lidar__rosidl_typesupport_fastrtps_cpp.dir/rosidl_typesupport_fastrtps_cpp/wireless_lidar/msg/detail/dds_fastrtps/lidar_data__type_support.cpp.o[0m
[ 61%] [32m[1mLinking CXX shared library libwireless_lidar__rosidl_typesupport_c.so[0m
[ 63%] [32mBuilding CXX object CMakeFiles/wireless_lidar__rosidl_typesupport_fastrtps_c.dir/rosidl_typesupport_fastrtps_c/wireless_lidar/msg/detail/point_data__type_support_c.cpp.o[0m
[ 65%] [32m[1mLinking C shared library libwireless_lidar__rosidl_typesupport_introspection_c.so[0m
[ 68%] [32mBuilding CXX object CMakeFiles/wireless_lidar__rosidl_typesupport_fastrtps_c.dir/rosidl_typesupport_fastrtps_c/wireless_lidar/msg/detail/lidar_data__type_support_c.cpp.o[0m
[ 68%] Built target wireless_lidar__rosidl_typesupport_c
[ 68%] Built target wireless_lidar__rosidl_typesupport_introspection_c
[ 72%] [32m[1mLinking CXX shared library libwireless_lidar__rosidl_typesupport_cpp.so[0m
[ 72%] [32m[1mLinking CXX shared library libwireless_lidar__rosidl_typesupport_fastrtps_c.so[0m
[ 75%] [32m[1mLinking CXX shared library libwireless_lidar__rosidl_typesupport_introspection_cpp.so[0m
[ 75%] Built target wireless_lidar__rosidl_typesupport_cpp
[ 75%] Built target wireless_lidar__rosidl_typesupport_fastrtps_c
[ 75%] Built target wireless_lidar__rosidl_typesupport_introspection_cpp
[ 77%] [32m[1mLinking CXX shared library libwireless_lidar__rosidl_typesupport_fastrtps_cpp.so[0m
[ 77%] Built target wireless_lidar__rosidl_typesupport_fastrtps_cpp
[ 77%] Built target wireless_lidar
[ 79%] [34m[1mGenerating Python code for ROS interfaces[0m
[ 79%] Built target wireless_lidar__py
[ 84%] [32mBuilding C object CMakeFiles/wireless_lidar__rosidl_generator_py.dir/rosidl_generator_py/wireless_lidar/msg/_lidar_data_s.c.o[0m
[ 84%] [32mBuilding C object CMakeFiles/wireless_lidar__rosidl_generator_py.dir/rosidl_generator_py/wireless_lidar/msg/_point_data_s.c.o[0m
[ 86%] [32m[1mLinking C shared library rosidl_generator_py/wireless_lidar/libwireless_lidar__rosidl_generator_py.so[0m
[ 86%] Built target wireless_lidar__rosidl_generator_py
[ 90%] [32mBuilding C object CMakeFiles/wireless_lidar__rosidl_typesupport_introspection_c__pyext.dir/rosidl_generator_py/wireless_lidar/_wireless_lidar_s.ep.rosidl_typesupport_introspection_c.c.o[0m
[ 90%] [32mBuilding C object CMakeFiles/wireless_lidar__rosidl_typesupport_fastrtps_c__pyext.dir/rosidl_generator_py/wireless_lidar/_wireless_lidar_s.ep.rosidl_typesupport_fastrtps_c.c.o[0m
[ 93%] [32mBuilding C object CMakeFiles/wireless_lidar__rosidl_typesupport_c__pyext.dir/rosidl_generator_py/wireless_lidar/_wireless_lidar_s.ep.rosidl_typesupport_c.c.o[0m
[ 95%] [32m[1mLinking C shared library rosidl_generator_py/wireless_lidar/wireless_lidar_s__rosidl_typesupport_c.cpython-310-x86_64-linux-gnu.so[0m
[ 97%] [32m[1mLinking C shared library rosidl_generator_py/wireless_lidar/wireless_lidar_s__rosidl_typesupport_introspection_c.cpython-310-x86_64-linux-gnu.so[0m
[100%] [32m[1mLinking C shared library rosidl_generator_py/wireless_lidar/wireless_lidar_s__rosidl_typesupport_fastrtps_c.cpython-310-x86_64-linux-gnu.so[0m
[100%] Built target wireless_lidar__rosidl_typesupport_c__pyext
[100%] Built target wireless_lidar__rosidl_typesupport_introspection_c__pyext
[100%] Built target wireless_lidar__rosidl_typesupport_fastrtps_c__pyext
-- Install configuration: ""
-- Installing: /home/mr-cheng/Desktop/Car/Wireless_Lidar/extra_packages/install/wireless_lidar/share/ament_index/resource_index/rosidl_interfaces/wireless_lidar
-- Installing: /home/mr-cheng/Desktop/Car/Wireless_Lidar/extra_packages/install/wireless_lidar/share/wireless_lidar/msg/PointData.json
-- Installing: /home/mr-cheng/Desktop/Car/Wireless_Lidar/extra_packages/install/wireless_lidar/share/wireless_lidar/msg/LidarData.json
-- Up-to-date: /home/mr-cheng/Desktop/Car/Wireless_Lidar/extra_packages/install/wireless_lidar/include/wireless_lidar/wireless_lidar
-- Up-to-date: /home/mr-cheng/Desktop/Car/Wireless_Lidar/extra_packages/install/wireless_lidar/include/wireless_lidar/wireless_lidar/msg
-- Installing: /home/mr-cheng/Desktop/Car/Wireless_Lidar/extra_packages/install/wireless_lidar/include/wireless_lidar/wireless_lidar/msg/point_data.h
-- Installing: /home/mr-cheng/Desktop/Car/Wireless_Lidar/extra_packages/install/wireless_lidar/include/wireless_lidar/wireless_lidar/msg/lidar_data.h
-- Up-to-date: /home/mr-cheng/Desktop/Car/Wireless_Lidar/extra_packages/install/wireless_lidar/include/wireless_lidar/wireless_lidar/msg/detail
-- Installing: /home/mr-cheng/Desktop/Car/Wireless_Lidar/extra_packages/install/wireless_lidar/include/wireless_lidar/wireless_lidar/msg/detail/point_data__functions.h
-- Installing: /home/mr-cheng/Desktop/Car/Wireless_Lidar/extra_packages/install/wireless_lidar/include/wireless_lidar/wireless_lidar/msg/detail/point_data__description.c
-- Installing: /home/mr-cheng/Desktop/Car/Wireless_Lidar/extra_packages/install/wireless_lidar/include/wireless_lidar/wireless_lidar/msg/detail/point_data__struct.h
-- Installing: /home/mr-cheng/Desktop/Car/Wireless_Lidar/extra_packages/install/wireless_lidar/include/wireless_lidar/wireless_lidar/msg/detail/lidar_data__type_support.h
-- Installing: /home/mr-cheng/Desktop/Car/Wireless_Lidar/extra_packages/install/wireless_lidar/include/wireless_lidar/wireless_lidar/msg/detail/lidar_data__functions.c
-- Installing: /home/mr-cheng/Desktop/Car/Wireless_Lidar/extra_packages/install/wireless_lidar/include/wireless_lidar/wireless_lidar/msg/detail/lidar_data__type_support.c
-- Installing: /home/mr-cheng/Desktop/Car/Wireless_Lidar/extra_packages/install/wireless_lidar/include/wireless_lidar/wireless_lidar/msg/detail/point_data__type_support.h
-- Installing: /home/mr-cheng/Desktop/Car/Wireless_Lidar/extra_packages/install/wireless_lidar/include/wireless_lidar/wireless_lidar/msg/detail/point_data__functions.c
-- Installing: /home/mr-cheng/Desktop/Car/Wireless_Lidar/extra_packages/install/wireless_lidar/include/wireless_lidar/wireless_lidar/msg/detail/point_data__type_support.c
-- Installing: /home/mr-cheng/Desktop/Car/Wireless_Lidar/extra_packages/install/wireless_lidar/include/wireless_lidar/wireless_lidar/msg/detail/lidar_data__description.c
-- Installing: /home/mr-cheng/Desktop/Car/Wireless_Lidar/extra_packages/install/wireless_lidar/include/wireless_lidar/wireless_lidar/msg/detail/lidar_data__struct.h
-- Installing: /home/mr-cheng/Desktop/Car/Wireless_Lidar/extra_packages/install/wireless_lidar/include/wireless_lidar/wireless_lidar/msg/detail/lidar_data__functions.h
-- Installing: /home/mr-cheng/Desktop/Car/Wireless_Lidar/extra_packages/install/wireless_lidar/include/wireless_lidar/wireless_lidar/msg/rosidl_generator_c__visibility_control.h
-- Installing: /home/mr-cheng/Desktop/Car/Wireless_Lidar/extra_packages/install/wireless_lidar/share/wireless_lidar/environment/library_path.sh
-- Installing: /home/mr-cheng/Desktop/Car/Wireless_Lidar/extra_packages/install/wireless_lidar/share/wireless_lidar/environment/library_path.dsv
-- Installing: /home/mr-cheng/Desktop/Car/Wireless_Lidar/extra_packages/install/wireless_lidar/lib/libwireless_lidar__rosidl_generator_c.so
-- Set runtime path of "/home/mr-cheng/Desktop/Car/Wireless_Lidar/extra_packages/install/wireless_lidar/lib/libwireless_lidar__rosidl_generator_c.so" to ""
-- Up-to-date: /home/mr-cheng/Desktop/Car/Wireless_Lidar/extra_packages/install/wireless_lidar/include/wireless_lidar/wireless_lidar
-- Up-to-date: /home/mr-cheng/Desktop/Car/Wireless_Lidar/extra_packages/install/wireless_lidar/include/wireless_lidar/wireless_lidar/msg
-- Installing: /home/mr-cheng/Desktop/Car/Wireless_Lidar/extra_packages/install/wireless_lidar/include/wireless_lidar/wireless_lidar/msg/rosidl_typesupport_fastrtps_c__visibility_control.h
-- Up-to-date: /home/mr-cheng/Desktop/Car/Wireless_Lidar/extra_packages/install/wireless_lidar/include/wireless_lidar/wireless_lidar/msg/detail
-- Installing: /home/mr-cheng/Desktop/Car/Wireless_Lidar/extra_packages/install/wireless_lidar/include/wireless_lidar/wireless_lidar/msg/detail/lidar_data__rosidl_typesupport_fastrtps_c.h
-- Installing: /home/mr-cheng/Desktop/Car/Wireless_Lidar/extra_packages/install/wireless_lidar/include/wireless_lidar/wireless_lidar/msg/detail/point_data__rosidl_typesupport_fastrtps_c.h
-- Installing: /home/mr-cheng/Desktop/Car/Wireless_Lidar/extra_packages/install/wireless_lidar/lib/libwireless_lidar__rosidl_typesupport_fastrtps_c.so
-- Set runtime path of "/home/mr-cheng/Desktop/Car/Wireless_Lidar/extra_packages/install/wireless_lidar/lib/libwireless_lidar__rosidl_typesupport_fastrtps_c.so" to ""
-- Up-to-date: /home/mr-cheng/Desktop/Car/Wireless_Lidar/extra_packages/install/wireless_lidar/include/wireless_lidar/wireless_lidar
-- Up-to-date: /home/mr-cheng/Desktop/Car/Wireless_Lidar/extra_packages/install/wireless_lidar/include/wireless_lidar/wireless_lidar/msg
-- Installing: /home/mr-cheng/Desktop/Car/Wireless_Lidar/extra_packages/install/wireless_lidar/include/wireless_lidar/wireless_lidar/msg/rosidl_typesupport_introspection_c__visibility_control.h
-- Up-to-date: /home/mr-cheng/Desktop/Car/Wireless_Lidar/extra_packages/install/wireless_lidar/include/wireless_lidar/wireless_lidar/msg/detail
-- Installing: /home/mr-cheng/Desktop/Car/Wireless_Lidar/extra_packages/install/wireless_lidar/include/wireless_lidar/wireless_lidar/msg/detail/lidar_data__rosidl_typesupport_introspection_c.h
-- Installing: /home/mr-cheng/Desktop/Car/Wireless_Lidar/extra_packages/install/wireless_lidar/include/wireless_lidar/wireless_lidar/msg/detail/lidar_data__type_support.c
-- Installing: /home/mr-cheng/Desktop/Car/Wireless_Lidar/extra_packages/install/wireless_lidar/include/wireless_lidar/wireless_lidar/msg/detail/point_data__type_support.c
-- Installing: /home/mr-cheng/Desktop/Car/Wireless_Lidar/extra_packages/install/wireless_lidar/include/wireless_lidar/wireless_lidar/msg/detail/point_data__rosidl_typesupport_introspection_c.h
-- Installing: /home/mr-cheng/Desktop/Car/Wireless_Lidar/extra_packages/install/wireless_lidar/lib/libwireless_lidar__rosidl_typesupport_introspection_c.so
-- Set runtime path of "/home/mr-cheng/Desktop/Car/Wireless_Lidar/extra_packages/install/wireless_lidar/lib/libwireless_lidar__rosidl_typesupport_introspection_c.so" to ""
-- Installing: /home/mr-cheng/Desktop/Car/Wireless_Lidar/extra_packages/install/wireless_lidar/lib/libwireless_lidar__rosidl_typesupport_c.so
-- Set runtime path of "/home/mr-cheng/Desktop/Car/Wireless_Lidar/extra_packages/install/wireless_lidar/lib/libwireless_lidar__rosidl_typesupport_c.so" to ""
-- Up-to-date: /home/mr-cheng/Desktop/Car/Wireless_Lidar/extra_packages/install/wireless_lidar/include/wireless_lidar/wireless_lidar
-- Up-to-date: /home/mr-cheng/Desktop/Car/Wireless_Lidar/extra_packages/install/wireless_lidar/include/wireless_lidar/wireless_lidar/msg
-- Installing: /home/mr-cheng/Desktop/Car/Wireless_Lidar/extra_packages/install/wireless_lidar/include/wireless_lidar/wireless_lidar/msg/lidar_data.hpp
-- Installing: /home/mr-cheng/Desktop/Car/Wireless_Lidar/extra_packages/install/wireless_lidar/include/wireless_lidar/wireless_lidar/msg/point_data.hpp
-- Up-to-date: /home/mr-cheng/Desktop/Car/Wireless_Lidar/extra_packages/install/wireless_lidar/include/wireless_lidar/wireless_lidar/msg/detail
-- Installing: /home/mr-cheng/Desktop/Car/Wireless_Lidar/extra_packages/install/wireless_lidar/include/wireless_lidar/wireless_lidar/msg/detail/lidar_data__traits.hpp
-- Installing: /home/mr-cheng/Desktop/Car/Wireless_Lidar/extra_packages/install/wireless_lidar/include/wireless_lidar/wireless_lidar/msg/detail/point_data__struct.hpp
-- Installing: /home/mr-cheng/Desktop/Car/Wireless_Lidar/extra_packages/install/wireless_lidar/include/wireless_lidar/wireless_lidar/msg/detail/lidar_data__struct.hpp
-- Installing: /home/mr-cheng/Desktop/Car/Wireless_Lidar/extra_packages/install/wireless_lidar/include/wireless_lidar/wireless_lidar/msg/detail/lidar_data__builder.hpp
-- Installing: /home/mr-cheng/Desktop/Car/Wireless_Lidar/extra_packages/install/wireless_lidar/include/wireless_lidar/wireless_lidar/msg/detail/point_data__traits.hpp
-- Installing: /home/mr-cheng/Desktop/Car/Wireless_Lidar/extra_packages/install/wireless_lidar/include/wireless_lidar/wireless_lidar/msg/detail/point_data__builder.hpp
-- Up-to-date: /home/mr-cheng/Desktop/Car/Wireless_Lidar/extra_packages/install/wireless_lidar/include/wireless_lidar/wireless_lidar
-- Up-to-date: /home/mr-cheng/Desktop/Car/Wireless_Lidar/extra_packages/install/wireless_lidar/include/wireless_lidar/wireless_lidar/msg
-- Installing: /home/mr-cheng/Desktop/Car/Wireless_Lidar/extra_packages/install/wireless_lidar/include/wireless_lidar/wireless_lidar/msg/rosidl_typesupport_fastrtps_cpp__visibility_control.h
-- Up-to-date: /home/mr-cheng/Desktop/Car/Wireless_Lidar/extra_packages/install/wireless_lidar/include/wireless_lidar/wireless_lidar/msg/detail
-- Installing: /home/mr-cheng/Desktop/Car/Wireless_Lidar/extra_packages/install/wireless_lidar/include/wireless_lidar/wireless_lidar/msg/detail/point_data__rosidl_typesupport_fastrtps_cpp.hpp
-- Up-to-date: /home/mr-cheng/Desktop/Car/Wireless_Lidar/extra_packages/install/wireless_lidar/include/wireless_lidar/wireless_lidar/msg/detail/dds_fastrtps
-- Installing: /home/mr-cheng/Desktop/Car/Wireless_Lidar/extra_packages/install/wireless_lidar/include/wireless_lidar/wireless_lidar/msg/detail/lidar_data__rosidl_typesupport_fastrtps_cpp.hpp
-- Installing: /home/mr-cheng/Desktop/Car/Wireless_Lidar/extra_packages/install/wireless_lidar/lib/libwireless_lidar__rosidl_typesupport_fastrtps_cpp.so
-- Set runtime path of "/home/mr-cheng/Desktop/Car/Wireless_Lidar/extra_packages/install/wireless_lidar/lib/libwireless_lidar__rosidl_typesupport_fastrtps_cpp.so" to ""
-- Up-to-date: /home/mr-cheng/Desktop/Car/Wireless_Lidar/extra_packages/install/wireless_lidar/include/wireless_lidar/wireless_lidar
-- Up-to-date: /home/mr-cheng/Desktop/Car/Wireless_Lidar/extra_packages/install/wireless_lidar/include/wireless_lidar/wireless_lidar/msg
-- Up-to-date: /home/mr-cheng/Desktop/Car/Wireless_Lidar/extra_packages/install/wireless_lidar/include/wireless_lidar/wireless_lidar/msg/detail
-- Installing: /home/mr-cheng/Desktop/Car/Wireless_Lidar/extra_packages/install/wireless_lidar/include/wireless_lidar/wireless_lidar/msg/detail/point_data__type_support.cpp
-- Installing: /home/mr-cheng/Desktop/Car/Wireless_Lidar/extra_packages/install/wireless_lidar/include/wireless_lidar/wireless_lidar/msg/detail/lidar_data__type_support.cpp
-- Installing: /home/mr-cheng/Desktop/Car/Wireless_Lidar/extra_packages/install/wireless_lidar/include/wireless_lidar/wireless_lidar/msg/detail/point_data__rosidl_typesupport_introspection_cpp.hpp
-- Installing: /home/mr-cheng/Desktop/Car/Wireless_Lidar/extra_packages/install/wireless_lidar/include/wireless_lidar/wireless_lidar/msg/detail/lidar_data__rosidl_typesupport_introspection_cpp.hpp
-- Installing: /home/mr-cheng/Desktop/Car/Wireless_Lidar/extra_packages/install/wireless_lidar/lib/libwireless_lidar__rosidl_typesupport_introspection_cpp.so
-- Set runtime path of "/home/mr-cheng/Desktop/Car/Wireless_Lidar/extra_packages/install/wireless_lidar/lib/libwireless_lidar__rosidl_typesupport_introspection_cpp.so" to ""
-- Installing: /home/mr-cheng/Desktop/Car/Wireless_Lidar/extra_packages/install/wireless_lidar/lib/libwireless_lidar__rosidl_typesupport_cpp.so
-- Set runtime path of "/home/mr-cheng/Desktop/Car/Wireless_Lidar/extra_packages/install/wireless_lidar/lib/libwireless_lidar__rosidl_typesupport_cpp.so" to ""
-- Installing: /home/mr-cheng/Desktop/Car/Wireless_Lidar/extra_packages/install/wireless_lidar/share/wireless_lidar/environment/pythonpath.sh
-- Installing: /home/mr-cheng/Desktop/Car/Wireless_Lidar/extra_packages/install/wireless_lidar/share/wireless_lidar/environment/pythonpath.dsv
-- Installing: /home/mr-cheng/Desktop/Car/Wireless_Lidar/extra_packages/install/wireless_lidar/lib/python3.10/site-packages/wireless_lidar-0.0.0-py3.10.egg-info
-- Installing: /home/mr-cheng/Desktop/Car/Wireless_Lidar/extra_packages/install/wireless_lidar/lib/python3.10/site-packages/wireless_lidar-0.0.0-py3.10.egg-info/SOURCES.txt
-- Installing: /home/mr-cheng/Desktop/Car/Wireless_Lidar/extra_packages/install/wireless_lidar/lib/python3.10/site-packages/wireless_lidar-0.0.0-py3.10.egg-info/dependency_links.txt
-- Installing: /home/mr-cheng/Desktop/Car/Wireless_Lidar/extra_packages/install/wireless_lidar/lib/python3.10/site-packages/wireless_lidar-0.0.0-py3.10.egg-info/PKG-INFO
-- Installing: /home/mr-cheng/Desktop/Car/Wireless_Lidar/extra_packages/install/wireless_lidar/lib/python3.10/site-packages/wireless_lidar-0.0.0-py3.10.egg-info/top_level.txt
-- Installing: /home/mr-cheng/Desktop/Car/Wireless_Lidar/extra_packages/install/wireless_lidar/lib/python3.10/site-packages/wireless_lidar
-- Installing: /home/mr-cheng/Desktop/Car/Wireless_Lidar/extra_packages/install/wireless_lidar/lib/python3.10/site-packages/wireless_lidar/libwireless_lidar__rosidl_generator_py.so
-- Installing: /home/mr-cheng/Desktop/Car/Wireless_Lidar/extra_packages/install/wireless_lidar/lib/python3.10/site-packages/wireless_lidar/_wireless_lidar_s.ep.rosidl_typesupport_c.c
-- Installing: /home/mr-cheng/Desktop/Car/Wireless_Lidar/extra_packages/install/wireless_lidar/lib/python3.10/site-packages/wireless_lidar/wireless_lidar_s__rosidl_typesupport_c.cpython-310-x86_64-linux-gnu.so
-- Installing: /home/mr-cheng/Desktop/Car/Wireless_Lidar/extra_packages/install/wireless_lidar/lib/python3.10/site-packages/wireless_lidar/wireless_lidar_s__rosidl_typesupport_introspection_c.cpython-310-x86_64-linux-gnu.so
-- Installing: /home/mr-cheng/Desktop/Car/Wireless_Lidar/extra_packages/install/wireless_lidar/lib/python3.10/site-packages/wireless_lidar/msg
-- Installing: /home/mr-cheng/Desktop/Car/Wireless_Lidar/extra_packages/install/wireless_lidar/lib/python3.10/site-packages/wireless_lidar/msg/_lidar_data.py
-- Installing: /home/mr-cheng/Desktop/Car/Wireless_Lidar/extra_packages/install/wireless_lidar/lib/python3.10/site-packages/wireless_lidar/msg/_point_data_s.c
-- Installing: /home/mr-cheng/Desktop/Car/Wireless_Lidar/extra_packages/install/wireless_lidar/lib/python3.10/site-packages/wireless_lidar/msg/_lidar_data_s.c
-- Installing: /home/mr-cheng/Desktop/Car/Wireless_Lidar/extra_packages/install/wireless_lidar/lib/python3.10/site-packages/wireless_lidar/msg/__init__.py
-- Installing: /home/mr-cheng/Desktop/Car/Wireless_Lidar/extra_packages/install/wireless_lidar/lib/python3.10/site-packages/wireless_lidar/msg/_point_data.py
-- Installing: /home/mr-cheng/Desktop/Car/Wireless_Lidar/extra_packages/install/wireless_lidar/lib/python3.10/site-packages/wireless_lidar/_wireless_lidar_s.ep.rosidl_typesupport_introspection_c.c
-- Installing: /home/mr-cheng/Desktop/Car/Wireless_Lidar/extra_packages/install/wireless_lidar/lib/python3.10/site-packages/wireless_lidar/_wireless_lidar_s.ep.rosidl_typesupport_fastrtps_c.c
-- Installing: /home/mr-cheng/Desktop/Car/Wireless_Lidar/extra_packages/install/wireless_lidar/lib/python3.10/site-packages/wireless_lidar/__init__.py
-- Installing: /home/mr-cheng/Desktop/Car/Wireless_Lidar/extra_packages/install/wireless_lidar/lib/python3.10/site-packages/wireless_lidar/wireless_lidar_s__rosidl_typesupport_fastrtps_c.cpython-310-x86_64-linux-gnu.so
Listing '/home/mr-cheng/Desktop/Car/Wireless_Lidar/extra_packages/install/wireless_lidar/lib/python3.10/site-packages/wireless_lidar'...
Compiling '/home/mr-cheng/Desktop/Car/Wireless_Lidar/extra_packages/install/wireless_lidar/lib/python3.10/site-packages/wireless_lidar/__init__.py'...
Listing '/home/mr-cheng/Desktop/Car/Wireless_Lidar/extra_packages/install/wireless_lidar/lib/python3.10/site-packages/wireless_lidar/msg'...
Compiling '/home/mr-cheng/Desktop/Car/Wireless_Lidar/extra_packages/install/wireless_lidar/lib/python3.10/site-packages/wireless_lidar/msg/__init__.py'...
Compiling '/home/mr-cheng/Desktop/Car/Wireless_Lidar/extra_packages/install/wireless_lidar/lib/python3.10/site-packages/wireless_lidar/msg/_lidar_data.py'...
Compiling '/home/mr-cheng/Desktop/Car/Wireless_Lidar/extra_packages/install/wireless_lidar/lib/python3.10/site-packages/wireless_lidar/msg/_point_data.py'...
-- Installing: /home/mr-cheng/Desktop/Car/Wireless_Lidar/extra_packages/install/wireless_lidar/lib/python3.10/site-packages/wireless_lidar/wireless_lidar_s__rosidl_typesupport_fastrtps_c.cpython-310-x86_64-linux-gnu.so
-- Set runtime path of "/home/mr-cheng/Desktop/Car/Wireless_Lidar/extra_packages/install/wireless_lidar/lib/python3.10/site-packages/wireless_lidar/wireless_lidar_s__rosidl_typesupport_fastrtps_c.cpython-310-x86_64-linux-gnu.so" to ""
-- Installing: /home/mr-cheng/Desktop/Car/Wireless_Lidar/extra_packages/install/wireless_lidar/lib/python3.10/site-packages/wireless_lidar/wireless_lidar_s__rosidl_typesupport_introspection_c.cpython-310-x86_64-linux-gnu.so
-- Set runtime path of "/home/mr-cheng/Desktop/Car/Wireless_Lidar/extra_packages/install/wireless_lidar/lib/python3.10/site-packages/wireless_lidar/wireless_lidar_s__rosidl_typesupport_introspection_c.cpython-310-x86_64-linux-gnu.so" to ""
-- Installing: /home/mr-cheng/Desktop/Car/Wireless_Lidar/extra_packages/install/wireless_lidar/lib/python3.10/site-packages/wireless_lidar/wireless_lidar_s__rosidl_typesupport_c.cpython-310-x86_64-linux-gnu.so
-- Set runtime path of "/home/mr-cheng/Desktop/Car/Wireless_Lidar/extra_packages/install/wireless_lidar/lib/python3.10/site-packages/wireless_lidar/wireless_lidar_s__rosidl_typesupport_c.cpython-310-x86_64-linux-gnu.so" to ""
-- Installing: /home/mr-cheng/Desktop/Car/Wireless_Lidar/extra_packages/install/wireless_lidar/lib/libwireless_lidar__rosidl_generator_py.so
-- Set runtime path of "/home/mr-cheng/Desktop/Car/Wireless_Lidar/extra_packages/install/wireless_lidar/lib/libwireless_lidar__rosidl_generator_py.so" to ""
-- Installing: /home/mr-cheng/Desktop/Car/Wireless_Lidar/extra_packages/install/wireless_lidar/share/wireless_lidar/msg/PointData.idl
-- Installing: /home/mr-cheng/Desktop/Car/Wireless_Lidar/extra_packages/install/wireless_lidar/share/wireless_lidar/msg/LidarData.idl
-- Installing: /home/mr-cheng/Desktop/Car/Wireless_Lidar/extra_packages/install/wireless_lidar/share/wireless_lidar/src/PointData.msg
-- Installing: /home/mr-cheng/Desktop/Car/Wireless_Lidar/extra_packages/install/wireless_lidar/share/wireless_lidar/src/LidarData.msg
-- Installing: /home/mr-cheng/Desktop/Car/Wireless_Lidar/extra_packages/install/wireless_lidar/share/ament_index/resource_index/package_run_dependencies/wireless_lidar
-- Installing: /home/mr-cheng/Desktop/Car/Wireless_Lidar/extra_packages/install/wireless_lidar/share/ament_index/resource_index/parent_prefix_path/wireless_lidar
-- Installing: /home/mr-cheng/Desktop/Car/Wireless_Lidar/extra_packages/install/wireless_lidar/share/wireless_lidar/environment/ament_prefix_path.sh
-- Installing: /home/mr-cheng/Desktop/Car/Wireless_Lidar/extra_packages/install/wireless_lidar/share/wireless_lidar/environment/ament_prefix_path.dsv
-- Installing: /home/mr-cheng/Desktop/Car/Wireless_Lidar/extra_packages/install/wireless_lidar/share/wireless_lidar/environment/path.sh
-- Installing: /home/mr-cheng/Desktop/Car/Wireless_Lidar/extra_packages/install/wireless_lidar/share/wireless_lidar/environment/path.dsv
-- Installing: /home/mr-cheng/Desktop/Car/Wireless_Lidar/extra_packages/install/wireless_lidar/share/wireless_lidar/local_setup.bash
-- Installing: /home/mr-cheng/Desktop/Car/Wireless_Lidar/extra_packages/install/wireless_lidar/share/wireless_lidar/local_setup.sh
-- Installing: /home/mr-cheng/Desktop/Car/Wireless_Lidar/extra_packages/install/wireless_lidar/share/wireless_lidar/local_setup.zsh
-- Installing: /home/mr-cheng/Desktop/Car/Wireless_Lidar/extra_packages/install/wireless_lidar/share/wireless_lidar/local_setup.dsv
-- Installing: /home/mr-cheng/Desktop/Car/Wireless_Lidar/extra_packages/install/wireless_lidar/share/wireless_lidar/package.dsv
-- Installing: /home/mr-cheng/Desktop/Car/Wireless_Lidar/extra_packages/install/wireless_lidar/share/ament_index/resource_index/packages/wireless_lidar
-- Installing: /home/mr-cheng/Desktop/Car/Wireless_Lidar/extra_packages/install/wireless_lidar/share/wireless_lidar/cmake/export_wireless_lidar__rosidl_generator_cExport.cmake
-- Installing: /home/mr-cheng/Desktop/Car/Wireless_Lidar/extra_packages/install/wireless_lidar/share/wireless_lidar/cmake/export_wireless_lidar__rosidl_generator_cExport-noconfig.cmake
-- Installing: /home/mr-cheng/Desktop/Car/Wireless_Lidar/extra_packages/install/wireless_lidar/share/wireless_lidar/cmake/export_wireless_lidar__rosidl_typesupport_fastrtps_cExport.cmake
-- Installing: /home/mr-cheng/Desktop/Car/Wireless_Lidar/extra_packages/install/wireless_lidar/share/wireless_lidar/cmake/export_wireless_lidar__rosidl_typesupport_fastrtps_cExport-noconfig.cmake
-- Installing: /home/mr-cheng/Desktop/Car/Wireless_Lidar/extra_packages/install/wireless_lidar/share/wireless_lidar/cmake/wireless_lidar__rosidl_typesupport_introspection_cExport.cmake
-- Installing: /home/mr-cheng/Desktop/Car/Wireless_Lidar/extra_packages/install/wireless_lidar/share/wireless_lidar/cmake/wireless_lidar__rosidl_typesupport_introspection_cExport-noconfig.cmake
-- Installing: /home/mr-cheng/Desktop/Car/Wireless_Lidar/extra_packages/install/wireless_lidar/share/wireless_lidar/cmake/wireless_lidar__rosidl_typesupport_cExport.cmake
-- Installing: /home/mr-cheng/Desktop/Car/Wireless_Lidar/extra_packages/install/wireless_lidar/share/wireless_lidar/cmake/wireless_lidar__rosidl_typesupport_cExport-noconfig.cmake
-- Installing: /home/mr-cheng/Desktop/Car/Wireless_Lidar/extra_packages/install/wireless_lidar/share/wireless_lidar/cmake/export_wireless_lidar__rosidl_generator_cppExport.cmake
-- Installing: /home/mr-cheng/Desktop/Car/Wireless_Lidar/extra_packages/install/wireless_lidar/share/wireless_lidar/cmake/export_wireless_lidar__rosidl_typesupport_fastrtps_cppExport.cmake
-- Installing: /home/mr-cheng/Desktop/Car/Wireless_Lidar/extra_packages/install/wireless_lidar/share/wireless_lidar/cmake/export_wireless_lidar__rosidl_typesupport_fastrtps_cppExport-noconfig.cmake
-- Installing: /home/mr-cheng/Desktop/Car/Wireless_Lidar/extra_packages/install/wireless_lidar/share/wireless_lidar/cmake/wireless_lidar__rosidl_typesupport_introspection_cppExport.cmake
-- Installing: /home/mr-cheng/Desktop/Car/Wireless_Lidar/extra_packages/install/wireless_lidar/share/wireless_lidar/cmake/wireless_lidar__rosidl_typesupport_introspection_cppExport-noconfig.cmake
-- Installing: /home/mr-cheng/Desktop/Car/Wireless_Lidar/extra_packages/install/wireless_lidar/share/wireless_lidar/cmake/wireless_lidar__rosidl_typesupport_cppExport.cmake
-- Installing: /home/mr-cheng/Desktop/Car/Wireless_Lidar/extra_packages/install/wireless_lidar/share/wireless_lidar/cmake/wireless_lidar__rosidl_typesupport_cppExport-noconfig.cmake
-- Installing: /home/mr-cheng/Desktop/Car/Wireless_Lidar/extra_packages/install/wireless_lidar/share/wireless_lidar/cmake/export_wireless_lidar__rosidl_generator_pyExport.cmake
-- Installing: /home/mr-cheng/Desktop/Car/Wireless_Lidar/extra_packages/install/wireless_lidar/share/wireless_lidar/cmake/export_wireless_lidar__rosidl_generator_pyExport-noconfig.cmake
-- Installing: /home/mr-cheng/Desktop/Car/Wireless_Lidar/extra_packages/install/wireless_lidar/share/wireless_lidar/cmake/rosidl_cmake-extras.cmake
-- Installing: /home/mr-cheng/Desktop/Car/Wireless_Lidar/extra_packages/install/wireless_lidar/share/wireless_lidar/cmake/ament_cmake_export_include_directories-extras.cmake
-- Installing: /home/mr-cheng/Desktop/Car/Wireless_Lidar/extra_packages/install/wireless_lidar/share/wireless_lidar/cmake/ament_cmake_export_libraries-extras.cmake
-- Installing: /home/mr-cheng/Desktop/Car/Wireless_Lidar/extra_packages/install/wireless_lidar/share/wireless_lidar/cmake/ament_cmake_export_targets-extras.cmake
-- Installing: /home/mr-cheng/Desktop/Car/Wireless_Lidar/extra_packages/install/wireless_lidar/share/wireless_lidar/cmake/rosidl_cmake_export_typesupport_targets-extras.cmake
-- Installing: /home/mr-cheng/Desktop/Car/Wireless_Lidar/extra_packages/install/wireless_lidar/share/wireless_lidar/cmake/ament_cmake_export_dependencies-extras.cmake
-- Installing: /home/mr-cheng/Desktop/Car/Wireless_Lidar/extra_packages/install/wireless_lidar/share/wireless_lidar/cmake/rosidl_cmake_export_typesupport_libraries-extras.cmake
-- Installing: /home/mr-cheng/Desktop/Car/Wireless_Lidar/extra_packages/install/wireless_lidar/share/wireless_lidar/cmake/wireless_lidarConfig.cmake
-- Installing: /home/mr-cheng/Desktop/Car/Wireless_Lidar/extra_packages/install/wireless_lidar/share/wireless_lidar/cmake/wireless_lidarConfig-version.cmake
-- Installing: /home/mr-cheng/Desktop/Car/Wireless_Lidar/extra_packages/install/wireless_lidar/share/wireless_lidar/package.xml
