[0.068s] Invoking command in '/home/mr-cheng/Desktop/Car/Wireless_Lidar/extra_packages/build/wireless_lidar': CMAKE_PREFIX_PATH=${CMAKE_PREFIX_PATH}:/opt/ros/iron /usr/bin/cmake /home/mr-cheng/Desktop/Car/Wireless_Lidar/extra_packages/wireless_lidar -DCMAKE_INSTALL_PREFIX=/home/mr-cheng/Desktop/Car/Wireless_Lidar/extra_packages/install/wireless_lidar
[0.078s] -- Found ament_cmake: 2.0.3 (/opt/ros/iron/share/ament_cmake/cmake)
[0.199s] -- Found ament_lint_auto: 0.14.2 (/opt/ros/iron/share/ament_lint_auto/cmake)
[0.270s] -- Found rosidl_default_generators: 1.5.0 (/opt/ros/iron/share/rosidl_default_generators/cmake)
[0.272s] -- Using all available rosidl_typesupport_c: rosidl_typesupport_fastrtps_c;rosidl_typesupport_introspection_c
[0.301s] -- Using all available rosidl_typesupport_cpp: rosidl_typesupport_fastrtps_cpp;rosidl_typesupport_introspection_cpp
[0.329s] -- Found rosidl_adapter: 4.0.1 (/opt/ros/iron/share/rosidl_adapter/cmake)
[0.541s] -- Found ament_cmake_ros: 0.11.2 (/opt/ros/iron/share/ament_cmake_ros/cmake)
[0.718s] -- Using all available rosidl_typesupport_c: rosidl_typesupport_fastrtps_c;rosidl_typesupport_introspection_c
[0.921s] -- Using all available rosidl_typesupport_cpp: rosidl_typesupport_fastrtps_cpp;rosidl_typesupport_introspection_cpp
[0.940s] -- Found PythonInterp: /usr/bin/python3 (found suitable version "3.10.12", minimum required is "3.6") 
[0.942s] -- Found python_cmake_module: 0.10.2 (/opt/ros/iron/share/python_cmake_module/cmake)
[0.966s] -- Found PythonLibs: /usr/lib/x86_64-linux-gnu/libpython3.10.so (found suitable version "3.10.12", minimum required is "3.5") 
[0.966s] -- Using PYTHON_EXECUTABLE: /usr/bin/python3
[0.966s] -- Using PYTHON_INCLUDE_DIRS: /usr/include/python3.10
[0.966s] -- Using PYTHON_LIBRARIES: /usr/lib/x86_64-linux-gnu/libpython3.10.so
[0.983s] -- Found PythonExtra: .so  
[1.014s] -- Added test 'lint_cmake' to check CMake code style
[1.015s] -- Added test 'xmllint' to check XML markup files
[1.021s] -- Configuring done
[1.050s] -- Generating done
[1.052s] -- Build files have been written to: /home/mr-cheng/Desktop/Car/Wireless_Lidar/extra_packages/build/wireless_lidar
[1.057s] Invoked command in '/home/mr-cheng/Desktop/Car/Wireless_Lidar/extra_packages/build/wireless_lidar' returned '0': CMAKE_PREFIX_PATH=${CMAKE_PREFIX_PATH}:/opt/ros/iron /usr/bin/cmake /home/mr-cheng/Desktop/Car/Wireless_Lidar/extra_packages/wireless_lidar -DCMAKE_INSTALL_PREFIX=/home/mr-cheng/Desktop/Car/Wireless_Lidar/extra_packages/install/wireless_lidar
[1.058s] Invoking command in '/home/mr-cheng/Desktop/Car/Wireless_Lidar/extra_packages/build/wireless_lidar': CMAKE_PREFIX_PATH=${CMAKE_PREFIX_PATH}:/opt/ros/iron /usr/bin/cmake --build /home/mr-cheng/Desktop/Car/Wireless_Lidar/extra_packages/build/wireless_lidar -- -j16 -l16
[1.095s] [  2%] [34m[1mGenerating type hashes for ROS interfaces[0m
[1.101s] [  2%] Built target ament_cmake_python_copy_wireless_lidar
[1.305s] [  2%] Built target wireless_lidar__rosidl_generator_type_description
[1.313s] [  4%] [34m[1mGenerating C code for ROS interfaces[0m
[1.321s] [  6%] [34m[1mGenerating C++ code for ROS interfaces[0m
[1.323s] running egg_info
[1.324s] creating wireless_lidar.egg-info
[1.324s] writing wireless_lidar.egg-info/PKG-INFO
[1.324s] writing dependency_links to wireless_lidar.egg-info/dependency_links.txt
[1.325s] writing top-level names to wireless_lidar.egg-info/top_level.txt
[1.325s] writing manifest file 'wireless_lidar.egg-info/SOURCES.txt'
[1.327s] reading manifest file 'wireless_lidar.egg-info/SOURCES.txt'
[1.327s] writing manifest file 'wireless_lidar.egg-info/SOURCES.txt'
[1.350s] [  6%] Built target ament_cmake_python_build_wireless_lidar_egg
[1.583s] [  6%] Built target wireless_lidar__cpp
[1.634s] [  9%] [32mBuilding C object CMakeFiles/wireless_lidar__rosidl_generator_c.dir/rosidl_generator_c/wireless_lidar/msg/detail/point_data__description.c.o[0m
[1.634s] [ 15%] [32mBuilding C object CMakeFiles/wireless_lidar__rosidl_generator_c.dir/rosidl_generator_c/wireless_lidar/msg/detail/point_data__type_support.c.o[0m
[1.635s] [ 15%] [32mBuilding C object CMakeFiles/wireless_lidar__rosidl_generator_c.dir/rosidl_generator_c/wireless_lidar/msg/detail/lidar_data__description.c.o[0m
[1.635s] [ 15%] [32mBuilding C object CMakeFiles/wireless_lidar__rosidl_generator_c.dir/rosidl_generator_c/wireless_lidar/msg/detail/point_data__functions.c.o[0m
[1.635s] [ 18%] [32mBuilding C object CMakeFiles/wireless_lidar__rosidl_generator_c.dir/rosidl_generator_c/wireless_lidar/msg/detail/lidar_data__functions.c.o[0m
[1.635s] [ 20%] [32mBuilding C object CMakeFiles/wireless_lidar__rosidl_generator_c.dir/rosidl_generator_c/wireless_lidar/msg/detail/lidar_data__type_support.c.o[0m
[1.690s] [ 22%] [32m[1mLinking C shared library libwireless_lidar__rosidl_generator_c.so[0m
[1.720s] [ 22%] Built target wireless_lidar__rosidl_generator_c
[1.728s] [ 27%] [34m[1mGenerating C++ type support dispatch for ROS interfaces[0m
[1.728s] [ 27%] [34m[1mGenerating C introspection for ROS interfaces[0m
[1.728s] [ 29%] [34m[1mGenerating C++ type support for eProsima Fast-RTPS[0m
[1.728s] [ 31%] [34m[1mGenerating C++ introspection for ROS interfaces[0m
[1.728s] [ 34%] [34m[1mGenerating C type support dispatch for ROS interfaces[0m
[1.729s] [ 36%] [34m[1mGenerating C type support for eProsima Fast-RTPS[0m
[1.961s] [ 40%] [32mBuilding CXX object CMakeFiles/wireless_lidar__rosidl_typesupport_cpp.dir/rosidl_typesupport_cpp/wireless_lidar/msg/point_data__type_support.cpp.o[0m
[1.961s] [ 40%] [32mBuilding CXX object CMakeFiles/wireless_lidar__rosidl_typesupport_cpp.dir/rosidl_typesupport_cpp/wireless_lidar/msg/lidar_data__type_support.cpp.o[0m
[1.963s] [ 45%] [32mBuilding CXX object CMakeFiles/wireless_lidar__rosidl_typesupport_c.dir/rosidl_typesupport_c/wireless_lidar/msg/point_data__type_support.cpp.o[0m
[1.964s] [ 45%] [32mBuilding CXX object CMakeFiles/wireless_lidar__rosidl_typesupport_c.dir/rosidl_typesupport_c/wireless_lidar/msg/lidar_data__type_support.cpp.o[0m
[1.984s] [ 47%] [32mBuilding CXX object CMakeFiles/wireless_lidar__rosidl_typesupport_introspection_cpp.dir/rosidl_typesupport_introspection_cpp/wireless_lidar/msg/detail/point_data__type_support.cpp.o[0m
[1.986s] [ 50%] [32mBuilding CXX object CMakeFiles/wireless_lidar__rosidl_typesupport_introspection_cpp.dir/rosidl_typesupport_introspection_cpp/wireless_lidar/msg/detail/lidar_data__type_support.cpp.o[0m
[1.988s] [ 52%] [32mBuilding C object CMakeFiles/wireless_lidar__rosidl_typesupport_introspection_c.dir/rosidl_typesupport_introspection_c/wireless_lidar/msg/detail/lidar_data__type_support.c.o[0m
[1.990s] [ 54%] [32mBuilding C object CMakeFiles/wireless_lidar__rosidl_typesupport_introspection_c.dir/rosidl_typesupport_introspection_c/wireless_lidar/msg/detail/point_data__type_support.c.o[0m
[2.005s] [ 59%] [32mBuilding CXX object CMakeFiles/wireless_lidar__rosidl_typesupport_fastrtps_cpp.dir/rosidl_typesupport_fastrtps_cpp/wireless_lidar/msg/detail/dds_fastrtps/point_data__type_support.cpp.o[0m
[2.006s] [ 59%] [32mBuilding CXX object CMakeFiles/wireless_lidar__rosidl_typesupport_fastrtps_cpp.dir/rosidl_typesupport_fastrtps_cpp/wireless_lidar/msg/detail/dds_fastrtps/lidar_data__type_support.cpp.o[0m
[2.012s] [ 61%] [32m[1mLinking CXX shared library libwireless_lidar__rosidl_typesupport_c.so[0m
[2.024s] [ 63%] [32mBuilding CXX object CMakeFiles/wireless_lidar__rosidl_typesupport_fastrtps_c.dir/rosidl_typesupport_fastrtps_c/wireless_lidar/msg/detail/point_data__type_support_c.cpp.o[0m
[2.026s] [ 65%] [32m[1mLinking C shared library libwireless_lidar__rosidl_typesupport_introspection_c.so[0m
[2.027s] [ 68%] [32mBuilding CXX object CMakeFiles/wireless_lidar__rosidl_typesupport_fastrtps_c.dir/rosidl_typesupport_fastrtps_c/wireless_lidar/msg/detail/lidar_data__type_support_c.cpp.o[0m
[2.058s] [ 68%] Built target wireless_lidar__rosidl_typesupport_c
[2.059s] [ 68%] Built target wireless_lidar__rosidl_typesupport_introspection_c
[2.373s] [ 72%] [32m[1mLinking CXX shared library libwireless_lidar__rosidl_typesupport_cpp.so[0m
[2.373s] [ 72%] [32m[1mLinking CXX shared library libwireless_lidar__rosidl_typesupport_fastrtps_c.so[0m
[2.399s] [ 75%] [32m[1mLinking CXX shared library libwireless_lidar__rosidl_typesupport_introspection_cpp.so[0m
[2.408s] [ 75%] Built target wireless_lidar__rosidl_typesupport_cpp
[2.440s] [ 75%] Built target wireless_lidar__rosidl_typesupport_fastrtps_c
[2.461s] [ 75%] Built target wireless_lidar__rosidl_typesupport_introspection_cpp
[2.521s] [ 77%] [32m[1mLinking CXX shared library libwireless_lidar__rosidl_typesupport_fastrtps_cpp.so[0m
[2.577s] [ 77%] Built target wireless_lidar__rosidl_typesupport_fastrtps_cpp
[2.592s] [ 77%] Built target wireless_lidar
[2.607s] [ 79%] [34m[1mGenerating Python code for ROS interfaces[0m
[2.999s] [ 79%] Built target wireless_lidar__py
[3.014s] [ 84%] [32mBuilding C object CMakeFiles/wireless_lidar__rosidl_generator_py.dir/rosidl_generator_py/wireless_lidar/msg/_lidar_data_s.c.o[0m
[3.014s] [ 84%] [32mBuilding C object CMakeFiles/wireless_lidar__rosidl_generator_py.dir/rosidl_generator_py/wireless_lidar/msg/_point_data_s.c.o[0m
[3.129s] [ 86%] [32m[1mLinking C shared library rosidl_generator_py/wireless_lidar/libwireless_lidar__rosidl_generator_py.so[0m
[3.161s] [ 86%] Built target wireless_lidar__rosidl_generator_py
[3.177s] [ 90%] [32mBuilding C object CMakeFiles/wireless_lidar__rosidl_typesupport_introspection_c__pyext.dir/rosidl_generator_py/wireless_lidar/_wireless_lidar_s.ep.rosidl_typesupport_introspection_c.c.o[0m
[3.177s] [ 90%] [32mBuilding C object CMakeFiles/wireless_lidar__rosidl_typesupport_fastrtps_c__pyext.dir/rosidl_generator_py/wireless_lidar/_wireless_lidar_s.ep.rosidl_typesupport_fastrtps_c.c.o[0m
[3.177s] [ 93%] [32mBuilding C object CMakeFiles/wireless_lidar__rosidl_typesupport_c__pyext.dir/rosidl_generator_py/wireless_lidar/_wireless_lidar_s.ep.rosidl_typesupport_c.c.o[0m
[3.257s] [ 95%] [32m[1mLinking C shared library rosidl_generator_py/wireless_lidar/wireless_lidar_s__rosidl_typesupport_c.cpython-310-x86_64-linux-gnu.so[0m
[3.258s] [ 97%] [32m[1mLinking C shared library rosidl_generator_py/wireless_lidar/wireless_lidar_s__rosidl_typesupport_introspection_c.cpython-310-x86_64-linux-gnu.so[0m
[3.259s] [100%] [32m[1mLinking C shared library rosidl_generator_py/wireless_lidar/wireless_lidar_s__rosidl_typesupport_fastrtps_c.cpython-310-x86_64-linux-gnu.so[0m
[3.284s] [100%] Built target wireless_lidar__rosidl_typesupport_c__pyext
[3.284s] [100%] Built target wireless_lidar__rosidl_typesupport_introspection_c__pyext
[3.288s] [100%] Built target wireless_lidar__rosidl_typesupport_fastrtps_c__pyext
[3.297s] Invoked command in '/home/mr-cheng/Desktop/Car/Wireless_Lidar/extra_packages/build/wireless_lidar' returned '0': CMAKE_PREFIX_PATH=${CMAKE_PREFIX_PATH}:/opt/ros/iron /usr/bin/cmake --build /home/mr-cheng/Desktop/Car/Wireless_Lidar/extra_packages/build/wireless_lidar -- -j16 -l16
[3.367s] Invoking command in '/home/mr-cheng/Desktop/Car/Wireless_Lidar/extra_packages/build/wireless_lidar': CMAKE_PREFIX_PATH=${CMAKE_PREFIX_PATH}:/opt/ros/iron /usr/bin/cmake --install /home/mr-cheng/Desktop/Car/Wireless_Lidar/extra_packages/build/wireless_lidar
[3.373s] -- Install configuration: ""
[3.373s] -- Installing: /home/mr-cheng/Desktop/Car/Wireless_Lidar/extra_packages/install/wireless_lidar/share/ament_index/resource_index/rosidl_interfaces/wireless_lidar
[3.373s] -- Installing: /home/mr-cheng/Desktop/Car/Wireless_Lidar/extra_packages/install/wireless_lidar/share/wireless_lidar/msg/PointData.json
[3.373s] -- Installing: /home/mr-cheng/Desktop/Car/Wireless_Lidar/extra_packages/install/wireless_lidar/share/wireless_lidar/msg/LidarData.json
[3.373s] -- Up-to-date: /home/mr-cheng/Desktop/Car/Wireless_Lidar/extra_packages/install/wireless_lidar/include/wireless_lidar/wireless_lidar
[3.373s] -- Up-to-date: /home/mr-cheng/Desktop/Car/Wireless_Lidar/extra_packages/install/wireless_lidar/include/wireless_lidar/wireless_lidar/msg
[3.373s] -- Installing: /home/mr-cheng/Desktop/Car/Wireless_Lidar/extra_packages/install/wireless_lidar/include/wireless_lidar/wireless_lidar/msg/point_data.h
[3.373s] -- Installing: /home/mr-cheng/Desktop/Car/Wireless_Lidar/extra_packages/install/wireless_lidar/include/wireless_lidar/wireless_lidar/msg/lidar_data.h
[3.373s] -- Up-to-date: /home/mr-cheng/Desktop/Car/Wireless_Lidar/extra_packages/install/wireless_lidar/include/wireless_lidar/wireless_lidar/msg/detail
[3.374s] -- Installing: /home/mr-cheng/Desktop/Car/Wireless_Lidar/extra_packages/install/wireless_lidar/include/wireless_lidar/wireless_lidar/msg/detail/point_data__functions.h
[3.374s] -- Installing: /home/mr-cheng/Desktop/Car/Wireless_Lidar/extra_packages/install/wireless_lidar/include/wireless_lidar/wireless_lidar/msg/detail/point_data__description.c
[3.374s] -- Installing: /home/mr-cheng/Desktop/Car/Wireless_Lidar/extra_packages/install/wireless_lidar/include/wireless_lidar/wireless_lidar/msg/detail/point_data__struct.h
[3.374s] -- Installing: /home/mr-cheng/Desktop/Car/Wireless_Lidar/extra_packages/install/wireless_lidar/include/wireless_lidar/wireless_lidar/msg/detail/lidar_data__type_support.h
[3.374s] -- Installing: /home/mr-cheng/Desktop/Car/Wireless_Lidar/extra_packages/install/wireless_lidar/include/wireless_lidar/wireless_lidar/msg/detail/lidar_data__functions.c
[3.374s] -- Installing: /home/mr-cheng/Desktop/Car/Wireless_Lidar/extra_packages/install/wireless_lidar/include/wireless_lidar/wireless_lidar/msg/detail/lidar_data__type_support.c
[3.374s] -- Installing: /home/mr-cheng/Desktop/Car/Wireless_Lidar/extra_packages/install/wireless_lidar/include/wireless_lidar/wireless_lidar/msg/detail/point_data__type_support.h
[3.374s] -- Installing: /home/mr-cheng/Desktop/Car/Wireless_Lidar/extra_packages/install/wireless_lidar/include/wireless_lidar/wireless_lidar/msg/detail/point_data__functions.c
[3.374s] -- Installing: /home/mr-cheng/Desktop/Car/Wireless_Lidar/extra_packages/install/wireless_lidar/include/wireless_lidar/wireless_lidar/msg/detail/point_data__type_support.c
[3.374s] -- Installing: /home/mr-cheng/Desktop/Car/Wireless_Lidar/extra_packages/install/wireless_lidar/include/wireless_lidar/wireless_lidar/msg/detail/lidar_data__description.c
[3.374s] -- Installing: /home/mr-cheng/Desktop/Car/Wireless_Lidar/extra_packages/install/wireless_lidar/include/wireless_lidar/wireless_lidar/msg/detail/lidar_data__struct.h
[3.374s] -- Installing: /home/mr-cheng/Desktop/Car/Wireless_Lidar/extra_packages/install/wireless_lidar/include/wireless_lidar/wireless_lidar/msg/detail/lidar_data__functions.h
[3.375s] -- Installing: /home/mr-cheng/Desktop/Car/Wireless_Lidar/extra_packages/install/wireless_lidar/include/wireless_lidar/wireless_lidar/msg/rosidl_generator_c__visibility_control.h
[3.375s] -- Installing: /home/mr-cheng/Desktop/Car/Wireless_Lidar/extra_packages/install/wireless_lidar/share/wireless_lidar/environment/library_path.sh
[3.375s] -- Installing: /home/mr-cheng/Desktop/Car/Wireless_Lidar/extra_packages/install/wireless_lidar/share/wireless_lidar/environment/library_path.dsv
[3.375s] -- Installing: /home/mr-cheng/Desktop/Car/Wireless_Lidar/extra_packages/install/wireless_lidar/lib/libwireless_lidar__rosidl_generator_c.so
[3.375s] -- Set runtime path of "/home/mr-cheng/Desktop/Car/Wireless_Lidar/extra_packages/install/wireless_lidar/lib/libwireless_lidar__rosidl_generator_c.so" to ""
[3.375s] -- Up-to-date: /home/mr-cheng/Desktop/Car/Wireless_Lidar/extra_packages/install/wireless_lidar/include/wireless_lidar/wireless_lidar
[3.375s] -- Up-to-date: /home/mr-cheng/Desktop/Car/Wireless_Lidar/extra_packages/install/wireless_lidar/include/wireless_lidar/wireless_lidar/msg
[3.375s] -- Installing: /home/mr-cheng/Desktop/Car/Wireless_Lidar/extra_packages/install/wireless_lidar/include/wireless_lidar/wireless_lidar/msg/rosidl_typesupport_fastrtps_c__visibility_control.h
[3.376s] -- Up-to-date: /home/mr-cheng/Desktop/Car/Wireless_Lidar/extra_packages/install/wireless_lidar/include/wireless_lidar/wireless_lidar/msg/detail
[3.376s] -- Installing: /home/mr-cheng/Desktop/Car/Wireless_Lidar/extra_packages/install/wireless_lidar/include/wireless_lidar/wireless_lidar/msg/detail/lidar_data__rosidl_typesupport_fastrtps_c.h
[3.376s] -- Installing: /home/mr-cheng/Desktop/Car/Wireless_Lidar/extra_packages/install/wireless_lidar/include/wireless_lidar/wireless_lidar/msg/detail/point_data__rosidl_typesupport_fastrtps_c.h
[3.376s] -- Installing: /home/mr-cheng/Desktop/Car/Wireless_Lidar/extra_packages/install/wireless_lidar/lib/libwireless_lidar__rosidl_typesupport_fastrtps_c.so
[3.376s] -- Set runtime path of "/home/mr-cheng/Desktop/Car/Wireless_Lidar/extra_packages/install/wireless_lidar/lib/libwireless_lidar__rosidl_typesupport_fastrtps_c.so" to ""
[3.376s] -- Up-to-date: /home/mr-cheng/Desktop/Car/Wireless_Lidar/extra_packages/install/wireless_lidar/include/wireless_lidar/wireless_lidar
[3.376s] -- Up-to-date: /home/mr-cheng/Desktop/Car/Wireless_Lidar/extra_packages/install/wireless_lidar/include/wireless_lidar/wireless_lidar/msg
[3.376s] -- Installing: /home/mr-cheng/Desktop/Car/Wireless_Lidar/extra_packages/install/wireless_lidar/include/wireless_lidar/wireless_lidar/msg/rosidl_typesupport_introspection_c__visibility_control.h
[3.376s] -- Up-to-date: /home/mr-cheng/Desktop/Car/Wireless_Lidar/extra_packages/install/wireless_lidar/include/wireless_lidar/wireless_lidar/msg/detail
[3.376s] -- Installing: /home/mr-cheng/Desktop/Car/Wireless_Lidar/extra_packages/install/wireless_lidar/include/wireless_lidar/wireless_lidar/msg/detail/lidar_data__rosidl_typesupport_introspection_c.h
[3.376s] -- Installing: /home/mr-cheng/Desktop/Car/Wireless_Lidar/extra_packages/install/wireless_lidar/include/wireless_lidar/wireless_lidar/msg/detail/lidar_data__type_support.c
[3.376s] -- Installing: /home/mr-cheng/Desktop/Car/Wireless_Lidar/extra_packages/install/wireless_lidar/include/wireless_lidar/wireless_lidar/msg/detail/point_data__type_support.c
[3.376s] -- Installing: /home/mr-cheng/Desktop/Car/Wireless_Lidar/extra_packages/install/wireless_lidar/include/wireless_lidar/wireless_lidar/msg/detail/point_data__rosidl_typesupport_introspection_c.h
[3.377s] -- Installing: /home/mr-cheng/Desktop/Car/Wireless_Lidar/extra_packages/install/wireless_lidar/lib/libwireless_lidar__rosidl_typesupport_introspection_c.so
[3.377s] -- Set runtime path of "/home/mr-cheng/Desktop/Car/Wireless_Lidar/extra_packages/install/wireless_lidar/lib/libwireless_lidar__rosidl_typesupport_introspection_c.so" to ""
[3.377s] -- Installing: /home/mr-cheng/Desktop/Car/Wireless_Lidar/extra_packages/install/wireless_lidar/lib/libwireless_lidar__rosidl_typesupport_c.so
[3.377s] -- Set runtime path of "/home/mr-cheng/Desktop/Car/Wireless_Lidar/extra_packages/install/wireless_lidar/lib/libwireless_lidar__rosidl_typesupport_c.so" to ""
[3.377s] -- Up-to-date: /home/mr-cheng/Desktop/Car/Wireless_Lidar/extra_packages/install/wireless_lidar/include/wireless_lidar/wireless_lidar
[3.377s] -- Up-to-date: /home/mr-cheng/Desktop/Car/Wireless_Lidar/extra_packages/install/wireless_lidar/include/wireless_lidar/wireless_lidar/msg
[3.377s] -- Installing: /home/mr-cheng/Desktop/Car/Wireless_Lidar/extra_packages/install/wireless_lidar/include/wireless_lidar/wireless_lidar/msg/lidar_data.hpp
[3.377s] -- Installing: /home/mr-cheng/Desktop/Car/Wireless_Lidar/extra_packages/install/wireless_lidar/include/wireless_lidar/wireless_lidar/msg/point_data.hpp
[3.377s] -- Up-to-date: /home/mr-cheng/Desktop/Car/Wireless_Lidar/extra_packages/install/wireless_lidar/include/wireless_lidar/wireless_lidar/msg/detail
[3.378s] -- Installing: /home/mr-cheng/Desktop/Car/Wireless_Lidar/extra_packages/install/wireless_lidar/include/wireless_lidar/wireless_lidar/msg/detail/lidar_data__traits.hpp
[3.378s] -- Installing: /home/mr-cheng/Desktop/Car/Wireless_Lidar/extra_packages/install/wireless_lidar/include/wireless_lidar/wireless_lidar/msg/detail/point_data__struct.hpp
[3.378s] -- Installing: /home/mr-cheng/Desktop/Car/Wireless_Lidar/extra_packages/install/wireless_lidar/include/wireless_lidar/wireless_lidar/msg/detail/lidar_data__struct.hpp
[3.378s] -- Installing: /home/mr-cheng/Desktop/Car/Wireless_Lidar/extra_packages/install/wireless_lidar/include/wireless_lidar/wireless_lidar/msg/detail/lidar_data__builder.hpp
[3.378s] -- Installing: /home/mr-cheng/Desktop/Car/Wireless_Lidar/extra_packages/install/wireless_lidar/include/wireless_lidar/wireless_lidar/msg/detail/point_data__traits.hpp
[3.378s] -- Installing: /home/mr-cheng/Desktop/Car/Wireless_Lidar/extra_packages/install/wireless_lidar/include/wireless_lidar/wireless_lidar/msg/detail/point_data__builder.hpp
[3.378s] -- Up-to-date: /home/mr-cheng/Desktop/Car/Wireless_Lidar/extra_packages/install/wireless_lidar/include/wireless_lidar/wireless_lidar
[3.378s] -- Up-to-date: /home/mr-cheng/Desktop/Car/Wireless_Lidar/extra_packages/install/wireless_lidar/include/wireless_lidar/wireless_lidar/msg
[3.378s] -- Installing: /home/mr-cheng/Desktop/Car/Wireless_Lidar/extra_packages/install/wireless_lidar/include/wireless_lidar/wireless_lidar/msg/rosidl_typesupport_fastrtps_cpp__visibility_control.h
[3.378s] -- Up-to-date: /home/mr-cheng/Desktop/Car/Wireless_Lidar/extra_packages/install/wireless_lidar/include/wireless_lidar/wireless_lidar/msg/detail
[3.378s] -- Installing: /home/mr-cheng/Desktop/Car/Wireless_Lidar/extra_packages/install/wireless_lidar/include/wireless_lidar/wireless_lidar/msg/detail/point_data__rosidl_typesupport_fastrtps_cpp.hpp
[3.378s] -- Up-to-date: /home/mr-cheng/Desktop/Car/Wireless_Lidar/extra_packages/install/wireless_lidar/include/wireless_lidar/wireless_lidar/msg/detail/dds_fastrtps
[3.378s] -- Installing: /home/mr-cheng/Desktop/Car/Wireless_Lidar/extra_packages/install/wireless_lidar/include/wireless_lidar/wireless_lidar/msg/detail/lidar_data__rosidl_typesupport_fastrtps_cpp.hpp
[3.379s] -- Installing: /home/mr-cheng/Desktop/Car/Wireless_Lidar/extra_packages/install/wireless_lidar/lib/libwireless_lidar__rosidl_typesupport_fastrtps_cpp.so
[3.379s] -- Set runtime path of "/home/mr-cheng/Desktop/Car/Wireless_Lidar/extra_packages/install/wireless_lidar/lib/libwireless_lidar__rosidl_typesupport_fastrtps_cpp.so" to ""
[3.379s] -- Up-to-date: /home/mr-cheng/Desktop/Car/Wireless_Lidar/extra_packages/install/wireless_lidar/include/wireless_lidar/wireless_lidar
[3.379s] -- Up-to-date: /home/mr-cheng/Desktop/Car/Wireless_Lidar/extra_packages/install/wireless_lidar/include/wireless_lidar/wireless_lidar/msg
[3.379s] -- Up-to-date: /home/mr-cheng/Desktop/Car/Wireless_Lidar/extra_packages/install/wireless_lidar/include/wireless_lidar/wireless_lidar/msg/detail
[3.379s] -- Installing: /home/mr-cheng/Desktop/Car/Wireless_Lidar/extra_packages/install/wireless_lidar/include/wireless_lidar/wireless_lidar/msg/detail/point_data__type_support.cpp
[3.379s] -- Installing: /home/mr-cheng/Desktop/Car/Wireless_Lidar/extra_packages/install/wireless_lidar/include/wireless_lidar/wireless_lidar/msg/detail/lidar_data__type_support.cpp
[3.379s] -- Installing: /home/mr-cheng/Desktop/Car/Wireless_Lidar/extra_packages/install/wireless_lidar/include/wireless_lidar/wireless_lidar/msg/detail/point_data__rosidl_typesupport_introspection_cpp.hpp
[3.379s] -- Installing: /home/mr-cheng/Desktop/Car/Wireless_Lidar/extra_packages/install/wireless_lidar/include/wireless_lidar/wireless_lidar/msg/detail/lidar_data__rosidl_typesupport_introspection_cpp.hpp
[3.379s] -- Installing: /home/mr-cheng/Desktop/Car/Wireless_Lidar/extra_packages/install/wireless_lidar/lib/libwireless_lidar__rosidl_typesupport_introspection_cpp.so
[3.379s] -- Set runtime path of "/home/mr-cheng/Desktop/Car/Wireless_Lidar/extra_packages/install/wireless_lidar/lib/libwireless_lidar__rosidl_typesupport_introspection_cpp.so" to ""
[3.379s] -- Installing: /home/mr-cheng/Desktop/Car/Wireless_Lidar/extra_packages/install/wireless_lidar/lib/libwireless_lidar__rosidl_typesupport_cpp.so
[3.379s] -- Set runtime path of "/home/mr-cheng/Desktop/Car/Wireless_Lidar/extra_packages/install/wireless_lidar/lib/libwireless_lidar__rosidl_typesupport_cpp.so" to ""
[3.380s] -- Installing: /home/mr-cheng/Desktop/Car/Wireless_Lidar/extra_packages/install/wireless_lidar/share/wireless_lidar/environment/pythonpath.sh
[3.380s] -- Installing: /home/mr-cheng/Desktop/Car/Wireless_Lidar/extra_packages/install/wireless_lidar/share/wireless_lidar/environment/pythonpath.dsv
[3.380s] -- Installing: /home/mr-cheng/Desktop/Car/Wireless_Lidar/extra_packages/install/wireless_lidar/lib/python3.10/site-packages/wireless_lidar-0.0.0-py3.10.egg-info
[3.380s] -- Installing: /home/mr-cheng/Desktop/Car/Wireless_Lidar/extra_packages/install/wireless_lidar/lib/python3.10/site-packages/wireless_lidar-0.0.0-py3.10.egg-info/SOURCES.txt
[3.380s] -- Installing: /home/mr-cheng/Desktop/Car/Wireless_Lidar/extra_packages/install/wireless_lidar/lib/python3.10/site-packages/wireless_lidar-0.0.0-py3.10.egg-info/dependency_links.txt
[3.380s] -- Installing: /home/mr-cheng/Desktop/Car/Wireless_Lidar/extra_packages/install/wireless_lidar/lib/python3.10/site-packages/wireless_lidar-0.0.0-py3.10.egg-info/PKG-INFO
[3.380s] -- Installing: /home/mr-cheng/Desktop/Car/Wireless_Lidar/extra_packages/install/wireless_lidar/lib/python3.10/site-packages/wireless_lidar-0.0.0-py3.10.egg-info/top_level.txt
[3.380s] -- Installing: /home/mr-cheng/Desktop/Car/Wireless_Lidar/extra_packages/install/wireless_lidar/lib/python3.10/site-packages/wireless_lidar
[3.380s] -- Installing: /home/mr-cheng/Desktop/Car/Wireless_Lidar/extra_packages/install/wireless_lidar/lib/python3.10/site-packages/wireless_lidar/libwireless_lidar__rosidl_generator_py.so
[3.380s] -- Installing: /home/mr-cheng/Desktop/Car/Wireless_Lidar/extra_packages/install/wireless_lidar/lib/python3.10/site-packages/wireless_lidar/_wireless_lidar_s.ep.rosidl_typesupport_c.c
[3.380s] -- Installing: /home/mr-cheng/Desktop/Car/Wireless_Lidar/extra_packages/install/wireless_lidar/lib/python3.10/site-packages/wireless_lidar/wireless_lidar_s__rosidl_typesupport_c.cpython-310-x86_64-linux-gnu.so
[3.380s] -- Installing: /home/mr-cheng/Desktop/Car/Wireless_Lidar/extra_packages/install/wireless_lidar/lib/python3.10/site-packages/wireless_lidar/wireless_lidar_s__rosidl_typesupport_introspection_c.cpython-310-x86_64-linux-gnu.so
[3.381s] -- Installing: /home/mr-cheng/Desktop/Car/Wireless_Lidar/extra_packages/install/wireless_lidar/lib/python3.10/site-packages/wireless_lidar/msg
[3.381s] -- Installing: /home/mr-cheng/Desktop/Car/Wireless_Lidar/extra_packages/install/wireless_lidar/lib/python3.10/site-packages/wireless_lidar/msg/_lidar_data.py
[3.381s] -- Installing: /home/mr-cheng/Desktop/Car/Wireless_Lidar/extra_packages/install/wireless_lidar/lib/python3.10/site-packages/wireless_lidar/msg/_point_data_s.c
[3.381s] -- Installing: /home/mr-cheng/Desktop/Car/Wireless_Lidar/extra_packages/install/wireless_lidar/lib/python3.10/site-packages/wireless_lidar/msg/_lidar_data_s.c
[3.381s] -- Installing: /home/mr-cheng/Desktop/Car/Wireless_Lidar/extra_packages/install/wireless_lidar/lib/python3.10/site-packages/wireless_lidar/msg/__init__.py
[3.381s] -- Installing: /home/mr-cheng/Desktop/Car/Wireless_Lidar/extra_packages/install/wireless_lidar/lib/python3.10/site-packages/wireless_lidar/msg/_point_data.py
[3.381s] -- Installing: /home/mr-cheng/Desktop/Car/Wireless_Lidar/extra_packages/install/wireless_lidar/lib/python3.10/site-packages/wireless_lidar/_wireless_lidar_s.ep.rosidl_typesupport_introspection_c.c
[3.381s] -- Installing: /home/mr-cheng/Desktop/Car/Wireless_Lidar/extra_packages/install/wireless_lidar/lib/python3.10/site-packages/wireless_lidar/_wireless_lidar_s.ep.rosidl_typesupport_fastrtps_c.c
[3.381s] -- Installing: /home/mr-cheng/Desktop/Car/Wireless_Lidar/extra_packages/install/wireless_lidar/lib/python3.10/site-packages/wireless_lidar/__init__.py
[3.381s] -- Installing: /home/mr-cheng/Desktop/Car/Wireless_Lidar/extra_packages/install/wireless_lidar/lib/python3.10/site-packages/wireless_lidar/wireless_lidar_s__rosidl_typesupport_fastrtps_c.cpython-310-x86_64-linux-gnu.so
[3.411s] Listing '/home/mr-cheng/Desktop/Car/Wireless_Lidar/extra_packages/install/wireless_lidar/lib/python3.10/site-packages/wireless_lidar'...
[3.411s] Compiling '/home/mr-cheng/Desktop/Car/Wireless_Lidar/extra_packages/install/wireless_lidar/lib/python3.10/site-packages/wireless_lidar/__init__.py'...
[3.411s] Listing '/home/mr-cheng/Desktop/Car/Wireless_Lidar/extra_packages/install/wireless_lidar/lib/python3.10/site-packages/wireless_lidar/msg'...
[3.411s] Compiling '/home/mr-cheng/Desktop/Car/Wireless_Lidar/extra_packages/install/wireless_lidar/lib/python3.10/site-packages/wireless_lidar/msg/__init__.py'...
[3.411s] Compiling '/home/mr-cheng/Desktop/Car/Wireless_Lidar/extra_packages/install/wireless_lidar/lib/python3.10/site-packages/wireless_lidar/msg/_lidar_data.py'...
[3.411s] Compiling '/home/mr-cheng/Desktop/Car/Wireless_Lidar/extra_packages/install/wireless_lidar/lib/python3.10/site-packages/wireless_lidar/msg/_point_data.py'...
[3.415s] -- Installing: /home/mr-cheng/Desktop/Car/Wireless_Lidar/extra_packages/install/wireless_lidar/lib/python3.10/site-packages/wireless_lidar/wireless_lidar_s__rosidl_typesupport_fastrtps_c.cpython-310-x86_64-linux-gnu.so
[3.415s] -- Set runtime path of "/home/mr-cheng/Desktop/Car/Wireless_Lidar/extra_packages/install/wireless_lidar/lib/python3.10/site-packages/wireless_lidar/wireless_lidar_s__rosidl_typesupport_fastrtps_c.cpython-310-x86_64-linux-gnu.so" to ""
[3.415s] -- Installing: /home/mr-cheng/Desktop/Car/Wireless_Lidar/extra_packages/install/wireless_lidar/lib/python3.10/site-packages/wireless_lidar/wireless_lidar_s__rosidl_typesupport_introspection_c.cpython-310-x86_64-linux-gnu.so
[3.415s] -- Set runtime path of "/home/mr-cheng/Desktop/Car/Wireless_Lidar/extra_packages/install/wireless_lidar/lib/python3.10/site-packages/wireless_lidar/wireless_lidar_s__rosidl_typesupport_introspection_c.cpython-310-x86_64-linux-gnu.so" to ""
[3.415s] -- Installing: /home/mr-cheng/Desktop/Car/Wireless_Lidar/extra_packages/install/wireless_lidar/lib/python3.10/site-packages/wireless_lidar/wireless_lidar_s__rosidl_typesupport_c.cpython-310-x86_64-linux-gnu.so
[3.416s] -- Set runtime path of "/home/mr-cheng/Desktop/Car/Wireless_Lidar/extra_packages/install/wireless_lidar/lib/python3.10/site-packages/wireless_lidar/wireless_lidar_s__rosidl_typesupport_c.cpython-310-x86_64-linux-gnu.so" to ""
[3.416s] -- Installing: /home/mr-cheng/Desktop/Car/Wireless_Lidar/extra_packages/install/wireless_lidar/lib/libwireless_lidar__rosidl_generator_py.so
[3.416s] -- Set runtime path of "/home/mr-cheng/Desktop/Car/Wireless_Lidar/extra_packages/install/wireless_lidar/lib/libwireless_lidar__rosidl_generator_py.so" to ""
[3.416s] -- Installing: /home/mr-cheng/Desktop/Car/Wireless_Lidar/extra_packages/install/wireless_lidar/share/wireless_lidar/msg/PointData.idl
[3.416s] -- Installing: /home/mr-cheng/Desktop/Car/Wireless_Lidar/extra_packages/install/wireless_lidar/share/wireless_lidar/msg/LidarData.idl
[3.416s] -- Installing: /home/mr-cheng/Desktop/Car/Wireless_Lidar/extra_packages/install/wireless_lidar/share/wireless_lidar/src/PointData.msg
[3.416s] -- Installing: /home/mr-cheng/Desktop/Car/Wireless_Lidar/extra_packages/install/wireless_lidar/share/wireless_lidar/src/LidarData.msg
[3.416s] -- Installing: /home/mr-cheng/Desktop/Car/Wireless_Lidar/extra_packages/install/wireless_lidar/share/ament_index/resource_index/package_run_dependencies/wireless_lidar
[3.417s] -- Installing: /home/mr-cheng/Desktop/Car/Wireless_Lidar/extra_packages/install/wireless_lidar/share/ament_index/resource_index/parent_prefix_path/wireless_lidar
[3.417s] -- Installing: /home/mr-cheng/Desktop/Car/Wireless_Lidar/extra_packages/install/wireless_lidar/share/wireless_lidar/environment/ament_prefix_path.sh
[3.417s] -- Installing: /home/mr-cheng/Desktop/Car/Wireless_Lidar/extra_packages/install/wireless_lidar/share/wireless_lidar/environment/ament_prefix_path.dsv
[3.417s] -- Installing: /home/mr-cheng/Desktop/Car/Wireless_Lidar/extra_packages/install/wireless_lidar/share/wireless_lidar/environment/path.sh
[3.417s] -- Installing: /home/mr-cheng/Desktop/Car/Wireless_Lidar/extra_packages/install/wireless_lidar/share/wireless_lidar/environment/path.dsv
[3.417s] -- Installing: /home/mr-cheng/Desktop/Car/Wireless_Lidar/extra_packages/install/wireless_lidar/share/wireless_lidar/local_setup.bash
[3.417s] -- Installing: /home/mr-cheng/Desktop/Car/Wireless_Lidar/extra_packages/install/wireless_lidar/share/wireless_lidar/local_setup.sh
[3.417s] -- Installing: /home/mr-cheng/Desktop/Car/Wireless_Lidar/extra_packages/install/wireless_lidar/share/wireless_lidar/local_setup.zsh
[3.417s] -- Installing: /home/mr-cheng/Desktop/Car/Wireless_Lidar/extra_packages/install/wireless_lidar/share/wireless_lidar/local_setup.dsv
[3.417s] -- Installing: /home/mr-cheng/Desktop/Car/Wireless_Lidar/extra_packages/install/wireless_lidar/share/wireless_lidar/package.dsv
[3.418s] -- Installing: /home/mr-cheng/Desktop/Car/Wireless_Lidar/extra_packages/install/wireless_lidar/share/ament_index/resource_index/packages/wireless_lidar
[3.418s] -- Installing: /home/mr-cheng/Desktop/Car/Wireless_Lidar/extra_packages/install/wireless_lidar/share/wireless_lidar/cmake/export_wireless_lidar__rosidl_generator_cExport.cmake
[3.418s] -- Installing: /home/mr-cheng/Desktop/Car/Wireless_Lidar/extra_packages/install/wireless_lidar/share/wireless_lidar/cmake/export_wireless_lidar__rosidl_generator_cExport-noconfig.cmake
[3.418s] -- Installing: /home/mr-cheng/Desktop/Car/Wireless_Lidar/extra_packages/install/wireless_lidar/share/wireless_lidar/cmake/export_wireless_lidar__rosidl_typesupport_fastrtps_cExport.cmake
[3.418s] -- Installing: /home/mr-cheng/Desktop/Car/Wireless_Lidar/extra_packages/install/wireless_lidar/share/wireless_lidar/cmake/export_wireless_lidar__rosidl_typesupport_fastrtps_cExport-noconfig.cmake
[3.418s] -- Installing: /home/mr-cheng/Desktop/Car/Wireless_Lidar/extra_packages/install/wireless_lidar/share/wireless_lidar/cmake/wireless_lidar__rosidl_typesupport_introspection_cExport.cmake
[3.418s] -- Installing: /home/mr-cheng/Desktop/Car/Wireless_Lidar/extra_packages/install/wireless_lidar/share/wireless_lidar/cmake/wireless_lidar__rosidl_typesupport_introspection_cExport-noconfig.cmake
[3.418s] -- Installing: /home/mr-cheng/Desktop/Car/Wireless_Lidar/extra_packages/install/wireless_lidar/share/wireless_lidar/cmake/wireless_lidar__rosidl_typesupport_cExport.cmake
[3.419s] -- Installing: /home/mr-cheng/Desktop/Car/Wireless_Lidar/extra_packages/install/wireless_lidar/share/wireless_lidar/cmake/wireless_lidar__rosidl_typesupport_cExport-noconfig.cmake
[3.419s] -- Installing: /home/mr-cheng/Desktop/Car/Wireless_Lidar/extra_packages/install/wireless_lidar/share/wireless_lidar/cmake/export_wireless_lidar__rosidl_generator_cppExport.cmake
[3.419s] -- Installing: /home/mr-cheng/Desktop/Car/Wireless_Lidar/extra_packages/install/wireless_lidar/share/wireless_lidar/cmake/export_wireless_lidar__rosidl_typesupport_fastrtps_cppExport.cmake
[3.419s] -- Installing: /home/mr-cheng/Desktop/Car/Wireless_Lidar/extra_packages/install/wireless_lidar/share/wireless_lidar/cmake/export_wireless_lidar__rosidl_typesupport_fastrtps_cppExport-noconfig.cmake
[3.419s] -- Installing: /home/mr-cheng/Desktop/Car/Wireless_Lidar/extra_packages/install/wireless_lidar/share/wireless_lidar/cmake/wireless_lidar__rosidl_typesupport_introspection_cppExport.cmake
[3.419s] -- Installing: /home/mr-cheng/Desktop/Car/Wireless_Lidar/extra_packages/install/wireless_lidar/share/wireless_lidar/cmake/wireless_lidar__rosidl_typesupport_introspection_cppExport-noconfig.cmake
[3.419s] -- Installing: /home/mr-cheng/Desktop/Car/Wireless_Lidar/extra_packages/install/wireless_lidar/share/wireless_lidar/cmake/wireless_lidar__rosidl_typesupport_cppExport.cmake
[3.419s] -- Installing: /home/mr-cheng/Desktop/Car/Wireless_Lidar/extra_packages/install/wireless_lidar/share/wireless_lidar/cmake/wireless_lidar__rosidl_typesupport_cppExport-noconfig.cmake
[3.419s] -- Installing: /home/mr-cheng/Desktop/Car/Wireless_Lidar/extra_packages/install/wireless_lidar/share/wireless_lidar/cmake/export_wireless_lidar__rosidl_generator_pyExport.cmake
[3.420s] -- Installing: /home/mr-cheng/Desktop/Car/Wireless_Lidar/extra_packages/install/wireless_lidar/share/wireless_lidar/cmake/export_wireless_lidar__rosidl_generator_pyExport-noconfig.cmake
[3.420s] -- Installing: /home/mr-cheng/Desktop/Car/Wireless_Lidar/extra_packages/install/wireless_lidar/share/wireless_lidar/cmake/rosidl_cmake-extras.cmake
[3.420s] -- Installing: /home/mr-cheng/Desktop/Car/Wireless_Lidar/extra_packages/install/wireless_lidar/share/wireless_lidar/cmake/ament_cmake_export_include_directories-extras.cmake
[3.420s] -- Installing: /home/mr-cheng/Desktop/Car/Wireless_Lidar/extra_packages/install/wireless_lidar/share/wireless_lidar/cmake/ament_cmake_export_libraries-extras.cmake
[3.420s] -- Installing: /home/mr-cheng/Desktop/Car/Wireless_Lidar/extra_packages/install/wireless_lidar/share/wireless_lidar/cmake/ament_cmake_export_targets-extras.cmake
[3.420s] -- Installing: /home/mr-cheng/Desktop/Car/Wireless_Lidar/extra_packages/install/wireless_lidar/share/wireless_lidar/cmake/rosidl_cmake_export_typesupport_targets-extras.cmake
[3.420s] -- Installing: /home/mr-cheng/Desktop/Car/Wireless_Lidar/extra_packages/install/wireless_lidar/share/wireless_lidar/cmake/ament_cmake_export_dependencies-extras.cmake
[3.420s] -- Installing: /home/mr-cheng/Desktop/Car/Wireless_Lidar/extra_packages/install/wireless_lidar/share/wireless_lidar/cmake/rosidl_cmake_export_typesupport_libraries-extras.cmake
[3.420s] -- Installing: /home/mr-cheng/Desktop/Car/Wireless_Lidar/extra_packages/install/wireless_lidar/share/wireless_lidar/cmake/wireless_lidarConfig.cmake
[3.420s] -- Installing: /home/mr-cheng/Desktop/Car/Wireless_Lidar/extra_packages/install/wireless_lidar/share/wireless_lidar/cmake/wireless_lidarConfig-version.cmake
[3.420s] -- Installing: /home/mr-cheng/Desktop/Car/Wireless_Lidar/extra_packages/install/wireless_lidar/share/wireless_lidar/package.xml
[3.422s] Invoked command in '/home/mr-cheng/Desktop/Car/Wireless_Lidar/extra_packages/build/wireless_lidar' returned '0': CMAKE_PREFIX_PATH=${CMAKE_PREFIX_PATH}:/opt/ros/iron /usr/bin/cmake --install /home/mr-cheng/Desktop/Car/Wireless_Lidar/extra_packages/build/wireless_lidar
