[1.030s] Invoking command in '/home/mr-cheng/Documents/ROS2/Car/build/car_nav2': CMAKE_PREFIX_PATH=${CMAKE_PREFIX_PATH}:/home/mr-cheng/Documents/ROS2/Car/install/robot_description:/opt/ros/humble /usr/bin/cmake --build /home/mr-cheng/Documents/ROS2/Car/build/car_nav2 -- -j16 -l16
[1.192s] Invoked command in '/home/mr-cheng/Documents/ROS2/Car/build/car_nav2' returned '0': CMAKE_PREFIX_PATH=${CMAKE_PREFIX_PATH}:/home/mr-cheng/Documents/ROS2/Car/install/robot_description:/opt/ros/humble /usr/bin/cmake --build /home/mr-cheng/Documents/ROS2/Car/build/car_nav2 -- -j16 -l16
[1.625s] Invoking command in '/home/mr-cheng/Documents/ROS2/Car/build/car_nav2': CMAKE_PREFIX_PATH=${CMAKE_PREFIX_PATH}:/home/mr-cheng/Documents/ROS2/Car/install/robot_description:/opt/ros/humble /usr/bin/cmake --install /home/mr-cheng/Documents/ROS2/Car/build/car_nav2
[1.692s] -- Install configuration: ""
[1.692s] -- Up-to-date: /home/mr-cheng/Documents/ROS2/Car/install/car_nav2/share/car_nav2/launch
[1.693s] -- Up-to-date: /home/mr-cheng/Documents/ROS2/Car/install/car_nav2/share/car_nav2/launch/car_nav2.launch.py
[1.694s] -- Up-to-date: /home/mr-cheng/Documents/ROS2/Car/install/car_nav2/share/car_nav2/param
[1.694s] -- Up-to-date: /home/mr-cheng/Documents/ROS2/Car/install/car_nav2/share/car_nav2/param/car_nav2.yaml
[1.694s] -- Up-to-date: /home/mr-cheng/Documents/ROS2/Car/install/car_nav2/share/car_nav2/maps
[1.694s] -- Up-to-date: /home/mr-cheng/Documents/ROS2/Car/install/car_nav2/share/car_nav2/maps/Sim_Map
[1.694s] -- Up-to-date: /home/mr-cheng/Documents/ROS2/Car/install/car_nav2/share/car_nav2/maps/Sim_Map/sim_map.pgm
[1.694s] -- Up-to-date: /home/mr-cheng/Documents/ROS2/Car/install/car_nav2/share/car_nav2/maps/Sim_Map/sim_map.yaml
[1.695s] -- Up-to-date: /home/mr-cheng/Documents/ROS2/Car/install/car_nav2/share/ament_index/resource_index/package_run_dependencies/car_nav2
[1.695s] -- Up-to-date: /home/mr-cheng/Documents/ROS2/Car/install/car_nav2/share/ament_index/resource_index/parent_prefix_path/car_nav2
[1.695s] -- Up-to-date: /home/mr-cheng/Documents/ROS2/Car/install/car_nav2/share/car_nav2/environment/ament_prefix_path.sh
[1.695s] -- Up-to-date: /home/mr-cheng/Documents/ROS2/Car/install/car_nav2/share/car_nav2/environment/ament_prefix_path.dsv
[1.699s] -- Up-to-date: /home/mr-cheng/Documents/ROS2/Car/install/car_nav2/share/car_nav2/environment/path.sh
[1.699s] -- Up-to-date: /home/mr-cheng/Documents/ROS2/Car/install/car_nav2/share/car_nav2/environment/path.dsv
[1.700s] -- Up-to-date: /home/mr-cheng/Documents/ROS2/Car/install/car_nav2/share/car_nav2/local_setup.bash
[1.701s] -- Up-to-date: /home/mr-cheng/Documents/ROS2/Car/install/car_nav2/share/car_nav2/local_setup.sh
[1.701s] -- Up-to-date: /home/mr-cheng/Documents/ROS2/Car/install/car_nav2/share/car_nav2/local_setup.zsh
[1.708s] -- Up-to-date: /home/mr-cheng/Documents/ROS2/Car/install/car_nav2/share/car_nav2/local_setup.dsv
[1.709s] -- Installing: /home/mr-cheng/Documents/ROS2/Car/install/car_nav2/share/car_nav2/package.dsv
[1.709s] -- Up-to-date: /home/mr-cheng/Documents/ROS2/Car/install/car_nav2/share/ament_index/resource_index/packages/car_nav2
[1.710s] -- Up-to-date: /home/mr-cheng/Documents/ROS2/Car/install/car_nav2/share/car_nav2/cmake/car_nav2Config.cmake
[1.711s] -- Up-to-date: /home/mr-cheng/Documents/ROS2/Car/install/car_nav2/share/car_nav2/cmake/car_nav2Config-version.cmake
[1.712s] -- Up-to-date: /home/mr-cheng/Documents/ROS2/Car/install/car_nav2/share/car_nav2/package.xml
[1.736s] Invoked command in '/home/mr-cheng/Documents/ROS2/Car/build/car_nav2' returned '0': CMAKE_PREFIX_PATH=${CMAKE_PREFIX_PATH}:/home/mr-cheng/Documents/ROS2/Car/install/robot_description:/opt/ros/humble /usr/bin/cmake --install /home/mr-cheng/Documents/ROS2/Car/build/car_nav2
