[0.133s] DEBUG:colcon:Command line arguments: ['/usr/bin/colcon', 'build']
[0.133s] DEBUG:colcon:Parsed command line arguments: Namespace(log_base=None, log_level=None, verb_name='build', build_base='build', install_base='install', merge_install=False, symlink_install=False, test_result_base=None, continue_on_error=False, executor='parallel', parallel_workers=16, event_handlers=None, ignore_user_meta=False, metas=['./colcon.meta'], base_paths=['.'], packages_ignore=None, packages_ignore_regex=None, paths=None, packages_up_to=None, packages_up_to_regex=None, packages_above=None, packages_above_and_dependencies=None, packages_above_depth=None, packages_select_by_dep=None, packages_skip_by_dep=None, packages_skip_up_to=None, packages_select_build_failed=False, packages_skip_build_finished=False, packages_select_test_failures=False, packages_skip_test_passed=False, packages_select=None, packages_skip=None, packages_select_regex=None, packages_skip_regex=None, packages_start=None, packages_end=None, allow_overriding=[], cmake_args=None, cmake_target=None, cmake_target_skip_unavailable=False, cmake_clean_cache=False, cmake_clean_first=False, cmake_force_configure=False, ament_cmake_args=None, catkin_cmake_args=None, catkin_skip_building_tests=False, verb_parser=<colcon_defaults.argument_parser.defaults.DefaultArgumentsDecorator object at 0x737c0873ec50>, verb_extension=<colcon_core.verb.build.BuildVerb object at 0x737c0883b6d0>, main=<bound method BuildVerb.main of <colcon_core.verb.build.BuildVerb object at 0x737c0883b6d0>>)
[0.178s] Level 1:colcon.colcon_core.package_discovery:discover_packages(colcon_meta) check parameters
[0.178s] Level 1:colcon.colcon_core.package_discovery:discover_packages(recursive) check parameters
[0.178s] Level 1:colcon.colcon_core.package_discovery:discover_packages(ignore) check parameters
[0.178s] Level 1:colcon.colcon_core.package_discovery:discover_packages(path) check parameters
[0.179s] Level 1:colcon.colcon_core.package_discovery:discover_packages(colcon_meta) discover
[0.179s] Level 1:colcon.colcon_core.package_discovery:discover_packages(recursive) discover
[0.179s] INFO:colcon.colcon_core.package_discovery:Crawling recursively for packages in '/home/mr-cheng/Documents/ROS2/Car'
[0.179s] Level 1:colcon.colcon_core.package_identification:_identify(.) by extensions ['ignore', 'ignore_ament_install']
[0.179s] Level 1:colcon.colcon_core.package_identification:_identify(.) by extension 'ignore'
[0.179s] Level 1:colcon.colcon_core.package_identification:_identify(.) by extension 'ignore_ament_install'
[0.179s] Level 1:colcon.colcon_core.package_identification:_identify(.) by extensions ['colcon_pkg']
[0.179s] Level 1:colcon.colcon_core.package_identification:_identify(.) by extension 'colcon_pkg'
[0.179s] Level 1:colcon.colcon_core.package_identification:_identify(.) by extensions ['colcon_meta']
[0.179s] Level 1:colcon.colcon_core.package_identification:_identify(.) by extension 'colcon_meta'
[0.179s] Level 1:colcon.colcon_core.package_identification:_identify(.) by extensions ['ros']
[0.179s] Level 1:colcon.colcon_core.package_identification:_identify(.) by extension 'ros'
[0.209s] Level 1:colcon.colcon_core.package_identification:_identify(.) by extensions ['cmake', 'python']
[0.209s] Level 1:colcon.colcon_core.package_identification:_identify(.) by extension 'cmake'
[0.209s] Level 1:colcon.colcon_core.package_identification:_identify(.) by extension 'python'
[0.209s] Level 1:colcon.colcon_core.package_identification:_identify(.) by extensions ['python_setup_py']
[0.209s] Level 1:colcon.colcon_core.package_identification:_identify(.) by extension 'python_setup_py'
[0.209s] Level 1:colcon.colcon_core.package_identification:_identify(build) by extensions ['ignore', 'ignore_ament_install']
[0.209s] Level 1:colcon.colcon_core.package_identification:_identify(build) by extension 'ignore'
[0.209s] Level 1:colcon.colcon_core.package_identification:_identify(build) ignored
[0.209s] Level 1:colcon.colcon_core.package_identification:_identify(config) by extensions ['ignore', 'ignore_ament_install']
[0.209s] Level 1:colcon.colcon_core.package_identification:_identify(config) by extension 'ignore'
[0.209s] Level 1:colcon.colcon_core.package_identification:_identify(config) by extension 'ignore_ament_install'
[0.209s] Level 1:colcon.colcon_core.package_identification:_identify(config) by extensions ['colcon_pkg']
[0.210s] Level 1:colcon.colcon_core.package_identification:_identify(config) by extension 'colcon_pkg'
[0.210s] Level 1:colcon.colcon_core.package_identification:_identify(config) by extensions ['colcon_meta']
[0.210s] Level 1:colcon.colcon_core.package_identification:_identify(config) by extension 'colcon_meta'
[0.210s] Level 1:colcon.colcon_core.package_identification:_identify(config) by extensions ['ros']
[0.210s] Level 1:colcon.colcon_core.package_identification:_identify(config) by extension 'ros'
[0.210s] Level 1:colcon.colcon_core.package_identification:_identify(config) by extensions ['cmake', 'python']
[0.210s] Level 1:colcon.colcon_core.package_identification:_identify(config) by extension 'cmake'
[0.210s] Level 1:colcon.colcon_core.package_identification:_identify(config) by extension 'python'
[0.210s] Level 1:colcon.colcon_core.package_identification:_identify(config) by extensions ['python_setup_py']
[0.210s] Level 1:colcon.colcon_core.package_identification:_identify(config) by extension 'python_setup_py'
[0.210s] Level 1:colcon.colcon_core.package_identification:_identify(install) by extensions ['ignore', 'ignore_ament_install']
[0.210s] Level 1:colcon.colcon_core.package_identification:_identify(install) by extension 'ignore'
[0.210s] Level 1:colcon.colcon_core.package_identification:_identify(install) ignored
[0.210s] Level 1:colcon.colcon_core.package_identification:_identify(log) by extensions ['ignore', 'ignore_ament_install']
[0.211s] Level 1:colcon.colcon_core.package_identification:_identify(log) by extension 'ignore'
[0.211s] Level 1:colcon.colcon_core.package_identification:_identify(log) ignored
[0.211s] Level 1:colcon.colcon_core.package_identification:_identify(src) by extensions ['ignore', 'ignore_ament_install']
[0.211s] Level 1:colcon.colcon_core.package_identification:_identify(src) by extension 'ignore'
[0.211s] Level 1:colcon.colcon_core.package_identification:_identify(src) by extension 'ignore_ament_install'
[0.211s] Level 1:colcon.colcon_core.package_identification:_identify(src) by extensions ['colcon_pkg']
[0.211s] Level 1:colcon.colcon_core.package_identification:_identify(src) by extension 'colcon_pkg'
[0.211s] Level 1:colcon.colcon_core.package_identification:_identify(src) by extensions ['colcon_meta']
[0.211s] Level 1:colcon.colcon_core.package_identification:_identify(src) by extension 'colcon_meta'
[0.211s] Level 1:colcon.colcon_core.package_identification:_identify(src) by extensions ['ros']
[0.212s] Level 1:colcon.colcon_core.package_identification:_identify(src) by extension 'ros'
[0.212s] Level 1:colcon.colcon_core.package_identification:_identify(src) by extensions ['cmake', 'python']
[0.212s] Level 1:colcon.colcon_core.package_identification:_identify(src) by extension 'cmake'
[0.212s] Level 1:colcon.colcon_core.package_identification:_identify(src) by extension 'python'
[0.212s] Level 1:colcon.colcon_core.package_identification:_identify(src) by extensions ['python_setup_py']
[0.212s] Level 1:colcon.colcon_core.package_identification:_identify(src) by extension 'python_setup_py'
[0.213s] Level 1:colcon.colcon_core.package_identification:_identify(src/car_nav2) by extensions ['ignore', 'ignore_ament_install']
[0.213s] Level 1:colcon.colcon_core.package_identification:_identify(src/car_nav2) by extension 'ignore'
[0.213s] Level 1:colcon.colcon_core.package_identification:_identify(src/car_nav2) by extension 'ignore_ament_install'
[0.213s] Level 1:colcon.colcon_core.package_identification:_identify(src/car_nav2) by extensions ['colcon_pkg']
[0.213s] Level 1:colcon.colcon_core.package_identification:_identify(src/car_nav2) by extension 'colcon_pkg'
[0.213s] Level 1:colcon.colcon_core.package_identification:_identify(src/car_nav2) by extensions ['colcon_meta']
[0.213s] Level 1:colcon.colcon_core.package_identification:_identify(src/car_nav2) by extension 'colcon_meta'
[0.213s] Level 1:colcon.colcon_core.package_identification:_identify(src/car_nav2) by extensions ['ros']
[0.214s] Level 1:colcon.colcon_core.package_identification:_identify(src/car_nav2) by extension 'ros'
[0.218s] DEBUG:colcon.colcon_core.package_identification:Package 'src/car_nav2' with type 'ros.ament_cmake' and name 'car_nav2'
[0.218s] Level 1:colcon.colcon_core.package_identification:_identify(src/robot_description) by extensions ['ignore', 'ignore_ament_install']
[0.218s] Level 1:colcon.colcon_core.package_identification:_identify(src/robot_description) by extension 'ignore'
[0.218s] Level 1:colcon.colcon_core.package_identification:_identify(src/robot_description) by extension 'ignore_ament_install'
[0.218s] Level 1:colcon.colcon_core.package_identification:_identify(src/robot_description) by extensions ['colcon_pkg']
[0.218s] Level 1:colcon.colcon_core.package_identification:_identify(src/robot_description) by extension 'colcon_pkg'
[0.218s] Level 1:colcon.colcon_core.package_identification:_identify(src/robot_description) by extensions ['colcon_meta']
[0.219s] Level 1:colcon.colcon_core.package_identification:_identify(src/robot_description) by extension 'colcon_meta'
[0.219s] Level 1:colcon.colcon_core.package_identification:_identify(src/robot_description) by extensions ['ros']
[0.219s] Level 1:colcon.colcon_core.package_identification:_identify(src/robot_description) by extension 'ros'
[0.219s] DEBUG:colcon.colcon_core.package_identification:Package 'src/robot_description' with type 'ros.ament_python' and name 'robot_description'
[0.219s] Level 1:colcon.colcon_core.package_identification:_identify(src/slam_gmapping) by extensions ['ignore', 'ignore_ament_install']
[0.219s] Level 1:colcon.colcon_core.package_identification:_identify(src/slam_gmapping) by extension 'ignore'
[0.219s] Level 1:colcon.colcon_core.package_identification:_identify(src/slam_gmapping) by extension 'ignore_ament_install'
[0.219s] Level 1:colcon.colcon_core.package_identification:_identify(src/slam_gmapping) by extensions ['colcon_pkg']
[0.219s] Level 1:colcon.colcon_core.package_identification:_identify(src/slam_gmapping) by extension 'colcon_pkg'
[0.220s] Level 1:colcon.colcon_core.package_identification:_identify(src/slam_gmapping) by extensions ['colcon_meta']
[0.220s] Level 1:colcon.colcon_core.package_identification:_identify(src/slam_gmapping) by extension 'colcon_meta'
[0.220s] Level 1:colcon.colcon_core.package_identification:_identify(src/slam_gmapping) by extensions ['ros']
[0.220s] Level 1:colcon.colcon_core.package_identification:_identify(src/slam_gmapping) by extension 'ros'
[0.220s] Level 1:colcon.colcon_core.package_identification:_identify(src/slam_gmapping) by extensions ['cmake', 'python']
[0.220s] Level 1:colcon.colcon_core.package_identification:_identify(src/slam_gmapping) by extension 'cmake'
[0.220s] Level 1:colcon.colcon_core.package_identification:_identify(src/slam_gmapping) by extension 'python'
[0.220s] Level 1:colcon.colcon_core.package_identification:_identify(src/slam_gmapping) by extensions ['python_setup_py']
[0.220s] Level 1:colcon.colcon_core.package_identification:_identify(src/slam_gmapping) by extension 'python_setup_py'
[0.220s] Level 1:colcon.colcon_core.package_identification:_identify(src/slam_gmapping/openslam_gmapping) by extensions ['ignore', 'ignore_ament_install']
[0.220s] Level 1:colcon.colcon_core.package_identification:_identify(src/slam_gmapping/openslam_gmapping) by extension 'ignore'
[0.220s] Level 1:colcon.colcon_core.package_identification:_identify(src/slam_gmapping/openslam_gmapping) by extension 'ignore_ament_install'
[0.220s] Level 1:colcon.colcon_core.package_identification:_identify(src/slam_gmapping/openslam_gmapping) by extensions ['colcon_pkg']
[0.220s] Level 1:colcon.colcon_core.package_identification:_identify(src/slam_gmapping/openslam_gmapping) by extension 'colcon_pkg'
[0.220s] Level 1:colcon.colcon_core.package_identification:_identify(src/slam_gmapping/openslam_gmapping) by extensions ['colcon_meta']
[0.220s] Level 1:colcon.colcon_core.package_identification:_identify(src/slam_gmapping/openslam_gmapping) by extension 'colcon_meta'
[0.220s] Level 1:colcon.colcon_core.package_identification:_identify(src/slam_gmapping/openslam_gmapping) by extensions ['ros']
[0.221s] Level 1:colcon.colcon_core.package_identification:_identify(src/slam_gmapping/openslam_gmapping) by extension 'ros'
[0.221s] DEBUG:colcon.colcon_core.package_identification:Package 'src/slam_gmapping/openslam_gmapping' with type 'ros.ament_cmake' and name 'openslam_gmapping'
[0.221s] Level 1:colcon.colcon_core.package_identification:_identify(src/slam_gmapping/slam_gmapping) by extensions ['ignore', 'ignore_ament_install']
[0.221s] Level 1:colcon.colcon_core.package_identification:_identify(src/slam_gmapping/slam_gmapping) by extension 'ignore'
[0.221s] Level 1:colcon.colcon_core.package_identification:_identify(src/slam_gmapping/slam_gmapping) by extension 'ignore_ament_install'
[0.221s] Level 1:colcon.colcon_core.package_identification:_identify(src/slam_gmapping/slam_gmapping) by extensions ['colcon_pkg']
[0.221s] Level 1:colcon.colcon_core.package_identification:_identify(src/slam_gmapping/slam_gmapping) by extension 'colcon_pkg'
[0.221s] Level 1:colcon.colcon_core.package_identification:_identify(src/slam_gmapping/slam_gmapping) by extensions ['colcon_meta']
[0.221s] Level 1:colcon.colcon_core.package_identification:_identify(src/slam_gmapping/slam_gmapping) by extension 'colcon_meta'
[0.222s] Level 1:colcon.colcon_core.package_identification:_identify(src/slam_gmapping/slam_gmapping) by extensions ['ros']
[0.222s] Level 1:colcon.colcon_core.package_identification:_identify(src/slam_gmapping/slam_gmapping) by extension 'ros'
[0.223s] DEBUG:colcon.colcon_core.package_identification:Package 'src/slam_gmapping/slam_gmapping' with type 'ros.ament_cmake' and name 'slam_gmapping'
[0.223s] Level 1:colcon.colcon_core.package_discovery:discover_packages(recursive) using defaults
[0.223s] Level 1:colcon.colcon_core.package_discovery:discover_packages(ignore) discover
[0.223s] Level 1:colcon.colcon_core.package_discovery:discover_packages(ignore) using defaults
[0.223s] Level 1:colcon.colcon_core.package_discovery:discover_packages(path) discover
[0.223s] Level 1:colcon.colcon_core.package_discovery:discover_packages(path) using defaults
[0.252s] Level 1:colcon.colcon_core.package_discovery:discover_packages(prefix_path) check parameters
[0.252s] Level 1:colcon.colcon_core.package_discovery:discover_packages(prefix_path) discover
[0.254s] DEBUG:colcon.colcon_installed_package_information.package_discovery:Found 4 installed packages in /home/mr-cheng/Documents/ROS2/Car/install
[0.254s] DEBUG:colcon.colcon_installed_package_information.package_discovery:Found 3 installed packages in /home/mr-cheng/Bag/fastdds/install
[0.256s] DEBUG:colcon.colcon_installed_package_information.package_discovery:Found 400 installed packages in /opt/ros/humble
[0.258s] Level 1:colcon.colcon_core.package_discovery:discover_packages(prefix_path) using defaults
[0.317s] Level 5:colcon.colcon_core.verb:set package 'car_nav2' build argument 'cmake_args' from command line to 'None'
[0.317s] Level 5:colcon.colcon_core.verb:set package 'car_nav2' build argument 'cmake_target' from command line to 'None'
[0.317s] Level 5:colcon.colcon_core.verb:set package 'car_nav2' build argument 'cmake_target_skip_unavailable' from command line to 'False'
[0.317s] Level 5:colcon.colcon_core.verb:set package 'car_nav2' build argument 'cmake_clean_cache' from command line to 'False'
[0.317s] Level 5:colcon.colcon_core.verb:set package 'car_nav2' build argument 'cmake_clean_first' from command line to 'False'
[0.317s] Level 5:colcon.colcon_core.verb:set package 'car_nav2' build argument 'cmake_force_configure' from command line to 'False'
[0.317s] Level 5:colcon.colcon_core.verb:set package 'car_nav2' build argument 'ament_cmake_args' from command line to 'None'
[0.317s] Level 5:colcon.colcon_core.verb:set package 'car_nav2' build argument 'catkin_cmake_args' from command line to 'None'
[0.317s] Level 5:colcon.colcon_core.verb:set package 'car_nav2' build argument 'catkin_skip_building_tests' from command line to 'False'
[0.317s] DEBUG:colcon.colcon_core.verb:Building package 'car_nav2' with the following arguments: {'ament_cmake_args': None, 'build_base': '/home/mr-cheng/Documents/ROS2/Car/build/car_nav2', 'catkin_cmake_args': None, 'catkin_skip_building_tests': False, 'cmake_args': None, 'cmake_clean_cache': False, 'cmake_clean_first': False, 'cmake_force_configure': False, 'cmake_target': None, 'cmake_target_skip_unavailable': False, 'install_base': '/home/mr-cheng/Documents/ROS2/Car/install/car_nav2', 'merge_install': False, 'path': '/home/mr-cheng/Documents/ROS2/Car/src/car_nav2', 'symlink_install': False, 'test_result_base': None}
[0.317s] Level 5:colcon.colcon_core.verb:set package 'openslam_gmapping' build argument 'cmake_args' from command line to 'None'
[0.317s] Level 5:colcon.colcon_core.verb:set package 'openslam_gmapping' build argument 'cmake_target' from command line to 'None'
[0.317s] Level 5:colcon.colcon_core.verb:set package 'openslam_gmapping' build argument 'cmake_target_skip_unavailable' from command line to 'False'
[0.317s] Level 5:colcon.colcon_core.verb:set package 'openslam_gmapping' build argument 'cmake_clean_cache' from command line to 'False'
[0.317s] Level 5:colcon.colcon_core.verb:set package 'openslam_gmapping' build argument 'cmake_clean_first' from command line to 'False'
[0.317s] Level 5:colcon.colcon_core.verb:set package 'openslam_gmapping' build argument 'cmake_force_configure' from command line to 'False'
[0.317s] Level 5:colcon.colcon_core.verb:set package 'openslam_gmapping' build argument 'ament_cmake_args' from command line to 'None'
[0.317s] Level 5:colcon.colcon_core.verb:set package 'openslam_gmapping' build argument 'catkin_cmake_args' from command line to 'None'
[0.317s] Level 5:colcon.colcon_core.verb:set package 'openslam_gmapping' build argument 'catkin_skip_building_tests' from command line to 'False'
[0.318s] DEBUG:colcon.colcon_core.verb:Building package 'openslam_gmapping' with the following arguments: {'ament_cmake_args': None, 'build_base': '/home/mr-cheng/Documents/ROS2/Car/build/openslam_gmapping', 'catkin_cmake_args': None, 'catkin_skip_building_tests': False, 'cmake_args': None, 'cmake_clean_cache': False, 'cmake_clean_first': False, 'cmake_force_configure': False, 'cmake_target': None, 'cmake_target_skip_unavailable': False, 'install_base': '/home/mr-cheng/Documents/ROS2/Car/install/openslam_gmapping', 'merge_install': False, 'path': '/home/mr-cheng/Documents/ROS2/Car/src/slam_gmapping/openslam_gmapping', 'symlink_install': False, 'test_result_base': None}
[0.318s] Level 5:colcon.colcon_core.verb:set package 'robot_description' build argument 'cmake_args' from command line to 'None'
[0.318s] Level 5:colcon.colcon_core.verb:set package 'robot_description' build argument 'cmake_target' from command line to 'None'
[0.318s] Level 5:colcon.colcon_core.verb:set package 'robot_description' build argument 'cmake_target_skip_unavailable' from command line to 'False'
[0.318s] Level 5:colcon.colcon_core.verb:set package 'robot_description' build argument 'cmake_clean_cache' from command line to 'False'
[0.318s] Level 5:colcon.colcon_core.verb:set package 'robot_description' build argument 'cmake_clean_first' from command line to 'False'
[0.318s] Level 5:colcon.colcon_core.verb:set package 'robot_description' build argument 'cmake_force_configure' from command line to 'False'
[0.318s] Level 5:colcon.colcon_core.verb:set package 'robot_description' build argument 'ament_cmake_args' from command line to 'None'
[0.318s] Level 5:colcon.colcon_core.verb:set package 'robot_description' build argument 'catkin_cmake_args' from command line to 'None'
[0.318s] Level 5:colcon.colcon_core.verb:set package 'robot_description' build argument 'catkin_skip_building_tests' from command line to 'False'
[0.318s] DEBUG:colcon.colcon_core.verb:Building package 'robot_description' with the following arguments: {'ament_cmake_args': None, 'build_base': '/home/mr-cheng/Documents/ROS2/Car/build/robot_description', 'catkin_cmake_args': None, 'catkin_skip_building_tests': False, 'cmake_args': None, 'cmake_clean_cache': False, 'cmake_clean_first': False, 'cmake_force_configure': False, 'cmake_target': None, 'cmake_target_skip_unavailable': False, 'install_base': '/home/mr-cheng/Documents/ROS2/Car/install/robot_description', 'merge_install': False, 'path': '/home/mr-cheng/Documents/ROS2/Car/src/robot_description', 'symlink_install': False, 'test_result_base': None}
[0.318s] Level 5:colcon.colcon_core.verb:set package 'slam_gmapping' build argument 'cmake_args' from command line to 'None'
[0.319s] Level 5:colcon.colcon_core.verb:set package 'slam_gmapping' build argument 'cmake_target' from command line to 'None'
[0.319s] Level 5:colcon.colcon_core.verb:set package 'slam_gmapping' build argument 'cmake_target_skip_unavailable' from command line to 'False'
[0.319s] Level 5:colcon.colcon_core.verb:set package 'slam_gmapping' build argument 'cmake_clean_cache' from command line to 'False'
[0.319s] Level 5:colcon.colcon_core.verb:set package 'slam_gmapping' build argument 'cmake_clean_first' from command line to 'False'
[0.319s] Level 5:colcon.colcon_core.verb:set package 'slam_gmapping' build argument 'cmake_force_configure' from command line to 'False'
[0.319s] Level 5:colcon.colcon_core.verb:set package 'slam_gmapping' build argument 'ament_cmake_args' from command line to 'None'
[0.319s] Level 5:colcon.colcon_core.verb:set package 'slam_gmapping' build argument 'catkin_cmake_args' from command line to 'None'
[0.319s] Level 5:colcon.colcon_core.verb:set package 'slam_gmapping' build argument 'catkin_skip_building_tests' from command line to 'False'
[0.319s] DEBUG:colcon.colcon_core.verb:Building package 'slam_gmapping' with the following arguments: {'ament_cmake_args': None, 'build_base': '/home/mr-cheng/Documents/ROS2/Car/build/slam_gmapping', 'catkin_cmake_args': None, 'catkin_skip_building_tests': False, 'cmake_args': None, 'cmake_clean_cache': False, 'cmake_clean_first': False, 'cmake_force_configure': False, 'cmake_target': None, 'cmake_target_skip_unavailable': False, 'install_base': '/home/mr-cheng/Documents/ROS2/Car/install/slam_gmapping', 'merge_install': False, 'path': '/home/mr-cheng/Documents/ROS2/Car/src/slam_gmapping/slam_gmapping', 'symlink_install': False, 'test_result_base': None}
[0.319s] INFO:colcon.colcon_core.executor:Executing jobs using 'parallel' executor
[0.320s] DEBUG:colcon.colcon_parallel_executor.executor.parallel:run_until_complete
[0.320s] INFO:colcon.colcon_ros.task.ament_cmake.build:Building ROS package in '/home/mr-cheng/Documents/ROS2/Car/src/slam_gmapping/openslam_gmapping' with build type 'ament_cmake'
[0.320s] INFO:colcon.colcon_cmake.task.cmake.build:Building CMake package in '/home/mr-cheng/Documents/ROS2/Car/src/slam_gmapping/openslam_gmapping'
[0.322s] INFO:colcon.colcon_core.plugin_system:Skipping extension 'colcon_core.shell.bat': Not used on non-Windows systems
[0.322s] INFO:colcon.colcon_core.shell:Skip shell extension 'powershell' for command environment: Not usable outside of PowerShell
[0.322s] DEBUG:colcon.colcon_core.shell:Skip shell extension 'dsv' for command environment
[0.338s] INFO:colcon.colcon_ros.task.ament_cmake.build:Building ROS package in '/home/mr-cheng/Documents/ROS2/Car/src/car_nav2' with build type 'ament_cmake'
[0.338s] INFO:colcon.colcon_cmake.task.cmake.build:Building CMake package in '/home/mr-cheng/Documents/ROS2/Car/src/car_nav2'
[0.338s] INFO:colcon.colcon_core.shell:Skip shell extension 'powershell' for command environment: Not usable outside of PowerShell
[0.338s] DEBUG:colcon.colcon_core.shell:Skip shell extension 'dsv' for command environment
[0.343s] INFO:colcon.colcon_ros.task.ament_python.build:Building ROS package in '/home/mr-cheng/Documents/ROS2/Car/src/robot_description' with build type 'ament_python'
[0.344s] Level 1:colcon.colcon_core.shell:create_environment_hook('robot_description', 'ament_prefix_path')
[0.345s] INFO:colcon.colcon_core.shell:Creating environment hook '/home/mr-cheng/Documents/ROS2/Car/install/robot_description/share/robot_description/hook/ament_prefix_path.ps1'
[0.346s] INFO:colcon.colcon_core.shell:Creating environment descriptor '/home/mr-cheng/Documents/ROS2/Car/install/robot_description/share/robot_description/hook/ament_prefix_path.dsv'
[0.347s] INFO:colcon.colcon_core.shell:Creating environment hook '/home/mr-cheng/Documents/ROS2/Car/install/robot_description/share/robot_description/hook/ament_prefix_path.sh'
[0.348s] INFO:colcon.colcon_core.shell:Skip shell extension 'powershell' for command environment: Not usable outside of PowerShell
[0.348s] DEBUG:colcon.colcon_core.shell:Skip shell extension 'dsv' for command environment
[0.360s] DEBUG:colcon.colcon_core.event_handler.log_command:Invoking command in '/home/mr-cheng/Documents/ROS2/Car/build/openslam_gmapping': CMAKE_PREFIX_PATH=${CMAKE_PREFIX_PATH}:/home/mr-cheng/Documents/ROS2/Car/install/robot_description:/opt/ros/humble /usr/bin/cmake --build /home/mr-cheng/Documents/ROS2/Car/build/openslam_gmapping -- -j16 -l16
[0.363s] DEBUG:colcon.colcon_core.event_handler.log_command:Invoking command in '/home/mr-cheng/Documents/ROS2/Car/build/car_nav2': CMAKE_PREFIX_PATH=${CMAKE_PREFIX_PATH}:/home/mr-cheng/Documents/ROS2/Car/install/robot_description:/opt/ros/humble /usr/bin/cmake --build /home/mr-cheng/Documents/ROS2/Car/build/car_nav2 -- -j16 -l16
[0.638s] INFO:colcon.colcon_core.task.python.build:Building Python package in '/home/mr-cheng/Documents/ROS2/Car/src/robot_description'
[0.638s] INFO:colcon.colcon_core.shell:Skip shell extension 'powershell' for command environment: Not usable outside of PowerShell
[0.638s] DEBUG:colcon.colcon_core.shell:Skip shell extension 'dsv' for command environment
[0.643s] DEBUG:colcon.colcon_core.event_handler.log_command:Invoked command in '/home/mr-cheng/Documents/ROS2/Car/build/openslam_gmapping' returned '0': CMAKE_PREFIX_PATH=${CMAKE_PREFIX_PATH}:/home/mr-cheng/Documents/ROS2/Car/install/robot_description:/opt/ros/humble /usr/bin/cmake --build /home/mr-cheng/Documents/ROS2/Car/build/openslam_gmapping -- -j16 -l16
[0.645s] DEBUG:colcon.colcon_core.event_handler.log_command:Invoked command in '/home/mr-cheng/Documents/ROS2/Car/build/car_nav2' returned '0': CMAKE_PREFIX_PATH=${CMAKE_PREFIX_PATH}:/home/mr-cheng/Documents/ROS2/Car/install/robot_description:/opt/ros/humble /usr/bin/cmake --build /home/mr-cheng/Documents/ROS2/Car/build/car_nav2 -- -j16 -l16
[0.677s] DEBUG:colcon.colcon_core.event_handler.log_command:Invoking command in '/home/mr-cheng/Documents/ROS2/Car/build/car_nav2': CMAKE_PREFIX_PATH=${CMAKE_PREFIX_PATH}:/home/mr-cheng/Documents/ROS2/Car/install/robot_description:/opt/ros/humble /usr/bin/cmake --install /home/mr-cheng/Documents/ROS2/Car/build/car_nav2
[0.682s] DEBUG:colcon.colcon_core.event_handler.log_command:Invoking command in '/home/mr-cheng/Documents/ROS2/Car/build/openslam_gmapping': CMAKE_PREFIX_PATH=${CMAKE_PREFIX_PATH}:/home/mr-cheng/Documents/ROS2/Car/install/robot_description:/opt/ros/humble /usr/bin/cmake --install /home/mr-cheng/Documents/ROS2/Car/build/openslam_gmapping
[0.695s] Level 1:colcon.colcon_core.environment:create_environment_scripts_only(car_nav2)
[0.704s] DEBUG:colcon.colcon_core.event_handler.log_command:Invoked command in '/home/mr-cheng/Documents/ROS2/Car/build/car_nav2' returned '0': CMAKE_PREFIX_PATH=${CMAKE_PREFIX_PATH}:/home/mr-cheng/Documents/ROS2/Car/install/robot_description:/opt/ros/humble /usr/bin/cmake --install /home/mr-cheng/Documents/ROS2/Car/build/car_nav2
[0.706s] Level 1:colcon.colcon_core.environment:checking '/home/mr-cheng/Documents/ROS2/Car/install/car_nav2' for CMake module files
[0.708s] Level 1:colcon.colcon_core.environment:checking '/home/mr-cheng/Documents/ROS2/Car/install/car_nav2' for CMake config files
[0.709s] Level 1:colcon.colcon_core.shell:create_environment_hook('car_nav2', 'cmake_prefix_path')
[0.710s] INFO:colcon.colcon_core.shell:Creating environment hook '/home/mr-cheng/Documents/ROS2/Car/install/car_nav2/share/car_nav2/hook/cmake_prefix_path.ps1'
[0.710s] INFO:colcon.colcon_core.shell:Creating environment descriptor '/home/mr-cheng/Documents/ROS2/Car/install/car_nav2/share/car_nav2/hook/cmake_prefix_path.dsv'
[0.712s] INFO:colcon.colcon_core.shell:Creating environment hook '/home/mr-cheng/Documents/ROS2/Car/install/car_nav2/share/car_nav2/hook/cmake_prefix_path.sh'
[0.713s] Level 1:colcon.colcon_core.environment:checking '/home/mr-cheng/Documents/ROS2/Car/install/car_nav2/bin'
[0.713s] Level 1:colcon.colcon_core.environment:checking '/home/mr-cheng/Documents/ROS2/Car/install/car_nav2/lib/pkgconfig/car_nav2.pc'
[0.713s] Level 1:colcon.colcon_core.environment:checking '/home/mr-cheng/Documents/ROS2/Car/install/car_nav2/lib/python3.10/site-packages'
[0.714s] Level 1:colcon.colcon_core.environment:checking '/home/mr-cheng/Documents/ROS2/Car/install/car_nav2/bin'
[0.714s] INFO:colcon.colcon_core.shell:Creating package script '/home/mr-cheng/Documents/ROS2/Car/install/car_nav2/share/car_nav2/package.ps1'
[0.715s] INFO:colcon.colcon_core.shell:Creating package descriptor '/home/mr-cheng/Documents/ROS2/Car/install/car_nav2/share/car_nav2/package.dsv'
[0.717s] INFO:colcon.colcon_core.shell:Creating package script '/home/mr-cheng/Documents/ROS2/Car/install/car_nav2/share/car_nav2/package.sh'
[0.718s] INFO:colcon.colcon_core.shell:Creating package script '/home/mr-cheng/Documents/ROS2/Car/install/car_nav2/share/car_nav2/package.bash'
[0.719s] INFO:colcon.colcon_core.shell:Creating package script '/home/mr-cheng/Documents/ROS2/Car/install/car_nav2/share/car_nav2/package.zsh'
[0.720s] Level 1:colcon.colcon_core.environment:create_file_with_runtime_dependencies(/home/mr-cheng/Documents/ROS2/Car/install/car_nav2/share/colcon-core/packages/car_nav2)
[0.722s] Level 1:colcon.colcon_core.environment:create_environment_scripts_only(openslam_gmapping)
[0.722s] Level 1:colcon.colcon_core.environment:checking '/home/mr-cheng/Documents/ROS2/Car/install/openslam_gmapping' for CMake module files
[0.724s] DEBUG:colcon.colcon_core.event_handler.log_command:Invoked command in '/home/mr-cheng/Documents/ROS2/Car/build/openslam_gmapping' returned '0': CMAKE_PREFIX_PATH=${CMAKE_PREFIX_PATH}:/home/mr-cheng/Documents/ROS2/Car/install/robot_description:/opt/ros/humble /usr/bin/cmake --install /home/mr-cheng/Documents/ROS2/Car/build/openslam_gmapping
[0.725s] Level 1:colcon.colcon_core.environment:checking '/home/mr-cheng/Documents/ROS2/Car/install/openslam_gmapping' for CMake config files
[0.727s] Level 1:colcon.colcon_core.shell:create_environment_hook('openslam_gmapping', 'cmake_prefix_path')
[0.728s] INFO:colcon.colcon_core.shell:Creating environment hook '/home/mr-cheng/Documents/ROS2/Car/install/openslam_gmapping/share/openslam_gmapping/hook/cmake_prefix_path.ps1'
[0.729s] INFO:colcon.colcon_core.shell:Creating environment descriptor '/home/mr-cheng/Documents/ROS2/Car/install/openslam_gmapping/share/openslam_gmapping/hook/cmake_prefix_path.dsv'
[0.729s] INFO:colcon.colcon_core.shell:Creating environment hook '/home/mr-cheng/Documents/ROS2/Car/install/openslam_gmapping/share/openslam_gmapping/hook/cmake_prefix_path.sh'
[0.730s] Level 1:colcon.colcon_core.environment:checking '/home/mr-cheng/Documents/ROS2/Car/install/openslam_gmapping/lib'
[0.730s] Level 1:colcon.colcon_core.environment:checking '/home/mr-cheng/Documents/ROS2/Car/install/openslam_gmapping/bin'
[0.731s] Level 1:colcon.colcon_core.environment:checking '/home/mr-cheng/Documents/ROS2/Car/install/openslam_gmapping/lib/pkgconfig/openslam_gmapping.pc'
[0.731s] Level 1:colcon.colcon_core.environment:checking '/home/mr-cheng/Documents/ROS2/Car/install/openslam_gmapping/lib/python3.10/site-packages'
[0.731s] Level 1:colcon.colcon_core.environment:checking '/home/mr-cheng/Documents/ROS2/Car/install/openslam_gmapping/bin'
[0.732s] INFO:colcon.colcon_core.shell:Creating package script '/home/mr-cheng/Documents/ROS2/Car/install/openslam_gmapping/share/openslam_gmapping/package.ps1'
[0.733s] INFO:colcon.colcon_core.shell:Creating package descriptor '/home/mr-cheng/Documents/ROS2/Car/install/openslam_gmapping/share/openslam_gmapping/package.dsv'
[0.733s] INFO:colcon.colcon_core.shell:Creating package script '/home/mr-cheng/Documents/ROS2/Car/install/openslam_gmapping/share/openslam_gmapping/package.sh'
[0.734s] INFO:colcon.colcon_core.shell:Creating package script '/home/mr-cheng/Documents/ROS2/Car/install/openslam_gmapping/share/openslam_gmapping/package.bash'
[0.734s] INFO:colcon.colcon_core.shell:Creating package script '/home/mr-cheng/Documents/ROS2/Car/install/openslam_gmapping/share/openslam_gmapping/package.zsh'
[0.735s] Level 1:colcon.colcon_core.environment:create_file_with_runtime_dependencies(/home/mr-cheng/Documents/ROS2/Car/install/openslam_gmapping/share/colcon-core/packages/openslam_gmapping)
[0.749s] Level 1:colcon.colcon_core.environment:create_environment_scripts_only(car_nav2)
[0.749s] Level 1:colcon.colcon_core.environment:checking '/home/mr-cheng/Documents/ROS2/Car/install/car_nav2' for CMake module files
[0.750s] Level 1:colcon.colcon_core.environment:checking '/home/mr-cheng/Documents/ROS2/Car/install/car_nav2' for CMake config files
[0.750s] Level 1:colcon.colcon_core.shell:create_environment_hook('car_nav2', 'cmake_prefix_path')
[0.750s] INFO:colcon.colcon_core.shell:Creating environment hook '/home/mr-cheng/Documents/ROS2/Car/install/car_nav2/share/car_nav2/hook/cmake_prefix_path.ps1'
[0.751s] INFO:colcon.colcon_core.shell:Creating environment descriptor '/home/mr-cheng/Documents/ROS2/Car/install/car_nav2/share/car_nav2/hook/cmake_prefix_path.dsv'
[0.751s] INFO:colcon.colcon_core.shell:Creating environment hook '/home/mr-cheng/Documents/ROS2/Car/install/car_nav2/share/car_nav2/hook/cmake_prefix_path.sh'
[0.752s] Level 1:colcon.colcon_core.environment:checking '/home/mr-cheng/Documents/ROS2/Car/install/car_nav2/bin'
[0.752s] Level 1:colcon.colcon_core.environment:checking '/home/mr-cheng/Documents/ROS2/Car/install/car_nav2/lib/pkgconfig/car_nav2.pc'
[0.752s] Level 1:colcon.colcon_core.environment:checking '/home/mr-cheng/Documents/ROS2/Car/install/car_nav2/lib/python3.10/site-packages'
[0.753s] Level 1:colcon.colcon_core.environment:checking '/home/mr-cheng/Documents/ROS2/Car/install/car_nav2/bin'
[0.753s] INFO:colcon.colcon_core.shell:Creating package script '/home/mr-cheng/Documents/ROS2/Car/install/car_nav2/share/car_nav2/package.ps1'
[0.754s] INFO:colcon.colcon_core.shell:Creating package descriptor '/home/mr-cheng/Documents/ROS2/Car/install/car_nav2/share/car_nav2/package.dsv'
[0.755s] INFO:colcon.colcon_core.shell:Creating package script '/home/mr-cheng/Documents/ROS2/Car/install/car_nav2/share/car_nav2/package.sh'
[0.755s] INFO:colcon.colcon_core.shell:Creating package script '/home/mr-cheng/Documents/ROS2/Car/install/car_nav2/share/car_nav2/package.bash'
[0.756s] INFO:colcon.colcon_core.shell:Creating package script '/home/mr-cheng/Documents/ROS2/Car/install/car_nav2/share/car_nav2/package.zsh'
[0.759s] Level 1:colcon.colcon_core.environment:create_file_with_runtime_dependencies(/home/mr-cheng/Documents/ROS2/Car/install/car_nav2/share/colcon-core/packages/car_nav2)
[0.768s] Level 1:colcon.colcon_core.environment:create_environment_scripts_only(openslam_gmapping)
[0.768s] Level 1:colcon.colcon_core.environment:checking '/home/mr-cheng/Documents/ROS2/Car/install/openslam_gmapping' for CMake module files
[0.769s] Level 1:colcon.colcon_core.environment:checking '/home/mr-cheng/Documents/ROS2/Car/install/openslam_gmapping' for CMake config files
[0.769s] Level 1:colcon.colcon_core.shell:create_environment_hook('openslam_gmapping', 'cmake_prefix_path')
[0.770s] INFO:colcon.colcon_core.shell:Creating environment hook '/home/mr-cheng/Documents/ROS2/Car/install/openslam_gmapping/share/openslam_gmapping/hook/cmake_prefix_path.ps1'
[0.770s] INFO:colcon.colcon_core.shell:Creating environment descriptor '/home/mr-cheng/Documents/ROS2/Car/install/openslam_gmapping/share/openslam_gmapping/hook/cmake_prefix_path.dsv'
[0.770s] INFO:colcon.colcon_core.shell:Creating environment hook '/home/mr-cheng/Documents/ROS2/Car/install/openslam_gmapping/share/openslam_gmapping/hook/cmake_prefix_path.sh'
[0.771s] Level 1:colcon.colcon_core.environment:checking '/home/mr-cheng/Documents/ROS2/Car/install/openslam_gmapping/lib'
[0.771s] Level 1:colcon.colcon_core.environment:checking '/home/mr-cheng/Documents/ROS2/Car/install/openslam_gmapping/bin'
[0.771s] Level 1:colcon.colcon_core.environment:checking '/home/mr-cheng/Documents/ROS2/Car/install/openslam_gmapping/lib/pkgconfig/openslam_gmapping.pc'
[0.771s] Level 1:colcon.colcon_core.environment:checking '/home/mr-cheng/Documents/ROS2/Car/install/openslam_gmapping/lib/python3.10/site-packages'
[0.772s] Level 1:colcon.colcon_core.environment:checking '/home/mr-cheng/Documents/ROS2/Car/install/openslam_gmapping/bin'
[0.774s] INFO:colcon.colcon_core.shell:Creating package script '/home/mr-cheng/Documents/ROS2/Car/install/openslam_gmapping/share/openslam_gmapping/package.ps1'
[0.775s] INFO:colcon.colcon_core.shell:Creating package descriptor '/home/mr-cheng/Documents/ROS2/Car/install/openslam_gmapping/share/openslam_gmapping/package.dsv'
[0.776s] INFO:colcon.colcon_core.shell:Creating package script '/home/mr-cheng/Documents/ROS2/Car/install/openslam_gmapping/share/openslam_gmapping/package.sh'
[0.776s] INFO:colcon.colcon_core.shell:Creating package script '/home/mr-cheng/Documents/ROS2/Car/install/openslam_gmapping/share/openslam_gmapping/package.bash'
[0.777s] INFO:colcon.colcon_core.shell:Creating package script '/home/mr-cheng/Documents/ROS2/Car/install/openslam_gmapping/share/openslam_gmapping/package.zsh'
[0.777s] Level 1:colcon.colcon_core.environment:create_file_with_runtime_dependencies(/home/mr-cheng/Documents/ROS2/Car/install/openslam_gmapping/share/colcon-core/packages/openslam_gmapping)
[0.778s] INFO:colcon.colcon_ros.task.ament_cmake.build:Building ROS package in '/home/mr-cheng/Documents/ROS2/Car/src/slam_gmapping/slam_gmapping' with build type 'ament_cmake'
[0.778s] INFO:colcon.colcon_cmake.task.cmake.build:Building CMake package in '/home/mr-cheng/Documents/ROS2/Car/src/slam_gmapping/slam_gmapping'
[0.778s] INFO:colcon.colcon_core.shell:Skip shell extension 'powershell' for command environment: Not usable outside of PowerShell
[0.778s] DEBUG:colcon.colcon_core.shell:Skip shell extension 'dsv' for command environment
[0.793s] DEBUG:colcon.colcon_core.event_handler.log_command:Invoking command in '/home/mr-cheng/Documents/ROS2/Car/build/slam_gmapping': CMAKE_PREFIX_PATH=/home/mr-cheng/Documents/ROS2/Car/install/openslam_gmapping:/home/mr-cheng/Documents/ROS2/Car/install/slam_gmapping:/home/mr-cheng/Documents/ROS2/Car/install/car_nav2:/home/mr-cheng/Bag/fastdds/install/fastrtps:/home/mr-cheng/Bag/fastdds/install/foonathan_memory_vendor:/home/mr-cheng/Bag/fastdds/install/fastcdr:/home/mr-cheng/Documents/ROS2/Car/install/robot_description:/opt/ros/humble /usr/bin/cmake --build /home/mr-cheng/Documents/ROS2/Car/build/slam_gmapping -- -j16 -l16
[0.877s] DEBUG:colcon.colcon_core.event_handler.log_command:Invoked command in '/home/mr-cheng/Documents/ROS2/Car/build/slam_gmapping' returned '0': CMAKE_PREFIX_PATH=/home/mr-cheng/Documents/ROS2/Car/install/openslam_gmapping:/home/mr-cheng/Documents/ROS2/Car/install/slam_gmapping:/home/mr-cheng/Documents/ROS2/Car/install/car_nav2:/home/mr-cheng/Bag/fastdds/install/fastrtps:/home/mr-cheng/Bag/fastdds/install/foonathan_memory_vendor:/home/mr-cheng/Bag/fastdds/install/fastcdr:/home/mr-cheng/Documents/ROS2/Car/install/robot_description:/opt/ros/humble /usr/bin/cmake --build /home/mr-cheng/Documents/ROS2/Car/build/slam_gmapping -- -j16 -l16
[0.909s] DEBUG:colcon.colcon_core.event_handler.log_command:Invoking command in '/home/mr-cheng/Documents/ROS2/Car/build/slam_gmapping': CMAKE_PREFIX_PATH=/home/mr-cheng/Documents/ROS2/Car/install/openslam_gmapping:/home/mr-cheng/Documents/ROS2/Car/install/slam_gmapping:/home/mr-cheng/Documents/ROS2/Car/install/car_nav2:/home/mr-cheng/Bag/fastdds/install/fastrtps:/home/mr-cheng/Bag/fastdds/install/foonathan_memory_vendor:/home/mr-cheng/Bag/fastdds/install/fastcdr:/home/mr-cheng/Documents/ROS2/Car/install/robot_description:/opt/ros/humble /usr/bin/cmake --install /home/mr-cheng/Documents/ROS2/Car/build/slam_gmapping
[0.922s] Level 1:colcon.colcon_core.environment:create_environment_scripts_only(slam_gmapping)
[0.922s] Level 1:colcon.colcon_core.environment:checking '/home/mr-cheng/Documents/ROS2/Car/install/slam_gmapping' for CMake module files
[0.923s] Level 1:colcon.colcon_core.environment:checking '/home/mr-cheng/Documents/ROS2/Car/install/slam_gmapping' for CMake config files
[0.924s] DEBUG:colcon.colcon_core.event_handler.log_command:Invoked command in '/home/mr-cheng/Documents/ROS2/Car/build/slam_gmapping' returned '0': CMAKE_PREFIX_PATH=/home/mr-cheng/Documents/ROS2/Car/install/openslam_gmapping:/home/mr-cheng/Documents/ROS2/Car/install/slam_gmapping:/home/mr-cheng/Documents/ROS2/Car/install/car_nav2:/home/mr-cheng/Bag/fastdds/install/fastrtps:/home/mr-cheng/Bag/fastdds/install/foonathan_memory_vendor:/home/mr-cheng/Bag/fastdds/install/fastcdr:/home/mr-cheng/Documents/ROS2/Car/install/robot_description:/opt/ros/humble /usr/bin/cmake --install /home/mr-cheng/Documents/ROS2/Car/build/slam_gmapping
[0.925s] Level 1:colcon.colcon_core.shell:create_environment_hook('slam_gmapping', 'cmake_prefix_path')
[0.925s] INFO:colcon.colcon_core.shell:Creating environment hook '/home/mr-cheng/Documents/ROS2/Car/install/slam_gmapping/share/slam_gmapping/hook/cmake_prefix_path.ps1'
[0.926s] INFO:colcon.colcon_core.shell:Creating environment descriptor '/home/mr-cheng/Documents/ROS2/Car/install/slam_gmapping/share/slam_gmapping/hook/cmake_prefix_path.dsv'
[0.926s] INFO:colcon.colcon_core.shell:Creating environment hook '/home/mr-cheng/Documents/ROS2/Car/install/slam_gmapping/share/slam_gmapping/hook/cmake_prefix_path.sh'
[0.927s] Level 1:colcon.colcon_core.environment:checking '/home/mr-cheng/Documents/ROS2/Car/install/slam_gmapping/lib'
[0.927s] Level 1:colcon.colcon_core.environment:checking '/home/mr-cheng/Documents/ROS2/Car/install/slam_gmapping/bin'
[0.927s] Level 1:colcon.colcon_core.environment:checking '/home/mr-cheng/Documents/ROS2/Car/install/slam_gmapping/lib/pkgconfig/slam_gmapping.pc'
[0.927s] Level 1:colcon.colcon_core.environment:checking '/home/mr-cheng/Documents/ROS2/Car/install/slam_gmapping/lib/python3.10/site-packages'
[0.927s] Level 1:colcon.colcon_core.environment:checking '/home/mr-cheng/Documents/ROS2/Car/install/slam_gmapping/bin'
[0.927s] INFO:colcon.colcon_core.shell:Creating package script '/home/mr-cheng/Documents/ROS2/Car/install/slam_gmapping/share/slam_gmapping/package.ps1'
[0.928s] INFO:colcon.colcon_core.shell:Creating package descriptor '/home/mr-cheng/Documents/ROS2/Car/install/slam_gmapping/share/slam_gmapping/package.dsv'
[0.928s] INFO:colcon.colcon_core.shell:Creating package script '/home/mr-cheng/Documents/ROS2/Car/install/slam_gmapping/share/slam_gmapping/package.sh'
[0.929s] INFO:colcon.colcon_core.shell:Creating package script '/home/mr-cheng/Documents/ROS2/Car/install/slam_gmapping/share/slam_gmapping/package.bash'
[0.929s] INFO:colcon.colcon_core.shell:Creating package script '/home/mr-cheng/Documents/ROS2/Car/install/slam_gmapping/share/slam_gmapping/package.zsh'
[0.929s] Level 1:colcon.colcon_core.environment:create_file_with_runtime_dependencies(/home/mr-cheng/Documents/ROS2/Car/install/slam_gmapping/share/colcon-core/packages/slam_gmapping)
[0.959s] Level 1:colcon.colcon_core.environment:create_environment_scripts_only(slam_gmapping)
[0.959s] Level 1:colcon.colcon_core.environment:checking '/home/mr-cheng/Documents/ROS2/Car/install/slam_gmapping' for CMake module files
[0.960s] Level 1:colcon.colcon_core.environment:checking '/home/mr-cheng/Documents/ROS2/Car/install/slam_gmapping' for CMake config files
[0.960s] Level 1:colcon.colcon_core.shell:create_environment_hook('slam_gmapping', 'cmake_prefix_path')
[0.961s] INFO:colcon.colcon_core.shell:Creating environment hook '/home/mr-cheng/Documents/ROS2/Car/install/slam_gmapping/share/slam_gmapping/hook/cmake_prefix_path.ps1'
[0.961s] INFO:colcon.colcon_core.shell:Creating environment descriptor '/home/mr-cheng/Documents/ROS2/Car/install/slam_gmapping/share/slam_gmapping/hook/cmake_prefix_path.dsv'
[0.961s] INFO:colcon.colcon_core.shell:Creating environment hook '/home/mr-cheng/Documents/ROS2/Car/install/slam_gmapping/share/slam_gmapping/hook/cmake_prefix_path.sh'
[0.962s] Level 1:colcon.colcon_core.environment:checking '/home/mr-cheng/Documents/ROS2/Car/install/slam_gmapping/lib'
[0.962s] Level 1:colcon.colcon_core.environment:checking '/home/mr-cheng/Documents/ROS2/Car/install/slam_gmapping/bin'
[0.962s] Level 1:colcon.colcon_core.environment:checking '/home/mr-cheng/Documents/ROS2/Car/install/slam_gmapping/lib/pkgconfig/slam_gmapping.pc'
[0.962s] Level 1:colcon.colcon_core.environment:checking '/home/mr-cheng/Documents/ROS2/Car/install/slam_gmapping/lib/python3.10/site-packages'
[0.962s] Level 1:colcon.colcon_core.environment:checking '/home/mr-cheng/Documents/ROS2/Car/install/slam_gmapping/bin'
[0.963s] INFO:colcon.colcon_core.shell:Creating package script '/home/mr-cheng/Documents/ROS2/Car/install/slam_gmapping/share/slam_gmapping/package.ps1'
[0.964s] INFO:colcon.colcon_core.shell:Creating package descriptor '/home/mr-cheng/Documents/ROS2/Car/install/slam_gmapping/share/slam_gmapping/package.dsv'
[0.966s] INFO:colcon.colcon_core.shell:Creating package script '/home/mr-cheng/Documents/ROS2/Car/install/slam_gmapping/share/slam_gmapping/package.sh'
[0.966s] INFO:colcon.colcon_core.shell:Creating package script '/home/mr-cheng/Documents/ROS2/Car/install/slam_gmapping/share/slam_gmapping/package.bash'
[0.967s] INFO:colcon.colcon_core.shell:Creating package script '/home/mr-cheng/Documents/ROS2/Car/install/slam_gmapping/share/slam_gmapping/package.zsh'
[0.967s] Level 1:colcon.colcon_core.environment:create_file_with_runtime_dependencies(/home/mr-cheng/Documents/ROS2/Car/install/slam_gmapping/share/colcon-core/packages/slam_gmapping)
[1.453s] DEBUG:colcon.colcon_core.event_handler.log_command:Invoking command in '/home/mr-cheng/Documents/ROS2/Car/src/robot_description': PYTHONPATH=/home/mr-cheng/Documents/ROS2/Car/build/robot_description/prefix_override:/home/mr-cheng/Documents/ROS2/Car/install/robot_description/lib/python3.10/site-packages:${PYTHONPATH} /usr/bin/python3 -W ignore:setup.py install is deprecated setup.py egg_info --egg-base ../../build/robot_description build --build-base /home/mr-cheng/Documents/ROS2/Car/build/robot_description/build install --record /home/mr-cheng/Documents/ROS2/Car/build/robot_description/install.log --single-version-externally-managed install_data
[2.131s] Level 1:colcon.colcon_core.environment:checking '/home/mr-cheng/Documents/ROS2/Car/install/robot_description' for CMake module files
[2.133s] DEBUG:colcon.colcon_core.event_handler.log_command:Invoked command in '/home/mr-cheng/Documents/ROS2/Car/src/robot_description' returned '0': PYTHONPATH=/home/mr-cheng/Documents/ROS2/Car/build/robot_description/prefix_override:/home/mr-cheng/Documents/ROS2/Car/install/robot_description/lib/python3.10/site-packages:${PYTHONPATH} /usr/bin/python3 -W ignore:setup.py install is deprecated setup.py egg_info --egg-base ../../build/robot_description build --build-base /home/mr-cheng/Documents/ROS2/Car/build/robot_description/build install --record /home/mr-cheng/Documents/ROS2/Car/build/robot_description/install.log --single-version-externally-managed install_data
[2.134s] Level 1:colcon.colcon_core.environment:checking '/home/mr-cheng/Documents/ROS2/Car/install/robot_description' for CMake config files
[2.134s] Level 1:colcon.colcon_core.environment:checking '/home/mr-cheng/Documents/ROS2/Car/install/robot_description/lib'
[2.134s] Level 1:colcon.colcon_core.environment:checking '/home/mr-cheng/Documents/ROS2/Car/install/robot_description/bin'
[2.135s] Level 1:colcon.colcon_core.environment:checking '/home/mr-cheng/Documents/ROS2/Car/install/robot_description/lib/pkgconfig/robot_description.pc'
[2.135s] Level 1:colcon.colcon_core.environment:checking '/home/mr-cheng/Documents/ROS2/Car/install/robot_description/lib/python3.10/site-packages'
[2.135s] Level 1:colcon.colcon_core.shell:create_environment_hook('robot_description', 'pythonpath')
[2.136s] INFO:colcon.colcon_core.shell:Creating environment hook '/home/mr-cheng/Documents/ROS2/Car/install/robot_description/share/robot_description/hook/pythonpath.ps1'
[2.136s] INFO:colcon.colcon_core.shell:Creating environment descriptor '/home/mr-cheng/Documents/ROS2/Car/install/robot_description/share/robot_description/hook/pythonpath.dsv'
[2.137s] INFO:colcon.colcon_core.shell:Creating environment hook '/home/mr-cheng/Documents/ROS2/Car/install/robot_description/share/robot_description/hook/pythonpath.sh'
[2.137s] Level 1:colcon.colcon_core.environment:checking '/home/mr-cheng/Documents/ROS2/Car/install/robot_description/bin'
[2.137s] Level 1:colcon.colcon_core.environment:create_environment_scripts_only(robot_description)
[2.138s] INFO:colcon.colcon_core.shell:Creating package script '/home/mr-cheng/Documents/ROS2/Car/install/robot_description/share/robot_description/package.ps1'
[2.138s] INFO:colcon.colcon_core.shell:Creating package descriptor '/home/mr-cheng/Documents/ROS2/Car/install/robot_description/share/robot_description/package.dsv'
[2.139s] INFO:colcon.colcon_core.shell:Creating package script '/home/mr-cheng/Documents/ROS2/Car/install/robot_description/share/robot_description/package.sh'
[2.139s] INFO:colcon.colcon_core.shell:Creating package script '/home/mr-cheng/Documents/ROS2/Car/install/robot_description/share/robot_description/package.bash'
[2.139s] INFO:colcon.colcon_core.shell:Creating package script '/home/mr-cheng/Documents/ROS2/Car/install/robot_description/share/robot_description/package.zsh'
[2.140s] Level 1:colcon.colcon_core.environment:create_file_with_runtime_dependencies(/home/mr-cheng/Documents/ROS2/Car/install/robot_description/share/colcon-core/packages/robot_description)
[2.140s] DEBUG:colcon.colcon_parallel_executor.executor.parallel:closing loop
[2.140s] DEBUG:colcon.colcon_parallel_executor.executor.parallel:loop closed
[2.140s] DEBUG:colcon.colcon_parallel_executor.executor.parallel:run_until_complete finished with '0'
[2.140s] DEBUG:colcon.colcon_core.event_reactor:joining thread
[2.146s] INFO:colcon.colcon_core.plugin_system:Skipping extension 'colcon_notification.desktop_notification.terminal_notifier': Not used on non-Darwin systems
[2.146s] INFO:colcon.colcon_core.plugin_system:Skipping extension 'colcon_notification.desktop_notification.win32': Not used on non-Windows systems
[2.146s] INFO:colcon.colcon_notification.desktop_notification:Sending desktop notification using 'notify2'
[2.163s] DEBUG:colcon.colcon_core.event_reactor:joined thread
[2.164s] INFO:colcon.colcon_core.shell:Creating prefix script '/home/mr-cheng/Documents/ROS2/Car/install/local_setup.ps1'
[2.166s] INFO:colcon.colcon_core.shell:Creating prefix util module '/home/mr-cheng/Documents/ROS2/Car/install/_local_setup_util_ps1.py'
[2.168s] INFO:colcon.colcon_core.shell:Creating prefix chain script '/home/mr-cheng/Documents/ROS2/Car/install/setup.ps1'
[2.169s] INFO:colcon.colcon_core.shell:Creating prefix script '/home/mr-cheng/Documents/ROS2/Car/install/local_setup.sh'
[2.170s] INFO:colcon.colcon_core.shell:Creating prefix util module '/home/mr-cheng/Documents/ROS2/Car/install/_local_setup_util_sh.py'
[2.171s] INFO:colcon.colcon_core.shell:Creating prefix chain script '/home/mr-cheng/Documents/ROS2/Car/install/setup.sh'
[2.172s] INFO:colcon.colcon_core.shell:Creating prefix script '/home/mr-cheng/Documents/ROS2/Car/install/local_setup.bash'
[2.173s] INFO:colcon.colcon_core.shell:Creating prefix chain script '/home/mr-cheng/Documents/ROS2/Car/install/setup.bash'
[2.174s] INFO:colcon.colcon_core.shell:Creating prefix script '/home/mr-cheng/Documents/ROS2/Car/install/local_setup.zsh'
[2.174s] INFO:colcon.colcon_core.shell:Creating prefix chain script '/home/mr-cheng/Documents/ROS2/Car/install/setup.zsh'
