[0.113s] DEBUG:colcon:Command line arguments: ['/usr/bin/colcon', 'build']
[0.113s] DEBUG:colcon:Parsed command line arguments: Namespace(log_base=None, log_level=None, verb_name='build', build_base='build', install_base='install', merge_install=False, symlink_install=False, test_result_base=None, continue_on_error=False, executor='parallel', parallel_workers=16, event_handlers=None, ignore_user_meta=False, metas=['./colcon.meta'], base_paths=['.'], packages_ignore=None, packages_ignore_regex=None, paths=None, packages_up_to=None, packages_up_to_regex=None, packages_above=None, packages_above_and_dependencies=None, packages_above_depth=None, packages_select_by_dep=None, packages_skip_by_dep=None, packages_skip_up_to=None, packages_select_build_failed=False, packages_skip_build_finished=False, packages_select_test_failures=False, packages_skip_test_passed=False, packages_select=None, packages_skip=None, packages_select_regex=None, packages_skip_regex=None, packages_start=None, packages_end=None, allow_overriding=[], cmake_args=None, cmake_target=None, cmake_target_skip_unavailable=False, cmake_clean_cache=False, cmake_clean_first=False, cmake_force_configure=False, ament_cmake_args=None, catkin_cmake_args=None, catkin_skip_building_tests=False, verb_parser=<colcon_defaults.argument_parser.defaults.DefaultArgumentsDecorator object at 0x7f50cd946f50>, verb_extension=<colcon_core.verb.build.BuildVerb object at 0x7f50cda3f9d0>, main=<bound method BuildVerb.main of <colcon_core.verb.build.BuildVerb object at 0x7f50cda3f9d0>>)
[0.154s] Level 1:colcon.colcon_core.package_discovery:discover_packages(colcon_meta) check parameters
[0.154s] Level 1:colcon.colcon_core.package_discovery:discover_packages(recursive) check parameters
[0.154s] Level 1:colcon.colcon_core.package_discovery:discover_packages(ignore) check parameters
[0.154s] Level 1:colcon.colcon_core.package_discovery:discover_packages(path) check parameters
[0.154s] Level 1:colcon.colcon_core.package_discovery:discover_packages(colcon_meta) discover
[0.154s] Level 1:colcon.colcon_core.package_discovery:discover_packages(recursive) discover
[0.154s] INFO:colcon.colcon_core.package_discovery:Crawling recursively for packages in '/home/mr-cheng/Desktop/Car/Car_Sim2Real'
[0.154s] Level 1:colcon.colcon_core.package_identification:_identify(.) by extensions ['ignore', 'ignore_ament_install']
[0.154s] Level 1:colcon.colcon_core.package_identification:_identify(.) by extension 'ignore'
[0.154s] Level 1:colcon.colcon_core.package_identification:_identify(.) by extension 'ignore_ament_install'
[0.154s] Level 1:colcon.colcon_core.package_identification:_identify(.) by extensions ['colcon_pkg']
[0.154s] Level 1:colcon.colcon_core.package_identification:_identify(.) by extension 'colcon_pkg'
[0.154s] Level 1:colcon.colcon_core.package_identification:_identify(.) by extensions ['colcon_meta']
[0.154s] Level 1:colcon.colcon_core.package_identification:_identify(.) by extension 'colcon_meta'
[0.154s] Level 1:colcon.colcon_core.package_identification:_identify(.) by extensions ['ros']
[0.154s] Level 1:colcon.colcon_core.package_identification:_identify(.) by extension 'ros'
[0.179s] Level 1:colcon.colcon_core.package_identification:_identify(.) by extensions ['cmake', 'python']
[0.180s] Level 1:colcon.colcon_core.package_identification:_identify(.) by extension 'cmake'
[0.180s] Level 1:colcon.colcon_core.package_identification:_identify(.) by extension 'python'
[0.180s] Level 1:colcon.colcon_core.package_identification:_identify(.) by extensions ['python_setup_py']
[0.180s] Level 1:colcon.colcon_core.package_identification:_identify(.) by extension 'python_setup_py'
[0.180s] Level 1:colcon.colcon_core.package_identification:_identify(build) by extensions ['ignore', 'ignore_ament_install']
[0.180s] Level 1:colcon.colcon_core.package_identification:_identify(build) by extension 'ignore'
[0.180s] Level 1:colcon.colcon_core.package_identification:_identify(build) ignored
[0.180s] Level 1:colcon.colcon_core.package_identification:_identify(install) by extensions ['ignore', 'ignore_ament_install']
[0.180s] Level 1:colcon.colcon_core.package_identification:_identify(install) by extension 'ignore'
[0.180s] Level 1:colcon.colcon_core.package_identification:_identify(install) ignored
[0.180s] Level 1:colcon.colcon_core.package_identification:_identify(log) by extensions ['ignore', 'ignore_ament_install']
[0.180s] Level 1:colcon.colcon_core.package_identification:_identify(log) by extension 'ignore'
[0.181s] Level 1:colcon.colcon_core.package_identification:_identify(log) ignored
[0.181s] Level 1:colcon.colcon_core.package_identification:_identify(src) by extensions ['ignore', 'ignore_ament_install']
[0.181s] Level 1:colcon.colcon_core.package_identification:_identify(src) by extension 'ignore'
[0.181s] Level 1:colcon.colcon_core.package_identification:_identify(src) by extension 'ignore_ament_install'
[0.181s] Level 1:colcon.colcon_core.package_identification:_identify(src) by extensions ['colcon_pkg']
[0.181s] Level 1:colcon.colcon_core.package_identification:_identify(src) by extension 'colcon_pkg'
[0.181s] Level 1:colcon.colcon_core.package_identification:_identify(src) by extensions ['colcon_meta']
[0.181s] Level 1:colcon.colcon_core.package_identification:_identify(src) by extension 'colcon_meta'
[0.181s] Level 1:colcon.colcon_core.package_identification:_identify(src) by extensions ['ros']
[0.181s] Level 1:colcon.colcon_core.package_identification:_identify(src) by extension 'ros'
[0.181s] Level 1:colcon.colcon_core.package_identification:_identify(src) by extensions ['cmake', 'python']
[0.181s] Level 1:colcon.colcon_core.package_identification:_identify(src) by extension 'cmake'
[0.181s] Level 1:colcon.colcon_core.package_identification:_identify(src) by extension 'python'
[0.181s] Level 1:colcon.colcon_core.package_identification:_identify(src) by extensions ['python_setup_py']
[0.181s] Level 1:colcon.colcon_core.package_identification:_identify(src) by extension 'python_setup_py'
[0.181s] Level 1:colcon.colcon_core.package_identification:_identify(src/car_nav2) by extensions ['ignore', 'ignore_ament_install']
[0.181s] Level 1:colcon.colcon_core.package_identification:_identify(src/car_nav2) by extension 'ignore'
[0.181s] Level 1:colcon.colcon_core.package_identification:_identify(src/car_nav2) by extension 'ignore_ament_install'
[0.182s] Level 1:colcon.colcon_core.package_identification:_identify(src/car_nav2) by extensions ['colcon_pkg']
[0.182s] Level 1:colcon.colcon_core.package_identification:_identify(src/car_nav2) by extension 'colcon_pkg'
[0.182s] Level 1:colcon.colcon_core.package_identification:_identify(src/car_nav2) by extensions ['colcon_meta']
[0.182s] Level 1:colcon.colcon_core.package_identification:_identify(src/car_nav2) by extension 'colcon_meta'
[0.182s] Level 1:colcon.colcon_core.package_identification:_identify(src/car_nav2) by extensions ['ros']
[0.182s] Level 1:colcon.colcon_core.package_identification:_identify(src/car_nav2) by extension 'ros'
[0.185s] DEBUG:colcon.colcon_core.package_identification:Package 'src/car_nav2' with type 'ros.ament_cmake' and name 'car_nav2'
[0.185s] Level 1:colcon.colcon_core.package_identification:_identify(src/robot_bringup) by extensions ['ignore', 'ignore_ament_install']
[0.185s] Level 1:colcon.colcon_core.package_identification:_identify(src/robot_bringup) by extension 'ignore'
[0.185s] Level 1:colcon.colcon_core.package_identification:_identify(src/robot_bringup) by extension 'ignore_ament_install'
[0.185s] Level 1:colcon.colcon_core.package_identification:_identify(src/robot_bringup) by extensions ['colcon_pkg']
[0.185s] Level 1:colcon.colcon_core.package_identification:_identify(src/robot_bringup) by extension 'colcon_pkg'
[0.185s] Level 1:colcon.colcon_core.package_identification:_identify(src/robot_bringup) by extensions ['colcon_meta']
[0.185s] Level 1:colcon.colcon_core.package_identification:_identify(src/robot_bringup) by extension 'colcon_meta'
[0.185s] Level 1:colcon.colcon_core.package_identification:_identify(src/robot_bringup) by extensions ['ros']
[0.185s] Level 1:colcon.colcon_core.package_identification:_identify(src/robot_bringup) by extension 'ros'
[0.186s] DEBUG:colcon.colcon_core.package_identification:Package 'src/robot_bringup' with type 'ros.ament_cmake' and name 'robot_bringup'
[0.186s] Level 1:colcon.colcon_core.package_identification:_identify(src/robot_description) by extensions ['ignore', 'ignore_ament_install']
[0.186s] Level 1:colcon.colcon_core.package_identification:_identify(src/robot_description) by extension 'ignore'
[0.186s] Level 1:colcon.colcon_core.package_identification:_identify(src/robot_description) by extension 'ignore_ament_install'
[0.186s] Level 1:colcon.colcon_core.package_identification:_identify(src/robot_description) by extensions ['colcon_pkg']
[0.186s] Level 1:colcon.colcon_core.package_identification:_identify(src/robot_description) by extension 'colcon_pkg'
[0.186s] Level 1:colcon.colcon_core.package_identification:_identify(src/robot_description) by extensions ['colcon_meta']
[0.186s] Level 1:colcon.colcon_core.package_identification:_identify(src/robot_description) by extension 'colcon_meta'
[0.186s] Level 1:colcon.colcon_core.package_identification:_identify(src/robot_description) by extensions ['ros']
[0.186s] Level 1:colcon.colcon_core.package_identification:_identify(src/robot_description) by extension 'ros'
[0.187s] DEBUG:colcon.colcon_core.package_identification:Package 'src/robot_description' with type 'ros.ament_python' and name 'robot_description'
[0.187s] Level 1:colcon.colcon_core.package_identification:_identify(src/robot_launch) by extensions ['ignore', 'ignore_ament_install']
[0.187s] Level 1:colcon.colcon_core.package_identification:_identify(src/robot_launch) by extension 'ignore'
[0.187s] Level 1:colcon.colcon_core.package_identification:_identify(src/robot_launch) by extension 'ignore_ament_install'
[0.187s] Level 1:colcon.colcon_core.package_identification:_identify(src/robot_launch) by extensions ['colcon_pkg']
[0.187s] Level 1:colcon.colcon_core.package_identification:_identify(src/robot_launch) by extension 'colcon_pkg'
[0.187s] Level 1:colcon.colcon_core.package_identification:_identify(src/robot_launch) by extensions ['colcon_meta']
[0.187s] Level 1:colcon.colcon_core.package_identification:_identify(src/robot_launch) by extension 'colcon_meta'
[0.187s] Level 1:colcon.colcon_core.package_identification:_identify(src/robot_launch) by extensions ['ros']
[0.187s] Level 1:colcon.colcon_core.package_identification:_identify(src/robot_launch) by extension 'ros'
[0.188s] DEBUG:colcon.colcon_core.package_identification:Package 'src/robot_launch' with type 'ros.ament_python' and name 'robot_launch'
[0.188s] Level 1:colcon.colcon_core.package_identification:_identify(src/slam_gmapping) by extensions ['ignore', 'ignore_ament_install']
[0.188s] Level 1:colcon.colcon_core.package_identification:_identify(src/slam_gmapping) by extension 'ignore'
[0.188s] Level 1:colcon.colcon_core.package_identification:_identify(src/slam_gmapping) by extension 'ignore_ament_install'
[0.188s] Level 1:colcon.colcon_core.package_identification:_identify(src/slam_gmapping) by extensions ['colcon_pkg']
[0.188s] Level 1:colcon.colcon_core.package_identification:_identify(src/slam_gmapping) by extension 'colcon_pkg'
[0.188s] Level 1:colcon.colcon_core.package_identification:_identify(src/slam_gmapping) by extensions ['colcon_meta']
[0.188s] Level 1:colcon.colcon_core.package_identification:_identify(src/slam_gmapping) by extension 'colcon_meta'
[0.189s] Level 1:colcon.colcon_core.package_identification:_identify(src/slam_gmapping) by extensions ['ros']
[0.189s] Level 1:colcon.colcon_core.package_identification:_identify(src/slam_gmapping) by extension 'ros'
[0.189s] Level 1:colcon.colcon_core.package_identification:_identify(src/slam_gmapping) by extensions ['cmake', 'python']
[0.189s] Level 1:colcon.colcon_core.package_identification:_identify(src/slam_gmapping) by extension 'cmake'
[0.189s] Level 1:colcon.colcon_core.package_identification:_identify(src/slam_gmapping) by extension 'python'
[0.189s] Level 1:colcon.colcon_core.package_identification:_identify(src/slam_gmapping) by extensions ['python_setup_py']
[0.189s] Level 1:colcon.colcon_core.package_identification:_identify(src/slam_gmapping) by extension 'python_setup_py'
[0.189s] Level 1:colcon.colcon_core.package_identification:_identify(src/slam_gmapping/openslam_gmapping) by extensions ['ignore', 'ignore_ament_install']
[0.189s] Level 1:colcon.colcon_core.package_identification:_identify(src/slam_gmapping/openslam_gmapping) by extension 'ignore'
[0.189s] Level 1:colcon.colcon_core.package_identification:_identify(src/slam_gmapping/openslam_gmapping) by extension 'ignore_ament_install'
[0.189s] Level 1:colcon.colcon_core.package_identification:_identify(src/slam_gmapping/openslam_gmapping) by extensions ['colcon_pkg']
[0.189s] Level 1:colcon.colcon_core.package_identification:_identify(src/slam_gmapping/openslam_gmapping) by extension 'colcon_pkg'
[0.189s] Level 1:colcon.colcon_core.package_identification:_identify(src/slam_gmapping/openslam_gmapping) by extensions ['colcon_meta']
[0.189s] Level 1:colcon.colcon_core.package_identification:_identify(src/slam_gmapping/openslam_gmapping) by extension 'colcon_meta'
[0.189s] Level 1:colcon.colcon_core.package_identification:_identify(src/slam_gmapping/openslam_gmapping) by extensions ['ros']
[0.189s] Level 1:colcon.colcon_core.package_identification:_identify(src/slam_gmapping/openslam_gmapping) by extension 'ros'
[0.190s] DEBUG:colcon.colcon_core.package_identification:Package 'src/slam_gmapping/openslam_gmapping' with type 'ros.ament_cmake' and name 'openslam_gmapping'
[0.190s] Level 1:colcon.colcon_core.package_identification:_identify(src/slam_gmapping/slam_gmapping) by extensions ['ignore', 'ignore_ament_install']
[0.190s] Level 1:colcon.colcon_core.package_identification:_identify(src/slam_gmapping/slam_gmapping) by extension 'ignore'
[0.190s] Level 1:colcon.colcon_core.package_identification:_identify(src/slam_gmapping/slam_gmapping) by extension 'ignore_ament_install'
[0.190s] Level 1:colcon.colcon_core.package_identification:_identify(src/slam_gmapping/slam_gmapping) by extensions ['colcon_pkg']
[0.190s] Level 1:colcon.colcon_core.package_identification:_identify(src/slam_gmapping/slam_gmapping) by extension 'colcon_pkg'
[0.190s] Level 1:colcon.colcon_core.package_identification:_identify(src/slam_gmapping/slam_gmapping) by extensions ['colcon_meta']
[0.190s] Level 1:colcon.colcon_core.package_identification:_identify(src/slam_gmapping/slam_gmapping) by extension 'colcon_meta'
[0.190s] Level 1:colcon.colcon_core.package_identification:_identify(src/slam_gmapping/slam_gmapping) by extensions ['ros']
[0.190s] Level 1:colcon.colcon_core.package_identification:_identify(src/slam_gmapping/slam_gmapping) by extension 'ros'
[0.192s] DEBUG:colcon.colcon_core.package_identification:Package 'src/slam_gmapping/slam_gmapping' with type 'ros.ament_cmake' and name 'slam_gmapping'
[0.192s] Level 1:colcon.colcon_core.package_discovery:discover_packages(recursive) using defaults
[0.192s] Level 1:colcon.colcon_core.package_discovery:discover_packages(ignore) discover
[0.192s] Level 1:colcon.colcon_core.package_discovery:discover_packages(ignore) using defaults
[0.192s] Level 1:colcon.colcon_core.package_discovery:discover_packages(path) discover
[0.192s] Level 1:colcon.colcon_core.package_discovery:discover_packages(path) using defaults
[0.210s] Level 1:colcon.colcon_core.package_discovery:discover_packages(prefix_path) check parameters
[0.210s] Level 1:colcon.colcon_core.package_discovery:discover_packages(prefix_path) discover
[0.212s] DEBUG:colcon.colcon_installed_package_information.package_discovery:Found 6 installed packages in /home/mr-cheng/Desktop/Car/Car_Sim2Real/install
[0.213s] DEBUG:colcon.colcon_installed_package_information.package_discovery:Found 3 installed packages in /home/mr-cheng/Bag/fastdds/install
[0.215s] DEBUG:colcon.colcon_installed_package_information.package_discovery:Found 395 installed packages in /opt/ros/humble
[0.218s] Level 1:colcon.colcon_core.package_discovery:discover_packages(prefix_path) using defaults
[0.286s] Level 5:colcon.colcon_core.verb:set package 'car_nav2' build argument 'cmake_args' from command line to 'None'
[0.286s] Level 5:colcon.colcon_core.verb:set package 'car_nav2' build argument 'cmake_target' from command line to 'None'
[0.286s] Level 5:colcon.colcon_core.verb:set package 'car_nav2' build argument 'cmake_target_skip_unavailable' from command line to 'False'
[0.286s] Level 5:colcon.colcon_core.verb:set package 'car_nav2' build argument 'cmake_clean_cache' from command line to 'False'
[0.286s] Level 5:colcon.colcon_core.verb:set package 'car_nav2' build argument 'cmake_clean_first' from command line to 'False'
[0.286s] Level 5:colcon.colcon_core.verb:set package 'car_nav2' build argument 'cmake_force_configure' from command line to 'False'
[0.286s] Level 5:colcon.colcon_core.verb:set package 'car_nav2' build argument 'ament_cmake_args' from command line to 'None'
[0.286s] Level 5:colcon.colcon_core.verb:set package 'car_nav2' build argument 'catkin_cmake_args' from command line to 'None'
[0.286s] Level 5:colcon.colcon_core.verb:set package 'car_nav2' build argument 'catkin_skip_building_tests' from command line to 'False'
[0.286s] DEBUG:colcon.colcon_core.verb:Building package 'car_nav2' with the following arguments: {'ament_cmake_args': None, 'build_base': '/home/mr-cheng/Desktop/Car/Car_Sim2Real/build/car_nav2', 'catkin_cmake_args': None, 'catkin_skip_building_tests': False, 'cmake_args': None, 'cmake_clean_cache': False, 'cmake_clean_first': False, 'cmake_force_configure': False, 'cmake_target': None, 'cmake_target_skip_unavailable': False, 'install_base': '/home/mr-cheng/Desktop/Car/Car_Sim2Real/install/car_nav2', 'merge_install': False, 'path': '/home/mr-cheng/Desktop/Car/Car_Sim2Real/src/car_nav2', 'symlink_install': False, 'test_result_base': None}
[0.286s] Level 5:colcon.colcon_core.verb:set package 'openslam_gmapping' build argument 'cmake_args' from command line to 'None'
[0.286s] Level 5:colcon.colcon_core.verb:set package 'openslam_gmapping' build argument 'cmake_target' from command line to 'None'
[0.286s] Level 5:colcon.colcon_core.verb:set package 'openslam_gmapping' build argument 'cmake_target_skip_unavailable' from command line to 'False'
[0.287s] Level 5:colcon.colcon_core.verb:set package 'openslam_gmapping' build argument 'cmake_clean_cache' from command line to 'False'
[0.287s] Level 5:colcon.colcon_core.verb:set package 'openslam_gmapping' build argument 'cmake_clean_first' from command line to 'False'
[0.287s] Level 5:colcon.colcon_core.verb:set package 'openslam_gmapping' build argument 'cmake_force_configure' from command line to 'False'
[0.287s] Level 5:colcon.colcon_core.verb:set package 'openslam_gmapping' build argument 'ament_cmake_args' from command line to 'None'
[0.287s] Level 5:colcon.colcon_core.verb:set package 'openslam_gmapping' build argument 'catkin_cmake_args' from command line to 'None'
[0.287s] Level 5:colcon.colcon_core.verb:set package 'openslam_gmapping' build argument 'catkin_skip_building_tests' from command line to 'False'
[0.287s] DEBUG:colcon.colcon_core.verb:Building package 'openslam_gmapping' with the following arguments: {'ament_cmake_args': None, 'build_base': '/home/mr-cheng/Desktop/Car/Car_Sim2Real/build/openslam_gmapping', 'catkin_cmake_args': None, 'catkin_skip_building_tests': False, 'cmake_args': None, 'cmake_clean_cache': False, 'cmake_clean_first': False, 'cmake_force_configure': False, 'cmake_target': None, 'cmake_target_skip_unavailable': False, 'install_base': '/home/mr-cheng/Desktop/Car/Car_Sim2Real/install/openslam_gmapping', 'merge_install': False, 'path': '/home/mr-cheng/Desktop/Car/Car_Sim2Real/src/slam_gmapping/openslam_gmapping', 'symlink_install': False, 'test_result_base': None}
[0.287s] Level 5:colcon.colcon_core.verb:set package 'robot_bringup' build argument 'cmake_args' from command line to 'None'
[0.288s] Level 5:colcon.colcon_core.verb:set package 'robot_bringup' build argument 'cmake_target' from command line to 'None'
[0.288s] Level 5:colcon.colcon_core.verb:set package 'robot_bringup' build argument 'cmake_target_skip_unavailable' from command line to 'False'
[0.288s] Level 5:colcon.colcon_core.verb:set package 'robot_bringup' build argument 'cmake_clean_cache' from command line to 'False'
[0.288s] Level 5:colcon.colcon_core.verb:set package 'robot_bringup' build argument 'cmake_clean_first' from command line to 'False'
[0.288s] Level 5:colcon.colcon_core.verb:set package 'robot_bringup' build argument 'cmake_force_configure' from command line to 'False'
[0.288s] Level 5:colcon.colcon_core.verb:set package 'robot_bringup' build argument 'ament_cmake_args' from command line to 'None'
[0.288s] Level 5:colcon.colcon_core.verb:set package 'robot_bringup' build argument 'catkin_cmake_args' from command line to 'None'
[0.288s] Level 5:colcon.colcon_core.verb:set package 'robot_bringup' build argument 'catkin_skip_building_tests' from command line to 'False'
[0.288s] DEBUG:colcon.colcon_core.verb:Building package 'robot_bringup' with the following arguments: {'ament_cmake_args': None, 'build_base': '/home/mr-cheng/Desktop/Car/Car_Sim2Real/build/robot_bringup', 'catkin_cmake_args': None, 'catkin_skip_building_tests': False, 'cmake_args': None, 'cmake_clean_cache': False, 'cmake_clean_first': False, 'cmake_force_configure': False, 'cmake_target': None, 'cmake_target_skip_unavailable': False, 'install_base': '/home/mr-cheng/Desktop/Car/Car_Sim2Real/install/robot_bringup', 'merge_install': False, 'path': '/home/mr-cheng/Desktop/Car/Car_Sim2Real/src/robot_bringup', 'symlink_install': False, 'test_result_base': None}
[0.288s] Level 5:colcon.colcon_core.verb:set package 'robot_description' build argument 'cmake_args' from command line to 'None'
[0.288s] Level 5:colcon.colcon_core.verb:set package 'robot_description' build argument 'cmake_target' from command line to 'None'
[0.289s] Level 5:colcon.colcon_core.verb:set package 'robot_description' build argument 'cmake_target_skip_unavailable' from command line to 'False'
[0.289s] Level 5:colcon.colcon_core.verb:set package 'robot_description' build argument 'cmake_clean_cache' from command line to 'False'
[0.289s] Level 5:colcon.colcon_core.verb:set package 'robot_description' build argument 'cmake_clean_first' from command line to 'False'
[0.289s] Level 5:colcon.colcon_core.verb:set package 'robot_description' build argument 'cmake_force_configure' from command line to 'False'
[0.289s] Level 5:colcon.colcon_core.verb:set package 'robot_description' build argument 'ament_cmake_args' from command line to 'None'
[0.289s] Level 5:colcon.colcon_core.verb:set package 'robot_description' build argument 'catkin_cmake_args' from command line to 'None'
[0.289s] Level 5:colcon.colcon_core.verb:set package 'robot_description' build argument 'catkin_skip_building_tests' from command line to 'False'
[0.289s] DEBUG:colcon.colcon_core.verb:Building package 'robot_description' with the following arguments: {'ament_cmake_args': None, 'build_base': '/home/mr-cheng/Desktop/Car/Car_Sim2Real/build/robot_description', 'catkin_cmake_args': None, 'catkin_skip_building_tests': False, 'cmake_args': None, 'cmake_clean_cache': False, 'cmake_clean_first': False, 'cmake_force_configure': False, 'cmake_target': None, 'cmake_target_skip_unavailable': False, 'install_base': '/home/mr-cheng/Desktop/Car/Car_Sim2Real/install/robot_description', 'merge_install': False, 'path': '/home/mr-cheng/Desktop/Car/Car_Sim2Real/src/robot_description', 'symlink_install': False, 'test_result_base': None}
[0.289s] Level 5:colcon.colcon_core.verb:set package 'robot_launch' build argument 'cmake_args' from command line to 'None'
[0.289s] Level 5:colcon.colcon_core.verb:set package 'robot_launch' build argument 'cmake_target' from command line to 'None'
[0.289s] Level 5:colcon.colcon_core.verb:set package 'robot_launch' build argument 'cmake_target_skip_unavailable' from command line to 'False'
[0.289s] Level 5:colcon.colcon_core.verb:set package 'robot_launch' build argument 'cmake_clean_cache' from command line to 'False'
[0.289s] Level 5:colcon.colcon_core.verb:set package 'robot_launch' build argument 'cmake_clean_first' from command line to 'False'
[0.289s] Level 5:colcon.colcon_core.verb:set package 'robot_launch' build argument 'cmake_force_configure' from command line to 'False'
[0.289s] Level 5:colcon.colcon_core.verb:set package 'robot_launch' build argument 'ament_cmake_args' from command line to 'None'
[0.289s] Level 5:colcon.colcon_core.verb:set package 'robot_launch' build argument 'catkin_cmake_args' from command line to 'None'
[0.289s] Level 5:colcon.colcon_core.verb:set package 'robot_launch' build argument 'catkin_skip_building_tests' from command line to 'False'
[0.289s] DEBUG:colcon.colcon_core.verb:Building package 'robot_launch' with the following arguments: {'ament_cmake_args': None, 'build_base': '/home/mr-cheng/Desktop/Car/Car_Sim2Real/build/robot_launch', 'catkin_cmake_args': None, 'catkin_skip_building_tests': False, 'cmake_args': None, 'cmake_clean_cache': False, 'cmake_clean_first': False, 'cmake_force_configure': False, 'cmake_target': None, 'cmake_target_skip_unavailable': False, 'install_base': '/home/mr-cheng/Desktop/Car/Car_Sim2Real/install/robot_launch', 'merge_install': False, 'path': '/home/mr-cheng/Desktop/Car/Car_Sim2Real/src/robot_launch', 'symlink_install': False, 'test_result_base': None}
[0.290s] Level 5:colcon.colcon_core.verb:set package 'slam_gmapping' build argument 'cmake_args' from command line to 'None'
[0.290s] Level 5:colcon.colcon_core.verb:set package 'slam_gmapping' build argument 'cmake_target' from command line to 'None'
[0.290s] Level 5:colcon.colcon_core.verb:set package 'slam_gmapping' build argument 'cmake_target_skip_unavailable' from command line to 'False'
[0.290s] Level 5:colcon.colcon_core.verb:set package 'slam_gmapping' build argument 'cmake_clean_cache' from command line to 'False'
[0.290s] Level 5:colcon.colcon_core.verb:set package 'slam_gmapping' build argument 'cmake_clean_first' from command line to 'False'
[0.290s] Level 5:colcon.colcon_core.verb:set package 'slam_gmapping' build argument 'cmake_force_configure' from command line to 'False'
[0.290s] Level 5:colcon.colcon_core.verb:set package 'slam_gmapping' build argument 'ament_cmake_args' from command line to 'None'
[0.290s] Level 5:colcon.colcon_core.verb:set package 'slam_gmapping' build argument 'catkin_cmake_args' from command line to 'None'
[0.290s] Level 5:colcon.colcon_core.verb:set package 'slam_gmapping' build argument 'catkin_skip_building_tests' from command line to 'False'
[0.290s] DEBUG:colcon.colcon_core.verb:Building package 'slam_gmapping' with the following arguments: {'ament_cmake_args': None, 'build_base': '/home/mr-cheng/Desktop/Car/Car_Sim2Real/build/slam_gmapping', 'catkin_cmake_args': None, 'catkin_skip_building_tests': False, 'cmake_args': None, 'cmake_clean_cache': False, 'cmake_clean_first': False, 'cmake_force_configure': False, 'cmake_target': None, 'cmake_target_skip_unavailable': False, 'install_base': '/home/mr-cheng/Desktop/Car/Car_Sim2Real/install/slam_gmapping', 'merge_install': False, 'path': '/home/mr-cheng/Desktop/Car/Car_Sim2Real/src/slam_gmapping/slam_gmapping', 'symlink_install': False, 'test_result_base': None}
[0.290s] INFO:colcon.colcon_core.executor:Executing jobs using 'parallel' executor
[0.291s] DEBUG:colcon.colcon_parallel_executor.executor.parallel:run_until_complete
[0.292s] INFO:colcon.colcon_ros.task.ament_cmake.build:Building ROS package in '/home/mr-cheng/Desktop/Car/Car_Sim2Real/src/slam_gmapping/openslam_gmapping' with build type 'ament_cmake'
[0.292s] INFO:colcon.colcon_cmake.task.cmake.build:Building CMake package in '/home/mr-cheng/Desktop/Car/Car_Sim2Real/src/slam_gmapping/openslam_gmapping'
[0.294s] INFO:colcon.colcon_core.plugin_system:Skipping extension 'colcon_core.shell.bat': Not used on non-Windows systems
[0.294s] INFO:colcon.colcon_core.shell:Skip shell extension 'powershell' for command environment: Not usable outside of PowerShell
[0.294s] DEBUG:colcon.colcon_core.shell:Skip shell extension 'dsv' for command environment
[0.299s] INFO:colcon.colcon_ros.task.ament_cmake.build:Building ROS package in '/home/mr-cheng/Desktop/Car/Car_Sim2Real/src/car_nav2' with build type 'ament_cmake'
[0.299s] INFO:colcon.colcon_cmake.task.cmake.build:Building CMake package in '/home/mr-cheng/Desktop/Car/Car_Sim2Real/src/car_nav2'
[0.299s] INFO:colcon.colcon_core.shell:Skip shell extension 'powershell' for command environment: Not usable outside of PowerShell
[0.299s] DEBUG:colcon.colcon_core.shell:Skip shell extension 'dsv' for command environment
[0.303s] INFO:colcon.colcon_ros.task.ament_cmake.build:Building ROS package in '/home/mr-cheng/Desktop/Car/Car_Sim2Real/src/robot_bringup' with build type 'ament_cmake'
[0.303s] INFO:colcon.colcon_cmake.task.cmake.build:Building CMake package in '/home/mr-cheng/Desktop/Car/Car_Sim2Real/src/robot_bringup'
[0.303s] INFO:colcon.colcon_core.shell:Skip shell extension 'powershell' for command environment: Not usable outside of PowerShell
[0.303s] DEBUG:colcon.colcon_core.shell:Skip shell extension 'dsv' for command environment
[0.307s] INFO:colcon.colcon_ros.task.ament_python.build:Building ROS package in '/home/mr-cheng/Desktop/Car/Car_Sim2Real/src/robot_description' with build type 'ament_python'
[0.307s] Level 1:colcon.colcon_core.shell:create_environment_hook('robot_description', 'ament_prefix_path')
[0.308s] INFO:colcon.colcon_core.shell:Creating environment hook '/home/mr-cheng/Desktop/Car/Car_Sim2Real/install/robot_description/share/robot_description/hook/ament_prefix_path.ps1'
[0.308s] INFO:colcon.colcon_core.shell:Creating environment descriptor '/home/mr-cheng/Desktop/Car/Car_Sim2Real/install/robot_description/share/robot_description/hook/ament_prefix_path.dsv'
[0.309s] INFO:colcon.colcon_core.shell:Creating environment hook '/home/mr-cheng/Desktop/Car/Car_Sim2Real/install/robot_description/share/robot_description/hook/ament_prefix_path.sh'
[0.309s] INFO:colcon.colcon_core.shell:Skip shell extension 'powershell' for command environment: Not usable outside of PowerShell
[0.310s] DEBUG:colcon.colcon_core.shell:Skip shell extension 'dsv' for command environment
[0.313s] INFO:colcon.colcon_ros.task.ament_python.build:Building ROS package in '/home/mr-cheng/Desktop/Car/Car_Sim2Real/src/robot_launch' with build type 'ament_python'
[0.314s] Level 1:colcon.colcon_core.shell:create_environment_hook('robot_launch', 'ament_prefix_path')
[0.314s] INFO:colcon.colcon_core.shell:Creating environment hook '/home/mr-cheng/Desktop/Car/Car_Sim2Real/install/robot_launch/share/robot_launch/hook/ament_prefix_path.ps1'
[0.315s] INFO:colcon.colcon_core.shell:Creating environment descriptor '/home/mr-cheng/Desktop/Car/Car_Sim2Real/install/robot_launch/share/robot_launch/hook/ament_prefix_path.dsv'
[0.315s] INFO:colcon.colcon_core.shell:Creating environment hook '/home/mr-cheng/Desktop/Car/Car_Sim2Real/install/robot_launch/share/robot_launch/hook/ament_prefix_path.sh'
[0.315s] INFO:colcon.colcon_core.shell:Skip shell extension 'powershell' for command environment: Not usable outside of PowerShell
[0.316s] DEBUG:colcon.colcon_core.shell:Skip shell extension 'dsv' for command environment
[0.325s] DEBUG:colcon.colcon_core.event_handler.log_command:Invoking command in '/home/mr-cheng/Desktop/Car/Car_Sim2Real/build/openslam_gmapping': CMAKE_PREFIX_PATH=${CMAKE_PREFIX_PATH}:/home/mr-cheng/Desktop/Car/Car_Sim2Real/install/robot_launch:/home/mr-cheng/Desktop/Car/Car_Sim2Real/install/robot_description:/opt/ros/humble /usr/bin/cmake --build /home/mr-cheng/Desktop/Car/Car_Sim2Real/build/openslam_gmapping -- -j16 -l16
[0.328s] DEBUG:colcon.colcon_core.event_handler.log_command:Invoking command in '/home/mr-cheng/Desktop/Car/Car_Sim2Real/build/car_nav2': CMAKE_PREFIX_PATH=${CMAKE_PREFIX_PATH}:/home/mr-cheng/Desktop/Car/Car_Sim2Real/install/robot_launch:/home/mr-cheng/Desktop/Car/Car_Sim2Real/install/robot_description:/opt/ros/humble /usr/bin/cmake --build /home/mr-cheng/Desktop/Car/Car_Sim2Real/build/car_nav2 -- -j16 -l16
[0.330s] DEBUG:colcon.colcon_core.event_handler.log_command:Invoking command in '/home/mr-cheng/Desktop/Car/Car_Sim2Real/build/robot_bringup': CMAKE_PREFIX_PATH=${CMAKE_PREFIX_PATH}:/home/mr-cheng/Desktop/Car/Car_Sim2Real/install/robot_launch:/home/mr-cheng/Desktop/Car/Car_Sim2Real/install/robot_description:/opt/ros/humble /usr/bin/cmake --build /home/mr-cheng/Desktop/Car/Car_Sim2Real/build/robot_bringup -- -j16 -l16
[0.566s] INFO:colcon.colcon_core.task.python.build:Building Python package in '/home/mr-cheng/Desktop/Car/Car_Sim2Real/src/robot_description'
[0.566s] INFO:colcon.colcon_core.shell:Skip shell extension 'powershell' for command environment: Not usable outside of PowerShell
[0.566s] DEBUG:colcon.colcon_core.shell:Skip shell extension 'dsv' for command environment
[0.809s] INFO:colcon.colcon_core.task.python.build:Building Python package in '/home/mr-cheng/Desktop/Car/Car_Sim2Real/src/robot_launch'
[0.809s] INFO:colcon.colcon_core.shell:Skip shell extension 'powershell' for command environment: Not usable outside of PowerShell
[0.809s] DEBUG:colcon.colcon_core.shell:Skip shell extension 'dsv' for command environment
[0.815s] DEBUG:colcon.colcon_core.event_handler.log_command:Invoked command in '/home/mr-cheng/Desktop/Car/Car_Sim2Real/build/car_nav2' returned '0': CMAKE_PREFIX_PATH=${CMAKE_PREFIX_PATH}:/home/mr-cheng/Desktop/Car/Car_Sim2Real/install/robot_launch:/home/mr-cheng/Desktop/Car/Car_Sim2Real/install/robot_description:/opt/ros/humble /usr/bin/cmake --build /home/mr-cheng/Desktop/Car/Car_Sim2Real/build/car_nav2 -- -j16 -l16
[0.816s] DEBUG:colcon.colcon_core.event_handler.log_command:Invoked command in '/home/mr-cheng/Desktop/Car/Car_Sim2Real/build/robot_bringup' returned '0': CMAKE_PREFIX_PATH=${CMAKE_PREFIX_PATH}:/home/mr-cheng/Desktop/Car/Car_Sim2Real/install/robot_launch:/home/mr-cheng/Desktop/Car/Car_Sim2Real/install/robot_description:/opt/ros/humble /usr/bin/cmake --build /home/mr-cheng/Desktop/Car/Car_Sim2Real/build/robot_bringup -- -j16 -l16
[0.818s] DEBUG:colcon.colcon_core.event_handler.log_command:Invoked command in '/home/mr-cheng/Desktop/Car/Car_Sim2Real/build/openslam_gmapping' returned '0': CMAKE_PREFIX_PATH=${CMAKE_PREFIX_PATH}:/home/mr-cheng/Desktop/Car/Car_Sim2Real/install/robot_launch:/home/mr-cheng/Desktop/Car/Car_Sim2Real/install/robot_description:/opt/ros/humble /usr/bin/cmake --build /home/mr-cheng/Desktop/Car/Car_Sim2Real/build/openslam_gmapping -- -j16 -l16
[0.847s] DEBUG:colcon.colcon_core.event_handler.log_command:Invoking command in '/home/mr-cheng/Desktop/Car/Car_Sim2Real/build/car_nav2': CMAKE_PREFIX_PATH=${CMAKE_PREFIX_PATH}:/home/mr-cheng/Desktop/Car/Car_Sim2Real/install/robot_launch:/home/mr-cheng/Desktop/Car/Car_Sim2Real/install/robot_description:/opt/ros/humble /usr/bin/cmake --install /home/mr-cheng/Desktop/Car/Car_Sim2Real/build/car_nav2
[0.851s] DEBUG:colcon.colcon_core.event_handler.log_command:Invoking command in '/home/mr-cheng/Desktop/Car/Car_Sim2Real/build/openslam_gmapping': CMAKE_PREFIX_PATH=${CMAKE_PREFIX_PATH}:/home/mr-cheng/Desktop/Car/Car_Sim2Real/install/robot_launch:/home/mr-cheng/Desktop/Car/Car_Sim2Real/install/robot_description:/opt/ros/humble /usr/bin/cmake --install /home/mr-cheng/Desktop/Car/Car_Sim2Real/build/openslam_gmapping
[0.853s] DEBUG:colcon.colcon_core.event_handler.log_command:Invoking command in '/home/mr-cheng/Desktop/Car/Car_Sim2Real/build/robot_bringup': CMAKE_PREFIX_PATH=${CMAKE_PREFIX_PATH}:/home/mr-cheng/Desktop/Car/Car_Sim2Real/install/robot_launch:/home/mr-cheng/Desktop/Car/Car_Sim2Real/install/robot_description:/opt/ros/humble /usr/bin/cmake --install /home/mr-cheng/Desktop/Car/Car_Sim2Real/build/robot_bringup
[0.859s] Level 1:colcon.colcon_core.environment:create_environment_scripts_only(car_nav2)
[0.861s] DEBUG:colcon.colcon_core.event_handler.log_command:Invoked command in '/home/mr-cheng/Desktop/Car/Car_Sim2Real/build/car_nav2' returned '0': CMAKE_PREFIX_PATH=${CMAKE_PREFIX_PATH}:/home/mr-cheng/Desktop/Car/Car_Sim2Real/install/robot_launch:/home/mr-cheng/Desktop/Car/Car_Sim2Real/install/robot_description:/opt/ros/humble /usr/bin/cmake --install /home/mr-cheng/Desktop/Car/Car_Sim2Real/build/car_nav2
[0.868s] Level 1:colcon.colcon_core.environment:checking '/home/mr-cheng/Desktop/Car/Car_Sim2Real/install/car_nav2' for CMake module files
[0.868s] Level 1:colcon.colcon_core.environment:checking '/home/mr-cheng/Desktop/Car/Car_Sim2Real/install/car_nav2' for CMake config files
[0.870s] Level 1:colcon.colcon_core.shell:create_environment_hook('car_nav2', 'cmake_prefix_path')
[0.870s] INFO:colcon.colcon_core.shell:Creating environment hook '/home/mr-cheng/Desktop/Car/Car_Sim2Real/install/car_nav2/share/car_nav2/hook/cmake_prefix_path.ps1'
[0.871s] INFO:colcon.colcon_core.shell:Creating environment descriptor '/home/mr-cheng/Desktop/Car/Car_Sim2Real/install/car_nav2/share/car_nav2/hook/cmake_prefix_path.dsv'
[0.871s] INFO:colcon.colcon_core.shell:Creating environment hook '/home/mr-cheng/Desktop/Car/Car_Sim2Real/install/car_nav2/share/car_nav2/hook/cmake_prefix_path.sh'
[0.873s] Level 1:colcon.colcon_core.environment:checking '/home/mr-cheng/Desktop/Car/Car_Sim2Real/install/car_nav2/bin'
[0.873s] Level 1:colcon.colcon_core.environment:checking '/home/mr-cheng/Desktop/Car/Car_Sim2Real/install/car_nav2/lib/pkgconfig/car_nav2.pc'
[0.873s] Level 1:colcon.colcon_core.environment:checking '/home/mr-cheng/Desktop/Car/Car_Sim2Real/install/car_nav2/lib/python3.10/site-packages'
[0.873s] Level 1:colcon.colcon_core.environment:checking '/home/mr-cheng/Desktop/Car/Car_Sim2Real/install/car_nav2/bin'
[0.873s] INFO:colcon.colcon_core.shell:Creating package script '/home/mr-cheng/Desktop/Car/Car_Sim2Real/install/car_nav2/share/car_nav2/package.ps1'
[0.875s] INFO:colcon.colcon_core.shell:Creating package descriptor '/home/mr-cheng/Desktop/Car/Car_Sim2Real/install/car_nav2/share/car_nav2/package.dsv'
[0.876s] INFO:colcon.colcon_core.shell:Creating package script '/home/mr-cheng/Desktop/Car/Car_Sim2Real/install/car_nav2/share/car_nav2/package.sh'
[0.877s] INFO:colcon.colcon_core.shell:Creating package script '/home/mr-cheng/Desktop/Car/Car_Sim2Real/install/car_nav2/share/car_nav2/package.bash'
[0.878s] INFO:colcon.colcon_core.shell:Creating package script '/home/mr-cheng/Desktop/Car/Car_Sim2Real/install/car_nav2/share/car_nav2/package.zsh'
[0.879s] Level 1:colcon.colcon_core.environment:create_file_with_runtime_dependencies(/home/mr-cheng/Desktop/Car/Car_Sim2Real/install/car_nav2/share/colcon-core/packages/car_nav2)
[0.882s] Level 1:colcon.colcon_core.environment:create_environment_scripts_only(openslam_gmapping)
[0.882s] Level 1:colcon.colcon_core.environment:checking '/home/mr-cheng/Desktop/Car/Car_Sim2Real/install/openslam_gmapping' for CMake module files
[0.883s] Level 1:colcon.colcon_core.environment:checking '/home/mr-cheng/Desktop/Car/Car_Sim2Real/install/openslam_gmapping' for CMake config files
[0.886s] Level 1:colcon.colcon_core.shell:create_environment_hook('openslam_gmapping', 'cmake_prefix_path')
[0.886s] INFO:colcon.colcon_core.shell:Creating environment hook '/home/mr-cheng/Desktop/Car/Car_Sim2Real/install/openslam_gmapping/share/openslam_gmapping/hook/cmake_prefix_path.ps1'
[0.887s] INFO:colcon.colcon_core.shell:Creating environment descriptor '/home/mr-cheng/Desktop/Car/Car_Sim2Real/install/openslam_gmapping/share/openslam_gmapping/hook/cmake_prefix_path.dsv'
[0.887s] INFO:colcon.colcon_core.shell:Creating environment hook '/home/mr-cheng/Desktop/Car/Car_Sim2Real/install/openslam_gmapping/share/openslam_gmapping/hook/cmake_prefix_path.sh'
[0.888s] Level 1:colcon.colcon_core.environment:checking '/home/mr-cheng/Desktop/Car/Car_Sim2Real/install/openslam_gmapping/lib'
[0.889s] Level 1:colcon.colcon_core.environment:checking '/home/mr-cheng/Desktop/Car/Car_Sim2Real/install/openslam_gmapping/bin'
[0.889s] Level 1:colcon.colcon_core.environment:checking '/home/mr-cheng/Desktop/Car/Car_Sim2Real/install/openslam_gmapping/lib/pkgconfig/openslam_gmapping.pc'
[0.890s] Level 1:colcon.colcon_core.environment:checking '/home/mr-cheng/Desktop/Car/Car_Sim2Real/install/openslam_gmapping/lib/python3.10/site-packages'
[0.890s] Level 1:colcon.colcon_core.environment:checking '/home/mr-cheng/Desktop/Car/Car_Sim2Real/install/openslam_gmapping/bin'
[0.890s] INFO:colcon.colcon_core.shell:Creating package script '/home/mr-cheng/Desktop/Car/Car_Sim2Real/install/openslam_gmapping/share/openslam_gmapping/package.ps1'
[0.891s] INFO:colcon.colcon_core.shell:Creating package descriptor '/home/mr-cheng/Desktop/Car/Car_Sim2Real/install/openslam_gmapping/share/openslam_gmapping/package.dsv'
[0.893s] INFO:colcon.colcon_core.shell:Creating package script '/home/mr-cheng/Desktop/Car/Car_Sim2Real/install/openslam_gmapping/share/openslam_gmapping/package.sh'
[0.893s] DEBUG:colcon.colcon_core.event_handler.log_command:Invoked command in '/home/mr-cheng/Desktop/Car/Car_Sim2Real/build/openslam_gmapping' returned '0': CMAKE_PREFIX_PATH=${CMAKE_PREFIX_PATH}:/home/mr-cheng/Desktop/Car/Car_Sim2Real/install/robot_launch:/home/mr-cheng/Desktop/Car/Car_Sim2Real/install/robot_description:/opt/ros/humble /usr/bin/cmake --install /home/mr-cheng/Desktop/Car/Car_Sim2Real/build/openslam_gmapping
[0.894s] INFO:colcon.colcon_core.shell:Creating package script '/home/mr-cheng/Desktop/Car/Car_Sim2Real/install/openslam_gmapping/share/openslam_gmapping/package.bash'
[0.894s] INFO:colcon.colcon_core.shell:Creating package script '/home/mr-cheng/Desktop/Car/Car_Sim2Real/install/openslam_gmapping/share/openslam_gmapping/package.zsh'
[0.894s] Level 1:colcon.colcon_core.environment:create_file_with_runtime_dependencies(/home/mr-cheng/Desktop/Car/Car_Sim2Real/install/openslam_gmapping/share/colcon-core/packages/openslam_gmapping)
[0.895s] Level 1:colcon.colcon_core.environment:create_environment_scripts_only(robot_bringup)
[0.896s] Level 1:colcon.colcon_core.environment:checking '/home/mr-cheng/Desktop/Car/Car_Sim2Real/install/robot_bringup' for CMake module files
[0.897s] DEBUG:colcon.colcon_core.event_handler.log_command:Invoked command in '/home/mr-cheng/Desktop/Car/Car_Sim2Real/build/robot_bringup' returned '0': CMAKE_PREFIX_PATH=${CMAKE_PREFIX_PATH}:/home/mr-cheng/Desktop/Car/Car_Sim2Real/install/robot_launch:/home/mr-cheng/Desktop/Car/Car_Sim2Real/install/robot_description:/opt/ros/humble /usr/bin/cmake --install /home/mr-cheng/Desktop/Car/Car_Sim2Real/build/robot_bringup
[0.898s] Level 1:colcon.colcon_core.environment:checking '/home/mr-cheng/Desktop/Car/Car_Sim2Real/install/robot_bringup' for CMake config files
[0.898s] Level 1:colcon.colcon_core.shell:create_environment_hook('robot_bringup', 'cmake_prefix_path')
[0.898s] INFO:colcon.colcon_core.shell:Creating environment hook '/home/mr-cheng/Desktop/Car/Car_Sim2Real/install/robot_bringup/share/robot_bringup/hook/cmake_prefix_path.ps1'
[0.899s] INFO:colcon.colcon_core.shell:Creating environment descriptor '/home/mr-cheng/Desktop/Car/Car_Sim2Real/install/robot_bringup/share/robot_bringup/hook/cmake_prefix_path.dsv'
[0.900s] INFO:colcon.colcon_core.shell:Creating environment hook '/home/mr-cheng/Desktop/Car/Car_Sim2Real/install/robot_bringup/share/robot_bringup/hook/cmake_prefix_path.sh'
[0.900s] Level 1:colcon.colcon_core.environment:checking '/home/mr-cheng/Desktop/Car/Car_Sim2Real/install/robot_bringup/lib'
[0.900s] Level 1:colcon.colcon_core.environment:checking '/home/mr-cheng/Desktop/Car/Car_Sim2Real/install/robot_bringup/bin'
[0.900s] Level 1:colcon.colcon_core.environment:checking '/home/mr-cheng/Desktop/Car/Car_Sim2Real/install/robot_bringup/lib/pkgconfig/robot_bringup.pc'
[0.901s] Level 1:colcon.colcon_core.environment:checking '/home/mr-cheng/Desktop/Car/Car_Sim2Real/install/robot_bringup/lib/python3.10/site-packages'
[0.901s] Level 1:colcon.colcon_core.environment:checking '/home/mr-cheng/Desktop/Car/Car_Sim2Real/install/robot_bringup/bin'
[0.902s] INFO:colcon.colcon_core.shell:Creating package script '/home/mr-cheng/Desktop/Car/Car_Sim2Real/install/robot_bringup/share/robot_bringup/package.ps1'
[0.903s] INFO:colcon.colcon_core.shell:Creating package descriptor '/home/mr-cheng/Desktop/Car/Car_Sim2Real/install/robot_bringup/share/robot_bringup/package.dsv'
[0.904s] INFO:colcon.colcon_core.shell:Creating package script '/home/mr-cheng/Desktop/Car/Car_Sim2Real/install/robot_bringup/share/robot_bringup/package.sh'
[0.904s] INFO:colcon.colcon_core.shell:Creating package script '/home/mr-cheng/Desktop/Car/Car_Sim2Real/install/robot_bringup/share/robot_bringup/package.bash'
[0.905s] INFO:colcon.colcon_core.shell:Creating package script '/home/mr-cheng/Desktop/Car/Car_Sim2Real/install/robot_bringup/share/robot_bringup/package.zsh'
[0.905s] Level 1:colcon.colcon_core.environment:create_file_with_runtime_dependencies(/home/mr-cheng/Desktop/Car/Car_Sim2Real/install/robot_bringup/share/colcon-core/packages/robot_bringup)
[0.908s] Level 1:colcon.colcon_core.environment:create_environment_scripts_only(car_nav2)
[0.908s] Level 1:colcon.colcon_core.environment:checking '/home/mr-cheng/Desktop/Car/Car_Sim2Real/install/car_nav2' for CMake module files
[0.909s] Level 1:colcon.colcon_core.environment:checking '/home/mr-cheng/Desktop/Car/Car_Sim2Real/install/car_nav2' for CMake config files
[0.909s] Level 1:colcon.colcon_core.shell:create_environment_hook('car_nav2', 'cmake_prefix_path')
[0.910s] INFO:colcon.colcon_core.shell:Creating environment hook '/home/mr-cheng/Desktop/Car/Car_Sim2Real/install/car_nav2/share/car_nav2/hook/cmake_prefix_path.ps1'
[0.910s] INFO:colcon.colcon_core.shell:Creating environment descriptor '/home/mr-cheng/Desktop/Car/Car_Sim2Real/install/car_nav2/share/car_nav2/hook/cmake_prefix_path.dsv'
[0.910s] INFO:colcon.colcon_core.shell:Creating environment hook '/home/mr-cheng/Desktop/Car/Car_Sim2Real/install/car_nav2/share/car_nav2/hook/cmake_prefix_path.sh'
[0.911s] Level 1:colcon.colcon_core.environment:checking '/home/mr-cheng/Desktop/Car/Car_Sim2Real/install/car_nav2/bin'
[0.911s] Level 1:colcon.colcon_core.environment:checking '/home/mr-cheng/Desktop/Car/Car_Sim2Real/install/car_nav2/lib/pkgconfig/car_nav2.pc'
[0.912s] Level 1:colcon.colcon_core.environment:checking '/home/mr-cheng/Desktop/Car/Car_Sim2Real/install/car_nav2/lib/python3.10/site-packages'
[0.912s] Level 1:colcon.colcon_core.environment:checking '/home/mr-cheng/Desktop/Car/Car_Sim2Real/install/car_nav2/bin'
[0.913s] INFO:colcon.colcon_core.shell:Creating package script '/home/mr-cheng/Desktop/Car/Car_Sim2Real/install/car_nav2/share/car_nav2/package.ps1'
[0.913s] INFO:colcon.colcon_core.shell:Creating package descriptor '/home/mr-cheng/Desktop/Car/Car_Sim2Real/install/car_nav2/share/car_nav2/package.dsv'
[0.914s] INFO:colcon.colcon_core.shell:Creating package script '/home/mr-cheng/Desktop/Car/Car_Sim2Real/install/car_nav2/share/car_nav2/package.sh'
[0.914s] INFO:colcon.colcon_core.shell:Creating package script '/home/mr-cheng/Desktop/Car/Car_Sim2Real/install/car_nav2/share/car_nav2/package.bash'
[0.915s] INFO:colcon.colcon_core.shell:Creating package script '/home/mr-cheng/Desktop/Car/Car_Sim2Real/install/car_nav2/share/car_nav2/package.zsh'
[0.916s] Level 1:colcon.colcon_core.environment:create_file_with_runtime_dependencies(/home/mr-cheng/Desktop/Car/Car_Sim2Real/install/car_nav2/share/colcon-core/packages/car_nav2)
[0.920s] Level 1:colcon.colcon_core.environment:create_environment_scripts_only(openslam_gmapping)
[0.921s] Level 1:colcon.colcon_core.environment:checking '/home/mr-cheng/Desktop/Car/Car_Sim2Real/install/openslam_gmapping' for CMake module files
[0.921s] Level 1:colcon.colcon_core.environment:checking '/home/mr-cheng/Desktop/Car/Car_Sim2Real/install/openslam_gmapping' for CMake config files
[0.921s] Level 1:colcon.colcon_core.shell:create_environment_hook('openslam_gmapping', 'cmake_prefix_path')
[0.922s] INFO:colcon.colcon_core.shell:Creating environment hook '/home/mr-cheng/Desktop/Car/Car_Sim2Real/install/openslam_gmapping/share/openslam_gmapping/hook/cmake_prefix_path.ps1'
[0.922s] INFO:colcon.colcon_core.shell:Creating environment descriptor '/home/mr-cheng/Desktop/Car/Car_Sim2Real/install/openslam_gmapping/share/openslam_gmapping/hook/cmake_prefix_path.dsv'
[0.922s] INFO:colcon.colcon_core.shell:Creating environment hook '/home/mr-cheng/Desktop/Car/Car_Sim2Real/install/openslam_gmapping/share/openslam_gmapping/hook/cmake_prefix_path.sh'
[0.923s] Level 1:colcon.colcon_core.environment:checking '/home/mr-cheng/Desktop/Car/Car_Sim2Real/install/openslam_gmapping/lib'
[0.923s] Level 1:colcon.colcon_core.environment:checking '/home/mr-cheng/Desktop/Car/Car_Sim2Real/install/openslam_gmapping/bin'
[0.923s] Level 1:colcon.colcon_core.environment:checking '/home/mr-cheng/Desktop/Car/Car_Sim2Real/install/openslam_gmapping/lib/pkgconfig/openslam_gmapping.pc'
[0.923s] Level 1:colcon.colcon_core.environment:checking '/home/mr-cheng/Desktop/Car/Car_Sim2Real/install/openslam_gmapping/lib/python3.10/site-packages'
[0.923s] Level 1:colcon.colcon_core.environment:checking '/home/mr-cheng/Desktop/Car/Car_Sim2Real/install/openslam_gmapping/bin'
[0.924s] INFO:colcon.colcon_core.shell:Creating package script '/home/mr-cheng/Desktop/Car/Car_Sim2Real/install/openslam_gmapping/share/openslam_gmapping/package.ps1'
[0.925s] INFO:colcon.colcon_core.shell:Creating package descriptor '/home/mr-cheng/Desktop/Car/Car_Sim2Real/install/openslam_gmapping/share/openslam_gmapping/package.dsv'
[0.925s] INFO:colcon.colcon_core.shell:Creating package script '/home/mr-cheng/Desktop/Car/Car_Sim2Real/install/openslam_gmapping/share/openslam_gmapping/package.sh'
[0.925s] INFO:colcon.colcon_core.shell:Creating package script '/home/mr-cheng/Desktop/Car/Car_Sim2Real/install/openslam_gmapping/share/openslam_gmapping/package.bash'
[0.926s] INFO:colcon.colcon_core.shell:Creating package script '/home/mr-cheng/Desktop/Car/Car_Sim2Real/install/openslam_gmapping/share/openslam_gmapping/package.zsh'
[0.926s] Level 1:colcon.colcon_core.environment:create_file_with_runtime_dependencies(/home/mr-cheng/Desktop/Car/Car_Sim2Real/install/openslam_gmapping/share/colcon-core/packages/openslam_gmapping)
[0.927s] INFO:colcon.colcon_ros.task.ament_cmake.build:Building ROS package in '/home/mr-cheng/Desktop/Car/Car_Sim2Real/src/slam_gmapping/slam_gmapping' with build type 'ament_cmake'
[0.927s] INFO:colcon.colcon_cmake.task.cmake.build:Building CMake package in '/home/mr-cheng/Desktop/Car/Car_Sim2Real/src/slam_gmapping/slam_gmapping'
[0.927s] INFO:colcon.colcon_core.shell:Skip shell extension 'powershell' for command environment: Not usable outside of PowerShell
[0.927s] DEBUG:colcon.colcon_core.shell:Skip shell extension 'dsv' for command environment
[0.933s] Level 1:colcon.colcon_core.environment:create_environment_scripts_only(robot_bringup)
[0.933s] Level 1:colcon.colcon_core.environment:checking '/home/mr-cheng/Desktop/Car/Car_Sim2Real/install/robot_bringup' for CMake module files
[0.933s] Level 1:colcon.colcon_core.environment:checking '/home/mr-cheng/Desktop/Car/Car_Sim2Real/install/robot_bringup' for CMake config files
[0.934s] Level 1:colcon.colcon_core.shell:create_environment_hook('robot_bringup', 'cmake_prefix_path')
[0.934s] INFO:colcon.colcon_core.shell:Creating environment hook '/home/mr-cheng/Desktop/Car/Car_Sim2Real/install/robot_bringup/share/robot_bringup/hook/cmake_prefix_path.ps1'
[0.934s] INFO:colcon.colcon_core.shell:Creating environment descriptor '/home/mr-cheng/Desktop/Car/Car_Sim2Real/install/robot_bringup/share/robot_bringup/hook/cmake_prefix_path.dsv'
[0.934s] INFO:colcon.colcon_core.shell:Creating environment hook '/home/mr-cheng/Desktop/Car/Car_Sim2Real/install/robot_bringup/share/robot_bringup/hook/cmake_prefix_path.sh'
[0.935s] Level 1:colcon.colcon_core.environment:checking '/home/mr-cheng/Desktop/Car/Car_Sim2Real/install/robot_bringup/lib'
[0.935s] Level 1:colcon.colcon_core.environment:checking '/home/mr-cheng/Desktop/Car/Car_Sim2Real/install/robot_bringup/bin'
[0.935s] Level 1:colcon.colcon_core.environment:checking '/home/mr-cheng/Desktop/Car/Car_Sim2Real/install/robot_bringup/lib/pkgconfig/robot_bringup.pc'
[0.935s] Level 1:colcon.colcon_core.environment:checking '/home/mr-cheng/Desktop/Car/Car_Sim2Real/install/robot_bringup/lib/python3.10/site-packages'
[0.936s] Level 1:colcon.colcon_core.environment:checking '/home/mr-cheng/Desktop/Car/Car_Sim2Real/install/robot_bringup/bin'
[0.936s] INFO:colcon.colcon_core.shell:Creating package script '/home/mr-cheng/Desktop/Car/Car_Sim2Real/install/robot_bringup/share/robot_bringup/package.ps1'
[0.936s] INFO:colcon.colcon_core.shell:Creating package descriptor '/home/mr-cheng/Desktop/Car/Car_Sim2Real/install/robot_bringup/share/robot_bringup/package.dsv'
[0.937s] INFO:colcon.colcon_core.shell:Creating package script '/home/mr-cheng/Desktop/Car/Car_Sim2Real/install/robot_bringup/share/robot_bringup/package.sh'
[0.937s] INFO:colcon.colcon_core.shell:Creating package script '/home/mr-cheng/Desktop/Car/Car_Sim2Real/install/robot_bringup/share/robot_bringup/package.bash'
[0.937s] INFO:colcon.colcon_core.shell:Creating package script '/home/mr-cheng/Desktop/Car/Car_Sim2Real/install/robot_bringup/share/robot_bringup/package.zsh'
[0.938s] Level 1:colcon.colcon_core.environment:create_file_with_runtime_dependencies(/home/mr-cheng/Desktop/Car/Car_Sim2Real/install/robot_bringup/share/colcon-core/packages/robot_bringup)
[0.941s] DEBUG:colcon.colcon_core.event_handler.log_command:Invoking command in '/home/mr-cheng/Desktop/Car/Car_Sim2Real/build/slam_gmapping': CMAKE_PREFIX_PATH=/home/mr-cheng/Desktop/Car/Car_Sim2Real/install/openslam_gmapping:/home/mr-cheng/Desktop/Car/Car_Sim2Real/install/slam_gmapping:/home/mr-cheng/Desktop/Car/Car_Sim2Real/install/robot_bringup:/home/mr-cheng/Desktop/Car/Car_Sim2Real/install/car_nav2:/home/mr-cheng/Bag/fastdds/install/fastrtps:/home/mr-cheng/Bag/fastdds/install/foonathan_memory_vendor:/home/mr-cheng/Bag/fastdds/install/fastcdr:/home/mr-cheng/Desktop/Car/Car_Sim2Real/install/robot_launch:/home/mr-cheng/Desktop/Car/Car_Sim2Real/install/robot_description:/opt/ros/humble /usr/bin/cmake --build /home/mr-cheng/Desktop/Car/Car_Sim2Real/build/slam_gmapping -- -j16 -l16
[1.014s] DEBUG:colcon.colcon_core.event_handler.log_command:Invoked command in '/home/mr-cheng/Desktop/Car/Car_Sim2Real/build/slam_gmapping' returned '0': CMAKE_PREFIX_PATH=/home/mr-cheng/Desktop/Car/Car_Sim2Real/install/openslam_gmapping:/home/mr-cheng/Desktop/Car/Car_Sim2Real/install/slam_gmapping:/home/mr-cheng/Desktop/Car/Car_Sim2Real/install/robot_bringup:/home/mr-cheng/Desktop/Car/Car_Sim2Real/install/car_nav2:/home/mr-cheng/Bag/fastdds/install/fastrtps:/home/mr-cheng/Bag/fastdds/install/foonathan_memory_vendor:/home/mr-cheng/Bag/fastdds/install/fastcdr:/home/mr-cheng/Desktop/Car/Car_Sim2Real/install/robot_launch:/home/mr-cheng/Desktop/Car/Car_Sim2Real/install/robot_description:/opt/ros/humble /usr/bin/cmake --build /home/mr-cheng/Desktop/Car/Car_Sim2Real/build/slam_gmapping -- -j16 -l16
[1.039s] DEBUG:colcon.colcon_core.event_handler.log_command:Invoking command in '/home/mr-cheng/Desktop/Car/Car_Sim2Real/build/slam_gmapping': CMAKE_PREFIX_PATH=/home/mr-cheng/Desktop/Car/Car_Sim2Real/install/openslam_gmapping:/home/mr-cheng/Desktop/Car/Car_Sim2Real/install/slam_gmapping:/home/mr-cheng/Desktop/Car/Car_Sim2Real/install/robot_bringup:/home/mr-cheng/Desktop/Car/Car_Sim2Real/install/car_nav2:/home/mr-cheng/Bag/fastdds/install/fastrtps:/home/mr-cheng/Bag/fastdds/install/foonathan_memory_vendor:/home/mr-cheng/Bag/fastdds/install/fastcdr:/home/mr-cheng/Desktop/Car/Car_Sim2Real/install/robot_launch:/home/mr-cheng/Desktop/Car/Car_Sim2Real/install/robot_description:/opt/ros/humble /usr/bin/cmake --install /home/mr-cheng/Desktop/Car/Car_Sim2Real/build/slam_gmapping
[1.055s] Level 1:colcon.colcon_core.environment:create_environment_scripts_only(slam_gmapping)
[1.055s] Level 1:colcon.colcon_core.environment:checking '/home/mr-cheng/Desktop/Car/Car_Sim2Real/install/slam_gmapping' for CMake module files
[1.056s] DEBUG:colcon.colcon_core.event_handler.log_command:Invoked command in '/home/mr-cheng/Desktop/Car/Car_Sim2Real/build/slam_gmapping' returned '0': CMAKE_PREFIX_PATH=/home/mr-cheng/Desktop/Car/Car_Sim2Real/install/openslam_gmapping:/home/mr-cheng/Desktop/Car/Car_Sim2Real/install/slam_gmapping:/home/mr-cheng/Desktop/Car/Car_Sim2Real/install/robot_bringup:/home/mr-cheng/Desktop/Car/Car_Sim2Real/install/car_nav2:/home/mr-cheng/Bag/fastdds/install/fastrtps:/home/mr-cheng/Bag/fastdds/install/foonathan_memory_vendor:/home/mr-cheng/Bag/fastdds/install/fastcdr:/home/mr-cheng/Desktop/Car/Car_Sim2Real/install/robot_launch:/home/mr-cheng/Desktop/Car/Car_Sim2Real/install/robot_description:/opt/ros/humble /usr/bin/cmake --install /home/mr-cheng/Desktop/Car/Car_Sim2Real/build/slam_gmapping
[1.056s] Level 1:colcon.colcon_core.environment:checking '/home/mr-cheng/Desktop/Car/Car_Sim2Real/install/slam_gmapping' for CMake config files
[1.057s] Level 1:colcon.colcon_core.shell:create_environment_hook('slam_gmapping', 'cmake_prefix_path')
[1.057s] INFO:colcon.colcon_core.shell:Creating environment hook '/home/mr-cheng/Desktop/Car/Car_Sim2Real/install/slam_gmapping/share/slam_gmapping/hook/cmake_prefix_path.ps1'
[1.058s] INFO:colcon.colcon_core.shell:Creating environment descriptor '/home/mr-cheng/Desktop/Car/Car_Sim2Real/install/slam_gmapping/share/slam_gmapping/hook/cmake_prefix_path.dsv'
[1.058s] INFO:colcon.colcon_core.shell:Creating environment hook '/home/mr-cheng/Desktop/Car/Car_Sim2Real/install/slam_gmapping/share/slam_gmapping/hook/cmake_prefix_path.sh'
[1.059s] Level 1:colcon.colcon_core.environment:checking '/home/mr-cheng/Desktop/Car/Car_Sim2Real/install/slam_gmapping/lib'
[1.059s] Level 1:colcon.colcon_core.environment:checking '/home/mr-cheng/Desktop/Car/Car_Sim2Real/install/slam_gmapping/bin'
[1.059s] Level 1:colcon.colcon_core.environment:checking '/home/mr-cheng/Desktop/Car/Car_Sim2Real/install/slam_gmapping/lib/pkgconfig/slam_gmapping.pc'
[1.060s] Level 1:colcon.colcon_core.environment:checking '/home/mr-cheng/Desktop/Car/Car_Sim2Real/install/slam_gmapping/lib/python3.10/site-packages'
[1.060s] Level 1:colcon.colcon_core.environment:checking '/home/mr-cheng/Desktop/Car/Car_Sim2Real/install/slam_gmapping/bin'
[1.060s] INFO:colcon.colcon_core.shell:Creating package script '/home/mr-cheng/Desktop/Car/Car_Sim2Real/install/slam_gmapping/share/slam_gmapping/package.ps1'
[1.061s] INFO:colcon.colcon_core.shell:Creating package descriptor '/home/mr-cheng/Desktop/Car/Car_Sim2Real/install/slam_gmapping/share/slam_gmapping/package.dsv'
[1.062s] INFO:colcon.colcon_core.shell:Creating package script '/home/mr-cheng/Desktop/Car/Car_Sim2Real/install/slam_gmapping/share/slam_gmapping/package.sh'
[1.063s] INFO:colcon.colcon_core.shell:Creating package script '/home/mr-cheng/Desktop/Car/Car_Sim2Real/install/slam_gmapping/share/slam_gmapping/package.bash'
[1.063s] INFO:colcon.colcon_core.shell:Creating package script '/home/mr-cheng/Desktop/Car/Car_Sim2Real/install/slam_gmapping/share/slam_gmapping/package.zsh'
[1.064s] Level 1:colcon.colcon_core.environment:create_file_with_runtime_dependencies(/home/mr-cheng/Desktop/Car/Car_Sim2Real/install/slam_gmapping/share/colcon-core/packages/slam_gmapping)
[1.094s] Level 1:colcon.colcon_core.environment:create_environment_scripts_only(slam_gmapping)
[1.094s] Level 1:colcon.colcon_core.environment:checking '/home/mr-cheng/Desktop/Car/Car_Sim2Real/install/slam_gmapping' for CMake module files
[1.095s] Level 1:colcon.colcon_core.environment:checking '/home/mr-cheng/Desktop/Car/Car_Sim2Real/install/slam_gmapping' for CMake config files
[1.095s] Level 1:colcon.colcon_core.shell:create_environment_hook('slam_gmapping', 'cmake_prefix_path')
[1.096s] INFO:colcon.colcon_core.shell:Creating environment hook '/home/mr-cheng/Desktop/Car/Car_Sim2Real/install/slam_gmapping/share/slam_gmapping/hook/cmake_prefix_path.ps1'
[1.096s] INFO:colcon.colcon_core.shell:Creating environment descriptor '/home/mr-cheng/Desktop/Car/Car_Sim2Real/install/slam_gmapping/share/slam_gmapping/hook/cmake_prefix_path.dsv'
[1.096s] INFO:colcon.colcon_core.shell:Creating environment hook '/home/mr-cheng/Desktop/Car/Car_Sim2Real/install/slam_gmapping/share/slam_gmapping/hook/cmake_prefix_path.sh'
[1.097s] Level 1:colcon.colcon_core.environment:checking '/home/mr-cheng/Desktop/Car/Car_Sim2Real/install/slam_gmapping/lib'
[1.097s] Level 1:colcon.colcon_core.environment:checking '/home/mr-cheng/Desktop/Car/Car_Sim2Real/install/slam_gmapping/bin'
[1.097s] Level 1:colcon.colcon_core.environment:checking '/home/mr-cheng/Desktop/Car/Car_Sim2Real/install/slam_gmapping/lib/pkgconfig/slam_gmapping.pc'
[1.098s] Level 1:colcon.colcon_core.environment:checking '/home/mr-cheng/Desktop/Car/Car_Sim2Real/install/slam_gmapping/lib/python3.10/site-packages'
[1.098s] Level 1:colcon.colcon_core.environment:checking '/home/mr-cheng/Desktop/Car/Car_Sim2Real/install/slam_gmapping/bin'
[1.099s] INFO:colcon.colcon_core.shell:Creating package script '/home/mr-cheng/Desktop/Car/Car_Sim2Real/install/slam_gmapping/share/slam_gmapping/package.ps1'
[1.099s] INFO:colcon.colcon_core.shell:Creating package descriptor '/home/mr-cheng/Desktop/Car/Car_Sim2Real/install/slam_gmapping/share/slam_gmapping/package.dsv'
[1.100s] INFO:colcon.colcon_core.shell:Creating package script '/home/mr-cheng/Desktop/Car/Car_Sim2Real/install/slam_gmapping/share/slam_gmapping/package.sh'
[1.100s] INFO:colcon.colcon_core.shell:Creating package script '/home/mr-cheng/Desktop/Car/Car_Sim2Real/install/slam_gmapping/share/slam_gmapping/package.bash'
[1.100s] INFO:colcon.colcon_core.shell:Creating package script '/home/mr-cheng/Desktop/Car/Car_Sim2Real/install/slam_gmapping/share/slam_gmapping/package.zsh'
[1.101s] Level 1:colcon.colcon_core.environment:create_file_with_runtime_dependencies(/home/mr-cheng/Desktop/Car/Car_Sim2Real/install/slam_gmapping/share/colcon-core/packages/slam_gmapping)
[1.529s] DEBUG:colcon.colcon_core.event_handler.log_command:Invoking command in '/home/mr-cheng/Desktop/Car/Car_Sim2Real/src/robot_launch': PYTHONPATH=/home/mr-cheng/Desktop/Car/Car_Sim2Real/build/robot_launch/prefix_override:/home/mr-cheng/Desktop/Car/Car_Sim2Real/install/robot_launch/lib/python3.10/site-packages:${PYTHONPATH} /usr/bin/python3 -W ignore:setup.py install is deprecated setup.py egg_info --egg-base ../../build/robot_launch build --build-base /home/mr-cheng/Desktop/Car/Car_Sim2Real/build/robot_launch/build install --record /home/mr-cheng/Desktop/Car/Car_Sim2Real/build/robot_launch/install.log --single-version-externally-managed install_data
[1.579s] DEBUG:colcon.colcon_core.event_handler.log_command:Invoking command in '/home/mr-cheng/Desktop/Car/Car_Sim2Real/src/robot_description': PYTHONPATH=/home/mr-cheng/Desktop/Car/Car_Sim2Real/build/robot_description/prefix_override:/home/mr-cheng/Desktop/Car/Car_Sim2Real/install/robot_description/lib/python3.10/site-packages:${PYTHONPATH} /usr/bin/python3 -W ignore:setup.py install is deprecated setup.py egg_info --egg-base ../../build/robot_description build --build-base /home/mr-cheng/Desktop/Car/Car_Sim2Real/build/robot_description/build install --record /home/mr-cheng/Desktop/Car/Car_Sim2Real/build/robot_description/install.log --single-version-externally-managed install_data
[2.153s] Level 1:colcon.colcon_core.environment:checking '/home/mr-cheng/Desktop/Car/Car_Sim2Real/install/robot_launch' for CMake module files
[2.154s] DEBUG:colcon.colcon_core.event_handler.log_command:Invoked command in '/home/mr-cheng/Desktop/Car/Car_Sim2Real/src/robot_launch' returned '0': PYTHONPATH=/home/mr-cheng/Desktop/Car/Car_Sim2Real/build/robot_launch/prefix_override:/home/mr-cheng/Desktop/Car/Car_Sim2Real/install/robot_launch/lib/python3.10/site-packages:${PYTHONPATH} /usr/bin/python3 -W ignore:setup.py install is deprecated setup.py egg_info --egg-base ../../build/robot_launch build --build-base /home/mr-cheng/Desktop/Car/Car_Sim2Real/build/robot_launch/build install --record /home/mr-cheng/Desktop/Car/Car_Sim2Real/build/robot_launch/install.log --single-version-externally-managed install_data
[2.154s] Level 1:colcon.colcon_core.environment:checking '/home/mr-cheng/Desktop/Car/Car_Sim2Real/install/robot_launch' for CMake config files
[2.155s] Level 1:colcon.colcon_core.environment:checking '/home/mr-cheng/Desktop/Car/Car_Sim2Real/install/robot_launch/lib'
[2.155s] Level 1:colcon.colcon_core.environment:checking '/home/mr-cheng/Desktop/Car/Car_Sim2Real/install/robot_launch/bin'
[2.155s] Level 1:colcon.colcon_core.environment:checking '/home/mr-cheng/Desktop/Car/Car_Sim2Real/install/robot_launch/lib/pkgconfig/robot_launch.pc'
[2.155s] Level 1:colcon.colcon_core.environment:checking '/home/mr-cheng/Desktop/Car/Car_Sim2Real/install/robot_launch/lib/python3.10/site-packages'
[2.155s] Level 1:colcon.colcon_core.shell:create_environment_hook('robot_launch', 'pythonpath')
[2.156s] INFO:colcon.colcon_core.shell:Creating environment hook '/home/mr-cheng/Desktop/Car/Car_Sim2Real/install/robot_launch/share/robot_launch/hook/pythonpath.ps1'
[2.156s] INFO:colcon.colcon_core.shell:Creating environment descriptor '/home/mr-cheng/Desktop/Car/Car_Sim2Real/install/robot_launch/share/robot_launch/hook/pythonpath.dsv'
[2.157s] INFO:colcon.colcon_core.shell:Creating environment hook '/home/mr-cheng/Desktop/Car/Car_Sim2Real/install/robot_launch/share/robot_launch/hook/pythonpath.sh'
[2.157s] Level 1:colcon.colcon_core.environment:checking '/home/mr-cheng/Desktop/Car/Car_Sim2Real/install/robot_launch/bin'
[2.158s] Level 1:colcon.colcon_core.environment:create_environment_scripts_only(robot_launch)
[2.158s] INFO:colcon.colcon_core.shell:Creating package script '/home/mr-cheng/Desktop/Car/Car_Sim2Real/install/robot_launch/share/robot_launch/package.ps1'
[2.158s] INFO:colcon.colcon_core.shell:Creating package descriptor '/home/mr-cheng/Desktop/Car/Car_Sim2Real/install/robot_launch/share/robot_launch/package.dsv'
[2.159s] INFO:colcon.colcon_core.shell:Creating package script '/home/mr-cheng/Desktop/Car/Car_Sim2Real/install/robot_launch/share/robot_launch/package.sh'
[2.159s] INFO:colcon.colcon_core.shell:Creating package script '/home/mr-cheng/Desktop/Car/Car_Sim2Real/install/robot_launch/share/robot_launch/package.bash'
[2.160s] INFO:colcon.colcon_core.shell:Creating package script '/home/mr-cheng/Desktop/Car/Car_Sim2Real/install/robot_launch/share/robot_launch/package.zsh'
[2.160s] Level 1:colcon.colcon_core.environment:create_file_with_runtime_dependencies(/home/mr-cheng/Desktop/Car/Car_Sim2Real/install/robot_launch/share/colcon-core/packages/robot_launch)
[2.180s] Level 1:colcon.colcon_core.environment:checking '/home/mr-cheng/Desktop/Car/Car_Sim2Real/install/robot_description' for CMake module files
[2.181s] DEBUG:colcon.colcon_core.event_handler.log_command:Invoked command in '/home/mr-cheng/Desktop/Car/Car_Sim2Real/src/robot_description' returned '0': PYTHONPATH=/home/mr-cheng/Desktop/Car/Car_Sim2Real/build/robot_description/prefix_override:/home/mr-cheng/Desktop/Car/Car_Sim2Real/install/robot_description/lib/python3.10/site-packages:${PYTHONPATH} /usr/bin/python3 -W ignore:setup.py install is deprecated setup.py egg_info --egg-base ../../build/robot_description build --build-base /home/mr-cheng/Desktop/Car/Car_Sim2Real/build/robot_description/build install --record /home/mr-cheng/Desktop/Car/Car_Sim2Real/build/robot_description/install.log --single-version-externally-managed install_data
[2.181s] Level 1:colcon.colcon_core.environment:checking '/home/mr-cheng/Desktop/Car/Car_Sim2Real/install/robot_description' for CMake config files
[2.182s] Level 1:colcon.colcon_core.environment:checking '/home/mr-cheng/Desktop/Car/Car_Sim2Real/install/robot_description/lib'
[2.182s] Level 1:colcon.colcon_core.environment:checking '/home/mr-cheng/Desktop/Car/Car_Sim2Real/install/robot_description/bin'
[2.183s] Level 1:colcon.colcon_core.environment:checking '/home/mr-cheng/Desktop/Car/Car_Sim2Real/install/robot_description/lib/pkgconfig/robot_description.pc'
[2.183s] Level 1:colcon.colcon_core.environment:checking '/home/mr-cheng/Desktop/Car/Car_Sim2Real/install/robot_description/lib/python3.10/site-packages'
[2.183s] Level 1:colcon.colcon_core.shell:create_environment_hook('robot_description', 'pythonpath')
[2.183s] INFO:colcon.colcon_core.shell:Creating environment hook '/home/mr-cheng/Desktop/Car/Car_Sim2Real/install/robot_description/share/robot_description/hook/pythonpath.ps1'
[2.184s] INFO:colcon.colcon_core.shell:Creating environment descriptor '/home/mr-cheng/Desktop/Car/Car_Sim2Real/install/robot_description/share/robot_description/hook/pythonpath.dsv'
[2.184s] INFO:colcon.colcon_core.shell:Creating environment hook '/home/mr-cheng/Desktop/Car/Car_Sim2Real/install/robot_description/share/robot_description/hook/pythonpath.sh'
[2.185s] Level 1:colcon.colcon_core.environment:checking '/home/mr-cheng/Desktop/Car/Car_Sim2Real/install/robot_description/bin'
[2.185s] Level 1:colcon.colcon_core.environment:create_environment_scripts_only(robot_description)
[2.185s] INFO:colcon.colcon_core.shell:Creating package script '/home/mr-cheng/Desktop/Car/Car_Sim2Real/install/robot_description/share/robot_description/package.ps1'
[2.186s] INFO:colcon.colcon_core.shell:Creating package descriptor '/home/mr-cheng/Desktop/Car/Car_Sim2Real/install/robot_description/share/robot_description/package.dsv'
[2.186s] INFO:colcon.colcon_core.shell:Creating package script '/home/mr-cheng/Desktop/Car/Car_Sim2Real/install/robot_description/share/robot_description/package.sh'
[2.187s] INFO:colcon.colcon_core.shell:Creating package script '/home/mr-cheng/Desktop/Car/Car_Sim2Real/install/robot_description/share/robot_description/package.bash'
[2.187s] INFO:colcon.colcon_core.shell:Creating package script '/home/mr-cheng/Desktop/Car/Car_Sim2Real/install/robot_description/share/robot_description/package.zsh'
[2.187s] Level 1:colcon.colcon_core.environment:create_file_with_runtime_dependencies(/home/mr-cheng/Desktop/Car/Car_Sim2Real/install/robot_description/share/colcon-core/packages/robot_description)
[2.187s] DEBUG:colcon.colcon_parallel_executor.executor.parallel:closing loop
[2.188s] DEBUG:colcon.colcon_parallel_executor.executor.parallel:loop closed
[2.188s] DEBUG:colcon.colcon_parallel_executor.executor.parallel:run_until_complete finished with '0'
[2.188s] DEBUG:colcon.colcon_core.event_reactor:joining thread
[2.194s] INFO:colcon.colcon_core.plugin_system:Skipping extension 'colcon_notification.desktop_notification.terminal_notifier': Not used on non-Darwin systems
[2.194s] INFO:colcon.colcon_core.plugin_system:Skipping extension 'colcon_notification.desktop_notification.win32': Not used on non-Windows systems
[2.194s] INFO:colcon.colcon_notification.desktop_notification:Sending desktop notification using 'notify2'
[2.210s] DEBUG:colcon.colcon_core.event_reactor:joined thread
[2.210s] INFO:colcon.colcon_core.shell:Creating prefix script '/home/mr-cheng/Desktop/Car/Car_Sim2Real/install/local_setup.ps1'
[2.212s] INFO:colcon.colcon_core.shell:Creating prefix util module '/home/mr-cheng/Desktop/Car/Car_Sim2Real/install/_local_setup_util_ps1.py'
[2.213s] INFO:colcon.colcon_core.shell:Creating prefix chain script '/home/mr-cheng/Desktop/Car/Car_Sim2Real/install/setup.ps1'
[2.215s] INFO:colcon.colcon_core.shell:Creating prefix script '/home/mr-cheng/Desktop/Car/Car_Sim2Real/install/local_setup.sh'
[2.215s] INFO:colcon.colcon_core.shell:Creating prefix util module '/home/mr-cheng/Desktop/Car/Car_Sim2Real/install/_local_setup_util_sh.py'
[2.216s] INFO:colcon.colcon_core.shell:Creating prefix chain script '/home/mr-cheng/Desktop/Car/Car_Sim2Real/install/setup.sh'
[2.217s] INFO:colcon.colcon_core.shell:Creating prefix script '/home/mr-cheng/Desktop/Car/Car_Sim2Real/install/local_setup.bash'
[2.218s] INFO:colcon.colcon_core.shell:Creating prefix chain script '/home/mr-cheng/Desktop/Car/Car_Sim2Real/install/setup.bash'
[2.219s] INFO:colcon.colcon_core.shell:Creating prefix script '/home/mr-cheng/Desktop/Car/Car_Sim2Real/install/local_setup.zsh'
[2.219s] INFO:colcon.colcon_core.shell:Creating prefix chain script '/home/mr-cheng/Desktop/Car/Car_Sim2Real/install/setup.zsh'
