[35m[1mConsolidate compiler generated dependencies of target robot_bringup[0m
[ 50%] [32mBuilding CXX object CMakeFiles/robot_bringup.dir/src/robot_bringup.cpp.o[0m
[100%] [32m[1mLinking CXX executable robot_bringup[0m
[100%] Built target robot_bringup
-- Install configuration: ""
-- Installing: /home/mr-cheng/Desktop/Car/Car_Sim2Real/install/robot_bringup/lib/robot_bringup/robot_bringup
-- Set runtime path of "/home/mr-cheng/Desktop/Car/Car_Sim2Real/install/robot_bringup/lib/robot_bringup/robot_bringup" to ""
-- Up-to-date: /home/mr-cheng/Desktop/Car/Car_Sim2Real/install/robot_bringup/share/ament_index/resource_index/package_run_dependencies/robot_bringup
-- Up-to-date: /home/mr-cheng/Desktop/Car/Car_Sim2Real/install/robot_bringup/share/ament_index/resource_index/parent_prefix_path/robot_bringup
-- Up-to-date: /home/mr-cheng/Desktop/Car/Car_Sim2Real/install/robot_bringup/share/robot_bringup/environment/ament_prefix_path.sh
-- Up-to-date: /home/mr-cheng/Desktop/Car/Car_Sim2Real/install/robot_bringup/share/robot_bringup/environment/ament_prefix_path.dsv
-- Up-to-date: /home/mr-cheng/Desktop/Car/Car_Sim2Real/install/robot_bringup/share/robot_bringup/environment/path.sh
-- Up-to-date: /home/mr-cheng/Desktop/Car/Car_Sim2Real/install/robot_bringup/share/robot_bringup/environment/path.dsv
-- Up-to-date: /home/mr-cheng/Desktop/Car/Car_Sim2Real/install/robot_bringup/share/robot_bringup/local_setup.bash
-- Up-to-date: /home/mr-cheng/Desktop/Car/Car_Sim2Real/install/robot_bringup/share/robot_bringup/local_setup.sh
-- Up-to-date: /home/mr-cheng/Desktop/Car/Car_Sim2Real/install/robot_bringup/share/robot_bringup/local_setup.zsh
-- Up-to-date: /home/mr-cheng/Desktop/Car/Car_Sim2Real/install/robot_bringup/share/robot_bringup/local_setup.dsv
-- Installing: /home/mr-cheng/Desktop/Car/Car_Sim2Real/install/robot_bringup/share/robot_bringup/package.dsv
-- Up-to-date: /home/mr-cheng/Desktop/Car/Car_Sim2Real/install/robot_bringup/share/ament_index/resource_index/packages/robot_bringup
-- Up-to-date: /home/mr-cheng/Desktop/Car/Car_Sim2Real/install/robot_bringup/share/robot_bringup/cmake/robot_bringupConfig.cmake
-- Up-to-date: /home/mr-cheng/Desktop/Car/Car_Sim2Real/install/robot_bringup/share/robot_bringup/cmake/robot_bringupConfig-version.cmake
-- Up-to-date: /home/mr-cheng/Desktop/Car/Car_Sim2Real/install/robot_bringup/share/robot_bringup/package.xml
