[0.179s] Invoking command in '/home/mr-cheng/Documents/ROS2/Car/build/car_sim': CMAKE_PREFIX_PATH=${CMAKE_PREFIX_PATH}:/opt/ros/humble /usr/bin/cmake /home/mr-cheng/Documents/ROS2/Car/src/car_sim -DCMAKE_INSTALL_PREFIX=/home/mr-cheng/Documents/ROS2/Car/install/car_sim
[0.317s] -- The C compiler identification is GNU 11.4.0
[0.416s] -- The CXX compiler identification is GNU 11.4.0
[0.432s] -- Detecting C compiler ABI info
[0.493s] -- Detecting C compiler ABI info - done
[0.500s] -- Check for working C compiler: /usr/bin/cc - skipped
[0.500s] -- Detecting C compile features
[0.501s] -- Detecting C compile features - done
[0.504s] -- Detecting CXX compiler ABI info
[0.575s] -- Detecting CXX compiler ABI info - done
[0.582s] -- Check for working CXX compiler: /usr/bin/c++ - skipped
[0.582s] -- Detecting CXX compile features
[0.583s] -- Detecting CXX compile features - done
[0.589s] -- Found ament_cmake: 1.3.6 (/opt/ros/humble/share/ament_cmake/cmake)
[0.740s] -- Found Python3: /usr/bin/python3.10 (found version "3.10.12") found components: Interpreter 
[0.852s] -- Found rclcpp: 16.0.7 (/opt/ros/humble/share/rclcpp/cmake)
[0.933s] -- Found rosidl_generator_c: 3.1.5 (/opt/ros/humble/share/rosidl_generator_c/cmake)
[0.939s] -- Found rosidl_adapter: 3.1.5 (/opt/ros/humble/share/rosidl_adapter/cmake)
[0.950s] -- Found rosidl_generator_cpp: 3.1.5 (/opt/ros/humble/share/rosidl_generator_cpp/cmake)
[0.968s] -- Using all available rosidl_typesupport_c: rosidl_typesupport_fastrtps_c;rosidl_typesupport_introspection_c
[0.991s] -- Using all available rosidl_typesupport_cpp: rosidl_typesupport_fastrtps_cpp;rosidl_typesupport_introspection_cpp
[1.073s] -- Found rmw_implementation_cmake: 6.1.1 (/opt/ros/humble/share/rmw_implementation_cmake/cmake)
[1.076s] -- Found rmw_fastrtps_cpp: 6.2.5 (/opt/ros/humble/share/rmw_fastrtps_cpp/cmake)
[1.170s] -- Found OpenSSL: /usr/lib/x86_64-linux-gnu/libcrypto.so (found version "3.0.2")  
[1.195s] -- Found FastRTPS: /home/mr-cheng/Bag/fastdds/install/fastrtps/include  
[1.239s] -- Using RMW implementation 'rmw_fastrtps_cpp' as default
[1.252s] -- Looking for pthread.h
[1.324s] -- Looking for pthread.h - found
[1.324s] -- Performing Test CMAKE_HAVE_LIBC_PTHREAD
[1.382s] -- Performing Test CMAKE_HAVE_LIBC_PTHREAD - Success
[1.383s] -- Found Threads: TRUE  
[1.566s] -- Found sensor_msgs: 4.2.3 (/opt/ros/humble/share/sensor_msgs/cmake)
[1.718s] -- Checking for module 'eigen3'
[1.727s] --   Found eigen3, version 3.4.0
[1.752s] -- Found Eigen: /usr/include/eigen3 (Required is at least version "3.1") 
[1.752s] -- Eigen found (include: /usr/include/eigen3, version: 3.4.0)
[1.778s] -- Found Boost: /usr/lib/x86_64-linux-gnu/cmake/Boost-1.74.0/BoostConfig.cmake (found suitable version "1.74.0", minimum required is "1.65.0") found components: system filesystem date_time iostreams serialization 
[1.793s] -- Checking for module 'flann'
[1.802s] --   Found flann, version 1.9.1
[1.830s] -- Found FLANN: /usr/lib/x86_64-linux-gnu/libflann_cpp.so  
[1.831s] -- FLANN found (include: /usr/include, lib: /usr/lib/x86_64-linux-gnu/libflann_cpp.so)
[1.868s] -- Found GLEW: /usr/lib/x86_64-linux-gnu/libGLEW.so  
[1.875s] -- Found OpenGL: /usr/lib/x86_64-linux-gnu/libOpenGL.so  found components: OpenGL GLX 
[2.006s] -- Found MPI_C: /usr/lib/x86_64-linux-gnu/libmpi.so (found version "3.1") 
[2.006s] -- Found MPI: TRUE (found version "3.1") found components: C 
[2.009s] -- Found JsonCpp: /usr/lib/x86_64-linux-gnu/libjsoncpp.so (found suitable version "1.9.5", minimum required is "0.7.0") 
[2.018s] -- Found ZLIB: /usr/lib/x86_64-linux-gnu/libz.so (found version "1.2.11") 
[2.034s] -- Found PNG: /usr/lib/x86_64-linux-gnu/libpng.so (found version "1.6.37") 
[2.055s] -- Found Eigen3: /usr/include/eigen3 (found version "3.4.0") 
[2.134s] -- Found X11: /usr/include   
[2.134s] -- Looking for XOpenDisplay in /usr/lib/x86_64-linux-gnu/libX11.so;/usr/lib/x86_64-linux-gnu/libXext.so
[2.193s] -- Looking for XOpenDisplay in /usr/lib/x86_64-linux-gnu/libX11.so;/usr/lib/x86_64-linux-gnu/libXext.so - found
[2.193s] -- Looking for gethostbyname
[2.248s] -- Looking for gethostbyname - found
[2.248s] -- Looking for connect
[2.302s] -- Looking for connect - found
[2.302s] -- Looking for remove
[2.361s] -- Looking for remove - found
[2.361s] -- Looking for shmat
[2.426s] -- Looking for shmat - found
[2.426s] -- Looking for IceConnectionNumber in ICE
[2.487s] -- Looking for IceConnectionNumber in ICE - found
[2.551s] -- Found EXPAT: /usr/lib/x86_64-linux-gnu/libexpat.so (found version "2.4.7") 
[2.553s] -- Found double-conversion: /usr/lib/x86_64-linux-gnu/libdouble-conversion.so  
[2.555s] -- Found LZ4: /usr/lib/x86_64-linux-gnu/liblz4.so (found version "1.9.3") 
[2.557s] -- Found LZMA: /usr/lib/x86_64-linux-gnu/liblzma.so (found version "5.2.5") 
[2.603s] -- Found JPEG: /usr/lib/x86_64-linux-gnu/libjpeg.so (found version "80") 
[2.607s] -- Found TIFF: /usr/lib/x86_64-linux-gnu/libtiff.so (found version "4.3.0")  
[2.611s] -- Found Freetype: /usr/lib/x86_64-linux-gnu/libfreetype.so (found version "2.11.1") 
[2.617s] -- Found utf8cpp: /usr/include/utf8cpp  
[2.682s] -- Checking for module 'libusb-1.0'
[2.692s] --   Found libusb-1.0, version 1.0.25
[2.717s] -- Found libusb: /usr/lib/x86_64-linux-gnu/libusb-1.0.so  
[2.718s] -- Found OpenNI: /usr/lib/libOpenNI.so;libusb::libusb (found version "1.5.4.0") 
[2.719s] -- OpenNI found (version: 1.5.4.0, include: /usr/include/ni, lib: /usr/lib/libOpenNI.so;libusb::libusb)
[2.759s] -- Found OpenNI2: /usr/lib/x86_64-linux-gnu/libOpenNI2.so;libusb::libusb (found version "2.2.0.33") 
[2.759s] -- OpenNI2 found (version: 2.2.0.33, include: /usr/include/openni2, lib: /usr/lib/x86_64-linux-gnu/libOpenNI2.so;libusb::libusb)
[2.759s] [0m** WARNING ** io features related to pcap will be disabled[0m
[2.892s] -- Eigen found (include: /usr/include/eigen3, version: 3.4.0)
[2.897s] -- OpenNI found (version: 1.5.4.0, include: /usr/include/ni, lib: /usr/lib/libOpenNI.so;libusb::libusb)
[2.902s] -- OpenNI2 found (version: 2.2.0.33, include: /usr/include/openni2, lib: /usr/lib/x86_64-linux-gnu/libOpenNI2.so;libusb::libusb)
[3.030s] -- Found Qhull version 8.0.2
[3.160s] -- OpenNI found (version: 1.5.4.0, include: /usr/include/ni, lib: /usr/lib/libOpenNI.so;libusb::libusb)
[3.286s] -- looking for PCL_COMMON
[3.287s] -- Found PCL_COMMON: /usr/lib/x86_64-linux-gnu/libpcl_common.so  
[3.287s] -- looking for PCL_KDTREE
[3.288s] -- Found PCL_KDTREE: /usr/lib/x86_64-linux-gnu/libpcl_kdtree.so  
[3.288s] -- looking for PCL_OCTREE
[3.289s] -- Found PCL_OCTREE: /usr/lib/x86_64-linux-gnu/libpcl_octree.so  
[3.290s] -- looking for PCL_SEARCH
[3.290s] -- Found PCL_SEARCH: /usr/lib/x86_64-linux-gnu/libpcl_search.so  
[3.290s] -- looking for PCL_SAMPLE_CONSENSUS
[3.291s] -- Found PCL_SAMPLE_CONSENSUS: /usr/lib/x86_64-linux-gnu/libpcl_sample_consensus.so  
[3.291s] -- looking for PCL_FILTERS
[3.292s] -- Found PCL_FILTERS: /usr/lib/x86_64-linux-gnu/libpcl_filters.so  
[3.292s] -- looking for PCL_2D
[3.292s] -- Found PCL_2D: /usr/include/pcl-1.12  
[3.293s] -- looking for PCL_GEOMETRY
[3.293s] -- Found PCL_GEOMETRY: /usr/include/pcl-1.12  
[3.293s] -- looking for PCL_IO
[3.294s] -- Found PCL_IO: /usr/lib/x86_64-linux-gnu/libpcl_io.so  
[3.294s] -- looking for PCL_FEATURES
[3.295s] -- Found PCL_FEATURES: /usr/lib/x86_64-linux-gnu/libpcl_features.so  
[3.295s] -- looking for PCL_ML
[3.296s] -- Found PCL_ML: /usr/lib/x86_64-linux-gnu/libpcl_ml.so  
[3.296s] -- looking for PCL_SEGMENTATION
[3.297s] -- Found PCL_SEGMENTATION: /usr/lib/x86_64-linux-gnu/libpcl_segmentation.so  
[3.297s] -- looking for PCL_VISUALIZATION
[3.298s] -- Found PCL_VISUALIZATION: /usr/lib/x86_64-linux-gnu/libpcl_visualization.so  
[3.298s] -- looking for PCL_SURFACE
[3.299s] -- Found PCL_SURFACE: /usr/lib/x86_64-linux-gnu/libpcl_surface.so  
[3.299s] -- looking for PCL_REGISTRATION
[3.299s] -- Found PCL_REGISTRATION: /usr/lib/x86_64-linux-gnu/libpcl_registration.so  
[3.300s] -- looking for PCL_KEYPOINTS
[3.301s] -- Found PCL_KEYPOINTS: /usr/lib/x86_64-linux-gnu/libpcl_keypoints.so  
[3.301s] -- looking for PCL_TRACKING
[3.301s] -- Found PCL_TRACKING: /usr/lib/x86_64-linux-gnu/libpcl_tracking.so  
[3.302s] -- looking for PCL_RECOGNITION
[3.302s] -- Found PCL_RECOGNITION: /usr/lib/x86_64-linux-gnu/libpcl_recognition.so  
[3.303s] -- looking for PCL_STEREO
[3.303s] -- Found PCL_STEREO: /usr/lib/x86_64-linux-gnu/libpcl_stereo.so  
[3.303s] -- looking for PCL_APPS
[3.304s] -- Found PCL_APPS: /usr/lib/x86_64-linux-gnu/libpcl_apps.so  
[3.305s] -- looking for PCL_IN_HAND_SCANNER
[3.305s] -- Found PCL_IN_HAND_SCANNER: /usr/include/pcl-1.12  
[3.305s] -- looking for PCL_MODELER
[3.306s] -- Found PCL_MODELER: /usr/include/pcl-1.12  
[3.306s] -- looking for PCL_POINT_CLOUD_EDITOR
[3.306s] -- Found PCL_POINT_CLOUD_EDITOR: /usr/include/pcl-1.12  
[3.306s] -- looking for PCL_OUTOFCORE
[3.307s] -- Found PCL_OUTOFCORE: /usr/lib/x86_64-linux-gnu/libpcl_outofcore.so  
[3.307s] -- looking for PCL_PEOPLE
[3.308s] -- Found PCL_PEOPLE: /usr/lib/x86_64-linux-gnu/libpcl_people.so  
[3.309s] -- Found PCL: pcl_common;pcl_kdtree;pcl_octree;pcl_search;pcl_sample_consensus;pcl_filters;pcl_io;pcl_features;pcl_ml;pcl_segmentation;pcl_visualization;pcl_surface;pcl_registration;pcl_keypoints;pcl_tracking;pcl_recognition;pcl_stereo;pcl_apps;pcl_outofcore;pcl_people;Boost::system;Boost::filesystem;Boost::date_time;Boost::iostreams;Boost::serialization;/usr/lib/libOpenNI.so;libusb::libusb;/usr/lib/x86_64-linux-gnu/libOpenNI2.so;libusb::libusb;VTK::ChartsCore;VTK::CommonColor;VTK::CommonComputationalGeometry;VTK::CommonCore;VTK::CommonDataModel;VTK::CommonExecutionModel;VTK::CommonMath;VTK::CommonMisc;VTK::CommonTransforms;VTK::FiltersCore;VTK::FiltersExtraction;VTK::FiltersGeneral;VTK::FiltersGeometry;VTK::FiltersModeling;VTK::FiltersSources;VTK::ImagingCore;VTK::ImagingSources;VTK::InteractionImage;VTK::InteractionStyle;VTK::InteractionWidgets;VTK::IOCore;VTK::IOGeometry;VTK::IOImage;VTK::IOLegacy;VTK::IOPLY;VTK::RenderingAnnotation;VTK::RenderingCore;VTK::RenderingContext2D;VTK::RenderingLOD;VTK::RenderingFreeType;VTK::ViewsCore;VTK::ViewsContext2D;VTK::RenderingOpenGL2;VTK::GUISupportQt;FLANN::FLANN;QHULL::QHULL  
[3.311s] -- Found pcl_conversions: 2.4.0 (/opt/ros/humble/share/pcl_conversions/cmake)
[3.478s] -- Found ament_lint_auto: 0.12.9 (/opt/ros/humble/share/ament_lint_auto/cmake)
[3.555s] -- Added test 'lint_cmake' to check CMake code style
[3.556s] -- Added test 'xmllint' to check XML markup files
[3.558s] -- Configuring done
[3.563s] [31mCMake Error at CMakeLists.txt:29 (add_executable):
[3.563s]   Cannot find source file:
[3.564s] 
[3.564s]     src/car_sim.cpp
[3.564s] 
[3.564s]   Tried extensions .c .C .c++ .cc .cpp .cxx .cu .mpp .m .M .mm .ixx .cppm .h
[3.564s]   .hh .h++ .hm .hpp .hxx .in .txx .f .F .for .f77 .f90 .f95 .f03 .hip .ispc
[3.564s] 
[3.564s] [0m
[3.564s] [31mCMake Error at CMakeLists.txt:29 (add_executable):
[3.564s]   No SOURCES given to target: car_sim
[3.564s] 
[3.565s] [0m
[3.565s] [0mCMake Generate step failed.  Build files cannot be regenerated correctly.[0m
