[0.981s] DEBUG:colcon:Command line arguments: ['/usr/bin/colcon', 'build']
[0.981s] DEBUG:colcon:Parsed command line arguments: Namespace(log_base=None, log_level=None, verb_name='build', build_base='build', install_base='install', merge_install=False, symlink_install=False, test_result_base=None, continue_on_error=False, executor='parallel', parallel_workers=16, event_handlers=None, ignore_user_meta=False, metas=['./colcon.meta'], base_paths=['.'], packages_ignore=None, packages_ignore_regex=None, paths=None, packages_up_to=None, packages_up_to_regex=None, packages_above=None, packages_above_and_dependencies=None, packages_above_depth=None, packages_select_by_dep=None, packages_skip_by_dep=None, packages_skip_up_to=None, packages_select_build_failed=False, packages_skip_build_finished=False, packages_select_test_failures=False, packages_skip_test_passed=False, packages_select=None, packages_skip=None, packages_select_regex=None, packages_skip_regex=None, packages_start=None, packages_end=None, allow_overriding=[], cmake_args=None, cmake_target=None, cmake_target_skip_unavailable=False, cmake_clean_cache=False, cmake_clean_first=False, cmake_force_configure=False, ament_cmake_args=None, catkin_cmake_args=None, catkin_skip_building_tests=False, verb_parser=<colcon_defaults.argument_parser.defaults.DefaultArgumentsDecorator object at 0x7f06a6c51600>, verb_extension=<colcon_core.verb.build.BuildVerb object at 0x7f06a6c535e0>, main=<bound method BuildVerb.main of <colcon_core.verb.build.BuildVerb object at 0x7f06a6c535e0>>)
[1.026s] Level 1:colcon.colcon_core.package_discovery:discover_packages(colcon_meta) check parameters
[1.026s] Level 1:colcon.colcon_core.package_discovery:discover_packages(recursive) check parameters
[1.026s] Level 1:colcon.colcon_core.package_discovery:discover_packages(ignore) check parameters
[1.026s] Level 1:colcon.colcon_core.package_discovery:discover_packages(path) check parameters
[1.026s] Level 1:colcon.colcon_core.package_discovery:discover_packages(colcon_meta) discover
[1.026s] Level 1:colcon.colcon_core.package_discovery:discover_packages(recursive) discover
[1.026s] INFO:colcon.colcon_core.package_discovery:Crawling recursively for packages in '/home/mr-cheng/Desktop/Car/Wireless_Lidar/extra_packages'
[1.026s] Level 1:colcon.colcon_core.package_identification:_identify(.) by extensions ['ignore', 'ignore_ament_install']
[1.027s] Level 1:colcon.colcon_core.package_identification:_identify(.) by extension 'ignore'
[1.027s] Level 1:colcon.colcon_core.package_identification:_identify(.) by extension 'ignore_ament_install'
[1.027s] Level 1:colcon.colcon_core.package_identification:_identify(.) by extensions ['colcon_pkg']
[1.027s] Level 1:colcon.colcon_core.package_identification:_identify(.) by extension 'colcon_pkg'
[1.027s] Level 1:colcon.colcon_core.package_identification:_identify(.) by extensions ['colcon_meta']
[1.027s] Level 1:colcon.colcon_core.package_identification:_identify(.) by extension 'colcon_meta'
[1.027s] Level 1:colcon.colcon_core.package_identification:_identify(.) by extensions ['ros']
[1.027s] Level 1:colcon.colcon_core.package_identification:_identify(.) by extension 'ros'
[1.047s] Level 1:colcon.colcon_core.package_identification:_identify(.) by extensions ['cmake', 'python']
[1.048s] Level 1:colcon.colcon_core.package_identification:_identify(.) by extension 'cmake'
[1.048s] Level 1:colcon.colcon_core.package_identification:_identify(.) by extension 'python'
[1.048s] Level 1:colcon.colcon_core.package_identification:_identify(.) by extensions ['python_setup_py']
[1.048s] Level 1:colcon.colcon_core.package_identification:_identify(.) by extension 'python_setup_py'
[1.048s] Level 1:colcon.colcon_core.package_identification:_identify(build) by extensions ['ignore', 'ignore_ament_install']
[1.048s] Level 1:colcon.colcon_core.package_identification:_identify(build) by extension 'ignore'
[1.048s] Level 1:colcon.colcon_core.package_identification:_identify(build) ignored
[1.048s] Level 1:colcon.colcon_core.package_identification:_identify(install) by extensions ['ignore', 'ignore_ament_install']
[1.048s] Level 1:colcon.colcon_core.package_identification:_identify(install) by extension 'ignore'
[1.048s] Level 1:colcon.colcon_core.package_identification:_identify(install) ignored
[1.048s] Level 1:colcon.colcon_core.package_identification:_identify(log) by extensions ['ignore', 'ignore_ament_install']
[1.048s] Level 1:colcon.colcon_core.package_identification:_identify(log) by extension 'ignore'
[1.048s] Level 1:colcon.colcon_core.package_identification:_identify(log) ignored
[1.048s] Level 1:colcon.colcon_core.package_identification:_identify(wireless_lidar) by extensions ['ignore', 'ignore_ament_install']
[1.049s] Level 1:colcon.colcon_core.package_identification:_identify(wireless_lidar) by extension 'ignore'
[1.049s] Level 1:colcon.colcon_core.package_identification:_identify(wireless_lidar) by extension 'ignore_ament_install'
[1.049s] Level 1:colcon.colcon_core.package_identification:_identify(wireless_lidar) by extensions ['colcon_pkg']
[1.049s] Level 1:colcon.colcon_core.package_identification:_identify(wireless_lidar) by extension 'colcon_pkg'
[1.049s] Level 1:colcon.colcon_core.package_identification:_identify(wireless_lidar) by extensions ['colcon_meta']
[1.049s] Level 1:colcon.colcon_core.package_identification:_identify(wireless_lidar) by extension 'colcon_meta'
[1.049s] Level 1:colcon.colcon_core.package_identification:_identify(wireless_lidar) by extensions ['ros']
[1.049s] Level 1:colcon.colcon_core.package_identification:_identify(wireless_lidar) by extension 'ros'
[1.051s] DEBUG:colcon.colcon_core.package_identification:Package 'wireless_lidar' with type 'ros.ament_cmake' and name 'wireless_lidar'
[1.051s] Level 1:colcon.colcon_core.package_discovery:discover_packages(recursive) using defaults
[1.051s] Level 1:colcon.colcon_core.package_discovery:discover_packages(ignore) discover
[1.052s] Level 1:colcon.colcon_core.package_discovery:discover_packages(ignore) using defaults
[1.052s] Level 1:colcon.colcon_core.package_discovery:discover_packages(path) discover
[1.052s] Level 1:colcon.colcon_core.package_discovery:discover_packages(path) using defaults
[1.140s] Level 1:colcon.colcon_core.package_discovery:discover_packages(prefix_path) check parameters
[1.141s] Level 1:colcon.colcon_core.package_discovery:discover_packages(prefix_path) discover
[1.171s] DEBUG:colcon.colcon_installed_package_information.package_discovery:Found 3 installed packages in /home/mr-cheng/Bag/fastdds/install
[1.187s] DEBUG:colcon.colcon_installed_package_information.package_discovery:Found 282 installed packages in /opt/ros/iron
[1.188s] Level 1:colcon.colcon_core.package_discovery:discover_packages(prefix_path) using defaults
[1.275s] Level 5:colcon.colcon_core.verb:set package 'wireless_lidar' build argument 'cmake_args' from command line to 'None'
[1.275s] Level 5:colcon.colcon_core.verb:set package 'wireless_lidar' build argument 'cmake_target' from command line to 'None'
[1.275s] Level 5:colcon.colcon_core.verb:set package 'wireless_lidar' build argument 'cmake_target_skip_unavailable' from command line to 'False'
[1.275s] Level 5:colcon.colcon_core.verb:set package 'wireless_lidar' build argument 'cmake_clean_cache' from command line to 'False'
[1.275s] Level 5:colcon.colcon_core.verb:set package 'wireless_lidar' build argument 'cmake_clean_first' from command line to 'False'
[1.275s] Level 5:colcon.colcon_core.verb:set package 'wireless_lidar' build argument 'cmake_force_configure' from command line to 'False'
[1.275s] Level 5:colcon.colcon_core.verb:set package 'wireless_lidar' build argument 'ament_cmake_args' from command line to 'None'
[1.275s] Level 5:colcon.colcon_core.verb:set package 'wireless_lidar' build argument 'catkin_cmake_args' from command line to 'None'
[1.275s] Level 5:colcon.colcon_core.verb:set package 'wireless_lidar' build argument 'catkin_skip_building_tests' from command line to 'False'
[1.275s] DEBUG:colcon.colcon_core.verb:Building package 'wireless_lidar' with the following arguments: {'ament_cmake_args': None, 'build_base': '/home/mr-cheng/Desktop/Car/Wireless_Lidar/extra_packages/build/wireless_lidar', 'catkin_cmake_args': None, 'catkin_skip_building_tests': False, 'cmake_args': None, 'cmake_clean_cache': False, 'cmake_clean_first': False, 'cmake_force_configure': False, 'cmake_target': None, 'cmake_target_skip_unavailable': False, 'install_base': '/home/mr-cheng/Desktop/Car/Wireless_Lidar/extra_packages/install/wireless_lidar', 'merge_install': False, 'path': '/home/mr-cheng/Desktop/Car/Wireless_Lidar/extra_packages/wireless_lidar', 'symlink_install': False, 'test_result_base': None}
[1.290s] INFO:colcon.colcon_core.executor:Executing jobs using 'parallel' executor
[1.305s] DEBUG:colcon.colcon_parallel_executor.executor.parallel:run_until_complete
[1.305s] INFO:colcon.colcon_ros.task.ament_cmake.build:Building ROS package in '/home/mr-cheng/Desktop/Car/Wireless_Lidar/extra_packages/wireless_lidar' with build type 'ament_cmake'
[1.305s] INFO:colcon.colcon_cmake.task.cmake.build:Building CMake package in '/home/mr-cheng/Desktop/Car/Wireless_Lidar/extra_packages/wireless_lidar'
[1.322s] INFO:colcon.colcon_core.plugin_system:Skipping extension 'colcon_core.shell.bat': Not used on non-Windows systems
[1.322s] INFO:colcon.colcon_core.shell:Skip shell extension 'powershell' for command environment: Not usable outside of PowerShell
[1.322s] DEBUG:colcon.colcon_core.shell:Skip shell extension 'dsv' for command environment
[1.374s] DEBUG:colcon.colcon_core.event_handler.log_command:Invoking command in '/home/mr-cheng/Desktop/Car/Wireless_Lidar/extra_packages/build/wireless_lidar': CMAKE_PREFIX_PATH=${CMAKE_PREFIX_PATH}:/opt/ros/iron /usr/bin/cmake /home/mr-cheng/Desktop/Car/Wireless_Lidar/extra_packages/wireless_lidar -DCMAKE_INSTALL_PREFIX=/home/mr-cheng/Desktop/Car/Wireless_Lidar/extra_packages/install/wireless_lidar
[2.363s] DEBUG:colcon.colcon_core.event_handler.log_command:Invoked command in '/home/mr-cheng/Desktop/Car/Wireless_Lidar/extra_packages/build/wireless_lidar' returned '0': CMAKE_PREFIX_PATH=${CMAKE_PREFIX_PATH}:/opt/ros/iron /usr/bin/cmake /home/mr-cheng/Desktop/Car/Wireless_Lidar/extra_packages/wireless_lidar -DCMAKE_INSTALL_PREFIX=/home/mr-cheng/Desktop/Car/Wireless_Lidar/extra_packages/install/wireless_lidar
[2.363s] DEBUG:colcon.colcon_core.event_handler.log_command:Invoking command in '/home/mr-cheng/Desktop/Car/Wireless_Lidar/extra_packages/build/wireless_lidar': CMAKE_PREFIX_PATH=${CMAKE_PREFIX_PATH}:/opt/ros/iron /usr/bin/cmake --build /home/mr-cheng/Desktop/Car/Wireless_Lidar/extra_packages/build/wireless_lidar -- -j16 -l16
[4.603s] DEBUG:colcon.colcon_core.event_handler.log_command:Invoked command in '/home/mr-cheng/Desktop/Car/Wireless_Lidar/extra_packages/build/wireless_lidar' returned '0': CMAKE_PREFIX_PATH=${CMAKE_PREFIX_PATH}:/opt/ros/iron /usr/bin/cmake --build /home/mr-cheng/Desktop/Car/Wireless_Lidar/extra_packages/build/wireless_lidar -- -j16 -l16
[4.672s] DEBUG:colcon.colcon_core.event_handler.log_command:Invoking command in '/home/mr-cheng/Desktop/Car/Wireless_Lidar/extra_packages/build/wireless_lidar': CMAKE_PREFIX_PATH=${CMAKE_PREFIX_PATH}:/opt/ros/iron /usr/bin/cmake --install /home/mr-cheng/Desktop/Car/Wireless_Lidar/extra_packages/build/wireless_lidar
[4.728s] Level 1:colcon.colcon_core.environment:create_environment_scripts_only(wireless_lidar)
[4.728s] DEBUG:colcon.colcon_core.event_handler.log_command:Invoked command in '/home/mr-cheng/Desktop/Car/Wireless_Lidar/extra_packages/build/wireless_lidar' returned '0': CMAKE_PREFIX_PATH=${CMAKE_PREFIX_PATH}:/opt/ros/iron /usr/bin/cmake --install /home/mr-cheng/Desktop/Car/Wireless_Lidar/extra_packages/build/wireless_lidar
[4.747s] Level 1:colcon.colcon_core.environment:checking '/home/mr-cheng/Desktop/Car/Wireless_Lidar/extra_packages/install/wireless_lidar' for CMake module files
[4.747s] Level 1:colcon.colcon_core.environment:checking '/home/mr-cheng/Desktop/Car/Wireless_Lidar/extra_packages/install/wireless_lidar' for CMake config files
[4.748s] Level 1:colcon.colcon_core.shell:create_environment_hook('wireless_lidar', 'cmake_prefix_path')
[4.763s] INFO:colcon.colcon_core.shell:Creating environment hook '/home/mr-cheng/Desktop/Car/Wireless_Lidar/extra_packages/install/wireless_lidar/share/wireless_lidar/hook/cmake_prefix_path.ps1'
[4.765s] INFO:colcon.colcon_core.shell:Creating environment descriptor '/home/mr-cheng/Desktop/Car/Wireless_Lidar/extra_packages/install/wireless_lidar/share/wireless_lidar/hook/cmake_prefix_path.dsv'
[4.765s] INFO:colcon.colcon_core.shell:Creating environment hook '/home/mr-cheng/Desktop/Car/Wireless_Lidar/extra_packages/install/wireless_lidar/share/wireless_lidar/hook/cmake_prefix_path.sh'
[4.766s] Level 1:colcon.colcon_core.environment:checking '/home/mr-cheng/Desktop/Car/Wireless_Lidar/extra_packages/install/wireless_lidar/lib'
[4.766s] Level 1:colcon.colcon_core.shell:create_environment_hook('wireless_lidar', 'ld_library_path_lib')
[4.783s] INFO:colcon.colcon_core.shell:Creating environment hook '/home/mr-cheng/Desktop/Car/Wireless_Lidar/extra_packages/install/wireless_lidar/share/wireless_lidar/hook/ld_library_path_lib.ps1'
[4.783s] INFO:colcon.colcon_core.shell:Creating environment descriptor '/home/mr-cheng/Desktop/Car/Wireless_Lidar/extra_packages/install/wireless_lidar/share/wireless_lidar/hook/ld_library_path_lib.dsv'
[4.783s] INFO:colcon.colcon_core.shell:Creating environment hook '/home/mr-cheng/Desktop/Car/Wireless_Lidar/extra_packages/install/wireless_lidar/share/wireless_lidar/hook/ld_library_path_lib.sh'
[4.784s] Level 1:colcon.colcon_core.environment:checking '/home/mr-cheng/Desktop/Car/Wireless_Lidar/extra_packages/install/wireless_lidar/bin'
[4.784s] Level 1:colcon.colcon_core.environment:checking '/home/mr-cheng/Desktop/Car/Wireless_Lidar/extra_packages/install/wireless_lidar/lib/pkgconfig/wireless_lidar.pc'
[4.784s] Level 1:colcon.colcon_core.environment:checking '/home/mr-cheng/Desktop/Car/Wireless_Lidar/extra_packages/install/wireless_lidar/lib/python3.10/site-packages'
[4.784s] Level 1:colcon.colcon_core.shell:create_environment_hook('wireless_lidar', 'pythonpath')
[4.799s] INFO:colcon.colcon_core.shell:Creating environment hook '/home/mr-cheng/Desktop/Car/Wireless_Lidar/extra_packages/install/wireless_lidar/share/wireless_lidar/hook/pythonpath.ps1'
[4.799s] INFO:colcon.colcon_core.shell:Creating environment descriptor '/home/mr-cheng/Desktop/Car/Wireless_Lidar/extra_packages/install/wireless_lidar/share/wireless_lidar/hook/pythonpath.dsv'
[4.799s] INFO:colcon.colcon_core.shell:Creating environment hook '/home/mr-cheng/Desktop/Car/Wireless_Lidar/extra_packages/install/wireless_lidar/share/wireless_lidar/hook/pythonpath.sh'
[4.800s] Level 1:colcon.colcon_core.environment:checking '/home/mr-cheng/Desktop/Car/Wireless_Lidar/extra_packages/install/wireless_lidar/bin'
[4.815s] INFO:colcon.colcon_core.shell:Creating package script '/home/mr-cheng/Desktop/Car/Wireless_Lidar/extra_packages/install/wireless_lidar/share/wireless_lidar/package.ps1'
[4.816s] INFO:colcon.colcon_core.shell:Creating package descriptor '/home/mr-cheng/Desktop/Car/Wireless_Lidar/extra_packages/install/wireless_lidar/share/wireless_lidar/package.dsv'
[4.816s] INFO:colcon.colcon_core.shell:Creating package script '/home/mr-cheng/Desktop/Car/Wireless_Lidar/extra_packages/install/wireless_lidar/share/wireless_lidar/package.sh'
[4.817s] INFO:colcon.colcon_core.shell:Creating package script '/home/mr-cheng/Desktop/Car/Wireless_Lidar/extra_packages/install/wireless_lidar/share/wireless_lidar/package.bash'
[4.818s] INFO:colcon.colcon_core.shell:Creating package script '/home/mr-cheng/Desktop/Car/Wireless_Lidar/extra_packages/install/wireless_lidar/share/wireless_lidar/package.zsh'
[4.818s] Level 1:colcon.colcon_core.environment:create_file_with_runtime_dependencies(/home/mr-cheng/Desktop/Car/Wireless_Lidar/extra_packages/install/wireless_lidar/share/colcon-core/packages/wireless_lidar)
[4.894s] Level 1:colcon.colcon_core.environment:create_environment_scripts_only(wireless_lidar)
[4.909s] Level 1:colcon.colcon_core.environment:checking '/home/mr-cheng/Desktop/Car/Wireless_Lidar/extra_packages/install/wireless_lidar' for CMake module files
[4.910s] Level 1:colcon.colcon_core.environment:checking '/home/mr-cheng/Desktop/Car/Wireless_Lidar/extra_packages/install/wireless_lidar' for CMake config files
[4.910s] Level 1:colcon.colcon_core.shell:create_environment_hook('wireless_lidar', 'cmake_prefix_path')
[4.926s] INFO:colcon.colcon_core.shell:Creating environment hook '/home/mr-cheng/Desktop/Car/Wireless_Lidar/extra_packages/install/wireless_lidar/share/wireless_lidar/hook/cmake_prefix_path.ps1'
[4.926s] INFO:colcon.colcon_core.shell:Creating environment descriptor '/home/mr-cheng/Desktop/Car/Wireless_Lidar/extra_packages/install/wireless_lidar/share/wireless_lidar/hook/cmake_prefix_path.dsv'
[4.926s] INFO:colcon.colcon_core.shell:Creating environment hook '/home/mr-cheng/Desktop/Car/Wireless_Lidar/extra_packages/install/wireless_lidar/share/wireless_lidar/hook/cmake_prefix_path.sh'
[4.927s] Level 1:colcon.colcon_core.environment:checking '/home/mr-cheng/Desktop/Car/Wireless_Lidar/extra_packages/install/wireless_lidar/lib'
[4.927s] Level 1:colcon.colcon_core.shell:create_environment_hook('wireless_lidar', 'ld_library_path_lib')
[4.942s] INFO:colcon.colcon_core.shell:Creating environment hook '/home/mr-cheng/Desktop/Car/Wireless_Lidar/extra_packages/install/wireless_lidar/share/wireless_lidar/hook/ld_library_path_lib.ps1'
[4.942s] INFO:colcon.colcon_core.shell:Creating environment descriptor '/home/mr-cheng/Desktop/Car/Wireless_Lidar/extra_packages/install/wireless_lidar/share/wireless_lidar/hook/ld_library_path_lib.dsv'
[4.943s] INFO:colcon.colcon_core.shell:Creating environment hook '/home/mr-cheng/Desktop/Car/Wireless_Lidar/extra_packages/install/wireless_lidar/share/wireless_lidar/hook/ld_library_path_lib.sh'
[4.943s] Level 1:colcon.colcon_core.environment:checking '/home/mr-cheng/Desktop/Car/Wireless_Lidar/extra_packages/install/wireless_lidar/bin'
[4.943s] Level 1:colcon.colcon_core.environment:checking '/home/mr-cheng/Desktop/Car/Wireless_Lidar/extra_packages/install/wireless_lidar/lib/pkgconfig/wireless_lidar.pc'
[4.943s] Level 1:colcon.colcon_core.environment:checking '/home/mr-cheng/Desktop/Car/Wireless_Lidar/extra_packages/install/wireless_lidar/lib/python3.10/site-packages'
[4.943s] Level 1:colcon.colcon_core.shell:create_environment_hook('wireless_lidar', 'pythonpath')
[4.959s] INFO:colcon.colcon_core.shell:Creating environment hook '/home/mr-cheng/Desktop/Car/Wireless_Lidar/extra_packages/install/wireless_lidar/share/wireless_lidar/hook/pythonpath.ps1'
[4.959s] INFO:colcon.colcon_core.shell:Creating environment descriptor '/home/mr-cheng/Desktop/Car/Wireless_Lidar/extra_packages/install/wireless_lidar/share/wireless_lidar/hook/pythonpath.dsv'
[4.959s] INFO:colcon.colcon_core.shell:Creating environment hook '/home/mr-cheng/Desktop/Car/Wireless_Lidar/extra_packages/install/wireless_lidar/share/wireless_lidar/hook/pythonpath.sh'
[4.960s] Level 1:colcon.colcon_core.environment:checking '/home/mr-cheng/Desktop/Car/Wireless_Lidar/extra_packages/install/wireless_lidar/bin'
[4.975s] INFO:colcon.colcon_core.shell:Creating package script '/home/mr-cheng/Desktop/Car/Wireless_Lidar/extra_packages/install/wireless_lidar/share/wireless_lidar/package.ps1'
[4.976s] INFO:colcon.colcon_core.shell:Creating package descriptor '/home/mr-cheng/Desktop/Car/Wireless_Lidar/extra_packages/install/wireless_lidar/share/wireless_lidar/package.dsv'
[4.976s] INFO:colcon.colcon_core.shell:Creating package script '/home/mr-cheng/Desktop/Car/Wireless_Lidar/extra_packages/install/wireless_lidar/share/wireless_lidar/package.sh'
[4.976s] INFO:colcon.colcon_core.shell:Creating package script '/home/mr-cheng/Desktop/Car/Wireless_Lidar/extra_packages/install/wireless_lidar/share/wireless_lidar/package.bash'
[4.977s] INFO:colcon.colcon_core.shell:Creating package script '/home/mr-cheng/Desktop/Car/Wireless_Lidar/extra_packages/install/wireless_lidar/share/wireless_lidar/package.zsh'
[4.977s] Level 1:colcon.colcon_core.environment:create_file_with_runtime_dependencies(/home/mr-cheng/Desktop/Car/Wireless_Lidar/extra_packages/install/wireless_lidar/share/colcon-core/packages/wireless_lidar)
[4.977s] DEBUG:colcon.colcon_parallel_executor.executor.parallel:closing loop
[4.978s] DEBUG:colcon.colcon_parallel_executor.executor.parallel:loop closed
[4.978s] DEBUG:colcon.colcon_parallel_executor.executor.parallel:run_until_complete finished with '0'
[4.978s] DEBUG:colcon.colcon_core.event_reactor:joining thread
[4.998s] INFO:colcon.colcon_core.plugin_system:Skipping extension 'colcon_notification.desktop_notification.terminal_notifier': Not used on non-Darwin systems
[4.998s] INFO:colcon.colcon_core.plugin_system:Skipping extension 'colcon_notification.desktop_notification.win32': Not used on non-Windows systems
[4.998s] INFO:colcon.colcon_notification.desktop_notification:Sending desktop notification using 'notify2'
[5.009s] DEBUG:colcon.colcon_core.event_reactor:joined thread
[5.025s] INFO:colcon.colcon_core.shell:Creating prefix script '/home/mr-cheng/Desktop/Car/Wireless_Lidar/extra_packages/install/local_setup.ps1'
[5.026s] INFO:colcon.colcon_core.shell:Creating prefix util module '/home/mr-cheng/Desktop/Car/Wireless_Lidar/extra_packages/install/_local_setup_util_ps1.py'
[5.027s] INFO:colcon.colcon_core.shell:Creating prefix chain script '/home/mr-cheng/Desktop/Car/Wireless_Lidar/extra_packages/install/setup.ps1'
[5.043s] INFO:colcon.colcon_core.shell:Creating prefix script '/home/mr-cheng/Desktop/Car/Wireless_Lidar/extra_packages/install/local_setup.sh'
[5.044s] INFO:colcon.colcon_core.shell:Creating prefix util module '/home/mr-cheng/Desktop/Car/Wireless_Lidar/extra_packages/install/_local_setup_util_sh.py'
[5.044s] INFO:colcon.colcon_core.shell:Creating prefix chain script '/home/mr-cheng/Desktop/Car/Wireless_Lidar/extra_packages/install/setup.sh'
[5.060s] INFO:colcon.colcon_core.shell:Creating prefix script '/home/mr-cheng/Desktop/Car/Wireless_Lidar/extra_packages/install/local_setup.bash'
[5.060s] INFO:colcon.colcon_core.shell:Creating prefix chain script '/home/mr-cheng/Desktop/Car/Wireless_Lidar/extra_packages/install/setup.bash'
[5.076s] INFO:colcon.colcon_core.shell:Creating prefix script '/home/mr-cheng/Desktop/Car/Wireless_Lidar/extra_packages/install/local_setup.zsh'
[5.076s] INFO:colcon.colcon_core.shell:Creating prefix chain script '/home/mr-cheng/Desktop/Car/Wireless_Lidar/extra_packages/install/setup.zsh'
