[0.009s] Invoking command in '/home/mr-cheng/Desktop/Car/Car_Sim2Real/build/robot_bringup': CMAKE_PREFIX_PATH=${CMAKE_PREFIX_PATH}:/opt/ros/humble /usr/bin/cmake /home/mr-cheng/Desktop/Car/Car_Sim2Real/src/robot_bringup -DCMAKE_INSTALL_PREFIX=/home/mr-cheng/Desktop/Car/Car_Sim2Real/install/robot_bringup
[0.019s] -- Found ament_cmake: 1.3.8 (/opt/ros/humble/share/ament_cmake/cmake)
[0.129s] -- Found rclcpp: 16.0.8 (/opt/ros/humble/share/rclcpp/cmake)
[0.158s] -- Found rosidl_generator_c: 3.1.5 (/opt/ros/humble/share/rosidl_generator_c/cmake)
[0.160s] -- Found rosidl_adapter: 3.1.5 (/opt/ros/humble/share/rosidl_adapter/cmake)
[0.166s] -- Found rosidl_generator_cpp: 3.1.5 (/opt/ros/humble/share/rosidl_generator_cpp/cmake)
[0.176s] -- Using all available rosidl_typesupport_c: rosidl_typesupport_fastrtps_c;rosidl_typesupport_introspection_c
[0.190s] -- Using all available rosidl_typesupport_cpp: rosidl_typesupport_fastrtps_cpp;rosidl_typesupport_introspection_cpp
[0.244s] -- Found rmw_implementation_cmake: 6.1.1 (/opt/ros/humble/share/rmw_implementation_cmake/cmake)
[0.245s] -- Found rmw_fastrtps_cpp: 6.2.6 (/opt/ros/humble/share/rmw_fastrtps_cpp/cmake)
[0.358s] -- Using RMW implementation 'rmw_fastrtps_cpp' as default
[0.508s] -- Found geometry_msgs: 4.2.3 (/opt/ros/humble/share/geometry_msgs/cmake)
[0.551s] -- Found nav_msgs: 4.2.3 (/opt/ros/humble/share/nav_msgs/cmake)
[0.632s] -- Found tf2: 0.25.6 (/opt/ros/humble/share/tf2/cmake)
[0.640s] -- Found tf2_ros: 0.25.6 (/opt/ros/humble/share/tf2_ros/cmake)
[0.950s] -- Found ament_lint_auto: 0.12.10 (/opt/ros/humble/share/ament_lint_auto/cmake)
[1.042s] -- Added test 'cppcheck' to perform static code analysis on C / C++ code
[1.042s] -- Configured cppcheck include dirs: $<BUILD_INTERFACE:/home/mr-cheng/Desktop/Car/Car_Sim2Real/src/robot_bringup/include>
[1.042s] -- Configured cppcheck exclude dirs and/or files: 
[1.043s] -- Added test 'lint_cmake' to check CMake code style
[1.044s] -- Added test 'uncrustify' to check C / C++ code style
[1.044s] -- Configured uncrustify additional arguments: 
[1.044s] -- Added test 'xmllint' to check XML markup files
[1.046s] -- Configuring done
[1.056s] -- Generating done
[1.057s] -- Build files have been written to: /home/mr-cheng/Desktop/Car/Car_Sim2Real/build/robot_bringup
[1.065s] Invoked command in '/home/mr-cheng/Desktop/Car/Car_Sim2Real/build/robot_bringup' returned '0': CMAKE_PREFIX_PATH=${CMAKE_PREFIX_PATH}:/opt/ros/humble /usr/bin/cmake /home/mr-cheng/Desktop/Car/Car_Sim2Real/src/robot_bringup -DCMAKE_INSTALL_PREFIX=/home/mr-cheng/Desktop/Car/Car_Sim2Real/install/robot_bringup
[1.065s] Invoking command in '/home/mr-cheng/Desktop/Car/Car_Sim2Real/build/robot_bringup': CMAKE_PREFIX_PATH=${CMAKE_PREFIX_PATH}:/opt/ros/humble /usr/bin/cmake --build /home/mr-cheng/Desktop/Car/Car_Sim2Real/build/robot_bringup -- -j16 -l16
[1.105s] [ 50%] [32mBuilding CXX object CMakeFiles/robot_bringup.dir/src/robot_bringup.cpp.o[0m
[8.833s] [100%] [32m[1mLinking CXX executable robot_bringup[0m
[9.181s] [100%] Built target robot_bringup
[9.190s] Invoked command in '/home/mr-cheng/Desktop/Car/Car_Sim2Real/build/robot_bringup' returned '0': CMAKE_PREFIX_PATH=${CMAKE_PREFIX_PATH}:/opt/ros/humble /usr/bin/cmake --build /home/mr-cheng/Desktop/Car/Car_Sim2Real/build/robot_bringup -- -j16 -l16
[9.218s] Invoking command in '/home/mr-cheng/Desktop/Car/Car_Sim2Real/build/robot_bringup': CMAKE_PREFIX_PATH=${CMAKE_PREFIX_PATH}:/opt/ros/humble /usr/bin/cmake --install /home/mr-cheng/Desktop/Car/Car_Sim2Real/build/robot_bringup
[9.224s] -- Install configuration: ""
[9.224s] -- Installing: /home/mr-cheng/Desktop/Car/Car_Sim2Real/install/robot_bringup/lib/robot_bringup/robot_bringup
[9.227s] -- Set runtime path of "/home/mr-cheng/Desktop/Car/Car_Sim2Real/install/robot_bringup/lib/robot_bringup/robot_bringup" to ""
[9.227s] -- Installing: /home/mr-cheng/Desktop/Car/Car_Sim2Real/install/robot_bringup/share/ament_index/resource_index/package_run_dependencies/robot_bringup
[9.227s] -- Installing: /home/mr-cheng/Desktop/Car/Car_Sim2Real/install/robot_bringup/share/ament_index/resource_index/parent_prefix_path/robot_bringup
[9.227s] -- Installing: /home/mr-cheng/Desktop/Car/Car_Sim2Real/install/robot_bringup/share/robot_bringup/environment/ament_prefix_path.sh
[9.228s] -- Installing: /home/mr-cheng/Desktop/Car/Car_Sim2Real/install/robot_bringup/share/robot_bringup/environment/ament_prefix_path.dsv
[9.228s] -- Installing: /home/mr-cheng/Desktop/Car/Car_Sim2Real/install/robot_bringup/share/robot_bringup/environment/path.sh
[9.228s] -- Installing: /home/mr-cheng/Desktop/Car/Car_Sim2Real/install/robot_bringup/share/robot_bringup/environment/path.dsv
[9.228s] -- Installing: /home/mr-cheng/Desktop/Car/Car_Sim2Real/install/robot_bringup/share/robot_bringup/local_setup.bash
[9.228s] -- Installing: /home/mr-cheng/Desktop/Car/Car_Sim2Real/install/robot_bringup/share/robot_bringup/local_setup.sh
[9.228s] -- Installing: /home/mr-cheng/Desktop/Car/Car_Sim2Real/install/robot_bringup/share/robot_bringup/local_setup.zsh
[9.228s] -- Installing: /home/mr-cheng/Desktop/Car/Car_Sim2Real/install/robot_bringup/share/robot_bringup/local_setup.dsv
[9.228s] -- Installing: /home/mr-cheng/Desktop/Car/Car_Sim2Real/install/robot_bringup/share/robot_bringup/package.dsv
[9.228s] -- Installing: /home/mr-cheng/Desktop/Car/Car_Sim2Real/install/robot_bringup/share/ament_index/resource_index/packages/robot_bringup
[9.228s] -- Installing: /home/mr-cheng/Desktop/Car/Car_Sim2Real/install/robot_bringup/share/robot_bringup/cmake/robot_bringupConfig.cmake
[9.228s] -- Installing: /home/mr-cheng/Desktop/Car/Car_Sim2Real/install/robot_bringup/share/robot_bringup/cmake/robot_bringupConfig-version.cmake
[9.228s] -- Installing: /home/mr-cheng/Desktop/Car/Car_Sim2Real/install/robot_bringup/share/robot_bringup/package.xml
[9.230s] Invoked command in '/home/mr-cheng/Desktop/Car/Car_Sim2Real/build/robot_bringup' returned '0': CMAKE_PREFIX_PATH=${CMAKE_PREFIX_PATH}:/opt/ros/humble /usr/bin/cmake --install /home/mr-cheng/Desktop/Car/Car_Sim2Real/build/robot_bringup
