[0.815s] Invoking command in '/home/mr-cheng/Documents/ROS2/Car/src/robot_description': PYTHONPATH=/home/mr-cheng/Documents/ROS2/Car/build/robot_description/prefix_override:/home/mr-cheng/Documents/ROS2/Car/install/robot_description/lib/python3.10/site-packages:${PYTHONPATH} /usr/bin/python3 -W ignore:setup.py install is deprecated setup.py egg_info --egg-base ../../build/robot_description build --build-base /home/mr-cheng/Documents/ROS2/Car/build/robot_description/build install --record /home/mr-cheng/Documents/ROS2/Car/build/robot_description/install.log --single-version-externally-managed install_data
[1.074s] running egg_info
[1.092s] writing ../../build/robot_description/robot_description.egg-info/PKG-INFO
[1.092s] writing dependency_links to ../../build/robot_description/robot_description.egg-info/dependency_links.txt
[1.093s] writing requirements to ../../build/robot_description/robot_description.egg-info/requires.txt
[1.093s] writing top-level names to ../../build/robot_description/robot_description.egg-info/top_level.txt
[1.131s] reading manifest file '../../build/robot_description/robot_description.egg-info/SOURCES.txt'
[1.132s] writing manifest file '../../build/robot_description/robot_description.egg-info/SOURCES.txt'
[1.132s] running build
[1.132s] running build_py
[1.132s] copying robot_description/__init__.py -> /home/mr-cheng/Documents/ROS2/Car/build/robot_description/build/lib/robot_description
[1.132s] running install
[1.139s] running install_lib
[1.158s] running install_data
[1.158s] copying resource/robot_description -> /home/mr-cheng/Documents/ROS2/Car/install/robot_description/share/ament_index/resource_index/packages
[1.158s] copying package.xml -> /home/mr-cheng/Documents/ROS2/Car/install/robot_description/share/robot_description
[1.158s] copying launch/gazebo.launch.py -> /home/mr-cheng/Documents/ROS2/Car/install/robot_description/share/robot_description/launch
[1.158s] copying launch/robot_model.launch.py -> /home/mr-cheng/Documents/ROS2/Car/install/robot_description/share/robot_description/launch
[1.159s] copying launch/gazebo.launch.py -> /home/mr-cheng/Documents/ROS2/Car/install/robot_description/share/robot_description/launch
[1.159s] copying launch/robot_model.launch.py -> /home/mr-cheng/Documents/ROS2/Car/install/robot_description/share/robot_description/launch
[1.159s] copying urdf/robot_gazebo.urdf -> /home/mr-cheng/Documents/ROS2/Car/install/robot_description/share/robot_description/urdf
[1.159s] running install_egg_info
[1.179s] removing '/home/mr-cheng/Documents/ROS2/Car/install/robot_description/lib/python3.10/site-packages/robot_description-0.0.0-py3.10.egg-info' (and everything under it)
[1.180s] Copying ../../build/robot_description/robot_description.egg-info to /home/mr-cheng/Documents/ROS2/Car/install/robot_description/lib/python3.10/site-packages/robot_description-0.0.0-py3.10.egg-info
[1.180s] running install_scripts
[1.349s] writing list of installed files to '/home/mr-cheng/Documents/ROS2/Car/build/robot_description/install.log'
[1.369s] Invoked command in '/home/mr-cheng/Documents/ROS2/Car/src/robot_description' returned '0': PYTHONPATH=/home/mr-cheng/Documents/ROS2/Car/build/robot_description/prefix_override:/home/mr-cheng/Documents/ROS2/Car/install/robot_description/lib/python3.10/site-packages:${PYTHONPATH} /usr/bin/python3 -W ignore:setup.py install is deprecated setup.py egg_info --egg-base ../../build/robot_description build --build-base /home/mr-cheng/Documents/ROS2/Car/build/robot_description/build install --record /home/mr-cheng/Documents/ROS2/Car/build/robot_description/install.log --single-version-externally-managed install_data
