[0.929s] Invoking command in '/home/mr-cheng/Documents/ROS2/Car/src/robot_description': PYTHONPATH=/home/mr-cheng/Documents/ROS2/Car/src/robot_description/build/robot_description/prefix_override:/home/mr-cheng/Documents/ROS2/Car/src/robot_description/install/robot_description/lib/python3.10/site-packages:${PYTHONPATH} /usr/bin/python3 -W ignore:setup.py install is deprecated setup.py egg_info --egg-base build/robot_description build --build-base /home/mr-cheng/Documents/ROS2/Car/src/robot_description/build/robot_description/build install --record /home/mr-cheng/Documents/ROS2/Car/src/robot_description/build/robot_description/install.log --single-version-externally-managed install_data
[1.172s] running egg_info
[1.172s] creating build/robot_description/robot_description.egg-info
[1.190s] writing build/robot_description/robot_description.egg-info/PKG-INFO
[1.190s] writing dependency_links to build/robot_description/robot_description.egg-info/dependency_links.txt
[1.191s] writing requirements to build/robot_description/robot_description.egg-info/requires.txt
[1.191s] writing top-level names to build/robot_description/robot_description.egg-info/top_level.txt
[1.191s] writing manifest file 'build/robot_description/robot_description.egg-info/SOURCES.txt'
[1.228s] reading manifest file 'build/robot_description/robot_description.egg-info/SOURCES.txt'
[1.229s] writing manifest file 'build/robot_description/robot_description.egg-info/SOURCES.txt'
[1.229s] running build
[1.229s] running build_py
[1.230s] creating /home/mr-cheng/Documents/ROS2/Car/src/robot_description/build/robot_description/build
[1.230s] creating /home/mr-cheng/Documents/ROS2/Car/src/robot_description/build/robot_description/build/lib
[1.230s] creating /home/mr-cheng/Documents/ROS2/Car/src/robot_description/build/robot_description/build/lib/robot_description
[1.230s] copying robot_description/__init__.py -> /home/mr-cheng/Documents/ROS2/Car/src/robot_description/build/robot_description/build/lib/robot_description
[1.230s] running install
[1.235s] running install_lib
[1.254s] creating /home/mr-cheng/Documents/ROS2/Car/src/robot_description/install/robot_description/lib/python3.10/site-packages/robot_description
[1.255s] copying /home/mr-cheng/Documents/ROS2/Car/src/robot_description/build/robot_description/build/lib/robot_description/__init__.py -> /home/mr-cheng/Documents/ROS2/Car/src/robot_description/install/robot_description/lib/python3.10/site-packages/robot_description
[1.255s] byte-compiling /home/mr-cheng/Documents/ROS2/Car/src/robot_description/install/robot_description/lib/python3.10/site-packages/robot_description/__init__.py to __init__.cpython-310.pyc
[1.255s] running install_data
[1.255s] creating /home/mr-cheng/Documents/ROS2/Car/src/robot_description/install/robot_description/share/ament_index
[1.255s] creating /home/mr-cheng/Documents/ROS2/Car/src/robot_description/install/robot_description/share/ament_index/resource_index
[1.255s] creating /home/mr-cheng/Documents/ROS2/Car/src/robot_description/install/robot_description/share/ament_index/resource_index/packages
[1.256s] copying resource/robot_description -> /home/mr-cheng/Documents/ROS2/Car/src/robot_description/install/robot_description/share/ament_index/resource_index/packages
[1.256s] copying package.xml -> /home/mr-cheng/Documents/ROS2/Car/src/robot_description/install/robot_description/share/robot_description
[1.256s] creating /home/mr-cheng/Documents/ROS2/Car/src/robot_description/install/robot_description/share/robot_description/launch
[1.256s] copying launch/gazebo.launch.py -> /home/mr-cheng/Documents/ROS2/Car/src/robot_description/install/robot_description/share/robot_description/launch
[1.256s] copying launch/robot_model.launch.py -> /home/mr-cheng/Documents/ROS2/Car/src/robot_description/install/robot_description/share/robot_description/launch
[1.256s] copying launch/gazebo.launch.py -> /home/mr-cheng/Documents/ROS2/Car/src/robot_description/install/robot_description/share/robot_description/launch
[1.256s] copying launch/robot_model.launch.py -> /home/mr-cheng/Documents/ROS2/Car/src/robot_description/install/robot_description/share/robot_description/launch
[1.256s] creating /home/mr-cheng/Documents/ROS2/Car/src/robot_description/install/robot_description/share/robot_description/urdf
[1.256s] copying urdf/robot_gazebo.urdf -> /home/mr-cheng/Documents/ROS2/Car/src/robot_description/install/robot_description/share/robot_description/urdf
[1.257s] creating /home/mr-cheng/Documents/ROS2/Car/src/robot_description/install/robot_description/share/robot_description/world
[1.257s] running install_egg_info
[1.276s] Copying build/robot_description/robot_description.egg-info to /home/mr-cheng/Documents/ROS2/Car/src/robot_description/install/robot_description/lib/python3.10/site-packages/robot_description-0.0.0-py3.10.egg-info
[1.277s] running install_scripts
[1.443s] writing list of installed files to '/home/mr-cheng/Documents/ROS2/Car/src/robot_description/build/robot_description/install.log'
[1.461s] Invoked command in '/home/mr-cheng/Documents/ROS2/Car/src/robot_description' returned '0': PYTHONPATH=/home/mr-cheng/Documents/ROS2/Car/src/robot_description/build/robot_description/prefix_override:/home/mr-cheng/Documents/ROS2/Car/src/robot_description/install/robot_description/lib/python3.10/site-packages:${PYTHONPATH} /usr/bin/python3 -W ignore:setup.py install is deprecated setup.py egg_info --egg-base build/robot_description build --build-base /home/mr-cheng/Documents/ROS2/Car/src/robot_description/build/robot_description/build install --record /home/mr-cheng/Documents/ROS2/Car/src/robot_description/build/robot_description/install.log --single-version-externally-managed install_data
