[0.009s] Invoking command in '/home/mr-cheng/Desktop/Car/Car_Sim2Real/build/slam_gmapping': AMENT_PREFIX_PATH=/home/mr-cheng/Desktop/Car/Car_Sim2Real/install/openslam_gmapping:${AMENT_PREFIX_PATH} CMAKE_PREFIX_PATH=/home/mr-cheng/Desktop/Car/Car_Sim2Real/install/openslam_gmapping:/home/mr-cheng/Bag/fastdds/install/fastrtps:/home/mr-cheng/Bag/fastdds/install/foonathan_memory_vendor:/home/mr-cheng/Bag/fastdds/install/fastcdr:/opt/ros/humble LD_LIBRARY_PATH=/home/mr-cheng/Desktop/Car/Car_Sim2Real/install/openslam_gmapping/lib:${LD_LIBRARY_PATH} /usr/bin/cmake /home/mr-cheng/Desktop/Car/Car_Sim2Real/src/slam_gmapping/slam_gmapping -DCMAKE_INSTALL_PREFIX=/home/mr-cheng/Desktop/Car/Car_Sim2Real/install/slam_gmapping
[0.067s] -- The C compiler identification is GNU 11.4.0
[0.112s] -- The CXX compiler identification is GNU 11.4.0
[0.118s] -- Detecting C compiler ABI info
[0.172s] -- Detecting C compiler ABI info - done
[0.181s] -- Check for working C compiler: /usr/bin/cc - skipped
[0.181s] -- Detecting C compile features
[0.182s] -- Detecting C compile features - done
[0.185s] -- Detecting CXX compiler ABI info
[0.279s] -- Detecting CXX compiler ABI info - done
[0.289s] -- Check for working CXX compiler: /usr/bin/c++ - skipped
[0.289s] -- Detecting CXX compile features
[0.290s] -- Detecting CXX compile features - done
[0.291s] [0m -fuse-ld=lld -Wl,--disable-new-dtags[0m
[0.293s] -- Found ament_cmake: 1.3.8 (/opt/ros/humble/share/ament_cmake/cmake)
[0.440s] -- Found Python3: /usr/bin/python3 (found version "3.10.12") found components: Interpreter 
[0.518s] -- Found std_msgs: 4.2.3 (/opt/ros/humble/share/std_msgs/cmake)
[0.563s] -- Found rosidl_generator_c: 3.1.5 (/opt/ros/humble/share/rosidl_generator_c/cmake)
[0.569s] -- Found rosidl_adapter: 3.1.5 (/opt/ros/humble/share/rosidl_adapter/cmake)
[0.580s] -- Found rosidl_generator_cpp: 3.1.5 (/opt/ros/humble/share/rosidl_generator_cpp/cmake)
[0.598s] -- Using all available rosidl_typesupport_c: rosidl_typesupport_fastrtps_c;rosidl_typesupport_introspection_c
[0.621s] -- Using all available rosidl_typesupport_cpp: rosidl_typesupport_fastrtps_cpp;rosidl_typesupport_introspection_cpp
[0.682s] -- Found nav_msgs: 4.2.3 (/opt/ros/humble/share/nav_msgs/cmake)
[0.815s] -- Found tf2: 0.25.6 (/opt/ros/humble/share/tf2/cmake)
[0.833s] -- Found tf2_ros: 0.25.6 (/opt/ros/humble/share/tf2_ros/cmake)
[0.970s] -- Found rmw_implementation_cmake: 6.1.1 (/opt/ros/humble/share/rmw_implementation_cmake/cmake)
[0.974s] -- Found rmw_fastrtps_cpp: 6.2.6 (/opt/ros/humble/share/rmw_fastrtps_cpp/cmake)
[1.085s] -- Found OpenSSL: /usr/lib/x86_64-linux-gnu/libcrypto.so (found version "3.0.2")  
[1.115s] -- Found FastRTPS: /home/mr-cheng/Bag/fastdds/install/fastrtps/include  
[1.159s] -- Using RMW implementation 'rmw_fastrtps_cpp' as default
[1.172s] -- Looking for pthread.h
[1.231s] -- Looking for pthread.h - found
[1.231s] -- Performing Test CMAKE_HAVE_LIBC_PTHREAD
[1.302s] -- Performing Test CMAKE_HAVE_LIBC_PTHREAD - Success
[1.303s] -- Found Threads: TRUE  
[1.743s] -- Found tf2_geometry_msgs: 0.25.6 (/opt/ros/humble/share/tf2_geometry_msgs/cmake)
[1.762s] -- Found eigen3_cmake_module: 0.1.1 (/opt/ros/humble/share/eigen3_cmake_module/cmake)
[1.764s] -- Found Eigen3: TRUE (found version "3.4.0") 
[1.764s] -- Ensuring Eigen3 include directory is part of orocos-kdl CMake target
[1.775s] -- Found sensor_msgs: 4.2.3 (/opt/ros/humble/share/sensor_msgs/cmake)
[1.866s] -- Found visualization_msgs: 4.2.3 (/opt/ros/humble/share/visualization_msgs/cmake)
[1.988s] -- Found openslam_gmapping: 0.1.2 (/home/mr-cheng/Desktop/Car/Car_Sim2Real/install/openslam_gmapping/share/openslam_gmapping/cmake)
[1.991s] -- Found ament_lint_auto: 0.12.10 (/opt/ros/humble/share/ament_lint_auto/cmake)
[2.077s] -- Added test 'cppcheck' to perform static code analysis on C / C++ code
[2.077s] -- Configured cppcheck include dirs: /home/mr-cheng/Desktop/Car/Car_Sim2Real/src/slam_gmapping/slam_gmapping/include
[2.077s] -- Configured cppcheck exclude dirs and/or files: 
[2.078s] -- Added test 'flake8' to check Python code syntax and style conventions
[2.078s] -- Added test 'lint_cmake' to check CMake code style
[2.079s] -- Added test 'pep257' to check Python code against some of the docstring style conventions in PEP 257
[2.080s] -- Added test 'uncrustify' to check C / C++ code style
[2.080s] -- Configured uncrustify additional arguments: 
[2.080s] -- Added test 'xmllint' to check XML markup files
[2.081s] -- Configuring done
[2.091s] -- Generating done
[2.093s] -- Build files have been written to: /home/mr-cheng/Desktop/Car/Car_Sim2Real/build/slam_gmapping
[2.102s] Invoked command in '/home/mr-cheng/Desktop/Car/Car_Sim2Real/build/slam_gmapping' returned '0': AMENT_PREFIX_PATH=/home/mr-cheng/Desktop/Car/Car_Sim2Real/install/openslam_gmapping:${AMENT_PREFIX_PATH} CMAKE_PREFIX_PATH=/home/mr-cheng/Desktop/Car/Car_Sim2Real/install/openslam_gmapping:/home/mr-cheng/Bag/fastdds/install/fastrtps:/home/mr-cheng/Bag/fastdds/install/foonathan_memory_vendor:/home/mr-cheng/Bag/fastdds/install/fastcdr:/opt/ros/humble LD_LIBRARY_PATH=/home/mr-cheng/Desktop/Car/Car_Sim2Real/install/openslam_gmapping/lib:${LD_LIBRARY_PATH} /usr/bin/cmake /home/mr-cheng/Desktop/Car/Car_Sim2Real/src/slam_gmapping/slam_gmapping -DCMAKE_INSTALL_PREFIX=/home/mr-cheng/Desktop/Car/Car_Sim2Real/install/slam_gmapping
[2.102s] Invoking command in '/home/mr-cheng/Desktop/Car/Car_Sim2Real/build/slam_gmapping': AMENT_PREFIX_PATH=/home/mr-cheng/Desktop/Car/Car_Sim2Real/install/openslam_gmapping:${AMENT_PREFIX_PATH} CMAKE_PREFIX_PATH=/home/mr-cheng/Desktop/Car/Car_Sim2Real/install/openslam_gmapping:/home/mr-cheng/Bag/fastdds/install/fastrtps:/home/mr-cheng/Bag/fastdds/install/foonathan_memory_vendor:/home/mr-cheng/Bag/fastdds/install/fastcdr:/opt/ros/humble LD_LIBRARY_PATH=/home/mr-cheng/Desktop/Car/Car_Sim2Real/install/openslam_gmapping/lib:${LD_LIBRARY_PATH} /usr/bin/cmake --build /home/mr-cheng/Desktop/Car/Car_Sim2Real/build/slam_gmapping -- -j16 -l16
[2.143s] [ 50%] [32mBuilding CXX object CMakeFiles/slam_gmapping.dir/src/slam_gmapping.cpp.o[0m
[2.454s] In file included from [01m[K/home/mr-cheng/Desktop/Car/Car_Sim2Real/src/slam_gmapping/slam_gmapping/include/slam_gmapping/slam_gmapping.h:38[m[K,
[2.454s]                  from [01m[K/home/mr-cheng/Desktop/Car/Car_Sim2Real/src/slam_gmapping/slam_gmapping/src/slam_gmapping.cpp:24[m[K:
[2.454s] [01m[K/opt/ros/humble/include/tf2_geometry_msgs/tf2_geometry_msgs/tf2_geometry_msgs.h:35:2:[m[K [01;35m[Kwarning: [m[K#warning This header is obsolete, please include tf2_geometry_msgs/tf2_geometry_msgs.hpp instead [[01;35m[K]8;;https://gcc.gnu.org/onlinedocs/gcc/Warning-Options.html#index-Wcpp-Wcpp]8;;[m[K]
[2.454s]    35 | #[01;35m[Kwarning[m[K This header is obsolete, please include tf2_geometry_msgs/tf2_geometry_msgs.hpp instead
[2.454s]       |  [01;35m[K^~~~~~~[m[K
[4.603s] In file included from [01m[K/home/mr-cheng/Desktop/Car/Car_Sim2Real/install/openslam_gmapping/include/gmapping/gridfastslam/gridslamprocessor.h:9[m[K,
[4.603s]                  from [01m[K/home/mr-cheng/Desktop/Car/Car_Sim2Real/src/slam_gmapping/slam_gmapping/include/slam_gmapping/slam_gmapping.h:45[m[K,
[4.603s]                  from [01m[K/home/mr-cheng/Desktop/Car/Car_Sim2Real/src/slam_gmapping/slam_gmapping/src/slam_gmapping.cpp:24[m[K:
[4.603s] [01m[K/home/mr-cheng/Desktop/Car/Car_Sim2Real/install/openslam_gmapping/include/gmapping/particlefilter/particlefilter.h:[m[K In function ‘[01m[Kvoid rle(OutputIterator&, const Iterator&, const Iterator&)[m[K’:
[4.603s] [01m[K/home/mr-cheng/Desktop/Car/Car_Sim2Real/install/openslam_gmapping/include/gmapping/particlefilter/particlefilter.h:140:9:[m[K [01;35m[Kwarning: [m[Kthis ‘[01m[Kif[m[K’ clause does not guard... [[01;35m[K]8;;https://gcc.gnu.org/onlinedocs/gcc/Warning-Options.html#index-Wmisleading-indentation-Wmisleading-indentation]8;;[m[K]
[4.603s]   140 |         [01;35m[Kif[m[K (count>0)
[4.603s]       |         [01;35m[K^~[m[K
[4.603s] [01m[K/home/mr-cheng/Desktop/Car/Car_Sim2Real/install/openslam_gmapping/include/gmapping/particlefilter/particlefilter.h:142:17:[m[K [01;36m[Knote: [m[K...this statement, but the latter is misleadingly indented as if it were guarded by the ‘[01m[Kif[m[K’
[4.603s]   142 |                 [01;36m[Kout[m[K++;
[4.603s]       |                 [01;36m[K^~~[m[K
[12.677s] [100%] [32m[1mLinking CXX executable slam_gmapping[0m
[13.153s] [100%] Built target slam_gmapping
[13.162s] Invoked command in '/home/mr-cheng/Desktop/Car/Car_Sim2Real/build/slam_gmapping' returned '0': AMENT_PREFIX_PATH=/home/mr-cheng/Desktop/Car/Car_Sim2Real/install/openslam_gmapping:${AMENT_PREFIX_PATH} CMAKE_PREFIX_PATH=/home/mr-cheng/Desktop/Car/Car_Sim2Real/install/openslam_gmapping:/home/mr-cheng/Bag/fastdds/install/fastrtps:/home/mr-cheng/Bag/fastdds/install/foonathan_memory_vendor:/home/mr-cheng/Bag/fastdds/install/fastcdr:/opt/ros/humble LD_LIBRARY_PATH=/home/mr-cheng/Desktop/Car/Car_Sim2Real/install/openslam_gmapping/lib:${LD_LIBRARY_PATH} /usr/bin/cmake --build /home/mr-cheng/Desktop/Car/Car_Sim2Real/build/slam_gmapping -- -j16 -l16
[13.182s] Invoking command in '/home/mr-cheng/Desktop/Car/Car_Sim2Real/build/slam_gmapping': AMENT_PREFIX_PATH=/home/mr-cheng/Desktop/Car/Car_Sim2Real/install/openslam_gmapping:${AMENT_PREFIX_PATH} CMAKE_PREFIX_PATH=/home/mr-cheng/Desktop/Car/Car_Sim2Real/install/openslam_gmapping:/home/mr-cheng/Bag/fastdds/install/fastrtps:/home/mr-cheng/Bag/fastdds/install/foonathan_memory_vendor:/home/mr-cheng/Bag/fastdds/install/fastcdr:/opt/ros/humble LD_LIBRARY_PATH=/home/mr-cheng/Desktop/Car/Car_Sim2Real/install/openslam_gmapping/lib:${LD_LIBRARY_PATH} /usr/bin/cmake --install /home/mr-cheng/Desktop/Car/Car_Sim2Real/build/slam_gmapping
[13.188s] -- Install configuration: ""
[13.188s] -- Installing: /home/mr-cheng/Desktop/Car/Car_Sim2Real/install/slam_gmapping/lib/slam_gmapping/slam_gmapping
[13.191s] -- Set runtime path of "/home/mr-cheng/Desktop/Car/Car_Sim2Real/install/slam_gmapping/lib/slam_gmapping/slam_gmapping" to ""
[13.191s] -- Installing: /home/mr-cheng/Desktop/Car/Car_Sim2Real/install/slam_gmapping/share/slam_gmapping/launch
[13.192s] -- Installing: /home/mr-cheng/Desktop/Car/Car_Sim2Real/install/slam_gmapping/share/slam_gmapping/launch/slam_gmapping.launch.py
[13.192s] -- Installing: /home/mr-cheng/Desktop/Car/Car_Sim2Real/install/slam_gmapping/share/ament_index/resource_index/package_run_dependencies/slam_gmapping
[13.192s] -- Installing: /home/mr-cheng/Desktop/Car/Car_Sim2Real/install/slam_gmapping/share/ament_index/resource_index/parent_prefix_path/slam_gmapping
[13.192s] -- Installing: /home/mr-cheng/Desktop/Car/Car_Sim2Real/install/slam_gmapping/share/slam_gmapping/environment/ament_prefix_path.sh
[13.192s] -- Installing: /home/mr-cheng/Desktop/Car/Car_Sim2Real/install/slam_gmapping/share/slam_gmapping/environment/ament_prefix_path.dsv
[13.192s] -- Installing: /home/mr-cheng/Desktop/Car/Car_Sim2Real/install/slam_gmapping/share/slam_gmapping/environment/path.sh
[13.192s] -- Installing: /home/mr-cheng/Desktop/Car/Car_Sim2Real/install/slam_gmapping/share/slam_gmapping/environment/path.dsv
[13.192s] -- Installing: /home/mr-cheng/Desktop/Car/Car_Sim2Real/install/slam_gmapping/share/slam_gmapping/local_setup.bash
[13.192s] -- Installing: /home/mr-cheng/Desktop/Car/Car_Sim2Real/install/slam_gmapping/share/slam_gmapping/local_setup.sh
[13.192s] -- Installing: /home/mr-cheng/Desktop/Car/Car_Sim2Real/install/slam_gmapping/share/slam_gmapping/local_setup.zsh
[13.192s] -- Installing: /home/mr-cheng/Desktop/Car/Car_Sim2Real/install/slam_gmapping/share/slam_gmapping/local_setup.dsv
[13.193s] -- Installing: /home/mr-cheng/Desktop/Car/Car_Sim2Real/install/slam_gmapping/share/slam_gmapping/package.dsv
[13.193s] -- Installing: /home/mr-cheng/Desktop/Car/Car_Sim2Real/install/slam_gmapping/share/ament_index/resource_index/packages/slam_gmapping
[13.193s] -- Installing: /home/mr-cheng/Desktop/Car/Car_Sim2Real/install/slam_gmapping/share/slam_gmapping/cmake/slam_gmappingConfig.cmake
[13.193s] -- Installing: /home/mr-cheng/Desktop/Car/Car_Sim2Real/install/slam_gmapping/share/slam_gmapping/cmake/slam_gmappingConfig-version.cmake
[13.193s] -- Installing: /home/mr-cheng/Desktop/Car/Car_Sim2Real/install/slam_gmapping/share/slam_gmapping/package.xml
[13.195s] Invoked command in '/home/mr-cheng/Desktop/Car/Car_Sim2Real/build/slam_gmapping' returned '0': AMENT_PREFIX_PATH=/home/mr-cheng/Desktop/Car/Car_Sim2Real/install/openslam_gmapping:${AMENT_PREFIX_PATH} CMAKE_PREFIX_PATH=/home/mr-cheng/Desktop/Car/Car_Sim2Real/install/openslam_gmapping:/home/mr-cheng/Bag/fastdds/install/fastrtps:/home/mr-cheng/Bag/fastdds/install/foonathan_memory_vendor:/home/mr-cheng/Bag/fastdds/install/fastcdr:/opt/ros/humble LD_LIBRARY_PATH=/home/mr-cheng/Desktop/Car/Car_Sim2Real/install/openslam_gmapping/lib:${LD_LIBRARY_PATH} /usr/bin/cmake --install /home/mr-cheng/Desktop/Car/Car_Sim2Real/build/slam_gmapping
