[0.283s] Invoking command in '/home/mr-cheng/Documents/ROS2/Car/build/slam_gmapping': CMAKE_PREFIX_PATH=${CMAKE_PREFIX_PATH}:/home/mr-cheng/Documents/ROS2/Car/install/robot_description:/opt/ros/humble CONDA_PROMPT_MODIFIER=(base) /usr/bin/cmake --build /home/mr-cheng/Documents/ROS2/Car/build/slam_gmapping -- -j16 -l16
[0.307s] [0m -fuse-ld=lld -Wl,--disable-new-dtags[0m
[0.307s] -- Found ament_cmake: 1.3.8 (/opt/ros/humble/share/ament_cmake/cmake)
[0.596s] -- Found Python3: /home/mr-cheng/Bag/miniconda3/bin/python3 (found version "3.12.1") found components: Interpreter 
[0.674s] -- Found std_msgs: 4.2.3 (/opt/ros/humble/share/std_msgs/cmake)
[0.715s] -- Found rosidl_generator_c: 3.1.5 (/opt/ros/humble/share/rosidl_generator_c/cmake)
[0.719s] -- Found rosidl_adapter: 3.1.5 (/opt/ros/humble/share/rosidl_adapter/cmake)
[0.727s] -- Found rosidl_generator_cpp: 3.1.5 (/opt/ros/humble/share/rosidl_generator_cpp/cmake)
[0.742s] -- Using all available rosidl_typesupport_c: rosidl_typesupport_fastrtps_c;rosidl_typesupport_introspection_c
[0.762s] -- Using all available rosidl_typesupport_cpp: rosidl_typesupport_fastrtps_cpp;rosidl_typesupport_introspection_cpp
[0.819s] -- Found nav_msgs: 4.2.3 (/opt/ros/humble/share/nav_msgs/cmake)
[0.945s] -- Found tf2: 0.25.6 (/opt/ros/humble/share/tf2/cmake)
[0.955s] -- Found tf2_ros: 0.25.6 (/opt/ros/humble/share/tf2_ros/cmake)
[1.093s] -- Found rmw_implementation_cmake: 6.1.1 (/opt/ros/humble/share/rmw_implementation_cmake/cmake)
[1.095s] -- Found rmw_fastrtps_cpp: 6.2.6 (/opt/ros/humble/share/rmw_fastrtps_cpp/cmake)
[1.227s] -- Using RMW implementation 'rmw_fastrtps_cpp' as default
[1.642s] -- Found tf2_geometry_msgs: 0.25.6 (/opt/ros/humble/share/tf2_geometry_msgs/cmake)
[1.647s] -- Found eigen3_cmake_module: 0.1.1 (/opt/ros/humble/share/eigen3_cmake_module/cmake)
[1.649s] -- Ensuring Eigen3 include directory is part of orocos-kdl CMake target
[1.658s] -- Found sensor_msgs: 4.2.3 (/opt/ros/humble/share/sensor_msgs/cmake)
[1.742s] -- Found visualization_msgs: 4.2.3 (/opt/ros/humble/share/visualization_msgs/cmake)
[1.873s] [31mCMake Error at CMakeLists.txt:30 (find_package):
[1.873s]   By not providing "Findopenslam_gmapping.cmake" in CMAKE_MODULE_PATH this
[1.873s]   project has asked CMake to find a package configuration file provided by
[1.873s]   "openslam_gmapping", but CMake did not find one.
[1.873s] 
[1.873s]   Could not find a package configuration file provided by "openslam_gmapping"
[1.873s]   with any of the following names:
[1.873s] 
[1.873s]     openslam_gmappingConfig.cmake
[1.873s]     openslam_gmapping-config.cmake
[1.873s] 
[1.874s]   Add the installation prefix of "openslam_gmapping" to CMAKE_PREFIX_PATH or
[1.874s]   set "openslam_gmapping_DIR" to a directory containing one of the above
[1.874s]   files.  If "openslam_gmapping" provides a separate development package or
[1.874s]   SDK, be sure it has been installed.
[1.874s] 
[1.874s] [0m
[1.874s] -- Configuring incomplete, errors occurred!
[1.874s] See also "/home/mr-cheng/Documents/ROS2/Car/build/slam_gmapping/CMakeFiles/CMakeOutput.log".
[1.879s] gmake: *** [Makefile:267: cmake_check_build_system] Error 1
[1.880s] Invoked command in '/home/mr-cheng/Documents/ROS2/Car/build/slam_gmapping' returned '2': CMAKE_PREFIX_PATH=${CMAKE_PREFIX_PATH}:/home/mr-cheng/Documents/ROS2/Car/install/robot_description:/opt/ros/humble CONDA_PROMPT_MODIFIER=(base) /usr/bin/cmake --build /home/mr-cheng/Documents/ROS2/Car/build/slam_gmapping -- -j16 -l16
