running egg_info
writing ../../build/robot_description/robot_description.egg-info/PKG-INFO
writing dependency_links to ../../build/robot_description/robot_description.egg-info/dependency_links.txt
writing requirements to ../../build/robot_description/robot_description.egg-info/requires.txt
writing top-level names to ../../build/robot_description/robot_description.egg-info/top_level.txt
reading manifest file '../../build/robot_description/robot_description.egg-info/SOURCES.txt'
writing manifest file '../../build/robot_description/robot_description.egg-info/SOURCES.txt'
running build
running build_py
copying robot_description/__init__.py -> /home/mr-cheng/Desktop/Car/Car_Sim2Real/build/robot_description/build/lib/robot_description
running install
running install_lib
running install_data
copying resource/robot_description -> /home/mr-cheng/Desktop/Car/Car_Sim2Real/install/robot_description/share/ament_index/resource_index/packages
copying package.xml -> /home/mr-cheng/Desktop/Car/Car_Sim2Real/install/robot_description/share/robot_description
copying launch/robot_description.launch.py -> /home/mr-cheng/Desktop/Car/Car_Sim2Real/install/robot_description/share/robot_description/launch
copying urdf/装配体2.SLDASM.csv -> /home/mr-cheng/Desktop/Car/Car_Sim2Real/install/robot_description/share/robot_description/urdf
copying urdf/装配体2.SLDASM.urdf -> /home/mr-cheng/Desktop/Car/Car_Sim2Real/install/robot_description/share/robot_description/urdf
copying meshes/Laser_Link.STL -> /home/mr-cheng/Desktop/Car/Car_Sim2Real/install/robot_description/share/robot_description/meshes
copying meshes/Imu_Link.STL -> /home/mr-cheng/Desktop/Car/Car_Sim2Real/install/robot_description/share/robot_description/meshes
copying meshes/base_link.STL -> /home/mr-cheng/Desktop/Car/Car_Sim2Real/install/robot_description/share/robot_description/meshes
running install_egg_info
removing '/home/mr-cheng/Desktop/Car/Car_Sim2Real/install/robot_description/lib/python3.10/site-packages/robot_description-0.0.0-py3.10.egg-info' (and everything under it)
Copying ../../build/robot_description/robot_description.egg-info to /home/mr-cheng/Desktop/Car/Car_Sim2Real/install/robot_description/lib/python3.10/site-packages/robot_description-0.0.0-py3.10.egg-info
running install_scripts
writing list of installed files to '/home/mr-cheng/Desktop/Car/Car_Sim2Real/build/robot_description/install.log'
