[0.209s] Invoking command in '/home/mr-cheng/Documents/ROS2/Car/build/openslam_gmapping': CMAKE_PREFIX_PATH=${CMAKE_PREFIX_PATH}:/home/mr-cheng/Documents/ROS2/Car/install/robot_description:/opt/ros/humble /usr/bin/cmake --build /home/mr-cheng/Documents/ROS2/Car/build/openslam_gmapping -- -j16 -l16
[0.240s] [35m[1mConsolidate compiler generated dependencies of target sensor_base[0m
[0.240s] [35m[1mConsolidate compiler generated dependencies of target utils[0m
[0.251s] [ 27%] Built target sensor_base
[0.251s] [ 27%] Built target utils
[0.259s] [35m[1mConsolidate compiler generated dependencies of target sensor_odometry[0m
[0.260s] [35m[1mConsolidate compiler generated dependencies of target sensor_range[0m
[0.271s] [ 54%] Built target sensor_odometry
[0.271s] [ 54%] Built target sensor_range
[0.280s] [35m[1mConsolidate compiler generated dependencies of target scanmatcher[0m
[0.292s] [ 77%] Built target scanmatcher
[0.301s] [35m[1mConsolidate compiler generated dependencies of target gridfastslam[0m
[0.313s] [100%] Built target gridfastslam
[0.573s] Invoked command in '/home/mr-cheng/Documents/ROS2/Car/build/openslam_gmapping' returned '0': CMAKE_PREFIX_PATH=${CMAKE_PREFIX_PATH}:/home/mr-cheng/Documents/ROS2/Car/install/robot_description:/opt/ros/humble /usr/bin/cmake --build /home/mr-cheng/Documents/ROS2/Car/build/openslam_gmapping -- -j16 -l16
[0.600s] Invoking command in '/home/mr-cheng/Documents/ROS2/Car/build/openslam_gmapping': CMAKE_PREFIX_PATH=${CMAKE_PREFIX_PATH}:/home/mr-cheng/Documents/ROS2/Car/install/robot_description:/opt/ros/humble /usr/bin/cmake --install /home/mr-cheng/Documents/ROS2/Car/build/openslam_gmapping
[0.606s] -- Install configuration: ""
[0.606s] -- Up-to-date: /home/mr-cheng/Documents/ROS2/Car/install/openslam_gmapping/share/openslam_gmapping/environment/library_path.sh
[0.607s] -- Up-to-date: /home/mr-cheng/Documents/ROS2/Car/install/openslam_gmapping/share/openslam_gmapping/environment/library_path.dsv
[0.607s] -- Up-to-date: /home/mr-cheng/Documents/ROS2/Car/install/openslam_gmapping/include/
[0.607s] -- Up-to-date: /home/mr-cheng/Documents/ROS2/Car/install/openslam_gmapping/include//gmapping
[0.607s] -- Up-to-date: /home/mr-cheng/Documents/ROS2/Car/install/openslam_gmapping/include//gmapping/utils
[0.607s] -- Up-to-date: /home/mr-cheng/Documents/ROS2/Car/install/openslam_gmapping/include//gmapping/utils/point.h
[0.607s] -- Up-to-date: /home/mr-cheng/Documents/ROS2/Car/install/openslam_gmapping/include//gmapping/utils/stat.h
[0.607s] -- Up-to-date: /home/mr-cheng/Documents/ROS2/Car/install/openslam_gmapping/include//gmapping/utils/autoptr.h
[0.607s] -- Up-to-date: /home/mr-cheng/Documents/ROS2/Car/install/openslam_gmapping/include//gmapping/utils/commandline.h
[0.607s] -- Up-to-date: /home/mr-cheng/Documents/ROS2/Car/install/openslam_gmapping/include//gmapping/utils/gvalues.h
[0.607s] -- Up-to-date: /home/mr-cheng/Documents/ROS2/Car/install/openslam_gmapping/include//gmapping/utils/macro_params.h
[0.608s] -- Up-to-date: /home/mr-cheng/Documents/ROS2/Car/install/openslam_gmapping/include//gmapping/particlefilter
[0.608s] -- Up-to-date: /home/mr-cheng/Documents/ROS2/Car/install/openslam_gmapping/include//gmapping/particlefilter/particlefilter.h
[0.608s] -- Up-to-date: /home/mr-cheng/Documents/ROS2/Car/install/openslam_gmapping/include//gmapping/log
[0.608s] -- Up-to-date: /home/mr-cheng/Documents/ROS2/Car/install/openslam_gmapping/include//gmapping/log/sensorlog.h
[0.608s] -- Up-to-date: /home/mr-cheng/Documents/ROS2/Car/install/openslam_gmapping/include//gmapping/log/configuration.h
[0.608s] -- Up-to-date: /home/mr-cheng/Documents/ROS2/Car/install/openslam_gmapping/include//gmapping/scanmatcher
[0.608s] -- Up-to-date: /home/mr-cheng/Documents/ROS2/Car/install/openslam_gmapping/include//gmapping/scanmatcher/smmap.h
[0.608s] -- Up-to-date: /home/mr-cheng/Documents/ROS2/Car/install/openslam_gmapping/include//gmapping/scanmatcher/icp.h
[0.608s] -- Up-to-date: /home/mr-cheng/Documents/ROS2/Car/install/openslam_gmapping/include//gmapping/scanmatcher/scanmatcher.h
[0.608s] -- Up-to-date: /home/mr-cheng/Documents/ROS2/Car/install/openslam_gmapping/include//gmapping/grid
[0.608s] -- Up-to-date: /home/mr-cheng/Documents/ROS2/Car/install/openslam_gmapping/include//gmapping/grid/accessstate.h
[0.608s] -- Up-to-date: /home/mr-cheng/Documents/ROS2/Car/install/openslam_gmapping/include//gmapping/grid/harray2d.h
[0.608s] -- Up-to-date: /home/mr-cheng/Documents/ROS2/Car/install/openslam_gmapping/include//gmapping/grid/array2d.h
[0.609s] -- Up-to-date: /home/mr-cheng/Documents/ROS2/Car/install/openslam_gmapping/include//gmapping/grid/map.h
[0.609s] -- Up-to-date: /home/mr-cheng/Documents/ROS2/Car/install/openslam_gmapping/include//gmapping/sensor
[0.609s] -- Up-to-date: /home/mr-cheng/Documents/ROS2/Car/install/openslam_gmapping/include//gmapping/sensor/sensor_range
[0.609s] -- Up-to-date: /home/mr-cheng/Documents/ROS2/Car/install/openslam_gmapping/include//gmapping/sensor/sensor_range/rangereading.h
[0.609s] -- Up-to-date: /home/mr-cheng/Documents/ROS2/Car/install/openslam_gmapping/include//gmapping/sensor/sensor_range/rangesensor.h
[0.609s] -- Up-to-date: /home/mr-cheng/Documents/ROS2/Car/install/openslam_gmapping/include//gmapping/sensor/sensor_base
[0.609s] -- Up-to-date: /home/mr-cheng/Documents/ROS2/Car/install/openslam_gmapping/include//gmapping/sensor/sensor_base/sensorreading.h
[0.609s] -- Up-to-date: /home/mr-cheng/Documents/ROS2/Car/install/openslam_gmapping/include//gmapping/sensor/sensor_base/sensor.h
[0.609s] -- Up-to-date: /home/mr-cheng/Documents/ROS2/Car/install/openslam_gmapping/include//gmapping/sensor/sensor_odometry
[0.609s] -- Up-to-date: /home/mr-cheng/Documents/ROS2/Car/install/openslam_gmapping/include//gmapping/sensor/sensor_odometry/odometryreading.h
[0.609s] -- Up-to-date: /home/mr-cheng/Documents/ROS2/Car/install/openslam_gmapping/include//gmapping/sensor/sensor_odometry/odometrysensor.h
[0.609s] -- Up-to-date: /home/mr-cheng/Documents/ROS2/Car/install/openslam_gmapping/include//gmapping/gridfastslam
[0.610s] -- Up-to-date: /home/mr-cheng/Documents/ROS2/Car/install/openslam_gmapping/include//gmapping/gridfastslam/gridslamprocessor.h
[0.610s] -- Up-to-date: /home/mr-cheng/Documents/ROS2/Car/install/openslam_gmapping/include//gmapping/gridfastslam/gridslamprocessor.hxx
[0.610s] -- Up-to-date: /home/mr-cheng/Documents/ROS2/Car/install/openslam_gmapping/include//gmapping/gridfastslam/motionmodel.h
[0.610s] -- Up-to-date: /home/mr-cheng/Documents/ROS2/Car/install/openslam_gmapping/share/ament_index/resource_index/package_run_dependencies/openslam_gmapping
[0.611s] -- Up-to-date: /home/mr-cheng/Documents/ROS2/Car/install/openslam_gmapping/share/ament_index/resource_index/parent_prefix_path/openslam_gmapping
[0.611s] -- Up-to-date: /home/mr-cheng/Documents/ROS2/Car/install/openslam_gmapping/share/openslam_gmapping/environment/ament_prefix_path.sh
[0.611s] -- Up-to-date: /home/mr-cheng/Documents/ROS2/Car/install/openslam_gmapping/share/openslam_gmapping/environment/ament_prefix_path.dsv
[0.611s] -- Up-to-date: /home/mr-cheng/Documents/ROS2/Car/install/openslam_gmapping/share/openslam_gmapping/environment/path.sh
[0.611s] -- Up-to-date: /home/mr-cheng/Documents/ROS2/Car/install/openslam_gmapping/share/openslam_gmapping/environment/path.dsv
[0.611s] -- Up-to-date: /home/mr-cheng/Documents/ROS2/Car/install/openslam_gmapping/share/openslam_gmapping/local_setup.bash
[0.612s] -- Up-to-date: /home/mr-cheng/Documents/ROS2/Car/install/openslam_gmapping/share/openslam_gmapping/local_setup.sh
[0.612s] -- Up-to-date: /home/mr-cheng/Documents/ROS2/Car/install/openslam_gmapping/share/openslam_gmapping/local_setup.zsh
[0.612s] -- Up-to-date: /home/mr-cheng/Documents/ROS2/Car/install/openslam_gmapping/share/openslam_gmapping/local_setup.dsv
[0.612s] -- Installing: /home/mr-cheng/Documents/ROS2/Car/install/openslam_gmapping/share/openslam_gmapping/package.dsv
[0.612s] -- Up-to-date: /home/mr-cheng/Documents/ROS2/Car/install/openslam_gmapping/share/ament_index/resource_index/packages/openslam_gmapping
[0.612s] -- Up-to-date: /home/mr-cheng/Documents/ROS2/Car/install/openslam_gmapping/share/openslam_gmapping/cmake/ament_cmake_export_libraries-extras.cmake
[0.613s] -- Up-to-date: /home/mr-cheng/Documents/ROS2/Car/install/openslam_gmapping/share/openslam_gmapping/cmake/ament_cmake_export_include_directories-extras.cmake
[0.613s] -- Up-to-date: /home/mr-cheng/Documents/ROS2/Car/install/openslam_gmapping/share/openslam_gmapping/cmake/openslam_gmappingConfig.cmake
[0.613s] -- Up-to-date: /home/mr-cheng/Documents/ROS2/Car/install/openslam_gmapping/share/openslam_gmapping/cmake/openslam_gmappingConfig-version.cmake
[0.613s] -- Up-to-date: /home/mr-cheng/Documents/ROS2/Car/install/openslam_gmapping/share/openslam_gmapping/package.xml
[0.613s] -- Up-to-date: /home/mr-cheng/Documents/ROS2/Car/install/openslam_gmapping/lib/libgridfastslam.a
[0.613s] -- Up-to-date: /home/mr-cheng/Documents/ROS2/Car/install/openslam_gmapping/lib/libscanmatcher.a
[0.614s] -- Up-to-date: /home/mr-cheng/Documents/ROS2/Car/install/openslam_gmapping/share/openslam_gmapping/environment/library_path.sh
[0.614s] -- Up-to-date: /home/mr-cheng/Documents/ROS2/Car/install/openslam_gmapping/share/openslam_gmapping/environment/library_path.dsv
[0.614s] -- Up-to-date: /home/mr-cheng/Documents/ROS2/Car/install/openslam_gmapping/lib/libsensor_base.a
[0.614s] -- Up-to-date: /home/mr-cheng/Documents/ROS2/Car/install/openslam_gmapping/share/openslam_gmapping/environment/library_path.sh
[0.614s] -- Up-to-date: /home/mr-cheng/Documents/ROS2/Car/install/openslam_gmapping/share/openslam_gmapping/environment/library_path.dsv
[0.615s] -- Up-to-date: /home/mr-cheng/Documents/ROS2/Car/install/openslam_gmapping/lib/libsensor_odometry.a
[0.615s] -- Up-to-date: /home/mr-cheng/Documents/ROS2/Car/install/openslam_gmapping/lib/libsensor_range.a
[0.615s] -- Up-to-date: /home/mr-cheng/Documents/ROS2/Car/install/openslam_gmapping/lib/libutils.a
[0.615s] -- Up-to-date: /home/mr-cheng/Documents/ROS2/Car/install/openslam_gmapping/share/openslam_gmapping/environment/library_path.sh
[0.615s] -- Up-to-date: /home/mr-cheng/Documents/ROS2/Car/install/openslam_gmapping/share/openslam_gmapping/environment/library_path.dsv
[0.615s] Invoked command in '/home/mr-cheng/Documents/ROS2/Car/build/openslam_gmapping' returned '0': CMAKE_PREFIX_PATH=${CMAKE_PREFIX_PATH}:/home/mr-cheng/Documents/ROS2/Car/install/robot_description:/opt/ros/humble /usr/bin/cmake --install /home/mr-cheng/Documents/ROS2/Car/build/openslam_gmapping
