[0.100s] DEBUG:colcon:Command line arguments: ['/usr/bin/colcon', 'build']
[0.100s] DEBUG:colcon:Parsed command line arguments: Namespace(log_base=None, log_level=None, verb_name='build', build_base='build', install_base='install', merge_install=False, symlink_install=False, test_result_base=None, continue_on_error=False, executor='parallel', parallel_workers=16, event_handlers=None, ignore_user_meta=False, metas=['./colcon.meta'], base_paths=['.'], packages_ignore=None, packages_ignore_regex=None, paths=None, packages_up_to=None, packages_up_to_regex=None, packages_above=None, packages_above_and_dependencies=None, packages_above_depth=None, packages_select_by_dep=None, packages_skip_by_dep=None, packages_skip_up_to=None, packages_select_build_failed=False, packages_skip_build_finished=False, packages_select_test_failures=False, packages_skip_test_passed=False, packages_select=None, packages_skip=None, packages_select_regex=None, packages_skip_regex=None, packages_start=None, packages_end=None, allow_overriding=[], cmake_args=None, cmake_target=None, cmake_target_skip_unavailable=False, cmake_clean_cache=False, cmake_clean_first=False, cmake_force_configure=False, ament_cmake_args=None, catkin_cmake_args=None, catkin_skip_building_tests=False, verb_parser=<colcon_defaults.argument_parser.defaults.DefaultArgumentsDecorator object at 0x727bb474ef20>, verb_extension=<colcon_core.verb.build.BuildVerb object at 0x727bb48479a0>, main=<bound method BuildVerb.main of <colcon_core.verb.build.BuildVerb object at 0x727bb48479a0>>)
[0.205s] Level 1:colcon.colcon_core.package_discovery:discover_packages(colcon_meta) check parameters
[0.205s] Level 1:colcon.colcon_core.package_discovery:discover_packages(recursive) check parameters
[0.205s] Level 1:colcon.colcon_core.package_discovery:discover_packages(ignore) check parameters
[0.205s] Level 1:colcon.colcon_core.package_discovery:discover_packages(path) check parameters
[0.205s] Level 1:colcon.colcon_core.package_discovery:discover_packages(colcon_meta) discover
[0.205s] Level 1:colcon.colcon_core.package_discovery:discover_packages(recursive) discover
[0.205s] INFO:colcon.colcon_core.package_discovery:Crawling recursively for packages in '/home/mr-cheng/Desktop/Car/Car_Sim2Real'
[0.205s] Level 1:colcon.colcon_core.package_identification:_identify(.) by extensions ['ignore', 'ignore_ament_install']
[0.205s] Level 1:colcon.colcon_core.package_identification:_identify(.) by extension 'ignore'
[0.205s] Level 1:colcon.colcon_core.package_identification:_identify(.) by extension 'ignore_ament_install'
[0.206s] Level 1:colcon.colcon_core.package_identification:_identify(.) by extensions ['colcon_pkg']
[0.206s] Level 1:colcon.colcon_core.package_identification:_identify(.) by extension 'colcon_pkg'
[0.206s] Level 1:colcon.colcon_core.package_identification:_identify(.) by extensions ['colcon_meta']
[0.206s] Level 1:colcon.colcon_core.package_identification:_identify(.) by extension 'colcon_meta'
[0.206s] Level 1:colcon.colcon_core.package_identification:_identify(.) by extensions ['ros']
[0.206s] Level 1:colcon.colcon_core.package_identification:_identify(.) by extension 'ros'
[0.228s] Level 1:colcon.colcon_core.package_identification:_identify(.) by extensions ['cmake', 'python']
[0.228s] Level 1:colcon.colcon_core.package_identification:_identify(.) by extension 'cmake'
[0.228s] Level 1:colcon.colcon_core.package_identification:_identify(.) by extension 'python'
[0.228s] Level 1:colcon.colcon_core.package_identification:_identify(.) by extensions ['python_setup_py']
[0.228s] Level 1:colcon.colcon_core.package_identification:_identify(.) by extension 'python_setup_py'
[0.228s] Level 1:colcon.colcon_core.package_identification:_identify(build) by extensions ['ignore', 'ignore_ament_install']
[0.228s] Level 1:colcon.colcon_core.package_identification:_identify(build) by extension 'ignore'
[0.228s] Level 1:colcon.colcon_core.package_identification:_identify(build) ignored
[0.228s] Level 1:colcon.colcon_core.package_identification:_identify(install) by extensions ['ignore', 'ignore_ament_install']
[0.228s] Level 1:colcon.colcon_core.package_identification:_identify(install) by extension 'ignore'
[0.229s] Level 1:colcon.colcon_core.package_identification:_identify(install) ignored
[0.229s] Level 1:colcon.colcon_core.package_identification:_identify(log) by extensions ['ignore', 'ignore_ament_install']
[0.229s] Level 1:colcon.colcon_core.package_identification:_identify(log) by extension 'ignore'
[0.229s] Level 1:colcon.colcon_core.package_identification:_identify(log) ignored
[0.229s] Level 1:colcon.colcon_core.package_identification:_identify(src) by extensions ['ignore', 'ignore_ament_install']
[0.229s] Level 1:colcon.colcon_core.package_identification:_identify(src) by extension 'ignore'
[0.229s] Level 1:colcon.colcon_core.package_identification:_identify(src) by extension 'ignore_ament_install'
[0.229s] Level 1:colcon.colcon_core.package_identification:_identify(src) by extensions ['colcon_pkg']
[0.229s] Level 1:colcon.colcon_core.package_identification:_identify(src) by extension 'colcon_pkg'
[0.229s] Level 1:colcon.colcon_core.package_identification:_identify(src) by extensions ['colcon_meta']
[0.229s] Level 1:colcon.colcon_core.package_identification:_identify(src) by extension 'colcon_meta'
[0.229s] Level 1:colcon.colcon_core.package_identification:_identify(src) by extensions ['ros']
[0.229s] Level 1:colcon.colcon_core.package_identification:_identify(src) by extension 'ros'
[0.229s] Level 1:colcon.colcon_core.package_identification:_identify(src) by extensions ['cmake', 'python']
[0.229s] Level 1:colcon.colcon_core.package_identification:_identify(src) by extension 'cmake'
[0.229s] Level 1:colcon.colcon_core.package_identification:_identify(src) by extension 'python'
[0.229s] Level 1:colcon.colcon_core.package_identification:_identify(src) by extensions ['python_setup_py']
[0.229s] Level 1:colcon.colcon_core.package_identification:_identify(src) by extension 'python_setup_py'
[0.230s] Level 1:colcon.colcon_core.package_identification:_identify(src/car_nav2) by extensions ['ignore', 'ignore_ament_install']
[0.230s] Level 1:colcon.colcon_core.package_identification:_identify(src/car_nav2) by extension 'ignore'
[0.230s] Level 1:colcon.colcon_core.package_identification:_identify(src/car_nav2) by extension 'ignore_ament_install'
[0.230s] Level 1:colcon.colcon_core.package_identification:_identify(src/car_nav2) by extensions ['colcon_pkg']
[0.230s] Level 1:colcon.colcon_core.package_identification:_identify(src/car_nav2) by extension 'colcon_pkg'
[0.230s] Level 1:colcon.colcon_core.package_identification:_identify(src/car_nav2) by extensions ['colcon_meta']
[0.230s] Level 1:colcon.colcon_core.package_identification:_identify(src/car_nav2) by extension 'colcon_meta'
[0.230s] Level 1:colcon.colcon_core.package_identification:_identify(src/car_nav2) by extensions ['ros']
[0.230s] Level 1:colcon.colcon_core.package_identification:_identify(src/car_nav2) by extension 'ros'
[0.233s] DEBUG:colcon.colcon_core.package_identification:Package 'src/car_nav2' with type 'ros.ament_cmake' and name 'car_nav2'
[0.233s] Level 1:colcon.colcon_core.package_identification:_identify(src/robot_bringup) by extensions ['ignore', 'ignore_ament_install']
[0.233s] Level 1:colcon.colcon_core.package_identification:_identify(src/robot_bringup) by extension 'ignore'
[0.233s] Level 1:colcon.colcon_core.package_identification:_identify(src/robot_bringup) by extension 'ignore_ament_install'
[0.233s] Level 1:colcon.colcon_core.package_identification:_identify(src/robot_bringup) by extensions ['colcon_pkg']
[0.233s] Level 1:colcon.colcon_core.package_identification:_identify(src/robot_bringup) by extension 'colcon_pkg'
[0.233s] Level 1:colcon.colcon_core.package_identification:_identify(src/robot_bringup) by extensions ['colcon_meta']
[0.233s] Level 1:colcon.colcon_core.package_identification:_identify(src/robot_bringup) by extension 'colcon_meta'
[0.234s] Level 1:colcon.colcon_core.package_identification:_identify(src/robot_bringup) by extensions ['ros']
[0.234s] Level 1:colcon.colcon_core.package_identification:_identify(src/robot_bringup) by extension 'ros'
[0.234s] DEBUG:colcon.colcon_core.package_identification:Package 'src/robot_bringup' with type 'ros.ament_cmake' and name 'robot_bringup'
[0.234s] Level 1:colcon.colcon_core.package_identification:_identify(src/robot_description) by extensions ['ignore', 'ignore_ament_install']
[0.234s] Level 1:colcon.colcon_core.package_identification:_identify(src/robot_description) by extension 'ignore'
[0.234s] Level 1:colcon.colcon_core.package_identification:_identify(src/robot_description) by extension 'ignore_ament_install'
[0.235s] Level 1:colcon.colcon_core.package_identification:_identify(src/robot_description) by extensions ['colcon_pkg']
[0.235s] Level 1:colcon.colcon_core.package_identification:_identify(src/robot_description) by extension 'colcon_pkg'
[0.235s] Level 1:colcon.colcon_core.package_identification:_identify(src/robot_description) by extensions ['colcon_meta']
[0.235s] Level 1:colcon.colcon_core.package_identification:_identify(src/robot_description) by extension 'colcon_meta'
[0.235s] Level 1:colcon.colcon_core.package_identification:_identify(src/robot_description) by extensions ['ros']
[0.235s] Level 1:colcon.colcon_core.package_identification:_identify(src/robot_description) by extension 'ros'
[0.235s] DEBUG:colcon.colcon_core.package_identification:Package 'src/robot_description' with type 'ros.ament_python' and name 'robot_description'
[0.236s] Level 1:colcon.colcon_core.package_identification:_identify(src/robot_launch) by extensions ['ignore', 'ignore_ament_install']
[0.236s] Level 1:colcon.colcon_core.package_identification:_identify(src/robot_launch) by extension 'ignore'
[0.236s] Level 1:colcon.colcon_core.package_identification:_identify(src/robot_launch) by extension 'ignore_ament_install'
[0.236s] Level 1:colcon.colcon_core.package_identification:_identify(src/robot_launch) by extensions ['colcon_pkg']
[0.236s] Level 1:colcon.colcon_core.package_identification:_identify(src/robot_launch) by extension 'colcon_pkg'
[0.236s] Level 1:colcon.colcon_core.package_identification:_identify(src/robot_launch) by extensions ['colcon_meta']
[0.236s] Level 1:colcon.colcon_core.package_identification:_identify(src/robot_launch) by extension 'colcon_meta'
[0.236s] Level 1:colcon.colcon_core.package_identification:_identify(src/robot_launch) by extensions ['ros']
[0.236s] Level 1:colcon.colcon_core.package_identification:_identify(src/robot_launch) by extension 'ros'
[0.236s] DEBUG:colcon.colcon_core.package_identification:Package 'src/robot_launch' with type 'ros.ament_python' and name 'robot_launch'
[0.237s] Level 1:colcon.colcon_core.package_identification:_identify(src/slam_gmapping) by extensions ['ignore', 'ignore_ament_install']
[0.237s] Level 1:colcon.colcon_core.package_identification:_identify(src/slam_gmapping) by extension 'ignore'
[0.237s] Level 1:colcon.colcon_core.package_identification:_identify(src/slam_gmapping) by extension 'ignore_ament_install'
[0.237s] Level 1:colcon.colcon_core.package_identification:_identify(src/slam_gmapping) by extensions ['colcon_pkg']
[0.237s] Level 1:colcon.colcon_core.package_identification:_identify(src/slam_gmapping) by extension 'colcon_pkg'
[0.237s] Level 1:colcon.colcon_core.package_identification:_identify(src/slam_gmapping) by extensions ['colcon_meta']
[0.237s] Level 1:colcon.colcon_core.package_identification:_identify(src/slam_gmapping) by extension 'colcon_meta'
[0.237s] Level 1:colcon.colcon_core.package_identification:_identify(src/slam_gmapping) by extensions ['ros']
[0.237s] Level 1:colcon.colcon_core.package_identification:_identify(src/slam_gmapping) by extension 'ros'
[0.237s] Level 1:colcon.colcon_core.package_identification:_identify(src/slam_gmapping) by extensions ['cmake', 'python']
[0.237s] Level 1:colcon.colcon_core.package_identification:_identify(src/slam_gmapping) by extension 'cmake'
[0.237s] Level 1:colcon.colcon_core.package_identification:_identify(src/slam_gmapping) by extension 'python'
[0.237s] Level 1:colcon.colcon_core.package_identification:_identify(src/slam_gmapping) by extensions ['python_setup_py']
[0.237s] Level 1:colcon.colcon_core.package_identification:_identify(src/slam_gmapping) by extension 'python_setup_py'
[0.237s] Level 1:colcon.colcon_core.package_identification:_identify(src/slam_gmapping/openslam_gmapping) by extensions ['ignore', 'ignore_ament_install']
[0.238s] Level 1:colcon.colcon_core.package_identification:_identify(src/slam_gmapping/openslam_gmapping) by extension 'ignore'
[0.238s] Level 1:colcon.colcon_core.package_identification:_identify(src/slam_gmapping/openslam_gmapping) by extension 'ignore_ament_install'
[0.238s] Level 1:colcon.colcon_core.package_identification:_identify(src/slam_gmapping/openslam_gmapping) by extensions ['colcon_pkg']
[0.238s] Level 1:colcon.colcon_core.package_identification:_identify(src/slam_gmapping/openslam_gmapping) by extension 'colcon_pkg'
[0.238s] Level 1:colcon.colcon_core.package_identification:_identify(src/slam_gmapping/openslam_gmapping) by extensions ['colcon_meta']
[0.238s] Level 1:colcon.colcon_core.package_identification:_identify(src/slam_gmapping/openslam_gmapping) by extension 'colcon_meta'
[0.238s] Level 1:colcon.colcon_core.package_identification:_identify(src/slam_gmapping/openslam_gmapping) by extensions ['ros']
[0.238s] Level 1:colcon.colcon_core.package_identification:_identify(src/slam_gmapping/openslam_gmapping) by extension 'ros'
[0.238s] DEBUG:colcon.colcon_core.package_identification:Package 'src/slam_gmapping/openslam_gmapping' with type 'ros.ament_cmake' and name 'openslam_gmapping'
[0.239s] Level 1:colcon.colcon_core.package_identification:_identify(src/slam_gmapping/slam_gmapping) by extensions ['ignore', 'ignore_ament_install']
[0.239s] Level 1:colcon.colcon_core.package_identification:_identify(src/slam_gmapping/slam_gmapping) by extension 'ignore'
[0.239s] Level 1:colcon.colcon_core.package_identification:_identify(src/slam_gmapping/slam_gmapping) by extension 'ignore_ament_install'
[0.239s] Level 1:colcon.colcon_core.package_identification:_identify(src/slam_gmapping/slam_gmapping) by extensions ['colcon_pkg']
[0.239s] Level 1:colcon.colcon_core.package_identification:_identify(src/slam_gmapping/slam_gmapping) by extension 'colcon_pkg'
[0.239s] Level 1:colcon.colcon_core.package_identification:_identify(src/slam_gmapping/slam_gmapping) by extensions ['colcon_meta']
[0.239s] Level 1:colcon.colcon_core.package_identification:_identify(src/slam_gmapping/slam_gmapping) by extension 'colcon_meta'
[0.239s] Level 1:colcon.colcon_core.package_identification:_identify(src/slam_gmapping/slam_gmapping) by extensions ['ros']
[0.239s] Level 1:colcon.colcon_core.package_identification:_identify(src/slam_gmapping/slam_gmapping) by extension 'ros'
[0.240s] DEBUG:colcon.colcon_core.package_identification:Package 'src/slam_gmapping/slam_gmapping' with type 'ros.ament_cmake' and name 'slam_gmapping'
[0.240s] Level 1:colcon.colcon_core.package_discovery:discover_packages(recursive) using defaults
[0.240s] Level 1:colcon.colcon_core.package_discovery:discover_packages(ignore) discover
[0.240s] Level 1:colcon.colcon_core.package_discovery:discover_packages(ignore) using defaults
[0.240s] Level 1:colcon.colcon_core.package_discovery:discover_packages(path) discover
[0.240s] Level 1:colcon.colcon_core.package_discovery:discover_packages(path) using defaults
[0.257s] Level 1:colcon.colcon_core.package_discovery:discover_packages(prefix_path) check parameters
[0.257s] Level 1:colcon.colcon_core.package_discovery:discover_packages(prefix_path) discover
[0.259s] DEBUG:colcon.colcon_installed_package_information.package_discovery:Found 6 installed packages in /home/mr-cheng/Desktop/Car/Car_Sim2Real/install
[0.260s] DEBUG:colcon.colcon_installed_package_information.package_discovery:Found 3 installed packages in /home/mr-cheng/Bag/fastdds/install
[0.261s] DEBUG:colcon.colcon_installed_package_information.package_discovery:Found 395 installed packages in /opt/ros/humble
[0.263s] Level 1:colcon.colcon_core.package_discovery:discover_packages(prefix_path) using defaults
[0.318s] Level 5:colcon.colcon_core.verb:set package 'car_nav2' build argument 'cmake_args' from command line to 'None'
[0.318s] Level 5:colcon.colcon_core.verb:set package 'car_nav2' build argument 'cmake_target' from command line to 'None'
[0.318s] Level 5:colcon.colcon_core.verb:set package 'car_nav2' build argument 'cmake_target_skip_unavailable' from command line to 'False'
[0.318s] Level 5:colcon.colcon_core.verb:set package 'car_nav2' build argument 'cmake_clean_cache' from command line to 'False'
[0.318s] Level 5:colcon.colcon_core.verb:set package 'car_nav2' build argument 'cmake_clean_first' from command line to 'False'
[0.318s] Level 5:colcon.colcon_core.verb:set package 'car_nav2' build argument 'cmake_force_configure' from command line to 'False'
[0.318s] Level 5:colcon.colcon_core.verb:set package 'car_nav2' build argument 'ament_cmake_args' from command line to 'None'
[0.318s] Level 5:colcon.colcon_core.verb:set package 'car_nav2' build argument 'catkin_cmake_args' from command line to 'None'
[0.318s] Level 5:colcon.colcon_core.verb:set package 'car_nav2' build argument 'catkin_skip_building_tests' from command line to 'False'
[0.318s] DEBUG:colcon.colcon_core.verb:Building package 'car_nav2' with the following arguments: {'ament_cmake_args': None, 'build_base': '/home/mr-cheng/Desktop/Car/Car_Sim2Real/build/car_nav2', 'catkin_cmake_args': None, 'catkin_skip_building_tests': False, 'cmake_args': None, 'cmake_clean_cache': False, 'cmake_clean_first': False, 'cmake_force_configure': False, 'cmake_target': None, 'cmake_target_skip_unavailable': False, 'install_base': '/home/mr-cheng/Desktop/Car/Car_Sim2Real/install/car_nav2', 'merge_install': False, 'path': '/home/mr-cheng/Desktop/Car/Car_Sim2Real/src/car_nav2', 'symlink_install': False, 'test_result_base': None}
[0.319s] Level 5:colcon.colcon_core.verb:set package 'openslam_gmapping' build argument 'cmake_args' from command line to 'None'
[0.319s] Level 5:colcon.colcon_core.verb:set package 'openslam_gmapping' build argument 'cmake_target' from command line to 'None'
[0.319s] Level 5:colcon.colcon_core.verb:set package 'openslam_gmapping' build argument 'cmake_target_skip_unavailable' from command line to 'False'
[0.319s] Level 5:colcon.colcon_core.verb:set package 'openslam_gmapping' build argument 'cmake_clean_cache' from command line to 'False'
[0.319s] Level 5:colcon.colcon_core.verb:set package 'openslam_gmapping' build argument 'cmake_clean_first' from command line to 'False'
[0.319s] Level 5:colcon.colcon_core.verb:set package 'openslam_gmapping' build argument 'cmake_force_configure' from command line to 'False'
[0.319s] Level 5:colcon.colcon_core.verb:set package 'openslam_gmapping' build argument 'ament_cmake_args' from command line to 'None'
[0.319s] Level 5:colcon.colcon_core.verb:set package 'openslam_gmapping' build argument 'catkin_cmake_args' from command line to 'None'
[0.319s] Level 5:colcon.colcon_core.verb:set package 'openslam_gmapping' build argument 'catkin_skip_building_tests' from command line to 'False'
[0.319s] DEBUG:colcon.colcon_core.verb:Building package 'openslam_gmapping' with the following arguments: {'ament_cmake_args': None, 'build_base': '/home/mr-cheng/Desktop/Car/Car_Sim2Real/build/openslam_gmapping', 'catkin_cmake_args': None, 'catkin_skip_building_tests': False, 'cmake_args': None, 'cmake_clean_cache': False, 'cmake_clean_first': False, 'cmake_force_configure': False, 'cmake_target': None, 'cmake_target_skip_unavailable': False, 'install_base': '/home/mr-cheng/Desktop/Car/Car_Sim2Real/install/openslam_gmapping', 'merge_install': False, 'path': '/home/mr-cheng/Desktop/Car/Car_Sim2Real/src/slam_gmapping/openslam_gmapping', 'symlink_install': False, 'test_result_base': None}
[0.319s] Level 5:colcon.colcon_core.verb:set package 'robot_bringup' build argument 'cmake_args' from command line to 'None'
[0.319s] Level 5:colcon.colcon_core.verb:set package 'robot_bringup' build argument 'cmake_target' from command line to 'None'
[0.319s] Level 5:colcon.colcon_core.verb:set package 'robot_bringup' build argument 'cmake_target_skip_unavailable' from command line to 'False'
[0.319s] Level 5:colcon.colcon_core.verb:set package 'robot_bringup' build argument 'cmake_clean_cache' from command line to 'False'
[0.319s] Level 5:colcon.colcon_core.verb:set package 'robot_bringup' build argument 'cmake_clean_first' from command line to 'False'
[0.319s] Level 5:colcon.colcon_core.verb:set package 'robot_bringup' build argument 'cmake_force_configure' from command line to 'False'
[0.320s] Level 5:colcon.colcon_core.verb:set package 'robot_bringup' build argument 'ament_cmake_args' from command line to 'None'
[0.320s] Level 5:colcon.colcon_core.verb:set package 'robot_bringup' build argument 'catkin_cmake_args' from command line to 'None'
[0.320s] Level 5:colcon.colcon_core.verb:set package 'robot_bringup' build argument 'catkin_skip_building_tests' from command line to 'False'
[0.320s] DEBUG:colcon.colcon_core.verb:Building package 'robot_bringup' with the following arguments: {'ament_cmake_args': None, 'build_base': '/home/mr-cheng/Desktop/Car/Car_Sim2Real/build/robot_bringup', 'catkin_cmake_args': None, 'catkin_skip_building_tests': False, 'cmake_args': None, 'cmake_clean_cache': False, 'cmake_clean_first': False, 'cmake_force_configure': False, 'cmake_target': None, 'cmake_target_skip_unavailable': False, 'install_base': '/home/mr-cheng/Desktop/Car/Car_Sim2Real/install/robot_bringup', 'merge_install': False, 'path': '/home/mr-cheng/Desktop/Car/Car_Sim2Real/src/robot_bringup', 'symlink_install': False, 'test_result_base': None}
[0.320s] Level 5:colcon.colcon_core.verb:set package 'robot_description' build argument 'cmake_args' from command line to 'None'
[0.320s] Level 5:colcon.colcon_core.verb:set package 'robot_description' build argument 'cmake_target' from command line to 'None'
[0.320s] Level 5:colcon.colcon_core.verb:set package 'robot_description' build argument 'cmake_target_skip_unavailable' from command line to 'False'
[0.320s] Level 5:colcon.colcon_core.verb:set package 'robot_description' build argument 'cmake_clean_cache' from command line to 'False'
[0.320s] Level 5:colcon.colcon_core.verb:set package 'robot_description' build argument 'cmake_clean_first' from command line to 'False'
[0.320s] Level 5:colcon.colcon_core.verb:set package 'robot_description' build argument 'cmake_force_configure' from command line to 'False'
[0.320s] Level 5:colcon.colcon_core.verb:set package 'robot_description' build argument 'ament_cmake_args' from command line to 'None'
[0.320s] Level 5:colcon.colcon_core.verb:set package 'robot_description' build argument 'catkin_cmake_args' from command line to 'None'
[0.320s] Level 5:colcon.colcon_core.verb:set package 'robot_description' build argument 'catkin_skip_building_tests' from command line to 'False'
[0.320s] DEBUG:colcon.colcon_core.verb:Building package 'robot_description' with the following arguments: {'ament_cmake_args': None, 'build_base': '/home/mr-cheng/Desktop/Car/Car_Sim2Real/build/robot_description', 'catkin_cmake_args': None, 'catkin_skip_building_tests': False, 'cmake_args': None, 'cmake_clean_cache': False, 'cmake_clean_first': False, 'cmake_force_configure': False, 'cmake_target': None, 'cmake_target_skip_unavailable': False, 'install_base': '/home/mr-cheng/Desktop/Car/Car_Sim2Real/install/robot_description', 'merge_install': False, 'path': '/home/mr-cheng/Desktop/Car/Car_Sim2Real/src/robot_description', 'symlink_install': False, 'test_result_base': None}
[0.321s] Level 5:colcon.colcon_core.verb:set package 'robot_launch' build argument 'cmake_args' from command line to 'None'
[0.321s] Level 5:colcon.colcon_core.verb:set package 'robot_launch' build argument 'cmake_target' from command line to 'None'
[0.321s] Level 5:colcon.colcon_core.verb:set package 'robot_launch' build argument 'cmake_target_skip_unavailable' from command line to 'False'
[0.321s] Level 5:colcon.colcon_core.verb:set package 'robot_launch' build argument 'cmake_clean_cache' from command line to 'False'
[0.321s] Level 5:colcon.colcon_core.verb:set package 'robot_launch' build argument 'cmake_clean_first' from command line to 'False'
[0.321s] Level 5:colcon.colcon_core.verb:set package 'robot_launch' build argument 'cmake_force_configure' from command line to 'False'
[0.321s] Level 5:colcon.colcon_core.verb:set package 'robot_launch' build argument 'ament_cmake_args' from command line to 'None'
[0.321s] Level 5:colcon.colcon_core.verb:set package 'robot_launch' build argument 'catkin_cmake_args' from command line to 'None'
[0.321s] Level 5:colcon.colcon_core.verb:set package 'robot_launch' build argument 'catkin_skip_building_tests' from command line to 'False'
[0.321s] DEBUG:colcon.colcon_core.verb:Building package 'robot_launch' with the following arguments: {'ament_cmake_args': None, 'build_base': '/home/mr-cheng/Desktop/Car/Car_Sim2Real/build/robot_launch', 'catkin_cmake_args': None, 'catkin_skip_building_tests': False, 'cmake_args': None, 'cmake_clean_cache': False, 'cmake_clean_first': False, 'cmake_force_configure': False, 'cmake_target': None, 'cmake_target_skip_unavailable': False, 'install_base': '/home/mr-cheng/Desktop/Car/Car_Sim2Real/install/robot_launch', 'merge_install': False, 'path': '/home/mr-cheng/Desktop/Car/Car_Sim2Real/src/robot_launch', 'symlink_install': False, 'test_result_base': None}
[0.321s] Level 5:colcon.colcon_core.verb:set package 'slam_gmapping' build argument 'cmake_args' from command line to 'None'
[0.321s] Level 5:colcon.colcon_core.verb:set package 'slam_gmapping' build argument 'cmake_target' from command line to 'None'
[0.321s] Level 5:colcon.colcon_core.verb:set package 'slam_gmapping' build argument 'cmake_target_skip_unavailable' from command line to 'False'
[0.321s] Level 5:colcon.colcon_core.verb:set package 'slam_gmapping' build argument 'cmake_clean_cache' from command line to 'False'
[0.321s] Level 5:colcon.colcon_core.verb:set package 'slam_gmapping' build argument 'cmake_clean_first' from command line to 'False'
[0.321s] Level 5:colcon.colcon_core.verb:set package 'slam_gmapping' build argument 'cmake_force_configure' from command line to 'False'
[0.321s] Level 5:colcon.colcon_core.verb:set package 'slam_gmapping' build argument 'ament_cmake_args' from command line to 'None'
[0.321s] Level 5:colcon.colcon_core.verb:set package 'slam_gmapping' build argument 'catkin_cmake_args' from command line to 'None'
[0.321s] Level 5:colcon.colcon_core.verb:set package 'slam_gmapping' build argument 'catkin_skip_building_tests' from command line to 'False'
[0.321s] DEBUG:colcon.colcon_core.verb:Building package 'slam_gmapping' with the following arguments: {'ament_cmake_args': None, 'build_base': '/home/mr-cheng/Desktop/Car/Car_Sim2Real/build/slam_gmapping', 'catkin_cmake_args': None, 'catkin_skip_building_tests': False, 'cmake_args': None, 'cmake_clean_cache': False, 'cmake_clean_first': False, 'cmake_force_configure': False, 'cmake_target': None, 'cmake_target_skip_unavailable': False, 'install_base': '/home/mr-cheng/Desktop/Car/Car_Sim2Real/install/slam_gmapping', 'merge_install': False, 'path': '/home/mr-cheng/Desktop/Car/Car_Sim2Real/src/slam_gmapping/slam_gmapping', 'symlink_install': False, 'test_result_base': None}
[0.321s] INFO:colcon.colcon_core.executor:Executing jobs using 'parallel' executor
[0.322s] DEBUG:colcon.colcon_parallel_executor.executor.parallel:run_until_complete
[0.322s] INFO:colcon.colcon_ros.task.ament_cmake.build:Building ROS package in '/home/mr-cheng/Desktop/Car/Car_Sim2Real/src/slam_gmapping/openslam_gmapping' with build type 'ament_cmake'
[0.322s] INFO:colcon.colcon_cmake.task.cmake.build:Building CMake package in '/home/mr-cheng/Desktop/Car/Car_Sim2Real/src/slam_gmapping/openslam_gmapping'
[0.324s] INFO:colcon.colcon_core.plugin_system:Skipping extension 'colcon_core.shell.bat': Not used on non-Windows systems
[0.325s] INFO:colcon.colcon_core.shell:Skip shell extension 'powershell' for command environment: Not usable outside of PowerShell
[0.325s] DEBUG:colcon.colcon_core.shell:Skip shell extension 'dsv' for command environment
[0.328s] INFO:colcon.colcon_ros.task.ament_cmake.build:Building ROS package in '/home/mr-cheng/Desktop/Car/Car_Sim2Real/src/car_nav2' with build type 'ament_cmake'
[0.329s] INFO:colcon.colcon_cmake.task.cmake.build:Building CMake package in '/home/mr-cheng/Desktop/Car/Car_Sim2Real/src/car_nav2'
[0.329s] INFO:colcon.colcon_core.shell:Skip shell extension 'powershell' for command environment: Not usable outside of PowerShell
[0.329s] DEBUG:colcon.colcon_core.shell:Skip shell extension 'dsv' for command environment
[0.332s] INFO:colcon.colcon_ros.task.ament_cmake.build:Building ROS package in '/home/mr-cheng/Desktop/Car/Car_Sim2Real/src/robot_bringup' with build type 'ament_cmake'
[0.332s] INFO:colcon.colcon_cmake.task.cmake.build:Building CMake package in '/home/mr-cheng/Desktop/Car/Car_Sim2Real/src/robot_bringup'
[0.333s] INFO:colcon.colcon_core.shell:Skip shell extension 'powershell' for command environment: Not usable outside of PowerShell
[0.333s] DEBUG:colcon.colcon_core.shell:Skip shell extension 'dsv' for command environment
[0.336s] INFO:colcon.colcon_ros.task.ament_python.build:Building ROS package in '/home/mr-cheng/Desktop/Car/Car_Sim2Real/src/robot_description' with build type 'ament_python'
[0.336s] Level 1:colcon.colcon_core.shell:create_environment_hook('robot_description', 'ament_prefix_path')
[0.336s] INFO:colcon.colcon_core.shell:Creating environment hook '/home/mr-cheng/Desktop/Car/Car_Sim2Real/install/robot_description/share/robot_description/hook/ament_prefix_path.ps1'
[0.337s] INFO:colcon.colcon_core.shell:Creating environment descriptor '/home/mr-cheng/Desktop/Car/Car_Sim2Real/install/robot_description/share/robot_description/hook/ament_prefix_path.dsv'
[0.337s] INFO:colcon.colcon_core.shell:Creating environment hook '/home/mr-cheng/Desktop/Car/Car_Sim2Real/install/robot_description/share/robot_description/hook/ament_prefix_path.sh'
[0.338s] INFO:colcon.colcon_core.shell:Skip shell extension 'powershell' for command environment: Not usable outside of PowerShell
[0.338s] DEBUG:colcon.colcon_core.shell:Skip shell extension 'dsv' for command environment
[0.341s] INFO:colcon.colcon_ros.task.ament_python.build:Building ROS package in '/home/mr-cheng/Desktop/Car/Car_Sim2Real/src/robot_launch' with build type 'ament_python'
[0.341s] Level 1:colcon.colcon_core.shell:create_environment_hook('robot_launch', 'ament_prefix_path')
[0.342s] INFO:colcon.colcon_core.shell:Creating environment hook '/home/mr-cheng/Desktop/Car/Car_Sim2Real/install/robot_launch/share/robot_launch/hook/ament_prefix_path.ps1'
[0.342s] INFO:colcon.colcon_core.shell:Creating environment descriptor '/home/mr-cheng/Desktop/Car/Car_Sim2Real/install/robot_launch/share/robot_launch/hook/ament_prefix_path.dsv'
[0.342s] INFO:colcon.colcon_core.shell:Creating environment hook '/home/mr-cheng/Desktop/Car/Car_Sim2Real/install/robot_launch/share/robot_launch/hook/ament_prefix_path.sh'
[0.343s] INFO:colcon.colcon_core.shell:Skip shell extension 'powershell' for command environment: Not usable outside of PowerShell
[0.343s] DEBUG:colcon.colcon_core.shell:Skip shell extension 'dsv' for command environment
[0.352s] DEBUG:colcon.colcon_core.event_handler.log_command:Invoking command in '/home/mr-cheng/Desktop/Car/Car_Sim2Real/build/openslam_gmapping': CMAKE_PREFIX_PATH=${CMAKE_PREFIX_PATH}:/home/mr-cheng/Desktop/Car/Car_Sim2Real/install/robot_launch:/home/mr-cheng/Desktop/Car/Car_Sim2Real/install/robot_description:/opt/ros/humble /usr/bin/cmake --build /home/mr-cheng/Desktop/Car/Car_Sim2Real/build/openslam_gmapping -- -j16 -l16
[0.354s] DEBUG:colcon.colcon_core.event_handler.log_command:Invoking command in '/home/mr-cheng/Desktop/Car/Car_Sim2Real/build/car_nav2': CMAKE_PREFIX_PATH=${CMAKE_PREFIX_PATH}:/home/mr-cheng/Desktop/Car/Car_Sim2Real/install/robot_launch:/home/mr-cheng/Desktop/Car/Car_Sim2Real/install/robot_description:/opt/ros/humble /usr/bin/cmake --build /home/mr-cheng/Desktop/Car/Car_Sim2Real/build/car_nav2 -- -j16 -l16
[0.357s] DEBUG:colcon.colcon_core.event_handler.log_command:Invoking command in '/home/mr-cheng/Desktop/Car/Car_Sim2Real/build/robot_bringup': CMAKE_PREFIX_PATH=${CMAKE_PREFIX_PATH}:/home/mr-cheng/Desktop/Car/Car_Sim2Real/install/robot_launch:/home/mr-cheng/Desktop/Car/Car_Sim2Real/install/robot_description:/opt/ros/humble /usr/bin/cmake --build /home/mr-cheng/Desktop/Car/Car_Sim2Real/build/robot_bringup -- -j16 -l16
[0.562s] INFO:colcon.colcon_core.task.python.build:Building Python package in '/home/mr-cheng/Desktop/Car/Car_Sim2Real/src/robot_description'
[0.562s] INFO:colcon.colcon_core.shell:Skip shell extension 'powershell' for command environment: Not usable outside of PowerShell
[0.562s] DEBUG:colcon.colcon_core.shell:Skip shell extension 'dsv' for command environment
[0.763s] INFO:colcon.colcon_core.task.python.build:Building Python package in '/home/mr-cheng/Desktop/Car/Car_Sim2Real/src/robot_launch'
[0.763s] INFO:colcon.colcon_core.shell:Skip shell extension 'powershell' for command environment: Not usable outside of PowerShell
[0.763s] DEBUG:colcon.colcon_core.shell:Skip shell extension 'dsv' for command environment
[0.768s] DEBUG:colcon.colcon_core.event_handler.log_command:Invoked command in '/home/mr-cheng/Desktop/Car/Car_Sim2Real/build/car_nav2' returned '0': CMAKE_PREFIX_PATH=${CMAKE_PREFIX_PATH}:/home/mr-cheng/Desktop/Car/Car_Sim2Real/install/robot_launch:/home/mr-cheng/Desktop/Car/Car_Sim2Real/install/robot_description:/opt/ros/humble /usr/bin/cmake --build /home/mr-cheng/Desktop/Car/Car_Sim2Real/build/car_nav2 -- -j16 -l16
[0.768s] DEBUG:colcon.colcon_core.event_handler.log_command:Invoked command in '/home/mr-cheng/Desktop/Car/Car_Sim2Real/build/openslam_gmapping' returned '0': CMAKE_PREFIX_PATH=${CMAKE_PREFIX_PATH}:/home/mr-cheng/Desktop/Car/Car_Sim2Real/install/robot_launch:/home/mr-cheng/Desktop/Car/Car_Sim2Real/install/robot_description:/opt/ros/humble /usr/bin/cmake --build /home/mr-cheng/Desktop/Car/Car_Sim2Real/build/openslam_gmapping -- -j16 -l16
[0.769s] DEBUG:colcon.colcon_core.event_handler.log_command:Invoked command in '/home/mr-cheng/Desktop/Car/Car_Sim2Real/build/robot_bringup' returned '0': CMAKE_PREFIX_PATH=${CMAKE_PREFIX_PATH}:/home/mr-cheng/Desktop/Car/Car_Sim2Real/install/robot_launch:/home/mr-cheng/Desktop/Car/Car_Sim2Real/install/robot_description:/opt/ros/humble /usr/bin/cmake --build /home/mr-cheng/Desktop/Car/Car_Sim2Real/build/robot_bringup -- -j16 -l16
[0.793s] DEBUG:colcon.colcon_core.event_handler.log_command:Invoking command in '/home/mr-cheng/Desktop/Car/Car_Sim2Real/build/car_nav2': CMAKE_PREFIX_PATH=${CMAKE_PREFIX_PATH}:/home/mr-cheng/Desktop/Car/Car_Sim2Real/install/robot_launch:/home/mr-cheng/Desktop/Car/Car_Sim2Real/install/robot_description:/opt/ros/humble /usr/bin/cmake --install /home/mr-cheng/Desktop/Car/Car_Sim2Real/build/car_nav2
[0.794s] DEBUG:colcon.colcon_core.event_handler.log_command:Invoking command in '/home/mr-cheng/Desktop/Car/Car_Sim2Real/build/openslam_gmapping': CMAKE_PREFIX_PATH=${CMAKE_PREFIX_PATH}:/home/mr-cheng/Desktop/Car/Car_Sim2Real/install/robot_launch:/home/mr-cheng/Desktop/Car/Car_Sim2Real/install/robot_description:/opt/ros/humble /usr/bin/cmake --install /home/mr-cheng/Desktop/Car/Car_Sim2Real/build/openslam_gmapping
[0.796s] DEBUG:colcon.colcon_core.event_handler.log_command:Invoking command in '/home/mr-cheng/Desktop/Car/Car_Sim2Real/build/robot_bringup': CMAKE_PREFIX_PATH=${CMAKE_PREFIX_PATH}:/home/mr-cheng/Desktop/Car/Car_Sim2Real/install/robot_launch:/home/mr-cheng/Desktop/Car/Car_Sim2Real/install/robot_description:/opt/ros/humble /usr/bin/cmake --install /home/mr-cheng/Desktop/Car/Car_Sim2Real/build/robot_bringup
[0.803s] Level 1:colcon.colcon_core.environment:create_environment_scripts_only(car_nav2)
[0.807s] DEBUG:colcon.colcon_core.event_handler.log_command:Invoked command in '/home/mr-cheng/Desktop/Car/Car_Sim2Real/build/car_nav2' returned '0': CMAKE_PREFIX_PATH=${CMAKE_PREFIX_PATH}:/home/mr-cheng/Desktop/Car/Car_Sim2Real/install/robot_launch:/home/mr-cheng/Desktop/Car/Car_Sim2Real/install/robot_description:/opt/ros/humble /usr/bin/cmake --install /home/mr-cheng/Desktop/Car/Car_Sim2Real/build/car_nav2
[0.811s] Level 1:colcon.colcon_core.environment:checking '/home/mr-cheng/Desktop/Car/Car_Sim2Real/install/car_nav2' for CMake module files
[0.811s] Level 1:colcon.colcon_core.environment:checking '/home/mr-cheng/Desktop/Car/Car_Sim2Real/install/car_nav2' for CMake config files
[0.811s] Level 1:colcon.colcon_core.shell:create_environment_hook('car_nav2', 'cmake_prefix_path')
[0.812s] INFO:colcon.colcon_core.shell:Creating environment hook '/home/mr-cheng/Desktop/Car/Car_Sim2Real/install/car_nav2/share/car_nav2/hook/cmake_prefix_path.ps1'
[0.812s] INFO:colcon.colcon_core.shell:Creating environment descriptor '/home/mr-cheng/Desktop/Car/Car_Sim2Real/install/car_nav2/share/car_nav2/hook/cmake_prefix_path.dsv'
[0.812s] INFO:colcon.colcon_core.shell:Creating environment hook '/home/mr-cheng/Desktop/Car/Car_Sim2Real/install/car_nav2/share/car_nav2/hook/cmake_prefix_path.sh'
[0.813s] Level 1:colcon.colcon_core.environment:checking '/home/mr-cheng/Desktop/Car/Car_Sim2Real/install/car_nav2/bin'
[0.813s] Level 1:colcon.colcon_core.environment:checking '/home/mr-cheng/Desktop/Car/Car_Sim2Real/install/car_nav2/lib/pkgconfig/car_nav2.pc'
[0.813s] Level 1:colcon.colcon_core.environment:checking '/home/mr-cheng/Desktop/Car/Car_Sim2Real/install/car_nav2/lib/python3.10/site-packages'
[0.813s] Level 1:colcon.colcon_core.environment:checking '/home/mr-cheng/Desktop/Car/Car_Sim2Real/install/car_nav2/bin'
[0.814s] INFO:colcon.colcon_core.shell:Creating package script '/home/mr-cheng/Desktop/Car/Car_Sim2Real/install/car_nav2/share/car_nav2/package.ps1'
[0.814s] INFO:colcon.colcon_core.shell:Creating package descriptor '/home/mr-cheng/Desktop/Car/Car_Sim2Real/install/car_nav2/share/car_nav2/package.dsv'
[0.815s] INFO:colcon.colcon_core.shell:Creating package script '/home/mr-cheng/Desktop/Car/Car_Sim2Real/install/car_nav2/share/car_nav2/package.sh'
[0.815s] INFO:colcon.colcon_core.shell:Creating package script '/home/mr-cheng/Desktop/Car/Car_Sim2Real/install/car_nav2/share/car_nav2/package.bash'
[0.816s] INFO:colcon.colcon_core.shell:Creating package script '/home/mr-cheng/Desktop/Car/Car_Sim2Real/install/car_nav2/share/car_nav2/package.zsh'
[0.817s] Level 1:colcon.colcon_core.environment:create_file_with_runtime_dependencies(/home/mr-cheng/Desktop/Car/Car_Sim2Real/install/car_nav2/share/colcon-core/packages/car_nav2)
[0.818s] Level 1:colcon.colcon_core.environment:create_environment_scripts_only(robot_bringup)
[0.818s] Level 1:colcon.colcon_core.environment:checking '/home/mr-cheng/Desktop/Car/Car_Sim2Real/install/robot_bringup' for CMake module files
[0.819s] DEBUG:colcon.colcon_core.event_handler.log_command:Invoked command in '/home/mr-cheng/Desktop/Car/Car_Sim2Real/build/robot_bringup' returned '0': CMAKE_PREFIX_PATH=${CMAKE_PREFIX_PATH}:/home/mr-cheng/Desktop/Car/Car_Sim2Real/install/robot_launch:/home/mr-cheng/Desktop/Car/Car_Sim2Real/install/robot_description:/opt/ros/humble /usr/bin/cmake --install /home/mr-cheng/Desktop/Car/Car_Sim2Real/build/robot_bringup
[0.819s] Level 1:colcon.colcon_core.environment:checking '/home/mr-cheng/Desktop/Car/Car_Sim2Real/install/robot_bringup' for CMake config files
[0.819s] Level 1:colcon.colcon_core.shell:create_environment_hook('robot_bringup', 'cmake_prefix_path')
[0.820s] INFO:colcon.colcon_core.shell:Creating environment hook '/home/mr-cheng/Desktop/Car/Car_Sim2Real/install/robot_bringup/share/robot_bringup/hook/cmake_prefix_path.ps1'
[0.820s] INFO:colcon.colcon_core.shell:Creating environment descriptor '/home/mr-cheng/Desktop/Car/Car_Sim2Real/install/robot_bringup/share/robot_bringup/hook/cmake_prefix_path.dsv'
[0.820s] INFO:colcon.colcon_core.shell:Creating environment hook '/home/mr-cheng/Desktop/Car/Car_Sim2Real/install/robot_bringup/share/robot_bringup/hook/cmake_prefix_path.sh'
[0.821s] Level 1:colcon.colcon_core.environment:checking '/home/mr-cheng/Desktop/Car/Car_Sim2Real/install/robot_bringup/lib'
[0.821s] Level 1:colcon.colcon_core.environment:checking '/home/mr-cheng/Desktop/Car/Car_Sim2Real/install/robot_bringup/bin'
[0.821s] Level 1:colcon.colcon_core.environment:checking '/home/mr-cheng/Desktop/Car/Car_Sim2Real/install/robot_bringup/lib/pkgconfig/robot_bringup.pc'
[0.821s] Level 1:colcon.colcon_core.environment:checking '/home/mr-cheng/Desktop/Car/Car_Sim2Real/install/robot_bringup/lib/python3.10/site-packages'
[0.821s] Level 1:colcon.colcon_core.environment:checking '/home/mr-cheng/Desktop/Car/Car_Sim2Real/install/robot_bringup/bin'
[0.822s] INFO:colcon.colcon_core.shell:Creating package script '/home/mr-cheng/Desktop/Car/Car_Sim2Real/install/robot_bringup/share/robot_bringup/package.ps1'
[0.822s] INFO:colcon.colcon_core.shell:Creating package descriptor '/home/mr-cheng/Desktop/Car/Car_Sim2Real/install/robot_bringup/share/robot_bringup/package.dsv'
[0.822s] INFO:colcon.colcon_core.shell:Creating package script '/home/mr-cheng/Desktop/Car/Car_Sim2Real/install/robot_bringup/share/robot_bringup/package.sh'
[0.823s] INFO:colcon.colcon_core.shell:Creating package script '/home/mr-cheng/Desktop/Car/Car_Sim2Real/install/robot_bringup/share/robot_bringup/package.bash'
[0.823s] INFO:colcon.colcon_core.shell:Creating package script '/home/mr-cheng/Desktop/Car/Car_Sim2Real/install/robot_bringup/share/robot_bringup/package.zsh'
[0.823s] Level 1:colcon.colcon_core.environment:create_file_with_runtime_dependencies(/home/mr-cheng/Desktop/Car/Car_Sim2Real/install/robot_bringup/share/colcon-core/packages/robot_bringup)
[0.824s] Level 1:colcon.colcon_core.environment:create_environment_scripts_only(openslam_gmapping)
[0.824s] Level 1:colcon.colcon_core.environment:checking '/home/mr-cheng/Desktop/Car/Car_Sim2Real/install/openslam_gmapping' for CMake module files
[0.825s] DEBUG:colcon.colcon_core.event_handler.log_command:Invoked command in '/home/mr-cheng/Desktop/Car/Car_Sim2Real/build/openslam_gmapping' returned '0': CMAKE_PREFIX_PATH=${CMAKE_PREFIX_PATH}:/home/mr-cheng/Desktop/Car/Car_Sim2Real/install/robot_launch:/home/mr-cheng/Desktop/Car/Car_Sim2Real/install/robot_description:/opt/ros/humble /usr/bin/cmake --install /home/mr-cheng/Desktop/Car/Car_Sim2Real/build/openslam_gmapping
[0.825s] Level 1:colcon.colcon_core.environment:checking '/home/mr-cheng/Desktop/Car/Car_Sim2Real/install/openslam_gmapping' for CMake config files
[0.825s] Level 1:colcon.colcon_core.shell:create_environment_hook('openslam_gmapping', 'cmake_prefix_path')
[0.826s] INFO:colcon.colcon_core.shell:Creating environment hook '/home/mr-cheng/Desktop/Car/Car_Sim2Real/install/openslam_gmapping/share/openslam_gmapping/hook/cmake_prefix_path.ps1'
[0.826s] INFO:colcon.colcon_core.shell:Creating environment descriptor '/home/mr-cheng/Desktop/Car/Car_Sim2Real/install/openslam_gmapping/share/openslam_gmapping/hook/cmake_prefix_path.dsv'
[0.826s] INFO:colcon.colcon_core.shell:Creating environment hook '/home/mr-cheng/Desktop/Car/Car_Sim2Real/install/openslam_gmapping/share/openslam_gmapping/hook/cmake_prefix_path.sh'
[0.827s] Level 1:colcon.colcon_core.environment:checking '/home/mr-cheng/Desktop/Car/Car_Sim2Real/install/openslam_gmapping/lib'
[0.827s] Level 1:colcon.colcon_core.environment:checking '/home/mr-cheng/Desktop/Car/Car_Sim2Real/install/openslam_gmapping/bin'
[0.827s] Level 1:colcon.colcon_core.environment:checking '/home/mr-cheng/Desktop/Car/Car_Sim2Real/install/openslam_gmapping/lib/pkgconfig/openslam_gmapping.pc'
[0.827s] Level 1:colcon.colcon_core.environment:checking '/home/mr-cheng/Desktop/Car/Car_Sim2Real/install/openslam_gmapping/lib/python3.10/site-packages'
[0.827s] Level 1:colcon.colcon_core.environment:checking '/home/mr-cheng/Desktop/Car/Car_Sim2Real/install/openslam_gmapping/bin'
[0.827s] INFO:colcon.colcon_core.shell:Creating package script '/home/mr-cheng/Desktop/Car/Car_Sim2Real/install/openslam_gmapping/share/openslam_gmapping/package.ps1'
[0.828s] INFO:colcon.colcon_core.shell:Creating package descriptor '/home/mr-cheng/Desktop/Car/Car_Sim2Real/install/openslam_gmapping/share/openslam_gmapping/package.dsv'
[0.828s] INFO:colcon.colcon_core.shell:Creating package script '/home/mr-cheng/Desktop/Car/Car_Sim2Real/install/openslam_gmapping/share/openslam_gmapping/package.sh'
[0.828s] INFO:colcon.colcon_core.shell:Creating package script '/home/mr-cheng/Desktop/Car/Car_Sim2Real/install/openslam_gmapping/share/openslam_gmapping/package.bash'
[0.829s] INFO:colcon.colcon_core.shell:Creating package script '/home/mr-cheng/Desktop/Car/Car_Sim2Real/install/openslam_gmapping/share/openslam_gmapping/package.zsh'
[0.829s] Level 1:colcon.colcon_core.environment:create_file_with_runtime_dependencies(/home/mr-cheng/Desktop/Car/Car_Sim2Real/install/openslam_gmapping/share/colcon-core/packages/openslam_gmapping)
[0.835s] Level 1:colcon.colcon_core.environment:create_environment_scripts_only(car_nav2)
[0.835s] Level 1:colcon.colcon_core.environment:checking '/home/mr-cheng/Desktop/Car/Car_Sim2Real/install/car_nav2' for CMake module files
[0.835s] Level 1:colcon.colcon_core.environment:checking '/home/mr-cheng/Desktop/Car/Car_Sim2Real/install/car_nav2' for CMake config files
[0.835s] Level 1:colcon.colcon_core.shell:create_environment_hook('car_nav2', 'cmake_prefix_path')
[0.836s] INFO:colcon.colcon_core.shell:Creating environment hook '/home/mr-cheng/Desktop/Car/Car_Sim2Real/install/car_nav2/share/car_nav2/hook/cmake_prefix_path.ps1'
[0.836s] INFO:colcon.colcon_core.shell:Creating environment descriptor '/home/mr-cheng/Desktop/Car/Car_Sim2Real/install/car_nav2/share/car_nav2/hook/cmake_prefix_path.dsv'
[0.836s] INFO:colcon.colcon_core.shell:Creating environment hook '/home/mr-cheng/Desktop/Car/Car_Sim2Real/install/car_nav2/share/car_nav2/hook/cmake_prefix_path.sh'
[0.837s] Level 1:colcon.colcon_core.environment:checking '/home/mr-cheng/Desktop/Car/Car_Sim2Real/install/car_nav2/bin'
[0.837s] Level 1:colcon.colcon_core.environment:checking '/home/mr-cheng/Desktop/Car/Car_Sim2Real/install/car_nav2/lib/pkgconfig/car_nav2.pc'
[0.837s] Level 1:colcon.colcon_core.environment:checking '/home/mr-cheng/Desktop/Car/Car_Sim2Real/install/car_nav2/lib/python3.10/site-packages'
[0.837s] Level 1:colcon.colcon_core.environment:checking '/home/mr-cheng/Desktop/Car/Car_Sim2Real/install/car_nav2/bin'
[0.838s] INFO:colcon.colcon_core.shell:Creating package script '/home/mr-cheng/Desktop/Car/Car_Sim2Real/install/car_nav2/share/car_nav2/package.ps1'
[0.838s] INFO:colcon.colcon_core.shell:Creating package descriptor '/home/mr-cheng/Desktop/Car/Car_Sim2Real/install/car_nav2/share/car_nav2/package.dsv'
[0.838s] INFO:colcon.colcon_core.shell:Creating package script '/home/mr-cheng/Desktop/Car/Car_Sim2Real/install/car_nav2/share/car_nav2/package.sh'
[0.839s] INFO:colcon.colcon_core.shell:Creating package script '/home/mr-cheng/Desktop/Car/Car_Sim2Real/install/car_nav2/share/car_nav2/package.bash'
[0.839s] INFO:colcon.colcon_core.shell:Creating package script '/home/mr-cheng/Desktop/Car/Car_Sim2Real/install/car_nav2/share/car_nav2/package.zsh'
[0.839s] Level 1:colcon.colcon_core.environment:create_file_with_runtime_dependencies(/home/mr-cheng/Desktop/Car/Car_Sim2Real/install/car_nav2/share/colcon-core/packages/car_nav2)
[0.843s] Level 1:colcon.colcon_core.environment:create_environment_scripts_only(robot_bringup)
[0.843s] Level 1:colcon.colcon_core.environment:checking '/home/mr-cheng/Desktop/Car/Car_Sim2Real/install/robot_bringup' for CMake module files
[0.844s] Level 1:colcon.colcon_core.environment:checking '/home/mr-cheng/Desktop/Car/Car_Sim2Real/install/robot_bringup' for CMake config files
[0.844s] Level 1:colcon.colcon_core.shell:create_environment_hook('robot_bringup', 'cmake_prefix_path')
[0.844s] INFO:colcon.colcon_core.shell:Creating environment hook '/home/mr-cheng/Desktop/Car/Car_Sim2Real/install/robot_bringup/share/robot_bringup/hook/cmake_prefix_path.ps1'
[0.844s] INFO:colcon.colcon_core.shell:Creating environment descriptor '/home/mr-cheng/Desktop/Car/Car_Sim2Real/install/robot_bringup/share/robot_bringup/hook/cmake_prefix_path.dsv'
[0.845s] INFO:colcon.colcon_core.shell:Creating environment hook '/home/mr-cheng/Desktop/Car/Car_Sim2Real/install/robot_bringup/share/robot_bringup/hook/cmake_prefix_path.sh'
[0.845s] Level 1:colcon.colcon_core.environment:checking '/home/mr-cheng/Desktop/Car/Car_Sim2Real/install/robot_bringup/lib'
[0.845s] Level 1:colcon.colcon_core.environment:checking '/home/mr-cheng/Desktop/Car/Car_Sim2Real/install/robot_bringup/bin'
[0.845s] Level 1:colcon.colcon_core.environment:checking '/home/mr-cheng/Desktop/Car/Car_Sim2Real/install/robot_bringup/lib/pkgconfig/robot_bringup.pc'
[0.846s] Level 1:colcon.colcon_core.environment:checking '/home/mr-cheng/Desktop/Car/Car_Sim2Real/install/robot_bringup/lib/python3.10/site-packages'
[0.846s] Level 1:colcon.colcon_core.environment:checking '/home/mr-cheng/Desktop/Car/Car_Sim2Real/install/robot_bringup/bin'
[0.846s] INFO:colcon.colcon_core.shell:Creating package script '/home/mr-cheng/Desktop/Car/Car_Sim2Real/install/robot_bringup/share/robot_bringup/package.ps1'
[0.846s] INFO:colcon.colcon_core.shell:Creating package descriptor '/home/mr-cheng/Desktop/Car/Car_Sim2Real/install/robot_bringup/share/robot_bringup/package.dsv'
[0.847s] INFO:colcon.colcon_core.shell:Creating package script '/home/mr-cheng/Desktop/Car/Car_Sim2Real/install/robot_bringup/share/robot_bringup/package.sh'
[0.847s] INFO:colcon.colcon_core.shell:Creating package script '/home/mr-cheng/Desktop/Car/Car_Sim2Real/install/robot_bringup/share/robot_bringup/package.bash'
[0.847s] INFO:colcon.colcon_core.shell:Creating package script '/home/mr-cheng/Desktop/Car/Car_Sim2Real/install/robot_bringup/share/robot_bringup/package.zsh'
[0.848s] Level 1:colcon.colcon_core.environment:create_file_with_runtime_dependencies(/home/mr-cheng/Desktop/Car/Car_Sim2Real/install/robot_bringup/share/colcon-core/packages/robot_bringup)
[0.849s] Level 1:colcon.colcon_core.environment:create_environment_scripts_only(openslam_gmapping)
[0.850s] Level 1:colcon.colcon_core.environment:checking '/home/mr-cheng/Desktop/Car/Car_Sim2Real/install/openslam_gmapping' for CMake module files
[0.850s] Level 1:colcon.colcon_core.environment:checking '/home/mr-cheng/Desktop/Car/Car_Sim2Real/install/openslam_gmapping' for CMake config files
[0.850s] Level 1:colcon.colcon_core.shell:create_environment_hook('openslam_gmapping', 'cmake_prefix_path')
[0.851s] INFO:colcon.colcon_core.shell:Creating environment hook '/home/mr-cheng/Desktop/Car/Car_Sim2Real/install/openslam_gmapping/share/openslam_gmapping/hook/cmake_prefix_path.ps1'
[0.851s] INFO:colcon.colcon_core.shell:Creating environment descriptor '/home/mr-cheng/Desktop/Car/Car_Sim2Real/install/openslam_gmapping/share/openslam_gmapping/hook/cmake_prefix_path.dsv'
[0.851s] INFO:colcon.colcon_core.shell:Creating environment hook '/home/mr-cheng/Desktop/Car/Car_Sim2Real/install/openslam_gmapping/share/openslam_gmapping/hook/cmake_prefix_path.sh'
[0.852s] Level 1:colcon.colcon_core.environment:checking '/home/mr-cheng/Desktop/Car/Car_Sim2Real/install/openslam_gmapping/lib'
[0.852s] Level 1:colcon.colcon_core.environment:checking '/home/mr-cheng/Desktop/Car/Car_Sim2Real/install/openslam_gmapping/bin'
[0.852s] Level 1:colcon.colcon_core.environment:checking '/home/mr-cheng/Desktop/Car/Car_Sim2Real/install/openslam_gmapping/lib/pkgconfig/openslam_gmapping.pc'
[0.852s] Level 1:colcon.colcon_core.environment:checking '/home/mr-cheng/Desktop/Car/Car_Sim2Real/install/openslam_gmapping/lib/python3.10/site-packages'
[0.852s] Level 1:colcon.colcon_core.environment:checking '/home/mr-cheng/Desktop/Car/Car_Sim2Real/install/openslam_gmapping/bin'
[0.852s] INFO:colcon.colcon_core.shell:Creating package script '/home/mr-cheng/Desktop/Car/Car_Sim2Real/install/openslam_gmapping/share/openslam_gmapping/package.ps1'
[0.853s] INFO:colcon.colcon_core.shell:Creating package descriptor '/home/mr-cheng/Desktop/Car/Car_Sim2Real/install/openslam_gmapping/share/openslam_gmapping/package.dsv'
[0.853s] INFO:colcon.colcon_core.shell:Creating package script '/home/mr-cheng/Desktop/Car/Car_Sim2Real/install/openslam_gmapping/share/openslam_gmapping/package.sh'
[0.854s] INFO:colcon.colcon_core.shell:Creating package script '/home/mr-cheng/Desktop/Car/Car_Sim2Real/install/openslam_gmapping/share/openslam_gmapping/package.bash'
[0.854s] INFO:colcon.colcon_core.shell:Creating package script '/home/mr-cheng/Desktop/Car/Car_Sim2Real/install/openslam_gmapping/share/openslam_gmapping/package.zsh'
[0.854s] Level 1:colcon.colcon_core.environment:create_file_with_runtime_dependencies(/home/mr-cheng/Desktop/Car/Car_Sim2Real/install/openslam_gmapping/share/colcon-core/packages/openslam_gmapping)
[0.854s] INFO:colcon.colcon_ros.task.ament_cmake.build:Building ROS package in '/home/mr-cheng/Desktop/Car/Car_Sim2Real/src/slam_gmapping/slam_gmapping' with build type 'ament_cmake'
[0.855s] INFO:colcon.colcon_cmake.task.cmake.build:Building CMake package in '/home/mr-cheng/Desktop/Car/Car_Sim2Real/src/slam_gmapping/slam_gmapping'
[0.855s] INFO:colcon.colcon_core.shell:Skip shell extension 'powershell' for command environment: Not usable outside of PowerShell
[0.855s] DEBUG:colcon.colcon_core.shell:Skip shell extension 'dsv' for command environment
[0.865s] DEBUG:colcon.colcon_core.event_handler.log_command:Invoking command in '/home/mr-cheng/Desktop/Car/Car_Sim2Real/build/slam_gmapping': CMAKE_PREFIX_PATH=/home/mr-cheng/Desktop/Car/Car_Sim2Real/install/openslam_gmapping:/home/mr-cheng/Desktop/Car/Car_Sim2Real/install/slam_gmapping:/home/mr-cheng/Desktop/Car/Car_Sim2Real/install/robot_bringup:/home/mr-cheng/Desktop/Car/Car_Sim2Real/install/car_nav2:/home/mr-cheng/Bag/fastdds/install/fastrtps:/home/mr-cheng/Bag/fastdds/install/foonathan_memory_vendor:/home/mr-cheng/Bag/fastdds/install/fastcdr:/home/mr-cheng/Desktop/Car/Car_Sim2Real/install/robot_launch:/home/mr-cheng/Desktop/Car/Car_Sim2Real/install/robot_description:/opt/ros/humble /usr/bin/cmake --build /home/mr-cheng/Desktop/Car/Car_Sim2Real/build/slam_gmapping -- -j16 -l16
[0.930s] DEBUG:colcon.colcon_core.event_handler.log_command:Invoked command in '/home/mr-cheng/Desktop/Car/Car_Sim2Real/build/slam_gmapping' returned '0': CMAKE_PREFIX_PATH=/home/mr-cheng/Desktop/Car/Car_Sim2Real/install/openslam_gmapping:/home/mr-cheng/Desktop/Car/Car_Sim2Real/install/slam_gmapping:/home/mr-cheng/Desktop/Car/Car_Sim2Real/install/robot_bringup:/home/mr-cheng/Desktop/Car/Car_Sim2Real/install/car_nav2:/home/mr-cheng/Bag/fastdds/install/fastrtps:/home/mr-cheng/Bag/fastdds/install/foonathan_memory_vendor:/home/mr-cheng/Bag/fastdds/install/fastcdr:/home/mr-cheng/Desktop/Car/Car_Sim2Real/install/robot_launch:/home/mr-cheng/Desktop/Car/Car_Sim2Real/install/robot_description:/opt/ros/humble /usr/bin/cmake --build /home/mr-cheng/Desktop/Car/Car_Sim2Real/build/slam_gmapping -- -j16 -l16
[0.951s] DEBUG:colcon.colcon_core.event_handler.log_command:Invoking command in '/home/mr-cheng/Desktop/Car/Car_Sim2Real/build/slam_gmapping': CMAKE_PREFIX_PATH=/home/mr-cheng/Desktop/Car/Car_Sim2Real/install/openslam_gmapping:/home/mr-cheng/Desktop/Car/Car_Sim2Real/install/slam_gmapping:/home/mr-cheng/Desktop/Car/Car_Sim2Real/install/robot_bringup:/home/mr-cheng/Desktop/Car/Car_Sim2Real/install/car_nav2:/home/mr-cheng/Bag/fastdds/install/fastrtps:/home/mr-cheng/Bag/fastdds/install/foonathan_memory_vendor:/home/mr-cheng/Bag/fastdds/install/fastcdr:/home/mr-cheng/Desktop/Car/Car_Sim2Real/install/robot_launch:/home/mr-cheng/Desktop/Car/Car_Sim2Real/install/robot_description:/opt/ros/humble /usr/bin/cmake --install /home/mr-cheng/Desktop/Car/Car_Sim2Real/build/slam_gmapping
[0.960s] Level 1:colcon.colcon_core.environment:create_environment_scripts_only(slam_gmapping)
[0.961s] Level 1:colcon.colcon_core.environment:checking '/home/mr-cheng/Desktop/Car/Car_Sim2Real/install/slam_gmapping' for CMake module files
[0.961s] DEBUG:colcon.colcon_core.event_handler.log_command:Invoked command in '/home/mr-cheng/Desktop/Car/Car_Sim2Real/build/slam_gmapping' returned '0': CMAKE_PREFIX_PATH=/home/mr-cheng/Desktop/Car/Car_Sim2Real/install/openslam_gmapping:/home/mr-cheng/Desktop/Car/Car_Sim2Real/install/slam_gmapping:/home/mr-cheng/Desktop/Car/Car_Sim2Real/install/robot_bringup:/home/mr-cheng/Desktop/Car/Car_Sim2Real/install/car_nav2:/home/mr-cheng/Bag/fastdds/install/fastrtps:/home/mr-cheng/Bag/fastdds/install/foonathan_memory_vendor:/home/mr-cheng/Bag/fastdds/install/fastcdr:/home/mr-cheng/Desktop/Car/Car_Sim2Real/install/robot_launch:/home/mr-cheng/Desktop/Car/Car_Sim2Real/install/robot_description:/opt/ros/humble /usr/bin/cmake --install /home/mr-cheng/Desktop/Car/Car_Sim2Real/build/slam_gmapping
[0.962s] Level 1:colcon.colcon_core.environment:checking '/home/mr-cheng/Desktop/Car/Car_Sim2Real/install/slam_gmapping' for CMake config files
[0.962s] Level 1:colcon.colcon_core.shell:create_environment_hook('slam_gmapping', 'cmake_prefix_path')
[0.962s] INFO:colcon.colcon_core.shell:Creating environment hook '/home/mr-cheng/Desktop/Car/Car_Sim2Real/install/slam_gmapping/share/slam_gmapping/hook/cmake_prefix_path.ps1'
[0.962s] INFO:colcon.colcon_core.shell:Creating environment descriptor '/home/mr-cheng/Desktop/Car/Car_Sim2Real/install/slam_gmapping/share/slam_gmapping/hook/cmake_prefix_path.dsv'
[0.963s] INFO:colcon.colcon_core.shell:Creating environment hook '/home/mr-cheng/Desktop/Car/Car_Sim2Real/install/slam_gmapping/share/slam_gmapping/hook/cmake_prefix_path.sh'
[0.963s] Level 1:colcon.colcon_core.environment:checking '/home/mr-cheng/Desktop/Car/Car_Sim2Real/install/slam_gmapping/lib'
[0.963s] Level 1:colcon.colcon_core.environment:checking '/home/mr-cheng/Desktop/Car/Car_Sim2Real/install/slam_gmapping/bin'
[0.963s] Level 1:colcon.colcon_core.environment:checking '/home/mr-cheng/Desktop/Car/Car_Sim2Real/install/slam_gmapping/lib/pkgconfig/slam_gmapping.pc'
[0.964s] Level 1:colcon.colcon_core.environment:checking '/home/mr-cheng/Desktop/Car/Car_Sim2Real/install/slam_gmapping/lib/python3.10/site-packages'
[0.964s] Level 1:colcon.colcon_core.environment:checking '/home/mr-cheng/Desktop/Car/Car_Sim2Real/install/slam_gmapping/bin'
[0.964s] INFO:colcon.colcon_core.shell:Creating package script '/home/mr-cheng/Desktop/Car/Car_Sim2Real/install/slam_gmapping/share/slam_gmapping/package.ps1'
[0.964s] INFO:colcon.colcon_core.shell:Creating package descriptor '/home/mr-cheng/Desktop/Car/Car_Sim2Real/install/slam_gmapping/share/slam_gmapping/package.dsv'
[0.965s] INFO:colcon.colcon_core.shell:Creating package script '/home/mr-cheng/Desktop/Car/Car_Sim2Real/install/slam_gmapping/share/slam_gmapping/package.sh'
[0.965s] INFO:colcon.colcon_core.shell:Creating package script '/home/mr-cheng/Desktop/Car/Car_Sim2Real/install/slam_gmapping/share/slam_gmapping/package.bash'
[0.965s] INFO:colcon.colcon_core.shell:Creating package script '/home/mr-cheng/Desktop/Car/Car_Sim2Real/install/slam_gmapping/share/slam_gmapping/package.zsh'
[0.966s] Level 1:colcon.colcon_core.environment:create_file_with_runtime_dependencies(/home/mr-cheng/Desktop/Car/Car_Sim2Real/install/slam_gmapping/share/colcon-core/packages/slam_gmapping)
[0.986s] Level 1:colcon.colcon_core.environment:create_environment_scripts_only(slam_gmapping)
[0.986s] Level 1:colcon.colcon_core.environment:checking '/home/mr-cheng/Desktop/Car/Car_Sim2Real/install/slam_gmapping' for CMake module files
[0.987s] Level 1:colcon.colcon_core.environment:checking '/home/mr-cheng/Desktop/Car/Car_Sim2Real/install/slam_gmapping' for CMake config files
[0.987s] Level 1:colcon.colcon_core.shell:create_environment_hook('slam_gmapping', 'cmake_prefix_path')
[0.987s] INFO:colcon.colcon_core.shell:Creating environment hook '/home/mr-cheng/Desktop/Car/Car_Sim2Real/install/slam_gmapping/share/slam_gmapping/hook/cmake_prefix_path.ps1'
[0.988s] INFO:colcon.colcon_core.shell:Creating environment descriptor '/home/mr-cheng/Desktop/Car/Car_Sim2Real/install/slam_gmapping/share/slam_gmapping/hook/cmake_prefix_path.dsv'
[0.988s] INFO:colcon.colcon_core.shell:Creating environment hook '/home/mr-cheng/Desktop/Car/Car_Sim2Real/install/slam_gmapping/share/slam_gmapping/hook/cmake_prefix_path.sh'
[0.988s] Level 1:colcon.colcon_core.environment:checking '/home/mr-cheng/Desktop/Car/Car_Sim2Real/install/slam_gmapping/lib'
[0.988s] Level 1:colcon.colcon_core.environment:checking '/home/mr-cheng/Desktop/Car/Car_Sim2Real/install/slam_gmapping/bin'
[0.988s] Level 1:colcon.colcon_core.environment:checking '/home/mr-cheng/Desktop/Car/Car_Sim2Real/install/slam_gmapping/lib/pkgconfig/slam_gmapping.pc'
[0.989s] Level 1:colcon.colcon_core.environment:checking '/home/mr-cheng/Desktop/Car/Car_Sim2Real/install/slam_gmapping/lib/python3.10/site-packages'
[0.989s] Level 1:colcon.colcon_core.environment:checking '/home/mr-cheng/Desktop/Car/Car_Sim2Real/install/slam_gmapping/bin'
[0.989s] INFO:colcon.colcon_core.shell:Creating package script '/home/mr-cheng/Desktop/Car/Car_Sim2Real/install/slam_gmapping/share/slam_gmapping/package.ps1'
[0.990s] INFO:colcon.colcon_core.shell:Creating package descriptor '/home/mr-cheng/Desktop/Car/Car_Sim2Real/install/slam_gmapping/share/slam_gmapping/package.dsv'
[0.990s] INFO:colcon.colcon_core.shell:Creating package script '/home/mr-cheng/Desktop/Car/Car_Sim2Real/install/slam_gmapping/share/slam_gmapping/package.sh'
[0.990s] INFO:colcon.colcon_core.shell:Creating package script '/home/mr-cheng/Desktop/Car/Car_Sim2Real/install/slam_gmapping/share/slam_gmapping/package.bash'
[0.991s] INFO:colcon.colcon_core.shell:Creating package script '/home/mr-cheng/Desktop/Car/Car_Sim2Real/install/slam_gmapping/share/slam_gmapping/package.zsh'
[0.991s] Level 1:colcon.colcon_core.environment:create_file_with_runtime_dependencies(/home/mr-cheng/Desktop/Car/Car_Sim2Real/install/slam_gmapping/share/colcon-core/packages/slam_gmapping)
[1.515s] DEBUG:colcon.colcon_core.event_handler.log_command:Invoking command in '/home/mr-cheng/Desktop/Car/Car_Sim2Real/src/robot_description': PYTHONPATH=/home/mr-cheng/Desktop/Car/Car_Sim2Real/build/robot_description/prefix_override:/home/mr-cheng/Desktop/Car/Car_Sim2Real/install/robot_description/lib/python3.10/site-packages:${PYTHONPATH} /usr/bin/python3 -W ignore:setup.py install is deprecated setup.py egg_info --egg-base ../../build/robot_description build --build-base /home/mr-cheng/Desktop/Car/Car_Sim2Real/build/robot_description/build install --record /home/mr-cheng/Desktop/Car/Car_Sim2Real/build/robot_description/install.log --single-version-externally-managed install_data
[1.517s] DEBUG:colcon.colcon_core.event_handler.log_command:Invoking command in '/home/mr-cheng/Desktop/Car/Car_Sim2Real/src/robot_launch': PYTHONPATH=/home/mr-cheng/Desktop/Car/Car_Sim2Real/build/robot_launch/prefix_override:/home/mr-cheng/Desktop/Car/Car_Sim2Real/install/robot_launch/lib/python3.10/site-packages:${PYTHONPATH} /usr/bin/python3 -W ignore:setup.py install is deprecated setup.py egg_info --egg-base ../../build/robot_launch build --build-base /home/mr-cheng/Desktop/Car/Car_Sim2Real/build/robot_launch/build install --record /home/mr-cheng/Desktop/Car/Car_Sim2Real/build/robot_launch/install.log --single-version-externally-managed install_data
[2.046s] Level 1:colcon.colcon_core.environment:checking '/home/mr-cheng/Desktop/Car/Car_Sim2Real/install/robot_launch' for CMake module files
[2.046s] DEBUG:colcon.colcon_core.event_handler.log_command:Invoked command in '/home/mr-cheng/Desktop/Car/Car_Sim2Real/src/robot_launch' returned '0': PYTHONPATH=/home/mr-cheng/Desktop/Car/Car_Sim2Real/build/robot_launch/prefix_override:/home/mr-cheng/Desktop/Car/Car_Sim2Real/install/robot_launch/lib/python3.10/site-packages:${PYTHONPATH} /usr/bin/python3 -W ignore:setup.py install is deprecated setup.py egg_info --egg-base ../../build/robot_launch build --build-base /home/mr-cheng/Desktop/Car/Car_Sim2Real/build/robot_launch/build install --record /home/mr-cheng/Desktop/Car/Car_Sim2Real/build/robot_launch/install.log --single-version-externally-managed install_data
[2.047s] Level 1:colcon.colcon_core.environment:checking '/home/mr-cheng/Desktop/Car/Car_Sim2Real/install/robot_launch' for CMake config files
[2.047s] Level 1:colcon.colcon_core.environment:checking '/home/mr-cheng/Desktop/Car/Car_Sim2Real/install/robot_launch/lib'
[2.047s] Level 1:colcon.colcon_core.environment:checking '/home/mr-cheng/Desktop/Car/Car_Sim2Real/install/robot_launch/bin'
[2.047s] Level 1:colcon.colcon_core.environment:checking '/home/mr-cheng/Desktop/Car/Car_Sim2Real/install/robot_launch/lib/pkgconfig/robot_launch.pc'
[2.047s] Level 1:colcon.colcon_core.environment:checking '/home/mr-cheng/Desktop/Car/Car_Sim2Real/install/robot_launch/lib/python3.10/site-packages'
[2.047s] Level 1:colcon.colcon_core.shell:create_environment_hook('robot_launch', 'pythonpath')
[2.048s] INFO:colcon.colcon_core.shell:Creating environment hook '/home/mr-cheng/Desktop/Car/Car_Sim2Real/install/robot_launch/share/robot_launch/hook/pythonpath.ps1'
[2.048s] INFO:colcon.colcon_core.shell:Creating environment descriptor '/home/mr-cheng/Desktop/Car/Car_Sim2Real/install/robot_launch/share/robot_launch/hook/pythonpath.dsv'
[2.048s] INFO:colcon.colcon_core.shell:Creating environment hook '/home/mr-cheng/Desktop/Car/Car_Sim2Real/install/robot_launch/share/robot_launch/hook/pythonpath.sh'
[2.049s] Level 1:colcon.colcon_core.environment:checking '/home/mr-cheng/Desktop/Car/Car_Sim2Real/install/robot_launch/bin'
[2.049s] Level 1:colcon.colcon_core.environment:create_environment_scripts_only(robot_launch)
[2.049s] INFO:colcon.colcon_core.shell:Creating package script '/home/mr-cheng/Desktop/Car/Car_Sim2Real/install/robot_launch/share/robot_launch/package.ps1'
[2.050s] INFO:colcon.colcon_core.shell:Creating package descriptor '/home/mr-cheng/Desktop/Car/Car_Sim2Real/install/robot_launch/share/robot_launch/package.dsv'
[2.050s] INFO:colcon.colcon_core.shell:Creating package script '/home/mr-cheng/Desktop/Car/Car_Sim2Real/install/robot_launch/share/robot_launch/package.sh'
[2.050s] INFO:colcon.colcon_core.shell:Creating package script '/home/mr-cheng/Desktop/Car/Car_Sim2Real/install/robot_launch/share/robot_launch/package.bash'
[2.051s] INFO:colcon.colcon_core.shell:Creating package script '/home/mr-cheng/Desktop/Car/Car_Sim2Real/install/robot_launch/share/robot_launch/package.zsh'
[2.051s] Level 1:colcon.colcon_core.environment:create_file_with_runtime_dependencies(/home/mr-cheng/Desktop/Car/Car_Sim2Real/install/robot_launch/share/colcon-core/packages/robot_launch)
[2.052s] Level 1:colcon.colcon_core.environment:checking '/home/mr-cheng/Desktop/Car/Car_Sim2Real/install/robot_description' for CMake module files
[2.053s] DEBUG:colcon.colcon_core.event_handler.log_command:Invoked command in '/home/mr-cheng/Desktop/Car/Car_Sim2Real/src/robot_description' returned '0': PYTHONPATH=/home/mr-cheng/Desktop/Car/Car_Sim2Real/build/robot_description/prefix_override:/home/mr-cheng/Desktop/Car/Car_Sim2Real/install/robot_description/lib/python3.10/site-packages:${PYTHONPATH} /usr/bin/python3 -W ignore:setup.py install is deprecated setup.py egg_info --egg-base ../../build/robot_description build --build-base /home/mr-cheng/Desktop/Car/Car_Sim2Real/build/robot_description/build install --record /home/mr-cheng/Desktop/Car/Car_Sim2Real/build/robot_description/install.log --single-version-externally-managed install_data
[2.053s] Level 1:colcon.colcon_core.environment:checking '/home/mr-cheng/Desktop/Car/Car_Sim2Real/install/robot_description' for CMake config files
[2.053s] Level 1:colcon.colcon_core.environment:checking '/home/mr-cheng/Desktop/Car/Car_Sim2Real/install/robot_description/lib'
[2.053s] Level 1:colcon.colcon_core.environment:checking '/home/mr-cheng/Desktop/Car/Car_Sim2Real/install/robot_description/bin'
[2.054s] Level 1:colcon.colcon_core.environment:checking '/home/mr-cheng/Desktop/Car/Car_Sim2Real/install/robot_description/lib/pkgconfig/robot_description.pc'
[2.054s] Level 1:colcon.colcon_core.environment:checking '/home/mr-cheng/Desktop/Car/Car_Sim2Real/install/robot_description/lib/python3.10/site-packages'
[2.054s] Level 1:colcon.colcon_core.shell:create_environment_hook('robot_description', 'pythonpath')
[2.054s] INFO:colcon.colcon_core.shell:Creating environment hook '/home/mr-cheng/Desktop/Car/Car_Sim2Real/install/robot_description/share/robot_description/hook/pythonpath.ps1'
[2.054s] INFO:colcon.colcon_core.shell:Creating environment descriptor '/home/mr-cheng/Desktop/Car/Car_Sim2Real/install/robot_description/share/robot_description/hook/pythonpath.dsv'
[2.055s] INFO:colcon.colcon_core.shell:Creating environment hook '/home/mr-cheng/Desktop/Car/Car_Sim2Real/install/robot_description/share/robot_description/hook/pythonpath.sh'
[2.055s] Level 1:colcon.colcon_core.environment:checking '/home/mr-cheng/Desktop/Car/Car_Sim2Real/install/robot_description/bin'
[2.055s] Level 1:colcon.colcon_core.environment:create_environment_scripts_only(robot_description)
[2.055s] INFO:colcon.colcon_core.shell:Creating package script '/home/mr-cheng/Desktop/Car/Car_Sim2Real/install/robot_description/share/robot_description/package.ps1'
[2.056s] INFO:colcon.colcon_core.shell:Creating package descriptor '/home/mr-cheng/Desktop/Car/Car_Sim2Real/install/robot_description/share/robot_description/package.dsv'
[2.056s] INFO:colcon.colcon_core.shell:Creating package script '/home/mr-cheng/Desktop/Car/Car_Sim2Real/install/robot_description/share/robot_description/package.sh'
[2.056s] INFO:colcon.colcon_core.shell:Creating package script '/home/mr-cheng/Desktop/Car/Car_Sim2Real/install/robot_description/share/robot_description/package.bash'
[2.057s] INFO:colcon.colcon_core.shell:Creating package script '/home/mr-cheng/Desktop/Car/Car_Sim2Real/install/robot_description/share/robot_description/package.zsh'
[2.057s] Level 1:colcon.colcon_core.environment:create_file_with_runtime_dependencies(/home/mr-cheng/Desktop/Car/Car_Sim2Real/install/robot_description/share/colcon-core/packages/robot_description)
[2.057s] DEBUG:colcon.colcon_parallel_executor.executor.parallel:closing loop
[2.057s] DEBUG:colcon.colcon_parallel_executor.executor.parallel:loop closed
[2.057s] DEBUG:colcon.colcon_parallel_executor.executor.parallel:run_until_complete finished with '0'
[2.057s] DEBUG:colcon.colcon_core.event_reactor:joining thread
[2.062s] INFO:colcon.colcon_core.plugin_system:Skipping extension 'colcon_notification.desktop_notification.terminal_notifier': Not used on non-Darwin systems
[2.062s] INFO:colcon.colcon_core.plugin_system:Skipping extension 'colcon_notification.desktop_notification.win32': Not used on non-Windows systems
[2.062s] INFO:colcon.colcon_notification.desktop_notification:Sending desktop notification using 'notify2'
[2.074s] DEBUG:colcon.colcon_core.event_reactor:joined thread
[2.074s] INFO:colcon.colcon_core.shell:Creating prefix script '/home/mr-cheng/Desktop/Car/Car_Sim2Real/install/local_setup.ps1'
[2.075s] INFO:colcon.colcon_core.shell:Creating prefix util module '/home/mr-cheng/Desktop/Car/Car_Sim2Real/install/_local_setup_util_ps1.py'
[2.076s] INFO:colcon.colcon_core.shell:Creating prefix chain script '/home/mr-cheng/Desktop/Car/Car_Sim2Real/install/setup.ps1'
[2.077s] INFO:colcon.colcon_core.shell:Creating prefix script '/home/mr-cheng/Desktop/Car/Car_Sim2Real/install/local_setup.sh'
[2.078s] INFO:colcon.colcon_core.shell:Creating prefix util module '/home/mr-cheng/Desktop/Car/Car_Sim2Real/install/_local_setup_util_sh.py'
[2.078s] INFO:colcon.colcon_core.shell:Creating prefix chain script '/home/mr-cheng/Desktop/Car/Car_Sim2Real/install/setup.sh'
[2.079s] INFO:colcon.colcon_core.shell:Creating prefix script '/home/mr-cheng/Desktop/Car/Car_Sim2Real/install/local_setup.bash'
[2.080s] INFO:colcon.colcon_core.shell:Creating prefix chain script '/home/mr-cheng/Desktop/Car/Car_Sim2Real/install/setup.bash'
[2.081s] INFO:colcon.colcon_core.shell:Creating prefix script '/home/mr-cheng/Desktop/Car/Car_Sim2Real/install/local_setup.zsh'
[2.081s] INFO:colcon.colcon_core.shell:Creating prefix chain script '/home/mr-cheng/Desktop/Car/Car_Sim2Real/install/setup.zsh'
