[0.022s] Invoking command in '/home/mr-cheng/Desktop/Car/Car_Sim2Real/build/robot_bringup': CMAKE_PREFIX_PATH=${CMAKE_PREFIX_PATH}:/home/mr-cheng/Desktop/Car/Car_Sim2Real/install/robot_description:/opt/ros/humble /usr/bin/cmake --build /home/mr-cheng/Desktop/Car/Car_Sim2Real/build/robot_bringup -- -j16 -l16
[0.069s] [100%] Built target robot_bringup
[0.233s] Invoked command in '/home/mr-cheng/Desktop/Car/Car_Sim2Real/build/robot_bringup' returned '0': CMAKE_PREFIX_PATH=${CMAKE_PREFIX_PATH}:/home/mr-cheng/Desktop/Car/Car_Sim2Real/install/robot_description:/opt/ros/humble /usr/bin/cmake --build /home/mr-cheng/Desktop/Car/Car_Sim2Real/build/robot_bringup -- -j16 -l16
[0.261s] Invoking command in '/home/mr-cheng/Desktop/Car/Car_Sim2Real/build/robot_bringup': CMAKE_PREFIX_PATH=${CMAKE_PREFIX_PATH}:/home/mr-cheng/Desktop/Car/Car_Sim2Real/install/robot_description:/opt/ros/humble /usr/bin/cmake --install /home/mr-cheng/Desktop/Car/Car_Sim2Real/build/robot_bringup
[0.267s] -- Install configuration: ""
[0.268s] -- Up-to-date: /home/mr-cheng/Desktop/Car/Car_Sim2Real/install/robot_bringup/lib/robot_bringup/robot_bringup
[0.268s] -- Up-to-date: /home/mr-cheng/Desktop/Car/Car_Sim2Real/install/robot_bringup/share/ament_index/resource_index/package_run_dependencies/robot_bringup
[0.268s] -- Up-to-date: /home/mr-cheng/Desktop/Car/Car_Sim2Real/install/robot_bringup/share/ament_index/resource_index/parent_prefix_path/robot_bringup
[0.268s] -- Up-to-date: /home/mr-cheng/Desktop/Car/Car_Sim2Real/install/robot_bringup/share/robot_bringup/environment/ament_prefix_path.sh
[0.268s] -- Up-to-date: /home/mr-cheng/Desktop/Car/Car_Sim2Real/install/robot_bringup/share/robot_bringup/environment/ament_prefix_path.dsv
[0.268s] -- Up-to-date: /home/mr-cheng/Desktop/Car/Car_Sim2Real/install/robot_bringup/share/robot_bringup/environment/path.sh
[0.268s] -- Up-to-date: /home/mr-cheng/Desktop/Car/Car_Sim2Real/install/robot_bringup/share/robot_bringup/environment/path.dsv
[0.268s] -- Up-to-date: /home/mr-cheng/Desktop/Car/Car_Sim2Real/install/robot_bringup/share/robot_bringup/local_setup.bash
[0.268s] -- Up-to-date: /home/mr-cheng/Desktop/Car/Car_Sim2Real/install/robot_bringup/share/robot_bringup/local_setup.sh
[0.268s] -- Up-to-date: /home/mr-cheng/Desktop/Car/Car_Sim2Real/install/robot_bringup/share/robot_bringup/local_setup.zsh
[0.268s] -- Up-to-date: /home/mr-cheng/Desktop/Car/Car_Sim2Real/install/robot_bringup/share/robot_bringup/local_setup.dsv
[0.268s] -- Installing: /home/mr-cheng/Desktop/Car/Car_Sim2Real/install/robot_bringup/share/robot_bringup/package.dsv
[0.268s] -- Up-to-date: /home/mr-cheng/Desktop/Car/Car_Sim2Real/install/robot_bringup/share/ament_index/resource_index/packages/robot_bringup
[0.269s] -- Up-to-date: /home/mr-cheng/Desktop/Car/Car_Sim2Real/install/robot_bringup/share/robot_bringup/cmake/robot_bringupConfig.cmake
[0.269s] -- Up-to-date: /home/mr-cheng/Desktop/Car/Car_Sim2Real/install/robot_bringup/share/robot_bringup/cmake/robot_bringupConfig-version.cmake
[0.269s] -- Up-to-date: /home/mr-cheng/Desktop/Car/Car_Sim2Real/install/robot_bringup/share/robot_bringup/package.xml
[0.270s] Invoked command in '/home/mr-cheng/Desktop/Car/Car_Sim2Real/build/robot_bringup' returned '0': CMAKE_PREFIX_PATH=${CMAKE_PREFIX_PATH}:/home/mr-cheng/Desktop/Car/Car_Sim2Real/install/robot_description:/opt/ros/humble /usr/bin/cmake --install /home/mr-cheng/Desktop/Car/Car_Sim2Real/build/robot_bringup
