running egg_info
creating ../../build/robot_description/robot_description.egg-info
writing ../../build/robot_description/robot_description.egg-info/PKG-INFO
writing dependency_links to ../../build/robot_description/robot_description.egg-info/dependency_links.txt
writing requirements to ../../build/robot_description/robot_description.egg-info/requires.txt
writing top-level names to ../../build/robot_description/robot_description.egg-info/top_level.txt
writing manifest file '../../build/robot_description/robot_description.egg-info/SOURCES.txt'
reading manifest file '../../build/robot_description/robot_description.egg-info/SOURCES.txt'
writing manifest file '../../build/robot_description/robot_description.egg-info/SOURCES.txt'
running build
running build_py
creating /home/mr-cheng/Desktop/Car/Car_Sim2Real/build/robot_description/build
creating /home/mr-cheng/Desktop/Car/Car_Sim2Real/build/robot_description/build/lib
creating /home/mr-cheng/Desktop/Car/Car_Sim2Real/build/robot_description/build/lib/robot_description
copying robot_description/__init__.py -> /home/mr-cheng/Desktop/Car/Car_Sim2Real/build/robot_description/build/lib/robot_description
running install
running install_lib
creating /home/mr-cheng/Desktop/Car/Car_Sim2Real/install/robot_description/lib/python3.10/site-packages/robot_description
copying /home/mr-cheng/Desktop/Car/Car_Sim2Real/build/robot_description/build/lib/robot_description/__init__.py -> /home/mr-cheng/Desktop/Car/Car_Sim2Real/install/robot_description/lib/python3.10/site-packages/robot_description
byte-compiling /home/mr-cheng/Desktop/Car/Car_Sim2Real/install/robot_description/lib/python3.10/site-packages/robot_description/__init__.py to __init__.cpython-310.pyc
running install_data
creating /home/mr-cheng/Desktop/Car/Car_Sim2Real/install/robot_description/share/ament_index
creating /home/mr-cheng/Desktop/Car/Car_Sim2Real/install/robot_description/share/ament_index/resource_index
creating /home/mr-cheng/Desktop/Car/Car_Sim2Real/install/robot_description/share/ament_index/resource_index/packages
copying resource/robot_description -> /home/mr-cheng/Desktop/Car/Car_Sim2Real/install/robot_description/share/ament_index/resource_index/packages
copying package.xml -> /home/mr-cheng/Desktop/Car/Car_Sim2Real/install/robot_description/share/robot_description
creating /home/mr-cheng/Desktop/Car/Car_Sim2Real/install/robot_description/share/robot_description/launch
copying launch/robot_description.launch.py -> /home/mr-cheng/Desktop/Car/Car_Sim2Real/install/robot_description/share/robot_description/launch
creating /home/mr-cheng/Desktop/Car/Car_Sim2Real/install/robot_description/share/robot_description/urdf
copying urdf/装配体2.SLDASM.csv -> /home/mr-cheng/Desktop/Car/Car_Sim2Real/install/robot_description/share/robot_description/urdf
copying urdf/装配体2.SLDASM.urdf -> /home/mr-cheng/Desktop/Car/Car_Sim2Real/install/robot_description/share/robot_description/urdf
creating /home/mr-cheng/Desktop/Car/Car_Sim2Real/install/robot_description/share/robot_description/meshes
copying meshes/R_Wheel_Link.STL -> /home/mr-cheng/Desktop/Car/Car_Sim2Real/install/robot_description/share/robot_description/meshes
copying meshes/Laser_Link.STL -> /home/mr-cheng/Desktop/Car/Car_Sim2Real/install/robot_description/share/robot_description/meshes
copying meshes/Imu_Link.STL -> /home/mr-cheng/Desktop/Car/Car_Sim2Real/install/robot_description/share/robot_description/meshes
copying meshes/base_link.STL -> /home/mr-cheng/Desktop/Car/Car_Sim2Real/install/robot_description/share/robot_description/meshes
copying meshes/L_Wheel_Link.STL -> /home/mr-cheng/Desktop/Car/Car_Sim2Real/install/robot_description/share/robot_description/meshes
running install_egg_info
Copying ../../build/robot_description/robot_description.egg-info to /home/mr-cheng/Desktop/Car/Car_Sim2Real/install/robot_description/lib/python3.10/site-packages/robot_description-0.0.0-py3.10.egg-info
running install_scripts
writing list of installed files to '/home/mr-cheng/Desktop/Car/Car_Sim2Real/build/robot_description/install.log'
