[0.960s] Invoking command in '/home/mr-cheng/Desktop/Car/Car_Sim2Real/src/robot_description': PYTHONPATH=/home/mr-cheng/Desktop/Car/Car_Sim2Real/build/robot_description/prefix_override:/home/mr-cheng/Desktop/Car/Car_Sim2Real/install/robot_description/lib/python3.10/site-packages:${PYTHONPATH} /usr/bin/python3 -W ignore:setup.py install is deprecated setup.py egg_info --egg-base ../../build/robot_description build --build-base /home/mr-cheng/Desktop/Car/Car_Sim2Real/build/robot_description/build install --record /home/mr-cheng/Desktop/Car/Car_Sim2Real/build/robot_description/install.log --single-version-externally-managed install_data
[1.201s] running egg_info
[1.201s] creating ../../build/robot_description/robot_description.egg-info
[1.218s] writing ../../build/robot_description/robot_description.egg-info/PKG-INFO
[1.219s] writing dependency_links to ../../build/robot_description/robot_description.egg-info/dependency_links.txt
[1.219s] writing requirements to ../../build/robot_description/robot_description.egg-info/requires.txt
[1.219s] writing top-level names to ../../build/robot_description/robot_description.egg-info/top_level.txt
[1.219s] writing manifest file '../../build/robot_description/robot_description.egg-info/SOURCES.txt'
[1.255s] reading manifest file '../../build/robot_description/robot_description.egg-info/SOURCES.txt'
[1.256s] writing manifest file '../../build/robot_description/robot_description.egg-info/SOURCES.txt'
[1.256s] running build
[1.256s] running build_py
[1.256s] creating /home/mr-cheng/Desktop/Car/Car_Sim2Real/build/robot_description/build
[1.256s] creating /home/mr-cheng/Desktop/Car/Car_Sim2Real/build/robot_description/build/lib
[1.256s] creating /home/mr-cheng/Desktop/Car/Car_Sim2Real/build/robot_description/build/lib/robot_description
[1.256s] copying robot_description/__init__.py -> /home/mr-cheng/Desktop/Car/Car_Sim2Real/build/robot_description/build/lib/robot_description
[1.256s] running install
[1.262s] running install_lib
[1.280s] creating /home/mr-cheng/Desktop/Car/Car_Sim2Real/install/robot_description/lib/python3.10/site-packages/robot_description
[1.280s] copying /home/mr-cheng/Desktop/Car/Car_Sim2Real/build/robot_description/build/lib/robot_description/__init__.py -> /home/mr-cheng/Desktop/Car/Car_Sim2Real/install/robot_description/lib/python3.10/site-packages/robot_description
[1.280s] byte-compiling /home/mr-cheng/Desktop/Car/Car_Sim2Real/install/robot_description/lib/python3.10/site-packages/robot_description/__init__.py to __init__.cpython-310.pyc
[1.280s] running install_data
[1.281s] creating /home/mr-cheng/Desktop/Car/Car_Sim2Real/install/robot_description/share/ament_index
[1.281s] creating /home/mr-cheng/Desktop/Car/Car_Sim2Real/install/robot_description/share/ament_index/resource_index
[1.281s] creating /home/mr-cheng/Desktop/Car/Car_Sim2Real/install/robot_description/share/ament_index/resource_index/packages
[1.281s] copying resource/robot_description -> /home/mr-cheng/Desktop/Car/Car_Sim2Real/install/robot_description/share/ament_index/resource_index/packages
[1.281s] copying package.xml -> /home/mr-cheng/Desktop/Car/Car_Sim2Real/install/robot_description/share/robot_description
[1.281s] creating /home/mr-cheng/Desktop/Car/Car_Sim2Real/install/robot_description/share/robot_description/launch
[1.281s] copying launch/robot_description.launch.py -> /home/mr-cheng/Desktop/Car/Car_Sim2Real/install/robot_description/share/robot_description/launch
[1.281s] creating /home/mr-cheng/Desktop/Car/Car_Sim2Real/install/robot_description/share/robot_description/urdf
[1.281s] copying urdf/装配体2.SLDASM.csv -> /home/mr-cheng/Desktop/Car/Car_Sim2Real/install/robot_description/share/robot_description/urdf
[1.281s] copying urdf/装配体2.SLDASM.urdf -> /home/mr-cheng/Desktop/Car/Car_Sim2Real/install/robot_description/share/robot_description/urdf
[1.282s] creating /home/mr-cheng/Desktop/Car/Car_Sim2Real/install/robot_description/share/robot_description/meshes
[1.282s] copying meshes/R_Wheel_Link.STL -> /home/mr-cheng/Desktop/Car/Car_Sim2Real/install/robot_description/share/robot_description/meshes
[1.282s] copying meshes/Laser_Link.STL -> /home/mr-cheng/Desktop/Car/Car_Sim2Real/install/robot_description/share/robot_description/meshes
[1.282s] copying meshes/Imu_Link.STL -> /home/mr-cheng/Desktop/Car/Car_Sim2Real/install/robot_description/share/robot_description/meshes
[1.282s] copying meshes/base_link.STL -> /home/mr-cheng/Desktop/Car/Car_Sim2Real/install/robot_description/share/robot_description/meshes
[1.283s] copying meshes/L_Wheel_Link.STL -> /home/mr-cheng/Desktop/Car/Car_Sim2Real/install/robot_description/share/robot_description/meshes
[1.283s] running install_egg_info
[1.302s] Copying ../../build/robot_description/robot_description.egg-info to /home/mr-cheng/Desktop/Car/Car_Sim2Real/install/robot_description/lib/python3.10/site-packages/robot_description-0.0.0-py3.10.egg-info
[1.302s] running install_scripts
[1.460s] writing list of installed files to '/home/mr-cheng/Desktop/Car/Car_Sim2Real/build/robot_description/install.log'
[1.478s] Invoked command in '/home/mr-cheng/Desktop/Car/Car_Sim2Real/src/robot_description' returned '0': PYTHONPATH=/home/mr-cheng/Desktop/Car/Car_Sim2Real/build/robot_description/prefix_override:/home/mr-cheng/Desktop/Car/Car_Sim2Real/install/robot_description/lib/python3.10/site-packages:${PYTHONPATH} /usr/bin/python3 -W ignore:setup.py install is deprecated setup.py egg_info --egg-base ../../build/robot_description build --build-base /home/mr-cheng/Desktop/Car/Car_Sim2Real/build/robot_description/build install --record /home/mr-cheng/Desktop/Car/Car_Sim2Real/build/robot_description/install.log --single-version-externally-managed install_data
