[0.042s] Invoking command in '/home/mr-cheng/Documents/ROS2/Car/build/slam_gmapping': CMAKE_PREFIX_PATH=/home/mr-cheng/Documents/ROS2/Car/install/openslam_gmapping:/home/mr-cheng/Documents/ROS2/Car/install/slam_gmapping:/home/mr-cheng/Documents/ROS2/Car/install/car_nav2:/home/mr-cheng/Bag/fastdds/install/fastrtps:/home/mr-cheng/Bag/fastdds/install/foonathan_memory_vendor:/home/mr-cheng/Bag/fastdds/install/fastcdr:/home/mr-cheng/Documents/ROS2/Car/install/robot_description:/opt/ros/humble /usr/bin/cmake --build /home/mr-cheng/Documents/ROS2/Car/build/slam_gmapping -- -j16 -l16
[0.336s] [100%] Built target slam_gmapping
[0.408s] Invoked command in '/home/mr-cheng/Documents/ROS2/Car/build/slam_gmapping' returned '0': CMAKE_PREFIX_PATH=/home/mr-cheng/Documents/ROS2/Car/install/openslam_gmapping:/home/mr-cheng/Documents/ROS2/Car/install/slam_gmapping:/home/mr-cheng/Documents/ROS2/Car/install/car_nav2:/home/mr-cheng/Bag/fastdds/install/fastrtps:/home/mr-cheng/Bag/fastdds/install/foonathan_memory_vendor:/home/mr-cheng/Bag/fastdds/install/fastcdr:/home/mr-cheng/Documents/ROS2/Car/install/robot_description:/opt/ros/humble /usr/bin/cmake --build /home/mr-cheng/Documents/ROS2/Car/build/slam_gmapping -- -j16 -l16
[0.737s] Invoking command in '/home/mr-cheng/Documents/ROS2/Car/build/slam_gmapping': CMAKE_PREFIX_PATH=/home/mr-cheng/Documents/ROS2/Car/install/openslam_gmapping:/home/mr-cheng/Documents/ROS2/Car/install/slam_gmapping:/home/mr-cheng/Documents/ROS2/Car/install/car_nav2:/home/mr-cheng/Bag/fastdds/install/fastrtps:/home/mr-cheng/Bag/fastdds/install/foonathan_memory_vendor:/home/mr-cheng/Bag/fastdds/install/fastcdr:/home/mr-cheng/Documents/ROS2/Car/install/robot_description:/opt/ros/humble /usr/bin/cmake --install /home/mr-cheng/Documents/ROS2/Car/build/slam_gmapping
[0.763s] -- Install configuration: ""
[0.766s] -- Up-to-date: /home/mr-cheng/Documents/ROS2/Car/install/slam_gmapping/lib/slam_gmapping/slam_gmapping
[0.769s] -- Up-to-date: /home/mr-cheng/Documents/ROS2/Car/install/slam_gmapping/share/slam_gmapping/launch
[0.769s] -- Up-to-date: /home/mr-cheng/Documents/ROS2/Car/install/slam_gmapping/share/slam_gmapping/launch/slam_gmapping.launch.py
[0.770s] -- Up-to-date: /home/mr-cheng/Documents/ROS2/Car/install/slam_gmapping/share/ament_index/resource_index/package_run_dependencies/slam_gmapping
[0.770s] -- Up-to-date: /home/mr-cheng/Documents/ROS2/Car/install/slam_gmapping/share/ament_index/resource_index/parent_prefix_path/slam_gmapping
[0.771s] -- Up-to-date: /home/mr-cheng/Documents/ROS2/Car/install/slam_gmapping/share/slam_gmapping/environment/ament_prefix_path.sh
[0.771s] -- Up-to-date: /home/mr-cheng/Documents/ROS2/Car/install/slam_gmapping/share/slam_gmapping/environment/ament_prefix_path.dsv
[0.771s] -- Up-to-date: /home/mr-cheng/Documents/ROS2/Car/install/slam_gmapping/share/slam_gmapping/environment/path.sh
[0.772s] -- Up-to-date: /home/mr-cheng/Documents/ROS2/Car/install/slam_gmapping/share/slam_gmapping/environment/path.dsv
[0.775s] -- Up-to-date: /home/mr-cheng/Documents/ROS2/Car/install/slam_gmapping/share/slam_gmapping/local_setup.bash
[0.776s] -- Up-to-date: /home/mr-cheng/Documents/ROS2/Car/install/slam_gmapping/share/slam_gmapping/local_setup.sh
[0.776s] -- Up-to-date: /home/mr-cheng/Documents/ROS2/Car/install/slam_gmapping/share/slam_gmapping/local_setup.zsh
[0.777s] -- Up-to-date: /home/mr-cheng/Documents/ROS2/Car/install/slam_gmapping/share/slam_gmapping/local_setup.dsv
[0.777s] -- Installing: /home/mr-cheng/Documents/ROS2/Car/install/slam_gmapping/share/slam_gmapping/package.dsv
[0.781s] -- Up-to-date: /home/mr-cheng/Documents/ROS2/Car/install/slam_gmapping/share/ament_index/resource_index/packages/slam_gmapping
[0.781s] -- Up-to-date: /home/mr-cheng/Documents/ROS2/Car/install/slam_gmapping/share/slam_gmapping/cmake/slam_gmappingConfig.cmake
[0.782s] -- Up-to-date: /home/mr-cheng/Documents/ROS2/Car/install/slam_gmapping/share/slam_gmapping/cmake/slam_gmappingConfig-version.cmake
[0.782s] -- Up-to-date: /home/mr-cheng/Documents/ROS2/Car/install/slam_gmapping/share/slam_gmapping/package.xml
[0.789s] Invoked command in '/home/mr-cheng/Documents/ROS2/Car/build/slam_gmapping' returned '0': CMAKE_PREFIX_PATH=/home/mr-cheng/Documents/ROS2/Car/install/openslam_gmapping:/home/mr-cheng/Documents/ROS2/Car/install/slam_gmapping:/home/mr-cheng/Documents/ROS2/Car/install/car_nav2:/home/mr-cheng/Bag/fastdds/install/fastrtps:/home/mr-cheng/Bag/fastdds/install/foonathan_memory_vendor:/home/mr-cheng/Bag/fastdds/install/fastcdr:/home/mr-cheng/Documents/ROS2/Car/install/robot_description:/opt/ros/humble /usr/bin/cmake --install /home/mr-cheng/Documents/ROS2/Car/build/slam_gmapping
